-- Found ament_cmake: 0.9.6 (/opt/ros/foxy/share/ament_cmake/cmake)
-- Using PYTHON_EXECUTABLE: /usr/bin/python3
-- Found rclcpp: 2.1.0 (/opt/ros/foxy/share/rclcpp/cmake)
-- Using all available rosidl_typesupport_c: rosidl_typesupport_fastrtps_c;rosidl_typesupport_introspection_c
-- Found rosidl_adapter: 1.1.0 (/opt/ros/foxy/share/rosidl_adapter/cmake)
-- Using all available rosidl_typesupport_cpp: rosidl_typesupport_fastrtps_cpp;rosidl_typesupport_introspection_cpp
-- Found rmw_implementation_cmake: 1.0.1 (/opt/ros/foxy/share/rmw_implementation_cmake/cmake)
-- Using RMW implementation 'rmw_fastrtps_cpp' as default
-- Found gazebo_dev: 3.5.0 (/opt/ros/foxy/share/gazebo_dev/cmake)
-- Found DART: /usr/include (Required is at least version "6.6") found components: dart 
-- Found Protobuf: /usr/lib/x86_64-linux-gnu/libprotobuf.so;-lpthread (found version "3.6.1") 
-- Looking for ignition-math6 -- found version 6.4.0
-- Searching for dependencies of ignition-math6
-- Looking for OGRE...
-- Found Ogre Ghadamon (1.9.0)
-- Found OGRE: optimized;/usr/lib/x86_64-linux-gnu/libOgreMain.so;debug;/usr/lib/x86_64-linux-gnu/libOgreMain.so
-- Looking for OGRE_Paging...
-- Found OGRE_Paging: optimized;/usr/lib/x86_64-linux-gnu/libOgrePaging.so;debug;/usr/lib/x86_64-linux-gnu/libOgrePaging.so
-- Looking for OGRE_Terrain...
-- Found OGRE_Terrain: optimized;/usr/lib/x86_64-linux-gnu/libOgreTerrain.so;debug;/usr/lib/x86_64-linux-gnu/libOgreTerrain.so
-- Looking for OGRE_Property...
-- Found OGRE_Property: optimized;/usr/lib/x86_64-linux-gnu/libOgreProperty.so;debug;/usr/lib/x86_64-linux-gnu/libOgreProperty.so
-- Looking for OGRE_RTShaderSystem...
-- Found OGRE_RTShaderSystem: optimized;/usr/lib/x86_64-linux-gnu/libOgreRTShaderSystem.so;debug;/usr/lib/x86_64-linux-gnu/libOgreRTShaderSystem.so
-- Looking for OGRE_Volume...
-- Found OGRE_Volume: optimized;/usr/lib/x86_64-linux-gnu/libOgreVolume.so;debug;/usr/lib/x86_64-linux-gnu/libOgreVolume.so
-- Looking for OGRE_Overlay...
-- Found OGRE_Overlay: optimized;/usr/lib/x86_64-linux-gnu/libOgreOverlay.so;debug;/usr/lib/x86_64-linux-gnu/libOgreOverlay.so
-- Looking for ignition-math6 -- found version 6.4.0
-- Looking for ignition-transport8 -- found version 8.1.0
-- Searching for dependencies of ignition-transport8
-- Found Protobuf: /usr/lib/x86_64-linux-gnu/libprotobuf.so;-lpthread (found suitable version "3.6.1", minimum required is "3") 
-- Config-file not installed for ZeroMQ -- checking for pkg-config
-- Checking for module 'libzmq >= 4'
--   Found libzmq , version 4.3.2
-- Checking for module 'uuid'
--   Found uuid, version 2.34.0
-- Looking for ignition-msgs5 -- found version 5.3.0
-- Searching for dependencies of ignition-msgs5
-- Looking for ignition-math6 -- found version 6.4.0
-- Checking for module 'tinyxml2'
--   Found tinyxml2, version 6.2.0
-- Looking for ignition-msgs5 -- found version 5.3.0
-- Looking for ignition-common3 -- found version 3.6.0
-- Searching for dependencies of ignition-common3
-- Looking for dlfcn.h - found
-- Looking for libdl - found
-- Searching for <ignition-common3> component [graphics]
-- Looking for ignition-common3-graphics -- found version 3.6.0
-- Searching for dependencies of ignition-common3-graphics
-- Looking for ignition-math6 -- found version 6.4.0
-- Looking for ignition-fuel_tools4 -- found version 4.2.1
-- Searching for dependencies of ignition-fuel_tools4
-- Checking for module 'jsoncpp'
--   Found jsoncpp, version 1.7.4
-- Checking for module 'libzip'
--   Found libzip, version 1.5.1
-- Looking for ignition-common3 -- found version 3.6.0
-- Looking for ignition-msgs5 -- found version 5.3.0
-- Gazebo version: 11.1
-- Found gazebo_ros: 3.5.0 (/opt/ros/foxy/share/gazebo_ros/cmake)
-- Found uuv_world_ros_plugins_msgs: 0.0.1 (/home/brenda/RBIM_ws/src/uuv_simulator/install/uuv_world_ros_plugins_msgs/share/uuv_world_ros_plugins_msgs/cmake)
-- Looking for ignition-common3 -- found version 3.6.0
-- Configuring done
-- Generating done
CMake Warning:
  Manually-specified variables were not used by the project:

    CATKIN_SYMLINK_INSTALL


-- Build files have been written to: /home/brenda/RBIM_ws/src/uuv_simulator/build/uuv_world_plugins
[35m[1mScanning dependencies of target uuv_spherical_coordinates_plugin[0m
[35m[1mScanning dependencies of target uuv_underwater_current_plugin[0m
[ 20%] [32mBuilding CXX object CMakeFiles/uuv_spherical_coordinates_plugin.dir/src/uuv_world_plugins_spherical_coordinates.cpp.o[0m
[ 40%] [32mBuilding CXX object CMakeFiles/uuv_underwater_current_plugin.dir/src/uuv_world_plugins_underwater_current.cpp.o[0m
[ 60%] [32m[1mLinking CXX shared library libuuv_spherical_coordinates_plugin.so[0m
[ 60%] Built target uuv_spherical_coordinates_plugin
[ 80%] [32m[1mLinking CXX shared library libuuv_underwater_current_plugin.so[0m
[100%] Built target uuv_underwater_current_plugin
-- Install configuration: ""
-- Installing: /home/brenda/RBIM_ws/src/uuv_simulator/install/uuv_world_plugins/share/uuv_world_plugins/environment/library_path.sh
-- Installing: /home/brenda/RBIM_ws/src/uuv_simulator/install/uuv_world_plugins/share/uuv_world_plugins/environment/library_path.dsv
-- Installing: /home/brenda/RBIM_ws/src/uuv_simulator/install/uuv_world_plugins/share/ament_index/resource_index/package_run_dependencies/uuv_world_plugins
-- Installing: /home/brenda/RBIM_ws/src/uuv_simulator/install/uuv_world_plugins/share/ament_index/resource_index/parent_prefix_path/uuv_world_plugins
-- Installing: /home/brenda/RBIM_ws/src/uuv_simulator/install/uuv_world_plugins/share/uuv_world_plugins/environment/ament_prefix_path.sh
-- Installing: /home/brenda/RBIM_ws/src/uuv_simulator/install/uuv_world_plugins/share/uuv_world_plugins/environment/ament_prefix_path.dsv
-- Installing: /home/brenda/RBIM_ws/src/uuv_simulator/install/uuv_world_plugins/share/uuv_world_plugins/environment/path.sh
-- Installing: /home/brenda/RBIM_ws/src/uuv_simulator/install/uuv_world_plugins/share/uuv_world_plugins/environment/path.dsv
-- Installing: /home/brenda/RBIM_ws/src/uuv_simulator/install/uuv_world_plugins/share/uuv_world_plugins/local_setup.bash
-- Installing: /home/brenda/RBIM_ws/src/uuv_simulator/install/uuv_world_plugins/share/uuv_world_plugins/local_setup.sh
-- Installing: /home/brenda/RBIM_ws/src/uuv_simulator/install/uuv_world_plugins/share/uuv_world_plugins/local_setup.zsh
-- Installing: /home/brenda/RBIM_ws/src/uuv_simulator/install/uuv_world_plugins/share/uuv_world_plugins/local_setup.dsv
-- Installing: /home/brenda/RBIM_ws/src/uuv_simulator/install/uuv_world_plugins/share/uuv_world_plugins/package.dsv
-- Installing: /home/brenda/RBIM_ws/src/uuv_simulator/install/uuv_world_plugins/share/ament_index/resource_index/packages/uuv_world_plugins
-- Installing: /home/brenda/RBIM_ws/src/uuv_simulator/install/uuv_world_plugins/share/uuv_world_plugins/cmake/ament_cmake_export_libraries-extras.cmake
-- Installing: /home/brenda/RBIM_ws/src/uuv_simulator/install/uuv_world_plugins/share/uuv_world_plugins/cmake/ament_cmake_export_include_directories-extras.cmake
-- Installing: /home/brenda/RBIM_ws/src/uuv_simulator/install/uuv_world_plugins/share/uuv_world_plugins/cmake/ament_cmake_export_dependencies-extras.cmake
-- Installing: /home/brenda/RBIM_ws/src/uuv_simulator/install/uuv_world_plugins/share/uuv_world_plugins/cmake/uuv_world_pluginsConfig.cmake
-- Installing: /home/brenda/RBIM_ws/src/uuv_simulator/install/uuv_world_plugins/share/uuv_world_plugins/cmake/uuv_world_pluginsConfig-version.cmake
-- Installing: /home/brenda/RBIM_ws/src/uuv_simulator/install/uuv_world_plugins/share/uuv_world_plugins/package.xml
-- Installing: /home/brenda/RBIM_ws/src/uuv_simulator/install/uuv_world_plugins/lib/libuuv_underwater_current_plugin.so
-- Set runtime path of "/home/brenda/RBIM_ws/src/uuv_simulator/install/uuv_world_plugins/lib/libuuv_underwater_current_plugin.so" to ""
-- Installing: /home/brenda/RBIM_ws/src/uuv_simulator/install/uuv_world_plugins/lib/libuuv_spherical_coordinates_plugin.so
-- Set runtime path of "/home/brenda/RBIM_ws/src/uuv_simulator/install/uuv_world_plugins/lib/libuuv_spherical_coordinates_plugin.so" to ""
-- Up-to-date: /home/brenda/RBIM_ws/src/uuv_simulator/install/uuv_world_plugins/include/
-- Installing: /home/brenda/RBIM_ws/src/uuv_simulator/install/uuv_world_plugins/include//uuv_world_plugins_gauss_markov_process.hpp
-- Installing: /home/brenda/RBIM_ws/src/uuv_simulator/install/uuv_world_plugins/include//uuv_world_plugins_underwater_current.hpp
-- Installing: /home/brenda/RBIM_ws/src/uuv_simulator/install/uuv_world_plugins/include//uuv_world_plugins_spherical_coordinates.hpp
