[0.016s] Invoking command in '/home/brenda/RBIM_ws/src/uuv_simulator/build/uuv_world_plugins': AMENT_PREFIX_PATH=/home/brenda/RBIM_ws/src/uuv_simulator/install/uuv_world_ros_plugins_msgs:${AMENT_PREFIX_PATH} CMAKE_PREFIX_PATH=/home/brenda/RBIM_ws/src/uuv_simulator/install/uuv_world_ros_plugins_msgs:${CMAKE_PREFIX_PATH} LD_LIBRARY_PATH=/home/brenda/RBIM_ws/src/uuv_simulator/install/uuv_world_ros_plugins_msgs/lib:${LD_LIBRARY_PATH} PYTHONPATH=/home/brenda/RBIM_ws/src/uuv_simulator/install/uuv_world_ros_plugins_msgs/lib/python3.8/site-packages:${PYTHONPATH} /usr/bin/cmake /home/brenda/RBIM_ws/src/uuv_simulator/uuv_world_plugins/uuv_world_plugins -DCATKIN_INSTALL_INTO_PREFIX_ROOT=0 -DCATKIN_SYMLINK_INSTALL=ON -DCMAKE_INSTALL_PREFIX=/home/brenda/RBIM_ws/src/uuv_simulator/install/uuv_world_plugins
[0.037s] -- Found ament_cmake: 0.9.6 (/opt/ros/foxy/share/ament_cmake/cmake)
[0.067s] -- Using PYTHON_EXECUTABLE: /usr/bin/python3
[0.266s] -- Found rclcpp: 2.1.0 (/opt/ros/foxy/share/rclcpp/cmake)
[0.292s] -- Using all available rosidl_typesupport_c: rosidl_typesupport_fastrtps_c;rosidl_typesupport_introspection_c
[0.296s] -- Found rosidl_adapter: 1.1.0 (/opt/ros/foxy/share/rosidl_adapter/cmake)
[0.447s] -- Using all available rosidl_typesupport_cpp: rosidl_typesupport_fastrtps_cpp;rosidl_typesupport_introspection_cpp
[0.511s] -- Found rmw_implementation_cmake: 1.0.1 (/opt/ros/foxy/share/rmw_implementation_cmake/cmake)
[0.514s] -- Using RMW implementation 'rmw_fastrtps_cpp' as default
[0.686s] -- Found gazebo_dev: 3.5.0 (/opt/ros/foxy/share/gazebo_dev/cmake)
[0.738s] -- Found DART: /usr/include (Required is at least version "6.6") found components: dart 
[0.770s] -- Found Protobuf: /usr/lib/x86_64-linux-gnu/libprotobuf.so;-lpthread (found version "3.6.1") 
[0.772s] -- Looking for ignition-math6 -- found version 6.4.0
[0.776s] -- Searching for dependencies of ignition-math6
[0.778s] -- Looking for OGRE...
[0.784s] -- Found Ogre Ghadamon (1.9.0)
[0.784s] -- Found OGRE: optimized;/usr/lib/x86_64-linux-gnu/libOgreMain.so;debug;/usr/lib/x86_64-linux-gnu/libOgreMain.so
[0.796s] -- Looking for OGRE_Paging...
[0.796s] -- Found OGRE_Paging: optimized;/usr/lib/x86_64-linux-gnu/libOgrePaging.so;debug;/usr/lib/x86_64-linux-gnu/libOgrePaging.so
[0.796s] -- Looking for OGRE_Terrain...
[0.796s] -- Found OGRE_Terrain: optimized;/usr/lib/x86_64-linux-gnu/libOgreTerrain.so;debug;/usr/lib/x86_64-linux-gnu/libOgreTerrain.so
[0.796s] -- Looking for OGRE_Property...
[0.797s] -- Found OGRE_Property: optimized;/usr/lib/x86_64-linux-gnu/libOgreProperty.so;debug;/usr/lib/x86_64-linux-gnu/libOgreProperty.so
[0.797s] -- Looking for OGRE_RTShaderSystem...
[0.797s] -- Found OGRE_RTShaderSystem: optimized;/usr/lib/x86_64-linux-gnu/libOgreRTShaderSystem.so;debug;/usr/lib/x86_64-linux-gnu/libOgreRTShaderSystem.so
[0.797s] -- Looking for OGRE_Volume...
[0.797s] -- Found OGRE_Volume: optimized;/usr/lib/x86_64-linux-gnu/libOgreVolume.so;debug;/usr/lib/x86_64-linux-gnu/libOgreVolume.so
[0.797s] -- Looking for OGRE_Overlay...
[0.797s] -- Found OGRE_Overlay: optimized;/usr/lib/x86_64-linux-gnu/libOgreOverlay.so;debug;/usr/lib/x86_64-linux-gnu/libOgreOverlay.so
[0.961s] -- Looking for ignition-math6 -- found version 6.4.0
[0.961s] -- Looking for ignition-transport8 -- found version 8.1.0
[0.962s] -- Searching for dependencies of ignition-transport8
[0.981s] -- Found Protobuf: /usr/lib/x86_64-linux-gnu/libprotobuf.so;-lpthread (found suitable version "3.6.1", minimum required is "3") 
[0.993s] -- Config-file not installed for ZeroMQ -- checking for pkg-config
[0.998s] -- Checking for module 'libzmq >= 4'
[1.013s] --   Found libzmq , version 4.3.2
[1.054s] -- Checking for module 'uuid'
[1.069s] --   Found uuid, version 2.34.0
[1.104s] -- Looking for ignition-msgs5 -- found version 5.3.0
[1.104s] -- Searching for dependencies of ignition-msgs5
[1.125s] -- Looking for ignition-math6 -- found version 6.4.0
[1.130s] -- Checking for module 'tinyxml2'
[1.146s] --   Found tinyxml2, version 6.2.0
[1.183s] -- Looking for ignition-msgs5 -- found version 5.3.0
[1.183s] -- Looking for ignition-common3 -- found version 3.6.0
[1.184s] -- Searching for dependencies of ignition-common3
[1.184s] -- Looking for dlfcn.h - found
[1.184s] -- Looking for libdl - found
[1.192s] -- Searching for <ignition-common3> component [graphics]
[1.192s] -- Looking for ignition-common3-graphics -- found version 3.6.0
[1.193s] -- Searching for dependencies of ignition-common3-graphics
[1.193s] -- Looking for ignition-math6 -- found version 6.4.0
[1.195s] -- Looking for ignition-fuel_tools4 -- found version 4.2.1
[1.195s] -- Searching for dependencies of ignition-fuel_tools4
[1.224s] -- Checking for module 'jsoncpp'
[1.242s] --   Found jsoncpp, version 1.7.4
[1.289s] -- Checking for module 'libzip'
[1.305s] --   Found libzip, version 1.5.1
[1.342s] -- Looking for ignition-common3 -- found version 3.6.0
[1.342s] -- Looking for ignition-msgs5 -- found version 5.3.0
[1.343s] -- Gazebo version: 11.1
[1.343s] -- Found gazebo_ros: 3.5.0 (/opt/ros/foxy/share/gazebo_ros/cmake)
[1.353s] -- Found uuv_world_ros_plugins_msgs: 0.0.1 (/home/brenda/RBIM_ws/src/uuv_simulator/install/uuv_world_ros_plugins_msgs/share/uuv_world_ros_plugins_msgs/cmake)
[1.488s] -- Looking for ignition-common3 -- found version 3.6.0
[1.619s] -- Configuring done
[1.660s] -- Generating done
[1.662s] CMake Warning:
[1.663s]   Manually-specified variables were not used by the project:
[1.663s] 
[1.663s]     CATKIN_SYMLINK_INSTALL
[1.663s] 
[1.663s] 
[1.663s] -- Build files have been written to: /home/brenda/RBIM_ws/src/uuv_simulator/build/uuv_world_plugins
[1.675s] Invoked command in '/home/brenda/RBIM_ws/src/uuv_simulator/build/uuv_world_plugins' returned '0': AMENT_PREFIX_PATH=/home/brenda/RBIM_ws/src/uuv_simulator/install/uuv_world_ros_plugins_msgs:${AMENT_PREFIX_PATH} CMAKE_PREFIX_PATH=/home/brenda/RBIM_ws/src/uuv_simulator/install/uuv_world_ros_plugins_msgs:${CMAKE_PREFIX_PATH} LD_LIBRARY_PATH=/home/brenda/RBIM_ws/src/uuv_simulator/install/uuv_world_ros_plugins_msgs/lib:${LD_LIBRARY_PATH} PYTHONPATH=/home/brenda/RBIM_ws/src/uuv_simulator/install/uuv_world_ros_plugins_msgs/lib/python3.8/site-packages:${PYTHONPATH} /usr/bin/cmake /home/brenda/RBIM_ws/src/uuv_simulator/uuv_world_plugins/uuv_world_plugins -DCATKIN_INSTALL_INTO_PREFIX_ROOT=0 -DCATKIN_SYMLINK_INSTALL=ON -DCMAKE_INSTALL_PREFIX=/home/brenda/RBIM_ws/src/uuv_simulator/install/uuv_world_plugins
[1.679s] Invoking command in '/home/brenda/RBIM_ws/src/uuv_simulator/build/uuv_world_plugins': AMENT_PREFIX_PATH=/home/brenda/RBIM_ws/src/uuv_simulator/install/uuv_world_ros_plugins_msgs:${AMENT_PREFIX_PATH} CMAKE_PREFIX_PATH=/home/brenda/RBIM_ws/src/uuv_simulator/install/uuv_world_ros_plugins_msgs:${CMAKE_PREFIX_PATH} LD_LIBRARY_PATH=/home/brenda/RBIM_ws/src/uuv_simulator/install/uuv_world_ros_plugins_msgs/lib:${LD_LIBRARY_PATH} PYTHONPATH=/home/brenda/RBIM_ws/src/uuv_simulator/install/uuv_world_ros_plugins_msgs/lib/python3.8/site-packages:${PYTHONPATH} /usr/bin/cmake --build /home/brenda/RBIM_ws/src/uuv_simulator/build/uuv_world_plugins -- -j8 -l8
[1.744s] [35m[1mScanning dependencies of target uuv_spherical_coordinates_plugin[0m
[1.746s] [35m[1mScanning dependencies of target uuv_underwater_current_plugin[0m
[1.812s] [ 20%] [32mBuilding CXX object CMakeFiles/uuv_spherical_coordinates_plugin.dir/src/uuv_world_plugins_spherical_coordinates.cpp.o[0m
[1.841s] [ 40%] [32mBuilding CXX object CMakeFiles/uuv_underwater_current_plugin.dir/src/uuv_world_plugins_underwater_current.cpp.o[0m
[12.192s] [ 60%] [32m[1mLinking CXX shared library libuuv_spherical_coordinates_plugin.so[0m
[13.947s] [ 60%] Built target uuv_spherical_coordinates_plugin
[14.166s] [ 80%] [32m[1mLinking CXX shared library libuuv_underwater_current_plugin.so[0m
[14.736s] [100%] Built target uuv_underwater_current_plugin
[14.776s] Invoked command in '/home/brenda/RBIM_ws/src/uuv_simulator/build/uuv_world_plugins' returned '0': AMENT_PREFIX_PATH=/home/brenda/RBIM_ws/src/uuv_simulator/install/uuv_world_ros_plugins_msgs:${AMENT_PREFIX_PATH} CMAKE_PREFIX_PATH=/home/brenda/RBIM_ws/src/uuv_simulator/install/uuv_world_ros_plugins_msgs:${CMAKE_PREFIX_PATH} LD_LIBRARY_PATH=/home/brenda/RBIM_ws/src/uuv_simulator/install/uuv_world_ros_plugins_msgs/lib:${LD_LIBRARY_PATH} PYTHONPATH=/home/brenda/RBIM_ws/src/uuv_simulator/install/uuv_world_ros_plugins_msgs/lib/python3.8/site-packages:${PYTHONPATH} /usr/bin/cmake --build /home/brenda/RBIM_ws/src/uuv_simulator/build/uuv_world_plugins -- -j8 -l8
[15.044s] Invoking command in '/home/brenda/RBIM_ws/src/uuv_simulator/build/uuv_world_plugins': AMENT_PREFIX_PATH=/home/brenda/RBIM_ws/src/uuv_simulator/install/uuv_world_ros_plugins_msgs:${AMENT_PREFIX_PATH} CMAKE_PREFIX_PATH=/home/brenda/RBIM_ws/src/uuv_simulator/install/uuv_world_ros_plugins_msgs:${CMAKE_PREFIX_PATH} LD_LIBRARY_PATH=/home/brenda/RBIM_ws/src/uuv_simulator/install/uuv_world_ros_plugins_msgs/lib:${LD_LIBRARY_PATH} PYTHONPATH=/home/brenda/RBIM_ws/src/uuv_simulator/install/uuv_world_ros_plugins_msgs/lib/python3.8/site-packages:${PYTHONPATH} /usr/bin/cmake --install /home/brenda/RBIM_ws/src/uuv_simulator/build/uuv_world_plugins
[15.078s] -- Install configuration: ""
[15.094s] -- Installing: /home/brenda/RBIM_ws/src/uuv_simulator/install/uuv_world_plugins/share/uuv_world_plugins/environment/library_path.sh
[15.094s] -- Installing: /home/brenda/RBIM_ws/src/uuv_simulator/install/uuv_world_plugins/share/uuv_world_plugins/environment/library_path.dsv
[15.094s] -- Installing: /home/brenda/RBIM_ws/src/uuv_simulator/install/uuv_world_plugins/share/ament_index/resource_index/package_run_dependencies/uuv_world_plugins
[15.121s] -- Installing: /home/brenda/RBIM_ws/src/uuv_simulator/install/uuv_world_plugins/share/ament_index/resource_index/parent_prefix_path/uuv_world_plugins
[15.166s] -- Installing: /home/brenda/RBIM_ws/src/uuv_simulator/install/uuv_world_plugins/share/uuv_world_plugins/environment/ament_prefix_path.sh
[15.166s] -- Installing: /home/brenda/RBIM_ws/src/uuv_simulator/install/uuv_world_plugins/share/uuv_world_plugins/environment/ament_prefix_path.dsv
[15.166s] -- Installing: /home/brenda/RBIM_ws/src/uuv_simulator/install/uuv_world_plugins/share/uuv_world_plugins/environment/path.sh
[15.166s] -- Installing: /home/brenda/RBIM_ws/src/uuv_simulator/install/uuv_world_plugins/share/uuv_world_plugins/environment/path.dsv
[15.166s] -- Installing: /home/brenda/RBIM_ws/src/uuv_simulator/install/uuv_world_plugins/share/uuv_world_plugins/local_setup.bash
[15.187s] -- Installing: /home/brenda/RBIM_ws/src/uuv_simulator/install/uuv_world_plugins/share/uuv_world_plugins/local_setup.sh
[15.210s] -- Installing: /home/brenda/RBIM_ws/src/uuv_simulator/install/uuv_world_plugins/share/uuv_world_plugins/local_setup.zsh
[15.254s] -- Installing: /home/brenda/RBIM_ws/src/uuv_simulator/install/uuv_world_plugins/share/uuv_world_plugins/local_setup.dsv
[15.255s] -- Installing: /home/brenda/RBIM_ws/src/uuv_simulator/install/uuv_world_plugins/share/uuv_world_plugins/package.dsv
[15.255s] -- Installing: /home/brenda/RBIM_ws/src/uuv_simulator/install/uuv_world_plugins/share/ament_index/resource_index/packages/uuv_world_plugins
[15.255s] -- Installing: /home/brenda/RBIM_ws/src/uuv_simulator/install/uuv_world_plugins/share/uuv_world_plugins/cmake/ament_cmake_export_libraries-extras.cmake
[15.255s] -- Installing: /home/brenda/RBIM_ws/src/uuv_simulator/install/uuv_world_plugins/share/uuv_world_plugins/cmake/ament_cmake_export_include_directories-extras.cmake
[15.255s] -- Installing: /home/brenda/RBIM_ws/src/uuv_simulator/install/uuv_world_plugins/share/uuv_world_plugins/cmake/ament_cmake_export_dependencies-extras.cmake
[15.255s] -- Installing: /home/brenda/RBIM_ws/src/uuv_simulator/install/uuv_world_plugins/share/uuv_world_plugins/cmake/uuv_world_pluginsConfig.cmake
[15.276s] -- Installing: /home/brenda/RBIM_ws/src/uuv_simulator/install/uuv_world_plugins/share/uuv_world_plugins/cmake/uuv_world_pluginsConfig-version.cmake
[15.343s] -- Installing: /home/brenda/RBIM_ws/src/uuv_simulator/install/uuv_world_plugins/share/uuv_world_plugins/package.xml
[15.343s] -- Installing: /home/brenda/RBIM_ws/src/uuv_simulator/install/uuv_world_plugins/lib/libuuv_underwater_current_plugin.so
[15.346s] -- Set runtime path of "/home/brenda/RBIM_ws/src/uuv_simulator/install/uuv_world_plugins/lib/libuuv_underwater_current_plugin.so" to ""
[15.346s] -- Installing: /home/brenda/RBIM_ws/src/uuv_simulator/install/uuv_world_plugins/lib/libuuv_spherical_coordinates_plugin.so
[15.347s] -- Set runtime path of "/home/brenda/RBIM_ws/src/uuv_simulator/install/uuv_world_plugins/lib/libuuv_spherical_coordinates_plugin.so" to ""
[15.348s] -- Up-to-date: /home/brenda/RBIM_ws/src/uuv_simulator/install/uuv_world_plugins/include/
[15.348s] -- Installing: /home/brenda/RBIM_ws/src/uuv_simulator/install/uuv_world_plugins/include//uuv_world_plugins_gauss_markov_process.hpp
[15.348s] -- Installing: /home/brenda/RBIM_ws/src/uuv_simulator/install/uuv_world_plugins/include//uuv_world_plugins_underwater_current.hpp
[15.348s] -- Installing: /home/brenda/RBIM_ws/src/uuv_simulator/install/uuv_world_plugins/include//uuv_world_plugins_spherical_coordinates.hpp
[15.349s] Invoked command in '/home/brenda/RBIM_ws/src/uuv_simulator/build/uuv_world_plugins' returned '0': AMENT_PREFIX_PATH=/home/brenda/RBIM_ws/src/uuv_simulator/install/uuv_world_ros_plugins_msgs:${AMENT_PREFIX_PATH} CMAKE_PREFIX_PATH=/home/brenda/RBIM_ws/src/uuv_simulator/install/uuv_world_ros_plugins_msgs:${CMAKE_PREFIX_PATH} LD_LIBRARY_PATH=/home/brenda/RBIM_ws/src/uuv_simulator/install/uuv_world_ros_plugins_msgs/lib:${LD_LIBRARY_PATH} PYTHONPATH=/home/brenda/RBIM_ws/src/uuv_simulator/install/uuv_world_ros_plugins_msgs/lib/python3.8/site-packages:${PYTHONPATH} /usr/bin/cmake --install /home/brenda/RBIM_ws/src/uuv_simulator/build/uuv_world_plugins
