[0.038s] Invoking command in '/home/brenda/RBIM_ws/src/uuv_simulator/build/uuv_sensor_ros_plugins_msgs': CMAKE_PREFIX_PATH=/opt/ros/foxy:${CMAKE_PREFIX_PATH} /usr/bin/cmake /home/brenda/RBIM_ws/src/uuv_simulator/uuv_sensor_plugins/uuv_sensor_ros_plugins_msgs -DCMAKE_INSTALL_PREFIX=/home/brenda/RBIM_ws/src/uuv_simulator/install/uuv_sensor_ros_plugins_msgs
[1.576s] -- The C compiler identification is GNU 9.3.0
[2.783s] -- The CXX compiler identification is GNU 9.3.0
[2.847s] -- Check for working C compiler: /usr/bin/cc
[2.988s] -- Check for working C compiler: /usr/bin/cc -- works
[2.991s] -- Detecting C compiler ABI info
[3.118s] -- Detecting C compiler ABI info - done
[3.142s] -- Detecting C compile features
[3.145s] -- Detecting C compile features - done
[3.149s] -- Check for working CXX compiler: /usr/bin/c++
[3.278s] -- Check for working CXX compiler: /usr/bin/c++ -- works
[3.281s] -- Detecting CXX compiler ABI info
[3.434s] -- Detecting CXX compiler ABI info - done
[3.456s] -- Detecting CXX compile features
[3.456s] -- Detecting CXX compile features - done
[3.459s] -- Found ament_cmake: 0.9.6 (/opt/ros/foxy/share/ament_cmake/cmake)
[3.511s] -- Found PythonInterp: /usr/bin/python3 (found suitable version "3.8.5", minimum required is "3") 
[3.512s] -- Using PYTHON_EXECUTABLE: /usr/bin/python3
[3.753s] -- Found builtin_interfaces: 1.0.0 (/opt/ros/foxy/share/builtin_interfaces/cmake)
[3.787s] -- Using all available rosidl_typesupport_c: rosidl_typesupport_fastrtps_c;rosidl_typesupport_introspection_c
[3.846s] -- Found rosidl_adapter: 1.1.0 (/opt/ros/foxy/share/rosidl_adapter/cmake)
[4.018s] -- Found OpenSSL: /usr/lib/x86_64-linux-gnu/libcrypto.so (found version "1.1.1f")  
[4.059s] -- Found FastRTPS: /opt/ros/foxy/include  
[4.172s] -- Using all available rosidl_typesupport_cpp: rosidl_typesupport_fastrtps_cpp;rosidl_typesupport_introspection_cpp
[4.216s] -- Found rosidl_default_generators: 1.0.0 (/opt/ros/foxy/share/rosidl_default_generators/cmake)
[4.234s] -- Found geometry_msgs: 2.0.3 (/opt/ros/foxy/share/geometry_msgs/cmake)
[4.354s] -- Found PythonInterp: /usr/bin/python3 (found version "3.8.5") 
[4.658s] -- Found ament_cmake_ros: 0.9.0 (/opt/ros/foxy/share/ament_cmake_ros/cmake)
[5.078s] -- Using all available rosidl_typesupport_c: rosidl_typesupport_fastrtps_c;rosidl_typesupport_introspection_c
[5.320s] -- Using all available rosidl_typesupport_cpp: rosidl_typesupport_fastrtps_cpp;rosidl_typesupport_introspection_cpp
[5.375s] -- Found PythonInterp: /usr/bin/python3 (found suitable version "3.8.5", minimum required is "3.5") 
[5.378s] -- Found python_cmake_module: 0.8.0 (/opt/ros/foxy/share/python_cmake_module/cmake)
[5.465s] -- Found PythonLibs: /usr/lib/x86_64-linux-gnu/libpython3.8.so (found suitable version "3.8.5", minimum required is "3.5") 
[5.465s] -- Using PYTHON_EXECUTABLE: /usr/bin/python3
[5.466s] -- Using PYTHON_INCLUDE_DIRS: /usr/include/python3.8
[5.466s] -- Using PYTHON_LIBRARIES: /usr/lib/x86_64-linux-gnu/libpython3.8.so
[5.517s] -- Found PythonExtra: .so  
[5.763s] -- Configuring done
[5.924s] -- Generating done
[5.929s] -- Build files have been written to: /home/brenda/RBIM_ws/src/uuv_simulator/build/uuv_sensor_ros_plugins_msgs
[5.950s] Invoked command in '/home/brenda/RBIM_ws/src/uuv_simulator/build/uuv_sensor_ros_plugins_msgs' returned '0': CMAKE_PREFIX_PATH=/opt/ros/foxy:${CMAKE_PREFIX_PATH} /usr/bin/cmake /home/brenda/RBIM_ws/src/uuv_simulator/uuv_sensor_plugins/uuv_sensor_ros_plugins_msgs -DCMAKE_INSTALL_PREFIX=/home/brenda/RBIM_ws/src/uuv_simulator/install/uuv_sensor_ros_plugins_msgs
[5.957s] Invoking command in '/home/brenda/RBIM_ws/src/uuv_simulator/build/uuv_sensor_ros_plugins_msgs': CMAKE_PREFIX_PATH=/opt/ros/foxy:${CMAKE_PREFIX_PATH} /usr/bin/cmake --build /home/brenda/RBIM_ws/src/uuv_simulator/build/uuv_sensor_ros_plugins_msgs -- -j8 -l8
[6.066s] [35m[1mScanning dependencies of target uuv_sensor_ros_plugins_msgs__cpp[0m
[6.071s] [  1%] [34m[1mGenerating C code for ROS interfaces[0m
[6.102s] [  2%] [34m[1mGenerating C++ code for ROS interfaces[0m
[8.539s] [  2%] Built target uuv_sensor_ros_plugins_msgs__cpp
[8.625s] [  3%] [34m[1mGenerating C++ type support dispatch for ROS interfaces[0m
[8.679s] [  5%] [34m[1mGenerating C++ type support for eProsima Fast-RTPS[0m
[8.685s] [  6%] [34m[1mGenerating C++ introspection for ROS interfaces[0m
[9.010s] [35m[1mScanning dependencies of target uuv_sensor_ros_plugins_msgs__rosidl_generator_c[0m
[9.259s] [  7%] [32mBuilding C object CMakeFiles/uuv_sensor_ros_plugins_msgs__rosidl_generator_c.dir/rosidl_generator_c/uuv_sensor_ros_plugins_msgs/msg/detail/position_with_covariance_stamped__functions.c.o[0m
[9.276s] [  8%] [32mBuilding C object CMakeFiles/uuv_sensor_ros_plugins_msgs__rosidl_generator_c.dir/rosidl_generator_c/uuv_sensor_ros_plugins_msgs/msg/detail/position_with_covariance__functions.c.o[0m
[9.280s] [ 10%] [32mBuilding C object CMakeFiles/uuv_sensor_ros_plugins_msgs__rosidl_generator_c.dir/rosidl_generator_c/uuv_sensor_ros_plugins_msgs/msg/detail/dvl__functions.c.o[0m
[9.308s] [ 11%] [32mBuilding C object CMakeFiles/uuv_sensor_ros_plugins_msgs__rosidl_generator_c.dir/rosidl_generator_c/uuv_sensor_ros_plugins_msgs/msg/detail/chemical_particle_concentration__functions.c.o[0m
[9.364s] [ 12%] [32mBuilding C object CMakeFiles/uuv_sensor_ros_plugins_msgs__rosidl_generator_c.dir/rosidl_generator_c/uuv_sensor_ros_plugins_msgs/msg/detail/dvl_beam__functions.c.o[0m
[9.581s] [ 13%] [32mBuilding C object CMakeFiles/uuv_sensor_ros_plugins_msgs__rosidl_generator_c.dir/rosidl_generator_c/uuv_sensor_ros_plugins_msgs/srv/detail/change_sensor_state__functions.c.o[0m
[9.596s] [ 15%] [32mBuilding C object CMakeFiles/uuv_sensor_ros_plugins_msgs__rosidl_generator_c.dir/rosidl_generator_c/uuv_sensor_ros_plugins_msgs/msg/detail/salinity__functions.c.o[0m
[9.953s] [ 16%] [32m[1mLinking C shared library libuuv_sensor_ros_plugins_msgs__rosidl_generator_c.so[0m
[10.432s] [ 16%] Built target uuv_sensor_ros_plugins_msgs__rosidl_generator_c
[10.532s] [ 17%] [34m[1mGenerating C introspection for ROS interfaces[0m
[10.602s] [ 18%] [34m[1mGenerating C type support dispatch for ROS interfaces[0m
[10.931s] [35m[1mScanning dependencies of target uuv_sensor_ros_plugins_msgs__rosidl_typesupport_cpp[0m
[11.208s] [ 20%] [32mBuilding CXX object CMakeFiles/uuv_sensor_ros_plugins_msgs__rosidl_typesupport_cpp.dir/rosidl_typesupport_cpp/uuv_sensor_ros_plugins_msgs/msg/dvl__type_support.cpp.o[0m
[11.243s] [ 21%] [32mBuilding CXX object CMakeFiles/uuv_sensor_ros_plugins_msgs__rosidl_typesupport_cpp.dir/rosidl_typesupport_cpp/uuv_sensor_ros_plugins_msgs/msg/dvl_beam__type_support.cpp.o[0m
[11.358s] [ 22%] [32mBuilding CXX object CMakeFiles/uuv_sensor_ros_plugins_msgs__rosidl_typesupport_cpp.dir/rosidl_typesupport_cpp/uuv_sensor_ros_plugins_msgs/msg/position_with_covariance__type_support.cpp.o[0m
[11.476s] [ 24%] [32mBuilding CXX object CMakeFiles/uuv_sensor_ros_plugins_msgs__rosidl_typesupport_cpp.dir/rosidl_typesupport_cpp/uuv_sensor_ros_plugins_msgs/msg/position_with_covariance_stamped__type_support.cpp.o[0m
[11.619s] [35m[1mScanning dependencies of target uuv_sensor_ros_plugins_msgs__rosidl_typesupport_introspection_cpp[0m
[11.634s] [35m[1mScanning dependencies of target uuv_sensor_ros_plugins_msgs__rosidl_typesupport_fastrtps_cpp[0m
[11.940s] [ 25%] [32mBuilding CXX object CMakeFiles/uuv_sensor_ros_plugins_msgs__rosidl_typesupport_introspection_cpp.dir/rosidl_typesupport_introspection_cpp/uuv_sensor_ros_plugins_msgs/msg/detail/dvl__type_support.cpp.o[0m
[12.301s] [ 26%] [32mBuilding CXX object CMakeFiles/uuv_sensor_ros_plugins_msgs__rosidl_typesupport_fastrtps_cpp.dir/rosidl_typesupport_fastrtps_cpp/uuv_sensor_ros_plugins_msgs/msg/detail/dds_fastrtps/dvl__type_support.cpp.o[0m
[13.944s] [ 27%] [32mBuilding CXX object CMakeFiles/uuv_sensor_ros_plugins_msgs__rosidl_typesupport_fastrtps_cpp.dir/rosidl_typesupport_fastrtps_cpp/uuv_sensor_ros_plugins_msgs/msg/detail/dds_fastrtps/dvl_beam__type_support.cpp.o[0m
[14.023s] [35m[1mScanning dependencies of target uuv_sensor_ros_plugins_msgs__rosidl_typesupport_c[0m
[14.113s] [ 29%] [32mBuilding CXX object CMakeFiles/uuv_sensor_ros_plugins_msgs__rosidl_typesupport_introspection_cpp.dir/rosidl_typesupport_introspection_cpp/uuv_sensor_ros_plugins_msgs/msg/detail/dvl_beam__type_support.cpp.o[0m
[14.151s] [ 30%] [32mBuilding CXX object CMakeFiles/uuv_sensor_ros_plugins_msgs__rosidl_typesupport_c.dir/rosidl_typesupport_c/uuv_sensor_ros_plugins_msgs/msg/dvl__type_support.cpp.o[0m
[14.200s] [ 31%] [32mBuilding CXX object CMakeFiles/uuv_sensor_ros_plugins_msgs__rosidl_typesupport_cpp.dir/rosidl_typesupport_cpp/uuv_sensor_ros_plugins_msgs/msg/chemical_particle_concentration__type_support.cpp.o[0m
[14.435s] [ 32%] [32mBuilding CXX object CMakeFiles/uuv_sensor_ros_plugins_msgs__rosidl_typesupport_c.dir/rosidl_typesupport_c/uuv_sensor_ros_plugins_msgs/msg/dvl_beam__type_support.cpp.o[0m
[14.670s] [ 34%] [32mBuilding CXX object CMakeFiles/uuv_sensor_ros_plugins_msgs__rosidl_typesupport_c.dir/rosidl_typesupport_c/uuv_sensor_ros_plugins_msgs/msg/position_with_covariance__type_support.cpp.o[0m
[14.722s] [ 35%] [32mBuilding CXX object CMakeFiles/uuv_sensor_ros_plugins_msgs__rosidl_typesupport_fastrtps_cpp.dir/rosidl_typesupport_fastrtps_cpp/uuv_sensor_ros_plugins_msgs/msg/detail/dds_fastrtps/position_with_covariance__type_support.cpp.o[0m
[14.875s] [ 36%] [32mBuilding CXX object CMakeFiles/uuv_sensor_ros_plugins_msgs__rosidl_typesupport_c.dir/rosidl_typesupport_c/uuv_sensor_ros_plugins_msgs/msg/position_with_covariance_stamped__type_support.cpp.o[0m
[14.958s] [ 37%] [32mBuilding CXX object CMakeFiles/uuv_sensor_ros_plugins_msgs__rosidl_typesupport_introspection_cpp.dir/rosidl_typesupport_introspection_cpp/uuv_sensor_ros_plugins_msgs/msg/detail/position_with_covariance__type_support.cpp.o[0m
[15.015s] [ 39%] [32mBuilding CXX object CMakeFiles/uuv_sensor_ros_plugins_msgs__rosidl_typesupport_c.dir/rosidl_typesupport_c/uuv_sensor_ros_plugins_msgs/msg/chemical_particle_concentration__type_support.cpp.o[0m
[15.077s] [35m[1mScanning dependencies of target uuv_sensor_ros_plugins_msgs__rosidl_typesupport_introspection_c[0m
[15.222s] [ 40%] [32mBuilding CXX object CMakeFiles/uuv_sensor_ros_plugins_msgs__rosidl_typesupport_fastrtps_cpp.dir/rosidl_typesupport_fastrtps_cpp/uuv_sensor_ros_plugins_msgs/msg/detail/dds_fastrtps/position_with_covariance_stamped__type_support.cpp.o[0m
[15.335s] [ 41%] [32mBuilding C object CMakeFiles/uuv_sensor_ros_plugins_msgs__rosidl_typesupport_introspection_c.dir/rosidl_typesupport_introspection_c/uuv_sensor_ros_plugins_msgs/msg/detail/dvl__type_support.c.o[0m
[15.416s] [ 43%] [32mBuilding CXX object CMakeFiles/uuv_sensor_ros_plugins_msgs__rosidl_typesupport_c.dir/rosidl_typesupport_c/uuv_sensor_ros_plugins_msgs/msg/salinity__type_support.cpp.o[0m
[15.436s] [ 44%] [32mBuilding CXX object CMakeFiles/uuv_sensor_ros_plugins_msgs__rosidl_typesupport_cpp.dir/rosidl_typesupport_cpp/uuv_sensor_ros_plugins_msgs/msg/salinity__type_support.cpp.o[0m
[15.637s] [ 45%] [32mBuilding CXX object CMakeFiles/uuv_sensor_ros_plugins_msgs__rosidl_typesupport_c.dir/rosidl_typesupport_c/uuv_sensor_ros_plugins_msgs/srv/change_sensor_state__type_support.cpp.o[0m
[15.699s] [ 46%] [32mBuilding C object CMakeFiles/uuv_sensor_ros_plugins_msgs__rosidl_typesupport_introspection_c.dir/rosidl_typesupport_introspection_c/uuv_sensor_ros_plugins_msgs/msg/detail/dvl_beam__type_support.c.o[0m
[15.810s] [ 48%] [32mBuilding CXX object CMakeFiles/uuv_sensor_ros_plugins_msgs__rosidl_typesupport_introspection_cpp.dir/rosidl_typesupport_introspection_cpp/uuv_sensor_ros_plugins_msgs/msg/detail/position_with_covariance_stamped__type_support.cpp.o[0m
[15.880s] [ 49%] [32m[1mLinking CXX shared library libuuv_sensor_ros_plugins_msgs__rosidl_typesupport_c.so[0m
[16.091s] [ 50%] [32mBuilding C object CMakeFiles/uuv_sensor_ros_plugins_msgs__rosidl_typesupport_introspection_c.dir/rosidl_typesupport_introspection_c/uuv_sensor_ros_plugins_msgs/msg/detail/position_with_covariance__type_support.c.o[0m
[16.167s] [ 51%] [32mBuilding CXX object CMakeFiles/uuv_sensor_ros_plugins_msgs__rosidl_typesupport_introspection_cpp.dir/rosidl_typesupport_introspection_cpp/uuv_sensor_ros_plugins_msgs/msg/detail/chemical_particle_concentration__type_support.cpp.o[0m
[16.285s] [ 51%] Built target uuv_sensor_ros_plugins_msgs__rosidl_typesupport_c
[16.355s] [ 53%] [32mBuilding C object CMakeFiles/uuv_sensor_ros_plugins_msgs__rosidl_typesupport_introspection_c.dir/rosidl_typesupport_introspection_c/uuv_sensor_ros_plugins_msgs/msg/detail/position_with_covariance_stamped__type_support.c.o[0m
[16.680s] [ 54%] [32mBuilding C object CMakeFiles/uuv_sensor_ros_plugins_msgs__rosidl_typesupport_introspection_c.dir/rosidl_typesupport_introspection_c/uuv_sensor_ros_plugins_msgs/msg/detail/chemical_particle_concentration__type_support.c.o[0m
[16.971s] [ 55%] [32mBuilding C object CMakeFiles/uuv_sensor_ros_plugins_msgs__rosidl_typesupport_introspection_c.dir/rosidl_typesupport_introspection_c/uuv_sensor_ros_plugins_msgs/msg/detail/salinity__type_support.c.o[0m
[17.077s] [ 56%] [32mBuilding CXX object CMakeFiles/uuv_sensor_ros_plugins_msgs__rosidl_typesupport_cpp.dir/rosidl_typesupport_cpp/uuv_sensor_ros_plugins_msgs/srv/change_sensor_state__type_support.cpp.o[0m
[17.201s] [ 58%] [32mBuilding CXX object CMakeFiles/uuv_sensor_ros_plugins_msgs__rosidl_typesupport_introspection_cpp.dir/rosidl_typesupport_introspection_cpp/uuv_sensor_ros_plugins_msgs/msg/detail/salinity__type_support.cpp.o[0m
[17.202s] [ 59%] [32mBuilding C object CMakeFiles/uuv_sensor_ros_plugins_msgs__rosidl_typesupport_introspection_c.dir/rosidl_typesupport_introspection_c/uuv_sensor_ros_plugins_msgs/srv/detail/change_sensor_state__type_support.c.o[0m
[17.252s] [ 60%] [32mBuilding CXX object CMakeFiles/uuv_sensor_ros_plugins_msgs__rosidl_typesupport_introspection_cpp.dir/rosidl_typesupport_introspection_cpp/uuv_sensor_ros_plugins_msgs/srv/detail/change_sensor_state__type_support.cpp.o[0m
[17.300s] [ 62%] [32mBuilding CXX object CMakeFiles/uuv_sensor_ros_plugins_msgs__rosidl_typesupport_fastrtps_cpp.dir/rosidl_typesupport_fastrtps_cpp/uuv_sensor_ros_plugins_msgs/msg/detail/dds_fastrtps/chemical_particle_concentration__type_support.cpp.o[0m
[17.440s] [ 63%] [32mBuilding CXX object CMakeFiles/uuv_sensor_ros_plugins_msgs__rosidl_typesupport_fastrtps_cpp.dir/rosidl_typesupport_fastrtps_cpp/uuv_sensor_ros_plugins_msgs/msg/detail/dds_fastrtps/salinity__type_support.cpp.o[0m
[17.511s] [ 64%] [32m[1mLinking C shared library libuuv_sensor_ros_plugins_msgs__rosidl_typesupport_introspection_c.so[0m
[17.875s] [ 64%] Built target uuv_sensor_ros_plugins_msgs__rosidl_typesupport_introspection_c
[17.948s] [ 65%] [32mBuilding CXX object CMakeFiles/uuv_sensor_ros_plugins_msgs__rosidl_typesupport_fastrtps_cpp.dir/rosidl_typesupport_fastrtps_cpp/uuv_sensor_ros_plugins_msgs/srv/detail/dds_fastrtps/change_sensor_state__type_support.cpp.o[0m
[19.096s] [ 67%] [32m[1mLinking CXX shared library libuuv_sensor_ros_plugins_msgs__rosidl_typesupport_cpp.so[0m
[19.454s] [ 67%] Built target uuv_sensor_ros_plugins_msgs__rosidl_typesupport_cpp
[19.462s] [ 68%] [32m[1mLinking CXX shared library libuuv_sensor_ros_plugins_msgs__rosidl_typesupport_introspection_cpp.so[0m
[19.994s] [ 68%] Built target uuv_sensor_ros_plugins_msgs__rosidl_typesupport_introspection_cpp
[20.696s] [ 69%] [32m[1mLinking CXX shared library libuuv_sensor_ros_plugins_msgs__rosidl_typesupport_fastrtps_cpp.so[0m
[20.944s] [ 69%] Built target uuv_sensor_ros_plugins_msgs__rosidl_typesupport_fastrtps_cpp
[20.961s] [ 70%] [34m[1mGenerating C type support for eProsima Fast-RTPS[0m
[22.218s] [35m[1mScanning dependencies of target uuv_sensor_ros_plugins_msgs__rosidl_typesupport_fastrtps_c[0m
[22.278s] [ 72%] [32mBuilding CXX object CMakeFiles/uuv_sensor_ros_plugins_msgs__rosidl_typesupport_fastrtps_c.dir/rosidl_typesupport_fastrtps_c/uuv_sensor_ros_plugins_msgs/msg/detail/dvl__type_support_c.cpp.o[0m
[22.779s] [ 73%] [32mBuilding CXX object CMakeFiles/uuv_sensor_ros_plugins_msgs__rosidl_typesupport_fastrtps_c.dir/rosidl_typesupport_fastrtps_c/uuv_sensor_ros_plugins_msgs/srv/detail/change_sensor_state__type_support_c.cpp.o[0m
[23.252s] [ 74%] [32mBuilding CXX object CMakeFiles/uuv_sensor_ros_plugins_msgs__rosidl_typesupport_fastrtps_c.dir/rosidl_typesupport_fastrtps_c/uuv_sensor_ros_plugins_msgs/msg/detail/salinity__type_support_c.cpp.o[0m
[23.654s] [ 75%] [32mBuilding CXX object CMakeFiles/uuv_sensor_ros_plugins_msgs__rosidl_typesupport_fastrtps_c.dir/rosidl_typesupport_fastrtps_c/uuv_sensor_ros_plugins_msgs/msg/detail/chemical_particle_concentration__type_support_c.cpp.o[0m
[24.075s] [ 77%] [32mBuilding CXX object CMakeFiles/uuv_sensor_ros_plugins_msgs__rosidl_typesupport_fastrtps_c.dir/rosidl_typesupport_fastrtps_c/uuv_sensor_ros_plugins_msgs/msg/detail/position_with_covariance_stamped__type_support_c.cpp.o[0m
[24.481s] [ 78%] [32mBuilding CXX object CMakeFiles/uuv_sensor_ros_plugins_msgs__rosidl_typesupport_fastrtps_c.dir/rosidl_typesupport_fastrtps_c/uuv_sensor_ros_plugins_msgs/msg/detail/position_with_covariance__type_support_c.cpp.o[0m
[24.892s] [ 79%] [32mBuilding CXX object CMakeFiles/uuv_sensor_ros_plugins_msgs__rosidl_typesupport_fastrtps_c.dir/rosidl_typesupport_fastrtps_c/uuv_sensor_ros_plugins_msgs/msg/detail/dvl_beam__type_support_c.cpp.o[0m
[25.245s] [ 81%] [32m[1mLinking CXX shared library libuuv_sensor_ros_plugins_msgs__rosidl_typesupport_fastrtps_c.so[0m
[25.346s] [ 81%] Built target uuv_sensor_ros_plugins_msgs__rosidl_typesupport_fastrtps_c
[25.356s] [35m[1mScanning dependencies of target uuv_sensor_ros_plugins_msgs[0m
[25.367s] [ 81%] Built target uuv_sensor_ros_plugins_msgs
[25.378s] [35m[1mScanning dependencies of target uuv_sensor_ros_plugins_msgs__py[0m
[25.389s] [ 82%] [34m[1mGenerating Python code for ROS interfaces[0m
[29.313s] [ 82%] Built target uuv_sensor_ros_plugins_msgs__py
[29.325s] [35m[1mScanning dependencies of target uuv_sensor_ros_plugins_msgs__python[0m
[29.451s] [ 83%] [32mBuilding C object CMakeFiles/uuv_sensor_ros_plugins_msgs__python.dir/rosidl_generator_py/uuv_sensor_ros_plugins_msgs/msg/_dvl_s.c.o[0m
[29.768s] [ 84%] [32mBuilding C object CMakeFiles/uuv_sensor_ros_plugins_msgs__python.dir/rosidl_generator_py/uuv_sensor_ros_plugins_msgs/srv/_change_sensor_state_s.c.o[0m
[29.869s] [ 86%] [32mBuilding C object CMakeFiles/uuv_sensor_ros_plugins_msgs__python.dir/rosidl_generator_py/uuv_sensor_ros_plugins_msgs/msg/_salinity_s.c.o[0m
[29.974s] [ 87%] [32mBuilding C object CMakeFiles/uuv_sensor_ros_plugins_msgs__python.dir/rosidl_generator_py/uuv_sensor_ros_plugins_msgs/msg/_chemical_particle_concentration_s.c.o[0m
[30.081s] [ 88%] [32mBuilding C object CMakeFiles/uuv_sensor_ros_plugins_msgs__python.dir/rosidl_generator_py/uuv_sensor_ros_plugins_msgs/msg/_position_with_covariance_stamped_s.c.o[0m
[30.179s] [ 89%] [32mBuilding C object CMakeFiles/uuv_sensor_ros_plugins_msgs__python.dir/rosidl_generator_py/uuv_sensor_ros_plugins_msgs/msg/_position_with_covariance_s.c.o[0m
[30.289s] [ 91%] [32mBuilding C object CMakeFiles/uuv_sensor_ros_plugins_msgs__python.dir/rosidl_generator_py/uuv_sensor_ros_plugins_msgs/msg/_dvl_beam_s.c.o[0m
[30.381s] [ 92%] [32m[1mLinking C shared library rosidl_generator_py/uuv_sensor_ros_plugins_msgs/libuuv_sensor_ros_plugins_msgs__python.so[0m
[30.440s] [ 92%] Built target uuv_sensor_ros_plugins_msgs__python
[30.453s] [35m[1mScanning dependencies of target uuv_sensor_ros_plugins_msgs__rosidl_typesupport_introspection_c__pyext[0m
[30.502s] [ 93%] [32mBuilding C object CMakeFiles/uuv_sensor_ros_plugins_msgs__rosidl_typesupport_introspection_c__pyext.dir/rosidl_generator_py/uuv_sensor_ros_plugins_msgs/_uuv_sensor_ros_plugins_msgs_s.ep.rosidl_typesupport_introspection_c.c.o[0m
[30.609s] [ 94%] [32m[1mLinking C shared library rosidl_generator_py/uuv_sensor_ros_plugins_msgs/uuv_sensor_ros_plugins_msgs_s__rosidl_typesupport_introspection_c.cpython-38-x86_64-linux-gnu.so[0m
[30.657s] [ 94%] Built target uuv_sensor_ros_plugins_msgs__rosidl_typesupport_introspection_c__pyext
[30.667s] [35m[1mScanning dependencies of target uuv_sensor_ros_plugins_msgs__rosidl_typesupport_c__pyext[0m
[30.692s] [ 96%] [32mBuilding C object CMakeFiles/uuv_sensor_ros_plugins_msgs__rosidl_typesupport_c__pyext.dir/rosidl_generator_py/uuv_sensor_ros_plugins_msgs/_uuv_sensor_ros_plugins_msgs_s.ep.rosidl_typesupport_c.c.o[0m
[30.819s] [ 97%] [32m[1mLinking C shared library rosidl_generator_py/uuv_sensor_ros_plugins_msgs/uuv_sensor_ros_plugins_msgs_s__rosidl_typesupport_c.cpython-38-x86_64-linux-gnu.so[0m
[30.864s] [ 97%] Built target uuv_sensor_ros_plugins_msgs__rosidl_typesupport_c__pyext
[30.879s] [35m[1mScanning dependencies of target uuv_sensor_ros_plugins_msgs__rosidl_typesupport_fastrtps_c__pyext[0m
[30.907s] [ 98%] [32mBuilding C object CMakeFiles/uuv_sensor_ros_plugins_msgs__rosidl_typesupport_fastrtps_c__pyext.dir/rosidl_generator_py/uuv_sensor_ros_plugins_msgs/_uuv_sensor_ros_plugins_msgs_s.ep.rosidl_typesupport_fastrtps_c.c.o[0m
[31.034s] [100%] [32m[1mLinking CXX shared library rosidl_generator_py/uuv_sensor_ros_plugins_msgs/uuv_sensor_ros_plugins_msgs_s__rosidl_typesupport_fastrtps_c.cpython-38-x86_64-linux-gnu.so[0m
[31.113s] [100%] Built target uuv_sensor_ros_plugins_msgs__rosidl_typesupport_fastrtps_c__pyext
[31.126s] Invoked command in '/home/brenda/RBIM_ws/src/uuv_simulator/build/uuv_sensor_ros_plugins_msgs' returned '0': CMAKE_PREFIX_PATH=/opt/ros/foxy:${CMAKE_PREFIX_PATH} /usr/bin/cmake --build /home/brenda/RBIM_ws/src/uuv_simulator/build/uuv_sensor_ros_plugins_msgs -- -j8 -l8
[31.263s] Invoking command in '/home/brenda/RBIM_ws/src/uuv_simulator/build/uuv_sensor_ros_plugins_msgs': CMAKE_PREFIX_PATH=/opt/ros/foxy:${CMAKE_PREFIX_PATH} /usr/bin/cmake --install /home/brenda/RBIM_ws/src/uuv_simulator/build/uuv_sensor_ros_plugins_msgs
[31.275s] -- Install configuration: ""
[31.275s] -- Installing: /home/brenda/RBIM_ws/src/uuv_simulator/install/uuv_sensor_ros_plugins_msgs/share/ament_index/resource_index/rosidl_interfaces/uuv_sensor_ros_plugins_msgs
[31.275s] -- Installing: /home/brenda/RBIM_ws/src/uuv_simulator/install/uuv_sensor_ros_plugins_msgs/include/uuv_sensor_ros_plugins_msgs
[31.275s] -- Installing: /home/brenda/RBIM_ws/src/uuv_simulator/install/uuv_sensor_ros_plugins_msgs/include/uuv_sensor_ros_plugins_msgs/srv
[31.275s] -- Installing: /home/brenda/RBIM_ws/src/uuv_simulator/install/uuv_sensor_ros_plugins_msgs/include/uuv_sensor_ros_plugins_msgs/srv/detail
[31.276s] -- Installing: /home/brenda/RBIM_ws/src/uuv_simulator/install/uuv_sensor_ros_plugins_msgs/include/uuv_sensor_ros_plugins_msgs/srv/detail/change_sensor_state__type_support.h
[31.276s] -- Installing: /home/brenda/RBIM_ws/src/uuv_simulator/install/uuv_sensor_ros_plugins_msgs/include/uuv_sensor_ros_plugins_msgs/srv/detail/change_sensor_state__functions.c
[31.276s] -- Installing: /home/brenda/RBIM_ws/src/uuv_simulator/install/uuv_sensor_ros_plugins_msgs/include/uuv_sensor_ros_plugins_msgs/srv/detail/change_sensor_state__functions.h
[31.276s] -- Installing: /home/brenda/RBIM_ws/src/uuv_simulator/install/uuv_sensor_ros_plugins_msgs/include/uuv_sensor_ros_plugins_msgs/srv/detail/change_sensor_state__struct.h
[31.276s] -- Installing: /home/brenda/RBIM_ws/src/uuv_simulator/install/uuv_sensor_ros_plugins_msgs/include/uuv_sensor_ros_plugins_msgs/srv/change_sensor_state.h
[31.276s] -- Installing: /home/brenda/RBIM_ws/src/uuv_simulator/install/uuv_sensor_ros_plugins_msgs/include/uuv_sensor_ros_plugins_msgs/msg
[31.277s] -- Installing: /home/brenda/RBIM_ws/src/uuv_simulator/install/uuv_sensor_ros_plugins_msgs/include/uuv_sensor_ros_plugins_msgs/msg/chemical_particle_concentration.h
[31.277s] -- Installing: /home/brenda/RBIM_ws/src/uuv_simulator/install/uuv_sensor_ros_plugins_msgs/include/uuv_sensor_ros_plugins_msgs/msg/dvl_beam.h
[31.277s] -- Installing: /home/brenda/RBIM_ws/src/uuv_simulator/install/uuv_sensor_ros_plugins_msgs/include/uuv_sensor_ros_plugins_msgs/msg/position_with_covariance_stamped.h
[31.277s] -- Installing: /home/brenda/RBIM_ws/src/uuv_simulator/install/uuv_sensor_ros_plugins_msgs/include/uuv_sensor_ros_plugins_msgs/msg/position_with_covariance.h
[31.277s] -- Installing: /home/brenda/RBIM_ws/src/uuv_simulator/install/uuv_sensor_ros_plugins_msgs/include/uuv_sensor_ros_plugins_msgs/msg/detail
[31.277s] -- Installing: /home/brenda/RBIM_ws/src/uuv_simulator/install/uuv_sensor_ros_plugins_msgs/include/uuv_sensor_ros_plugins_msgs/msg/detail/salinity__functions.h
[31.278s] -- Installing: /home/brenda/RBIM_ws/src/uuv_simulator/install/uuv_sensor_ros_plugins_msgs/include/uuv_sensor_ros_plugins_msgs/msg/detail/dvl__struct.h
[31.278s] -- Installing: /home/brenda/RBIM_ws/src/uuv_simulator/install/uuv_sensor_ros_plugins_msgs/include/uuv_sensor_ros_plugins_msgs/msg/detail/position_with_covariance_stamped__type_support.h
[31.278s] -- Installing: /home/brenda/RBIM_ws/src/uuv_simulator/install/uuv_sensor_ros_plugins_msgs/include/uuv_sensor_ros_plugins_msgs/msg/detail/salinity__type_support.h
[31.278s] -- Installing: /home/brenda/RBIM_ws/src/uuv_simulator/install/uuv_sensor_ros_plugins_msgs/include/uuv_sensor_ros_plugins_msgs/msg/detail/position_with_covariance_stamped__struct.h
[31.278s] -- Installing: /home/brenda/RBIM_ws/src/uuv_simulator/install/uuv_sensor_ros_plugins_msgs/include/uuv_sensor_ros_plugins_msgs/msg/detail/position_with_covariance__functions.c
[31.278s] -- Installing: /home/brenda/RBIM_ws/src/uuv_simulator/install/uuv_sensor_ros_plugins_msgs/include/uuv_sensor_ros_plugins_msgs/msg/detail/position_with_covariance__functions.h
[31.279s] -- Installing: /home/brenda/RBIM_ws/src/uuv_simulator/install/uuv_sensor_ros_plugins_msgs/include/uuv_sensor_ros_plugins_msgs/msg/detail/dvl_beam__type_support.h
[31.279s] -- Installing: /home/brenda/RBIM_ws/src/uuv_simulator/install/uuv_sensor_ros_plugins_msgs/include/uuv_sensor_ros_plugins_msgs/msg/detail/chemical_particle_concentration__struct.h
[31.279s] -- Installing: /home/brenda/RBIM_ws/src/uuv_simulator/install/uuv_sensor_ros_plugins_msgs/include/uuv_sensor_ros_plugins_msgs/msg/detail/chemical_particle_concentration__functions.c
[31.279s] -- Installing: /home/brenda/RBIM_ws/src/uuv_simulator/install/uuv_sensor_ros_plugins_msgs/include/uuv_sensor_ros_plugins_msgs/msg/detail/dvl__functions.h
[31.279s] -- Installing: /home/brenda/RBIM_ws/src/uuv_simulator/install/uuv_sensor_ros_plugins_msgs/include/uuv_sensor_ros_plugins_msgs/msg/detail/position_with_covariance__type_support.h
[31.279s] -- Installing: /home/brenda/RBIM_ws/src/uuv_simulator/install/uuv_sensor_ros_plugins_msgs/include/uuv_sensor_ros_plugins_msgs/msg/detail/dvl_beam__struct.h
[31.280s] -- Installing: /home/brenda/RBIM_ws/src/uuv_simulator/install/uuv_sensor_ros_plugins_msgs/include/uuv_sensor_ros_plugins_msgs/msg/detail/salinity__struct.h
[31.280s] -- Installing: /home/brenda/RBIM_ws/src/uuv_simulator/install/uuv_sensor_ros_plugins_msgs/include/uuv_sensor_ros_plugins_msgs/msg/detail/position_with_covariance_stamped__functions.h
[31.280s] -- Installing: /home/brenda/RBIM_ws/src/uuv_simulator/install/uuv_sensor_ros_plugins_msgs/include/uuv_sensor_ros_plugins_msgs/msg/detail/dvl_beam__functions.h
[31.280s] -- Installing: /home/brenda/RBIM_ws/src/uuv_simulator/install/uuv_sensor_ros_plugins_msgs/include/uuv_sensor_ros_plugins_msgs/msg/detail/position_with_covariance_stamped__functions.c
[31.280s] -- Installing: /home/brenda/RBIM_ws/src/uuv_simulator/install/uuv_sensor_ros_plugins_msgs/include/uuv_sensor_ros_plugins_msgs/msg/detail/chemical_particle_concentration__type_support.h
[31.280s] -- Installing: /home/brenda/RBIM_ws/src/uuv_simulator/install/uuv_sensor_ros_plugins_msgs/include/uuv_sensor_ros_plugins_msgs/msg/detail/dvl__type_support.h
[31.281s] -- Installing: /home/brenda/RBIM_ws/src/uuv_simulator/install/uuv_sensor_ros_plugins_msgs/include/uuv_sensor_ros_plugins_msgs/msg/detail/chemical_particle_concentration__functions.h
[31.281s] -- Installing: /home/brenda/RBIM_ws/src/uuv_simulator/install/uuv_sensor_ros_plugins_msgs/include/uuv_sensor_ros_plugins_msgs/msg/detail/position_with_covariance__struct.h
[31.281s] -- Installing: /home/brenda/RBIM_ws/src/uuv_simulator/install/uuv_sensor_ros_plugins_msgs/include/uuv_sensor_ros_plugins_msgs/msg/detail/dvl__functions.c
[31.281s] -- Installing: /home/brenda/RBIM_ws/src/uuv_simulator/install/uuv_sensor_ros_plugins_msgs/include/uuv_sensor_ros_plugins_msgs/msg/detail/dvl_beam__functions.c
[31.281s] -- Installing: /home/brenda/RBIM_ws/src/uuv_simulator/install/uuv_sensor_ros_plugins_msgs/include/uuv_sensor_ros_plugins_msgs/msg/detail/salinity__functions.c
[31.281s] -- Installing: /home/brenda/RBIM_ws/src/uuv_simulator/install/uuv_sensor_ros_plugins_msgs/include/uuv_sensor_ros_plugins_msgs/msg/dvl.h
[31.282s] -- Installing: /home/brenda/RBIM_ws/src/uuv_simulator/install/uuv_sensor_ros_plugins_msgs/include/uuv_sensor_ros_plugins_msgs/msg/rosidl_generator_c__visibility_control.h
[31.282s] -- Installing: /home/brenda/RBIM_ws/src/uuv_simulator/install/uuv_sensor_ros_plugins_msgs/include/uuv_sensor_ros_plugins_msgs/msg/salinity.h
[31.282s] -- Installing: /home/brenda/RBIM_ws/src/uuv_simulator/install/uuv_sensor_ros_plugins_msgs/share/uuv_sensor_ros_plugins_msgs/environment/library_path.sh
[31.282s] -- Installing: /home/brenda/RBIM_ws/src/uuv_simulator/install/uuv_sensor_ros_plugins_msgs/share/uuv_sensor_ros_plugins_msgs/environment/library_path.dsv
[31.282s] -- Installing: /home/brenda/RBIM_ws/src/uuv_simulator/install/uuv_sensor_ros_plugins_msgs/lib/libuuv_sensor_ros_plugins_msgs__rosidl_generator_c.so
[31.282s] -- Set runtime path of "/home/brenda/RBIM_ws/src/uuv_simulator/install/uuv_sensor_ros_plugins_msgs/lib/libuuv_sensor_ros_plugins_msgs__rosidl_generator_c.so" to ""
[31.283s] -- Up-to-date: /home/brenda/RBIM_ws/src/uuv_simulator/install/uuv_sensor_ros_plugins_msgs/include/uuv_sensor_ros_plugins_msgs
[31.283s] -- Up-to-date: /home/brenda/RBIM_ws/src/uuv_simulator/install/uuv_sensor_ros_plugins_msgs/include/uuv_sensor_ros_plugins_msgs/srv
[31.283s] -- Up-to-date: /home/brenda/RBIM_ws/src/uuv_simulator/install/uuv_sensor_ros_plugins_msgs/include/uuv_sensor_ros_plugins_msgs/srv/detail
[31.283s] -- Installing: /home/brenda/RBIM_ws/src/uuv_simulator/install/uuv_sensor_ros_plugins_msgs/include/uuv_sensor_ros_plugins_msgs/srv/detail/change_sensor_state__rosidl_typesupport_fastrtps_c.h
[31.283s] -- Up-to-date: /home/brenda/RBIM_ws/src/uuv_simulator/install/uuv_sensor_ros_plugins_msgs/include/uuv_sensor_ros_plugins_msgs/msg
[31.283s] -- Installing: /home/brenda/RBIM_ws/src/uuv_simulator/install/uuv_sensor_ros_plugins_msgs/include/uuv_sensor_ros_plugins_msgs/msg/rosidl_typesupport_fastrtps_c__visibility_control.h
[31.283s] -- Up-to-date: /home/brenda/RBIM_ws/src/uuv_simulator/install/uuv_sensor_ros_plugins_msgs/include/uuv_sensor_ros_plugins_msgs/msg/detail
[31.284s] -- Installing: /home/brenda/RBIM_ws/src/uuv_simulator/install/uuv_sensor_ros_plugins_msgs/include/uuv_sensor_ros_plugins_msgs/msg/detail/position_with_covariance__rosidl_typesupport_fastrtps_c.h
[31.284s] -- Installing: /home/brenda/RBIM_ws/src/uuv_simulator/install/uuv_sensor_ros_plugins_msgs/include/uuv_sensor_ros_plugins_msgs/msg/detail/position_with_covariance_stamped__rosidl_typesupport_fastrtps_c.h
[31.284s] -- Installing: /home/brenda/RBIM_ws/src/uuv_simulator/install/uuv_sensor_ros_plugins_msgs/include/uuv_sensor_ros_plugins_msgs/msg/detail/salinity__rosidl_typesupport_fastrtps_c.h
[31.284s] -- Installing: /home/brenda/RBIM_ws/src/uuv_simulator/install/uuv_sensor_ros_plugins_msgs/include/uuv_sensor_ros_plugins_msgs/msg/detail/dvl_beam__rosidl_typesupport_fastrtps_c.h
[31.284s] -- Installing: /home/brenda/RBIM_ws/src/uuv_simulator/install/uuv_sensor_ros_plugins_msgs/include/uuv_sensor_ros_plugins_msgs/msg/detail/dvl__rosidl_typesupport_fastrtps_c.h
[31.284s] -- Installing: /home/brenda/RBIM_ws/src/uuv_simulator/install/uuv_sensor_ros_plugins_msgs/include/uuv_sensor_ros_plugins_msgs/msg/detail/chemical_particle_concentration__rosidl_typesupport_fastrtps_c.h
[31.285s] -- Installing: /home/brenda/RBIM_ws/src/uuv_simulator/install/uuv_sensor_ros_plugins_msgs/lib/libuuv_sensor_ros_plugins_msgs__rosidl_typesupport_fastrtps_c.so
[31.285s] -- Set runtime path of "/home/brenda/RBIM_ws/src/uuv_simulator/install/uuv_sensor_ros_plugins_msgs/lib/libuuv_sensor_ros_plugins_msgs__rosidl_typesupport_fastrtps_c.so" to ""
[31.285s] -- Up-to-date: /home/brenda/RBIM_ws/src/uuv_simulator/install/uuv_sensor_ros_plugins_msgs/include/uuv_sensor_ros_plugins_msgs
[31.285s] -- Up-to-date: /home/brenda/RBIM_ws/src/uuv_simulator/install/uuv_sensor_ros_plugins_msgs/include/uuv_sensor_ros_plugins_msgs/srv
[31.285s] -- Up-to-date: /home/brenda/RBIM_ws/src/uuv_simulator/install/uuv_sensor_ros_plugins_msgs/include/uuv_sensor_ros_plugins_msgs/srv/detail
[31.285s] -- Installing: /home/brenda/RBIM_ws/src/uuv_simulator/install/uuv_sensor_ros_plugins_msgs/include/uuv_sensor_ros_plugins_msgs/srv/detail/dds_fastrtps
[31.285s] -- Installing: /home/brenda/RBIM_ws/src/uuv_simulator/install/uuv_sensor_ros_plugins_msgs/include/uuv_sensor_ros_plugins_msgs/srv/detail/change_sensor_state__rosidl_typesupport_fastrtps_cpp.hpp
[31.286s] -- Up-to-date: /home/brenda/RBIM_ws/src/uuv_simulator/install/uuv_sensor_ros_plugins_msgs/include/uuv_sensor_ros_plugins_msgs/msg
[31.286s] -- Installing: /home/brenda/RBIM_ws/src/uuv_simulator/install/uuv_sensor_ros_plugins_msgs/include/uuv_sensor_ros_plugins_msgs/msg/rosidl_typesupport_fastrtps_cpp__visibility_control.h
[31.286s] -- Up-to-date: /home/brenda/RBIM_ws/src/uuv_simulator/install/uuv_sensor_ros_plugins_msgs/include/uuv_sensor_ros_plugins_msgs/msg/detail
[31.286s] -- Installing: /home/brenda/RBIM_ws/src/uuv_simulator/install/uuv_sensor_ros_plugins_msgs/include/uuv_sensor_ros_plugins_msgs/msg/detail/dvl_beam__rosidl_typesupport_fastrtps_cpp.hpp
[31.286s] -- Installing: /home/brenda/RBIM_ws/src/uuv_simulator/install/uuv_sensor_ros_plugins_msgs/include/uuv_sensor_ros_plugins_msgs/msg/detail/dds_fastrtps
[31.286s] -- Installing: /home/brenda/RBIM_ws/src/uuv_simulator/install/uuv_sensor_ros_plugins_msgs/include/uuv_sensor_ros_plugins_msgs/msg/detail/dvl__rosidl_typesupport_fastrtps_cpp.hpp
[31.287s] -- Installing: /home/brenda/RBIM_ws/src/uuv_simulator/install/uuv_sensor_ros_plugins_msgs/include/uuv_sensor_ros_plugins_msgs/msg/detail/salinity__rosidl_typesupport_fastrtps_cpp.hpp
[31.287s] -- Installing: /home/brenda/RBIM_ws/src/uuv_simulator/install/uuv_sensor_ros_plugins_msgs/include/uuv_sensor_ros_plugins_msgs/msg/detail/position_with_covariance__rosidl_typesupport_fastrtps_cpp.hpp
[31.287s] -- Installing: /home/brenda/RBIM_ws/src/uuv_simulator/install/uuv_sensor_ros_plugins_msgs/include/uuv_sensor_ros_plugins_msgs/msg/detail/chemical_particle_concentration__rosidl_typesupport_fastrtps_cpp.hpp
[31.287s] -- Installing: /home/brenda/RBIM_ws/src/uuv_simulator/install/uuv_sensor_ros_plugins_msgs/include/uuv_sensor_ros_plugins_msgs/msg/detail/position_with_covariance_stamped__rosidl_typesupport_fastrtps_cpp.hpp
[31.287s] -- Installing: /home/brenda/RBIM_ws/src/uuv_simulator/install/uuv_sensor_ros_plugins_msgs/lib/libuuv_sensor_ros_plugins_msgs__rosidl_typesupport_fastrtps_cpp.so
[31.287s] -- Set runtime path of "/home/brenda/RBIM_ws/src/uuv_simulator/install/uuv_sensor_ros_plugins_msgs/lib/libuuv_sensor_ros_plugins_msgs__rosidl_typesupport_fastrtps_cpp.so" to ""
[31.288s] -- Up-to-date: /home/brenda/RBIM_ws/src/uuv_simulator/install/uuv_sensor_ros_plugins_msgs/include/uuv_sensor_ros_plugins_msgs
[31.288s] -- Up-to-date: /home/brenda/RBIM_ws/src/uuv_simulator/install/uuv_sensor_ros_plugins_msgs/include/uuv_sensor_ros_plugins_msgs/srv
[31.288s] -- Up-to-date: /home/brenda/RBIM_ws/src/uuv_simulator/install/uuv_sensor_ros_plugins_msgs/include/uuv_sensor_ros_plugins_msgs/srv/detail
[31.288s] -- Installing: /home/brenda/RBIM_ws/src/uuv_simulator/install/uuv_sensor_ros_plugins_msgs/include/uuv_sensor_ros_plugins_msgs/srv/detail/change_sensor_state__rosidl_typesupport_introspection_c.h
[31.288s] -- Installing: /home/brenda/RBIM_ws/src/uuv_simulator/install/uuv_sensor_ros_plugins_msgs/include/uuv_sensor_ros_plugins_msgs/srv/detail/change_sensor_state__type_support.c
[31.288s] -- Up-to-date: /home/brenda/RBIM_ws/src/uuv_simulator/install/uuv_sensor_ros_plugins_msgs/include/uuv_sensor_ros_plugins_msgs/msg
[31.288s] -- Installing: /home/brenda/RBIM_ws/src/uuv_simulator/install/uuv_sensor_ros_plugins_msgs/include/uuv_sensor_ros_plugins_msgs/msg/rosidl_typesupport_introspection_c__visibility_control.h
[31.289s] -- Up-to-date: /home/brenda/RBIM_ws/src/uuv_simulator/install/uuv_sensor_ros_plugins_msgs/include/uuv_sensor_ros_plugins_msgs/msg/detail
[31.289s] -- Installing: /home/brenda/RBIM_ws/src/uuv_simulator/install/uuv_sensor_ros_plugins_msgs/include/uuv_sensor_ros_plugins_msgs/msg/detail/chemical_particle_concentration__rosidl_typesupport_introspection_c.h
[31.289s] -- Installing: /home/brenda/RBIM_ws/src/uuv_simulator/install/uuv_sensor_ros_plugins_msgs/include/uuv_sensor_ros_plugins_msgs/msg/detail/dvl_beam__rosidl_typesupport_introspection_c.h
[31.289s] -- Installing: /home/brenda/RBIM_ws/src/uuv_simulator/install/uuv_sensor_ros_plugins_msgs/include/uuv_sensor_ros_plugins_msgs/msg/detail/salinity__rosidl_typesupport_introspection_c.h
[31.289s] -- Installing: /home/brenda/RBIM_ws/src/uuv_simulator/install/uuv_sensor_ros_plugins_msgs/include/uuv_sensor_ros_plugins_msgs/msg/detail/position_with_covariance__type_support.c
[31.289s] -- Installing: /home/brenda/RBIM_ws/src/uuv_simulator/install/uuv_sensor_ros_plugins_msgs/include/uuv_sensor_ros_plugins_msgs/msg/detail/position_with_covariance_stamped__type_support.c
[31.289s] -- Installing: /home/brenda/RBIM_ws/src/uuv_simulator/install/uuv_sensor_ros_plugins_msgs/include/uuv_sensor_ros_plugins_msgs/msg/detail/dvl__rosidl_typesupport_introspection_c.h
[31.290s] -- Installing: /home/brenda/RBIM_ws/src/uuv_simulator/install/uuv_sensor_ros_plugins_msgs/include/uuv_sensor_ros_plugins_msgs/msg/detail/position_with_covariance_stamped__rosidl_typesupport_introspection_c.h
[31.290s] -- Installing: /home/brenda/RBIM_ws/src/uuv_simulator/install/uuv_sensor_ros_plugins_msgs/include/uuv_sensor_ros_plugins_msgs/msg/detail/dvl_beam__type_support.c
[31.290s] -- Installing: /home/brenda/RBIM_ws/src/uuv_simulator/install/uuv_sensor_ros_plugins_msgs/include/uuv_sensor_ros_plugins_msgs/msg/detail/salinity__type_support.c
[31.290s] -- Installing: /home/brenda/RBIM_ws/src/uuv_simulator/install/uuv_sensor_ros_plugins_msgs/include/uuv_sensor_ros_plugins_msgs/msg/detail/dvl__type_support.c
[31.290s] -- Installing: /home/brenda/RBIM_ws/src/uuv_simulator/install/uuv_sensor_ros_plugins_msgs/include/uuv_sensor_ros_plugins_msgs/msg/detail/position_with_covariance__rosidl_typesupport_introspection_c.h
[31.290s] -- Installing: /home/brenda/RBIM_ws/src/uuv_simulator/install/uuv_sensor_ros_plugins_msgs/include/uuv_sensor_ros_plugins_msgs/msg/detail/chemical_particle_concentration__type_support.c
[31.291s] -- Installing: /home/brenda/RBIM_ws/src/uuv_simulator/install/uuv_sensor_ros_plugins_msgs/lib/libuuv_sensor_ros_plugins_msgs__rosidl_typesupport_introspection_c.so
[31.291s] -- Set runtime path of "/home/brenda/RBIM_ws/src/uuv_simulator/install/uuv_sensor_ros_plugins_msgs/lib/libuuv_sensor_ros_plugins_msgs__rosidl_typesupport_introspection_c.so" to ""
[31.291s] -- Installing: /home/brenda/RBIM_ws/src/uuv_simulator/install/uuv_sensor_ros_plugins_msgs/lib/libuuv_sensor_ros_plugins_msgs__rosidl_typesupport_c.so
[31.291s] -- Set runtime path of "/home/brenda/RBIM_ws/src/uuv_simulator/install/uuv_sensor_ros_plugins_msgs/lib/libuuv_sensor_ros_plugins_msgs__rosidl_typesupport_c.so" to ""
[31.291s] -- Up-to-date: /home/brenda/RBIM_ws/src/uuv_simulator/install/uuv_sensor_ros_plugins_msgs/include/uuv_sensor_ros_plugins_msgs
[31.291s] -- Up-to-date: /home/brenda/RBIM_ws/src/uuv_simulator/install/uuv_sensor_ros_plugins_msgs/include/uuv_sensor_ros_plugins_msgs/srv
[31.292s] -- Up-to-date: /home/brenda/RBIM_ws/src/uuv_simulator/install/uuv_sensor_ros_plugins_msgs/include/uuv_sensor_ros_plugins_msgs/srv/detail
[31.292s] -- Installing: /home/brenda/RBIM_ws/src/uuv_simulator/install/uuv_sensor_ros_plugins_msgs/include/uuv_sensor_ros_plugins_msgs/srv/detail/change_sensor_state__traits.hpp
[31.292s] -- Installing: /home/brenda/RBIM_ws/src/uuv_simulator/install/uuv_sensor_ros_plugins_msgs/include/uuv_sensor_ros_plugins_msgs/srv/detail/change_sensor_state__struct.hpp
[31.292s] -- Installing: /home/brenda/RBIM_ws/src/uuv_simulator/install/uuv_sensor_ros_plugins_msgs/include/uuv_sensor_ros_plugins_msgs/srv/detail/change_sensor_state__builder.hpp
[31.292s] -- Installing: /home/brenda/RBIM_ws/src/uuv_simulator/install/uuv_sensor_ros_plugins_msgs/include/uuv_sensor_ros_plugins_msgs/srv/change_sensor_state.hpp
[31.292s] -- Up-to-date: /home/brenda/RBIM_ws/src/uuv_simulator/install/uuv_sensor_ros_plugins_msgs/include/uuv_sensor_ros_plugins_msgs/msg
[31.293s] -- Installing: /home/brenda/RBIM_ws/src/uuv_simulator/install/uuv_sensor_ros_plugins_msgs/include/uuv_sensor_ros_plugins_msgs/msg/chemical_particle_concentration.hpp
[31.293s] -- Installing: /home/brenda/RBIM_ws/src/uuv_simulator/install/uuv_sensor_ros_plugins_msgs/include/uuv_sensor_ros_plugins_msgs/msg/dvl.hpp
[31.293s] -- Up-to-date: /home/brenda/RBIM_ws/src/uuv_simulator/install/uuv_sensor_ros_plugins_msgs/include/uuv_sensor_ros_plugins_msgs/msg/detail
[31.293s] -- Installing: /home/brenda/RBIM_ws/src/uuv_simulator/install/uuv_sensor_ros_plugins_msgs/include/uuv_sensor_ros_plugins_msgs/msg/detail/position_with_covariance_stamped__builder.hpp
[31.293s] -- Installing: /home/brenda/RBIM_ws/src/uuv_simulator/install/uuv_sensor_ros_plugins_msgs/include/uuv_sensor_ros_plugins_msgs/msg/detail/salinity__struct.hpp
[31.293s] -- Installing: /home/brenda/RBIM_ws/src/uuv_simulator/install/uuv_sensor_ros_plugins_msgs/include/uuv_sensor_ros_plugins_msgs/msg/detail/position_with_covariance__builder.hpp
[31.294s] -- Installing: /home/brenda/RBIM_ws/src/uuv_simulator/install/uuv_sensor_ros_plugins_msgs/include/uuv_sensor_ros_plugins_msgs/msg/detail/dvl__traits.hpp
[31.294s] -- Installing: /home/brenda/RBIM_ws/src/uuv_simulator/install/uuv_sensor_ros_plugins_msgs/include/uuv_sensor_ros_plugins_msgs/msg/detail/dvl__builder.hpp
[31.294s] -- Installing: /home/brenda/RBIM_ws/src/uuv_simulator/install/uuv_sensor_ros_plugins_msgs/include/uuv_sensor_ros_plugins_msgs/msg/detail/dvl_beam__struct.hpp
[31.294s] -- Installing: /home/brenda/RBIM_ws/src/uuv_simulator/install/uuv_sensor_ros_plugins_msgs/include/uuv_sensor_ros_plugins_msgs/msg/detail/position_with_covariance__traits.hpp
[31.294s] -- Installing: /home/brenda/RBIM_ws/src/uuv_simulator/install/uuv_sensor_ros_plugins_msgs/include/uuv_sensor_ros_plugins_msgs/msg/detail/salinity__builder.hpp
[31.294s] -- Installing: /home/brenda/RBIM_ws/src/uuv_simulator/install/uuv_sensor_ros_plugins_msgs/include/uuv_sensor_ros_plugins_msgs/msg/detail/position_with_covariance__struct.hpp
[31.295s] -- Installing: /home/brenda/RBIM_ws/src/uuv_simulator/install/uuv_sensor_ros_plugins_msgs/include/uuv_sensor_ros_plugins_msgs/msg/detail/dvl__struct.hpp
[31.295s] -- Installing: /home/brenda/RBIM_ws/src/uuv_simulator/install/uuv_sensor_ros_plugins_msgs/include/uuv_sensor_ros_plugins_msgs/msg/detail/position_with_covariance_stamped__traits.hpp
[31.295s] -- Installing: /home/brenda/RBIM_ws/src/uuv_simulator/install/uuv_sensor_ros_plugins_msgs/include/uuv_sensor_ros_plugins_msgs/msg/detail/dvl_beam__traits.hpp
[31.295s] -- Installing: /home/brenda/RBIM_ws/src/uuv_simulator/install/uuv_sensor_ros_plugins_msgs/include/uuv_sensor_ros_plugins_msgs/msg/detail/position_with_covariance_stamped__struct.hpp
[31.295s] -- Installing: /home/brenda/RBIM_ws/src/uuv_simulator/install/uuv_sensor_ros_plugins_msgs/include/uuv_sensor_ros_plugins_msgs/msg/detail/chemical_particle_concentration__struct.hpp
[31.296s] -- Installing: /home/brenda/RBIM_ws/src/uuv_simulator/install/uuv_sensor_ros_plugins_msgs/include/uuv_sensor_ros_plugins_msgs/msg/detail/salinity__traits.hpp
[31.296s] -- Installing: /home/brenda/RBIM_ws/src/uuv_simulator/install/uuv_sensor_ros_plugins_msgs/include/uuv_sensor_ros_plugins_msgs/msg/detail/dvl_beam__builder.hpp
[31.296s] -- Installing: /home/brenda/RBIM_ws/src/uuv_simulator/install/uuv_sensor_ros_plugins_msgs/include/uuv_sensor_ros_plugins_msgs/msg/detail/chemical_particle_concentration__traits.hpp
[31.296s] -- Installing: /home/brenda/RBIM_ws/src/uuv_simulator/install/uuv_sensor_ros_plugins_msgs/include/uuv_sensor_ros_plugins_msgs/msg/detail/chemical_particle_concentration__builder.hpp
[31.296s] -- Installing: /home/brenda/RBIM_ws/src/uuv_simulator/install/uuv_sensor_ros_plugins_msgs/include/uuv_sensor_ros_plugins_msgs/msg/position_with_covariance_stamped.hpp
[31.296s] -- Installing: /home/brenda/RBIM_ws/src/uuv_simulator/install/uuv_sensor_ros_plugins_msgs/include/uuv_sensor_ros_plugins_msgs/msg/salinity.hpp
[31.296s] -- Installing: /home/brenda/RBIM_ws/src/uuv_simulator/install/uuv_sensor_ros_plugins_msgs/include/uuv_sensor_ros_plugins_msgs/msg/dvl_beam.hpp
[31.297s] -- Installing: /home/brenda/RBIM_ws/src/uuv_simulator/install/uuv_sensor_ros_plugins_msgs/include/uuv_sensor_ros_plugins_msgs/msg/position_with_covariance.hpp
[31.297s] -- Up-to-date: /home/brenda/RBIM_ws/src/uuv_simulator/install/uuv_sensor_ros_plugins_msgs/include/uuv_sensor_ros_plugins_msgs
[31.297s] -- Up-to-date: /home/brenda/RBIM_ws/src/uuv_simulator/install/uuv_sensor_ros_plugins_msgs/include/uuv_sensor_ros_plugins_msgs/srv
[31.297s] -- Up-to-date: /home/brenda/RBIM_ws/src/uuv_simulator/install/uuv_sensor_ros_plugins_msgs/include/uuv_sensor_ros_plugins_msgs/srv/detail
[31.297s] -- Installing: /home/brenda/RBIM_ws/src/uuv_simulator/install/uuv_sensor_ros_plugins_msgs/include/uuv_sensor_ros_plugins_msgs/srv/detail/change_sensor_state__rosidl_typesupport_introspection_cpp.hpp
[31.297s] -- Installing: /home/brenda/RBIM_ws/src/uuv_simulator/install/uuv_sensor_ros_plugins_msgs/include/uuv_sensor_ros_plugins_msgs/srv/detail/change_sensor_state__type_support.cpp
[31.297s] -- Up-to-date: /home/brenda/RBIM_ws/src/uuv_simulator/install/uuv_sensor_ros_plugins_msgs/include/uuv_sensor_ros_plugins_msgs/msg
[31.298s] -- Up-to-date: /home/brenda/RBIM_ws/src/uuv_simulator/install/uuv_sensor_ros_plugins_msgs/include/uuv_sensor_ros_plugins_msgs/msg/detail
[31.298s] -- Installing: /home/brenda/RBIM_ws/src/uuv_simulator/install/uuv_sensor_ros_plugins_msgs/include/uuv_sensor_ros_plugins_msgs/msg/detail/dvl__rosidl_typesupport_introspection_cpp.hpp
[31.298s] -- Installing: /home/brenda/RBIM_ws/src/uuv_simulator/install/uuv_sensor_ros_plugins_msgs/include/uuv_sensor_ros_plugins_msgs/msg/detail/chemical_particle_concentration__type_support.cpp
[31.298s] -- Installing: /home/brenda/RBIM_ws/src/uuv_simulator/install/uuv_sensor_ros_plugins_msgs/include/uuv_sensor_ros_plugins_msgs/msg/detail/salinity__rosidl_typesupport_introspection_cpp.hpp
[31.298s] -- Installing: /home/brenda/RBIM_ws/src/uuv_simulator/install/uuv_sensor_ros_plugins_msgs/include/uuv_sensor_ros_plugins_msgs/msg/detail/position_with_covariance_stamped__type_support.cpp
[31.298s] -- Installing: /home/brenda/RBIM_ws/src/uuv_simulator/install/uuv_sensor_ros_plugins_msgs/include/uuv_sensor_ros_plugins_msgs/msg/detail/salinity__type_support.cpp
[31.299s] -- Installing: /home/brenda/RBIM_ws/src/uuv_simulator/install/uuv_sensor_ros_plugins_msgs/include/uuv_sensor_ros_plugins_msgs/msg/detail/dvl_beam__rosidl_typesupport_introspection_cpp.hpp
[31.299s] -- Installing: /home/brenda/RBIM_ws/src/uuv_simulator/install/uuv_sensor_ros_plugins_msgs/include/uuv_sensor_ros_plugins_msgs/msg/detail/chemical_particle_concentration__rosidl_typesupport_introspection_cpp.hpp
[31.299s] -- Installing: /home/brenda/RBIM_ws/src/uuv_simulator/install/uuv_sensor_ros_plugins_msgs/include/uuv_sensor_ros_plugins_msgs/msg/detail/position_with_covariance_stamped__rosidl_typesupport_introspection_cpp.hpp
[31.299s] -- Installing: /home/brenda/RBIM_ws/src/uuv_simulator/install/uuv_sensor_ros_plugins_msgs/include/uuv_sensor_ros_plugins_msgs/msg/detail/dvl__type_support.cpp
[31.299s] -- Installing: /home/brenda/RBIM_ws/src/uuv_simulator/install/uuv_sensor_ros_plugins_msgs/include/uuv_sensor_ros_plugins_msgs/msg/detail/position_with_covariance__rosidl_typesupport_introspection_cpp.hpp
[31.299s] -- Installing: /home/brenda/RBIM_ws/src/uuv_simulator/install/uuv_sensor_ros_plugins_msgs/include/uuv_sensor_ros_plugins_msgs/msg/detail/position_with_covariance__type_support.cpp
[31.299s] -- Installing: /home/brenda/RBIM_ws/src/uuv_simulator/install/uuv_sensor_ros_plugins_msgs/include/uuv_sensor_ros_plugins_msgs/msg/detail/dvl_beam__type_support.cpp
[31.299s] -- Installing: /home/brenda/RBIM_ws/src/uuv_simulator/install/uuv_sensor_ros_plugins_msgs/lib/libuuv_sensor_ros_plugins_msgs__rosidl_typesupport_introspection_cpp.so
[31.299s] -- Set runtime path of "/home/brenda/RBIM_ws/src/uuv_simulator/install/uuv_sensor_ros_plugins_msgs/lib/libuuv_sensor_ros_plugins_msgs__rosidl_typesupport_introspection_cpp.so" to ""
[31.299s] -- Installing: /home/brenda/RBIM_ws/src/uuv_simulator/install/uuv_sensor_ros_plugins_msgs/lib/libuuv_sensor_ros_plugins_msgs__rosidl_typesupport_cpp.so
[31.299s] -- Set runtime path of "/home/brenda/RBIM_ws/src/uuv_simulator/install/uuv_sensor_ros_plugins_msgs/lib/libuuv_sensor_ros_plugins_msgs__rosidl_typesupport_cpp.so" to ""
[31.299s] -- Installing: /home/brenda/RBIM_ws/src/uuv_simulator/install/uuv_sensor_ros_plugins_msgs/share/uuv_sensor_ros_plugins_msgs/environment/pythonpath.sh
[31.300s] -- Installing: /home/brenda/RBIM_ws/src/uuv_simulator/install/uuv_sensor_ros_plugins_msgs/share/uuv_sensor_ros_plugins_msgs/environment/pythonpath.dsv
[31.300s] -- Installing: /home/brenda/RBIM_ws/src/uuv_simulator/install/uuv_sensor_ros_plugins_msgs/lib/python3.8/site-packages/uuv_sensor_ros_plugins_msgs/__init__.py
[31.349s] Compiling '/home/brenda/RBIM_ws/src/uuv_simulator/install/uuv_sensor_ros_plugins_msgs/lib/python3.8/site-packages/uuv_sensor_ros_plugins_msgs/__init__.py'...
[31.355s] -- Installing: /home/brenda/RBIM_ws/src/uuv_simulator/install/uuv_sensor_ros_plugins_msgs/lib/python3.8/site-packages/uuv_sensor_ros_plugins_msgs/msg
[31.355s] -- Installing: /home/brenda/RBIM_ws/src/uuv_simulator/install/uuv_sensor_ros_plugins_msgs/lib/python3.8/site-packages/uuv_sensor_ros_plugins_msgs/msg/__init__.py
[31.355s] -- Installing: /home/brenda/RBIM_ws/src/uuv_simulator/install/uuv_sensor_ros_plugins_msgs/lib/python3.8/site-packages/uuv_sensor_ros_plugins_msgs/msg/_position_with_covariance_s.c
[31.356s] -- Installing: /home/brenda/RBIM_ws/src/uuv_simulator/install/uuv_sensor_ros_plugins_msgs/lib/python3.8/site-packages/uuv_sensor_ros_plugins_msgs/msg/_chemical_particle_concentration.py
[31.356s] -- Installing: /home/brenda/RBIM_ws/src/uuv_simulator/install/uuv_sensor_ros_plugins_msgs/lib/python3.8/site-packages/uuv_sensor_ros_plugins_msgs/msg/_dvl.py
[31.356s] -- Installing: /home/brenda/RBIM_ws/src/uuv_simulator/install/uuv_sensor_ros_plugins_msgs/lib/python3.8/site-packages/uuv_sensor_ros_plugins_msgs/msg/_dvl_beam_s.c
[31.356s] -- Installing: /home/brenda/RBIM_ws/src/uuv_simulator/install/uuv_sensor_ros_plugins_msgs/lib/python3.8/site-packages/uuv_sensor_ros_plugins_msgs/msg/_dvl_beam.py
[31.356s] -- Installing: /home/brenda/RBIM_ws/src/uuv_simulator/install/uuv_sensor_ros_plugins_msgs/lib/python3.8/site-packages/uuv_sensor_ros_plugins_msgs/msg/_salinity.py
[31.356s] -- Installing: /home/brenda/RBIM_ws/src/uuv_simulator/install/uuv_sensor_ros_plugins_msgs/lib/python3.8/site-packages/uuv_sensor_ros_plugins_msgs/msg/_chemical_particle_concentration_s.c
[31.356s] -- Installing: /home/brenda/RBIM_ws/src/uuv_simulator/install/uuv_sensor_ros_plugins_msgs/lib/python3.8/site-packages/uuv_sensor_ros_plugins_msgs/msg/_dvl_s.c
[31.356s] -- Installing: /home/brenda/RBIM_ws/src/uuv_simulator/install/uuv_sensor_ros_plugins_msgs/lib/python3.8/site-packages/uuv_sensor_ros_plugins_msgs/msg/_position_with_covariance_stamped_s.c
[31.357s] -- Installing: /home/brenda/RBIM_ws/src/uuv_simulator/install/uuv_sensor_ros_plugins_msgs/lib/python3.8/site-packages/uuv_sensor_ros_plugins_msgs/msg/_position_with_covariance_stamped.py
[31.357s] -- Installing: /home/brenda/RBIM_ws/src/uuv_simulator/install/uuv_sensor_ros_plugins_msgs/lib/python3.8/site-packages/uuv_sensor_ros_plugins_msgs/msg/_position_with_covariance.py
[31.357s] -- Installing: /home/brenda/RBIM_ws/src/uuv_simulator/install/uuv_sensor_ros_plugins_msgs/lib/python3.8/site-packages/uuv_sensor_ros_plugins_msgs/msg/_salinity_s.c
[31.357s] -- Installing: /home/brenda/RBIM_ws/src/uuv_simulator/install/uuv_sensor_ros_plugins_msgs/lib/python3.8/site-packages/uuv_sensor_ros_plugins_msgs/srv
[31.357s] -- Installing: /home/brenda/RBIM_ws/src/uuv_simulator/install/uuv_sensor_ros_plugins_msgs/lib/python3.8/site-packages/uuv_sensor_ros_plugins_msgs/srv/__init__.py
[31.357s] -- Installing: /home/brenda/RBIM_ws/src/uuv_simulator/install/uuv_sensor_ros_plugins_msgs/lib/python3.8/site-packages/uuv_sensor_ros_plugins_msgs/srv/_change_sensor_state_s.c
[31.357s] -- Installing: /home/brenda/RBIM_ws/src/uuv_simulator/install/uuv_sensor_ros_plugins_msgs/lib/python3.8/site-packages/uuv_sensor_ros_plugins_msgs/srv/_change_sensor_state.py
[31.358s] -- Installing: /home/brenda/RBIM_ws/src/uuv_simulator/install/uuv_sensor_ros_plugins_msgs/lib/python3.8/site-packages/uuv_sensor_ros_plugins_msgs/uuv_sensor_ros_plugins_msgs_s__rosidl_typesupport_fastrtps_c.cpython-38-x86_64-linux-gnu.so
[31.358s] -- Set runtime path of "/home/brenda/RBIM_ws/src/uuv_simulator/install/uuv_sensor_ros_plugins_msgs/lib/python3.8/site-packages/uuv_sensor_ros_plugins_msgs/uuv_sensor_ros_plugins_msgs_s__rosidl_typesupport_fastrtps_c.cpython-38-x86_64-linux-gnu.so" to ""
[31.358s] -- Installing: /home/brenda/RBIM_ws/src/uuv_simulator/install/uuv_sensor_ros_plugins_msgs/lib/python3.8/site-packages/uuv_sensor_ros_plugins_msgs/uuv_sensor_ros_plugins_msgs_s__rosidl_typesupport_introspection_c.cpython-38-x86_64-linux-gnu.so
[31.358s] -- Set runtime path of "/home/brenda/RBIM_ws/src/uuv_simulator/install/uuv_sensor_ros_plugins_msgs/lib/python3.8/site-packages/uuv_sensor_ros_plugins_msgs/uuv_sensor_ros_plugins_msgs_s__rosidl_typesupport_introspection_c.cpython-38-x86_64-linux-gnu.so" to ""
[31.358s] -- Installing: /home/brenda/RBIM_ws/src/uuv_simulator/install/uuv_sensor_ros_plugins_msgs/lib/python3.8/site-packages/uuv_sensor_ros_plugins_msgs/uuv_sensor_ros_plugins_msgs_s__rosidl_typesupport_c.cpython-38-x86_64-linux-gnu.so
[31.359s] -- Set runtime path of "/home/brenda/RBIM_ws/src/uuv_simulator/install/uuv_sensor_ros_plugins_msgs/lib/python3.8/site-packages/uuv_sensor_ros_plugins_msgs/uuv_sensor_ros_plugins_msgs_s__rosidl_typesupport_c.cpython-38-x86_64-linux-gnu.so" to ""
[31.359s] -- Installing: /home/brenda/RBIM_ws/src/uuv_simulator/install/uuv_sensor_ros_plugins_msgs/lib/libuuv_sensor_ros_plugins_msgs__python.so
[31.359s] -- Set runtime path of "/home/brenda/RBIM_ws/src/uuv_simulator/install/uuv_sensor_ros_plugins_msgs/lib/libuuv_sensor_ros_plugins_msgs__python.so" to ""
[31.359s] -- Installing: /home/brenda/RBIM_ws/src/uuv_simulator/install/uuv_sensor_ros_plugins_msgs/share/uuv_sensor_ros_plugins_msgs/msg/DVL.idl
[31.360s] -- Installing: /home/brenda/RBIM_ws/src/uuv_simulator/install/uuv_sensor_ros_plugins_msgs/share/uuv_sensor_ros_plugins_msgs/msg/DVLBeam.idl
[31.360s] -- Installing: /home/brenda/RBIM_ws/src/uuv_simulator/install/uuv_sensor_ros_plugins_msgs/share/uuv_sensor_ros_plugins_msgs/msg/PositionWithCovariance.idl
[31.360s] -- Installing: /home/brenda/RBIM_ws/src/uuv_simulator/install/uuv_sensor_ros_plugins_msgs/share/uuv_sensor_ros_plugins_msgs/msg/PositionWithCovarianceStamped.idl
[31.360s] -- Installing: /home/brenda/RBIM_ws/src/uuv_simulator/install/uuv_sensor_ros_plugins_msgs/share/uuv_sensor_ros_plugins_msgs/msg/ChemicalParticleConcentration.idl
[31.360s] -- Installing: /home/brenda/RBIM_ws/src/uuv_simulator/install/uuv_sensor_ros_plugins_msgs/share/uuv_sensor_ros_plugins_msgs/msg/Salinity.idl
[31.360s] -- Installing: /home/brenda/RBIM_ws/src/uuv_simulator/install/uuv_sensor_ros_plugins_msgs/share/uuv_sensor_ros_plugins_msgs/srv/ChangeSensorState.idl
[31.361s] -- Installing: /home/brenda/RBIM_ws/src/uuv_simulator/install/uuv_sensor_ros_plugins_msgs/share/uuv_sensor_ros_plugins_msgs/msg/DVL.msg
[31.361s] -- Installing: /home/brenda/RBIM_ws/src/uuv_simulator/install/uuv_sensor_ros_plugins_msgs/share/uuv_sensor_ros_plugins_msgs/msg/DVLBeam.msg
[31.361s] -- Installing: /home/brenda/RBIM_ws/src/uuv_simulator/install/uuv_sensor_ros_plugins_msgs/share/uuv_sensor_ros_plugins_msgs/msg/PositionWithCovariance.msg
[31.361s] -- Installing: /home/brenda/RBIM_ws/src/uuv_simulator/install/uuv_sensor_ros_plugins_msgs/share/uuv_sensor_ros_plugins_msgs/msg/PositionWithCovarianceStamped.msg
[31.361s] -- Installing: /home/brenda/RBIM_ws/src/uuv_simulator/install/uuv_sensor_ros_plugins_msgs/share/uuv_sensor_ros_plugins_msgs/msg/ChemicalParticleConcentration.msg
[31.361s] -- Installing: /home/brenda/RBIM_ws/src/uuv_simulator/install/uuv_sensor_ros_plugins_msgs/share/uuv_sensor_ros_plugins_msgs/msg/Salinity.msg
[31.361s] -- Installing: /home/brenda/RBIM_ws/src/uuv_simulator/install/uuv_sensor_ros_plugins_msgs/share/uuv_sensor_ros_plugins_msgs/srv/ChangeSensorState.srv
[31.362s] -- Installing: /home/brenda/RBIM_ws/src/uuv_simulator/install/uuv_sensor_ros_plugins_msgs/share/uuv_sensor_ros_plugins_msgs/srv/ChangeSensorState_Request.msg
[31.362s] -- Installing: /home/brenda/RBIM_ws/src/uuv_simulator/install/uuv_sensor_ros_plugins_msgs/share/uuv_sensor_ros_plugins_msgs/srv/ChangeSensorState_Response.msg
[31.362s] -- Installing: /home/brenda/RBIM_ws/src/uuv_simulator/install/uuv_sensor_ros_plugins_msgs/share/ament_index/resource_index/package_run_dependencies/uuv_sensor_ros_plugins_msgs
[31.362s] -- Installing: /home/brenda/RBIM_ws/src/uuv_simulator/install/uuv_sensor_ros_plugins_msgs/share/ament_index/resource_index/parent_prefix_path/uuv_sensor_ros_plugins_msgs
[31.362s] -- Installing: /home/brenda/RBIM_ws/src/uuv_simulator/install/uuv_sensor_ros_plugins_msgs/share/uuv_sensor_ros_plugins_msgs/environment/ament_prefix_path.sh
[31.362s] -- Installing: /home/brenda/RBIM_ws/src/uuv_simulator/install/uuv_sensor_ros_plugins_msgs/share/uuv_sensor_ros_plugins_msgs/environment/ament_prefix_path.dsv
[31.362s] -- Installing: /home/brenda/RBIM_ws/src/uuv_simulator/install/uuv_sensor_ros_plugins_msgs/share/uuv_sensor_ros_plugins_msgs/environment/path.sh
[31.363s] -- Installing: /home/brenda/RBIM_ws/src/uuv_simulator/install/uuv_sensor_ros_plugins_msgs/share/uuv_sensor_ros_plugins_msgs/environment/path.dsv
[31.363s] -- Installing: /home/brenda/RBIM_ws/src/uuv_simulator/install/uuv_sensor_ros_plugins_msgs/share/uuv_sensor_ros_plugins_msgs/local_setup.bash
[31.363s] -- Installing: /home/brenda/RBIM_ws/src/uuv_simulator/install/uuv_sensor_ros_plugins_msgs/share/uuv_sensor_ros_plugins_msgs/local_setup.sh
[31.363s] -- Installing: /home/brenda/RBIM_ws/src/uuv_simulator/install/uuv_sensor_ros_plugins_msgs/share/uuv_sensor_ros_plugins_msgs/local_setup.zsh
[31.363s] -- Installing: /home/brenda/RBIM_ws/src/uuv_simulator/install/uuv_sensor_ros_plugins_msgs/share/uuv_sensor_ros_plugins_msgs/local_setup.dsv
[31.363s] -- Installing: /home/brenda/RBIM_ws/src/uuv_simulator/install/uuv_sensor_ros_plugins_msgs/share/uuv_sensor_ros_plugins_msgs/package.dsv
[31.363s] -- Installing: /home/brenda/RBIM_ws/src/uuv_simulator/install/uuv_sensor_ros_plugins_msgs/share/ament_index/resource_index/packages/uuv_sensor_ros_plugins_msgs
[31.364s] -- Installing: /home/brenda/RBIM_ws/src/uuv_simulator/install/uuv_sensor_ros_plugins_msgs/share/uuv_sensor_ros_plugins_msgs/cmake/uuv_sensor_ros_plugins_msgs__rosidl_generator_cExport.cmake
[31.364s] -- Installing: /home/brenda/RBIM_ws/src/uuv_simulator/install/uuv_sensor_ros_plugins_msgs/share/uuv_sensor_ros_plugins_msgs/cmake/uuv_sensor_ros_plugins_msgs__rosidl_generator_cExport-noconfig.cmake
[31.364s] -- Installing: /home/brenda/RBIM_ws/src/uuv_simulator/install/uuv_sensor_ros_plugins_msgs/share/uuv_sensor_ros_plugins_msgs/cmake/uuv_sensor_ros_plugins_msgs__rosidl_typesupport_introspection_cExport.cmake
[31.364s] -- Installing: /home/brenda/RBIM_ws/src/uuv_simulator/install/uuv_sensor_ros_plugins_msgs/share/uuv_sensor_ros_plugins_msgs/cmake/uuv_sensor_ros_plugins_msgs__rosidl_typesupport_introspection_cExport-noconfig.cmake
[31.364s] -- Installing: /home/brenda/RBIM_ws/src/uuv_simulator/install/uuv_sensor_ros_plugins_msgs/share/uuv_sensor_ros_plugins_msgs/cmake/uuv_sensor_ros_plugins_msgs__rosidl_typesupport_cExport.cmake
[31.364s] -- Installing: /home/brenda/RBIM_ws/src/uuv_simulator/install/uuv_sensor_ros_plugins_msgs/share/uuv_sensor_ros_plugins_msgs/cmake/uuv_sensor_ros_plugins_msgs__rosidl_typesupport_cExport-noconfig.cmake
[31.365s] -- Installing: /home/brenda/RBIM_ws/src/uuv_simulator/install/uuv_sensor_ros_plugins_msgs/share/uuv_sensor_ros_plugins_msgs/cmake/uuv_sensor_ros_plugins_msgs__rosidl_generator_cppExport.cmake
[31.365s] -- Installing: /home/brenda/RBIM_ws/src/uuv_simulator/install/uuv_sensor_ros_plugins_msgs/share/uuv_sensor_ros_plugins_msgs/cmake/uuv_sensor_ros_plugins_msgs__rosidl_typesupport_introspection_cppExport.cmake
[31.365s] -- Installing: /home/brenda/RBIM_ws/src/uuv_simulator/install/uuv_sensor_ros_plugins_msgs/share/uuv_sensor_ros_plugins_msgs/cmake/uuv_sensor_ros_plugins_msgs__rosidl_typesupport_introspection_cppExport-noconfig.cmake
[31.365s] -- Installing: /home/brenda/RBIM_ws/src/uuv_simulator/install/uuv_sensor_ros_plugins_msgs/share/uuv_sensor_ros_plugins_msgs/cmake/uuv_sensor_ros_plugins_msgs__rosidl_typesupport_cppExport.cmake
[31.365s] -- Installing: /home/brenda/RBIM_ws/src/uuv_simulator/install/uuv_sensor_ros_plugins_msgs/share/uuv_sensor_ros_plugins_msgs/cmake/uuv_sensor_ros_plugins_msgs__rosidl_typesupport_cppExport-noconfig.cmake
[31.365s] -- Installing: /home/brenda/RBIM_ws/src/uuv_simulator/install/uuv_sensor_ros_plugins_msgs/share/uuv_sensor_ros_plugins_msgs/cmake/rosidl_cmake-extras.cmake
[31.365s] -- Installing: /home/brenda/RBIM_ws/src/uuv_simulator/install/uuv_sensor_ros_plugins_msgs/share/uuv_sensor_ros_plugins_msgs/cmake/ament_cmake_export_dependencies-extras.cmake
[31.366s] -- Installing: /home/brenda/RBIM_ws/src/uuv_simulator/install/uuv_sensor_ros_plugins_msgs/share/uuv_sensor_ros_plugins_msgs/cmake/ament_cmake_export_libraries-extras.cmake
[31.366s] -- Installing: /home/brenda/RBIM_ws/src/uuv_simulator/install/uuv_sensor_ros_plugins_msgs/share/uuv_sensor_ros_plugins_msgs/cmake/ament_cmake_export_targets-extras.cmake
[31.366s] -- Installing: /home/brenda/RBIM_ws/src/uuv_simulator/install/uuv_sensor_ros_plugins_msgs/share/uuv_sensor_ros_plugins_msgs/cmake/ament_cmake_export_include_directories-extras.cmake
[31.366s] -- Installing: /home/brenda/RBIM_ws/src/uuv_simulator/install/uuv_sensor_ros_plugins_msgs/share/uuv_sensor_ros_plugins_msgs/cmake/rosidl_cmake_export_typesupport_libraries-extras.cmake
[31.366s] -- Installing: /home/brenda/RBIM_ws/src/uuv_simulator/install/uuv_sensor_ros_plugins_msgs/share/uuv_sensor_ros_plugins_msgs/cmake/rosidl_cmake_export_typesupport_targets-extras.cmake
[31.366s] -- Installing: /home/brenda/RBIM_ws/src/uuv_simulator/install/uuv_sensor_ros_plugins_msgs/share/uuv_sensor_ros_plugins_msgs/cmake/uuv_sensor_ros_plugins_msgsConfig.cmake
[31.367s] -- Installing: /home/brenda/RBIM_ws/src/uuv_simulator/install/uuv_sensor_ros_plugins_msgs/share/uuv_sensor_ros_plugins_msgs/cmake/uuv_sensor_ros_plugins_msgsConfig-version.cmake
[31.367s] -- Installing: /home/brenda/RBIM_ws/src/uuv_simulator/install/uuv_sensor_ros_plugins_msgs/share/uuv_sensor_ros_plugins_msgs/package.xml
[31.371s] Invoked command in '/home/brenda/RBIM_ws/src/uuv_simulator/build/uuv_sensor_ros_plugins_msgs' returned '0': CMAKE_PREFIX_PATH=/opt/ros/foxy:${CMAKE_PREFIX_PATH} /usr/bin/cmake --install /home/brenda/RBIM_ws/src/uuv_simulator/build/uuv_sensor_ros_plugins_msgs
