[ 60%] Built target uuv_underwater_current_plugin
[100%] Built target uuv_spherical_coordinates_plugin
-- Install configuration: ""
-- Up-to-date: /home/brenda/RBIM_ws/src/uuv_simulator/install/uuv_world_plugins/share/uuv_world_plugins/environment/library_path.sh
-- Up-to-date: /home/brenda/RBIM_ws/src/uuv_simulator/install/uuv_world_plugins/share/uuv_world_plugins/environment/library_path.dsv
-- Up-to-date: /home/brenda/RBIM_ws/src/uuv_simulator/install/uuv_world_plugins/share/ament_index/resource_index/package_run_dependencies/uuv_world_plugins
-- Up-to-date: /home/brenda/RBIM_ws/src/uuv_simulator/install/uuv_world_plugins/share/ament_index/resource_index/parent_prefix_path/uuv_world_plugins
-- Up-to-date: /home/brenda/RBIM_ws/src/uuv_simulator/install/uuv_world_plugins/share/uuv_world_plugins/environment/ament_prefix_path.sh
-- Up-to-date: /home/brenda/RBIM_ws/src/uuv_simulator/install/uuv_world_plugins/share/uuv_world_plugins/environment/ament_prefix_path.dsv
-- Up-to-date: /home/brenda/RBIM_ws/src/uuv_simulator/install/uuv_world_plugins/share/uuv_world_plugins/environment/path.sh
-- Up-to-date: /home/brenda/RBIM_ws/src/uuv_simulator/install/uuv_world_plugins/share/uuv_world_plugins/environment/path.dsv
-- Up-to-date: /home/brenda/RBIM_ws/src/uuv_simulator/install/uuv_world_plugins/share/uuv_world_plugins/local_setup.bash
-- Up-to-date: /home/brenda/RBIM_ws/src/uuv_simulator/install/uuv_world_plugins/share/uuv_world_plugins/local_setup.sh
-- Up-to-date: /home/brenda/RBIM_ws/src/uuv_simulator/install/uuv_world_plugins/share/uuv_world_plugins/local_setup.zsh
-- Up-to-date: /home/brenda/RBIM_ws/src/uuv_simulator/install/uuv_world_plugins/share/uuv_world_plugins/local_setup.dsv
-- Installing: /home/brenda/RBIM_ws/src/uuv_simulator/install/uuv_world_plugins/share/uuv_world_plugins/package.dsv
-- Up-to-date: /home/brenda/RBIM_ws/src/uuv_simulator/install/uuv_world_plugins/share/ament_index/resource_index/packages/uuv_world_plugins
-- Up-to-date: /home/brenda/RBIM_ws/src/uuv_simulator/install/uuv_world_plugins/share/uuv_world_plugins/cmake/ament_cmake_export_libraries-extras.cmake
-- Up-to-date: /home/brenda/RBIM_ws/src/uuv_simulator/install/uuv_world_plugins/share/uuv_world_plugins/cmake/ament_cmake_export_include_directories-extras.cmake
-- Up-to-date: /home/brenda/RBIM_ws/src/uuv_simulator/install/uuv_world_plugins/share/uuv_world_plugins/cmake/ament_cmake_export_dependencies-extras.cmake
-- Up-to-date: /home/brenda/RBIM_ws/src/uuv_simulator/install/uuv_world_plugins/share/uuv_world_plugins/cmake/uuv_world_pluginsConfig.cmake
-- Up-to-date: /home/brenda/RBIM_ws/src/uuv_simulator/install/uuv_world_plugins/share/uuv_world_plugins/cmake/uuv_world_pluginsConfig-version.cmake
-- Up-to-date: /home/brenda/RBIM_ws/src/uuv_simulator/install/uuv_world_plugins/share/uuv_world_plugins/package.xml
-- Up-to-date: /home/brenda/RBIM_ws/src/uuv_simulator/install/uuv_world_plugins/lib/libuuv_underwater_current_plugin.so
-- Up-to-date: /home/brenda/RBIM_ws/src/uuv_simulator/install/uuv_world_plugins/lib/libuuv_spherical_coordinates_plugin.so
-- Up-to-date: /home/brenda/RBIM_ws/src/uuv_simulator/install/uuv_world_plugins/include/
-- Up-to-date: /home/brenda/RBIM_ws/src/uuv_simulator/install/uuv_world_plugins/include//uuv_world_plugins_gauss_markov_process.hpp
-- Up-to-date: /home/brenda/RBIM_ws/src/uuv_simulator/install/uuv_world_plugins/include//uuv_world_plugins_underwater_current.hpp
-- Up-to-date: /home/brenda/RBIM_ws/src/uuv_simulator/install/uuv_world_plugins/include//uuv_world_plugins_spherical_coordinates.hpp
