[0.052s] Invoking command in '/home/brenda/RBIM_ws/src/uuv_simulator/build/uuv_descriptions': CMAKE_PREFIX_PATH=/opt/ros/foxy:${CMAKE_PREFIX_PATH} /usr/bin/cmake --build /home/brenda/RBIM_ws/src/uuv_simulator/build/uuv_descriptions -- -j8 -l8
[0.114s] Invoked command in '/home/brenda/RBIM_ws/src/uuv_simulator/build/uuv_descriptions' returned '0': CMAKE_PREFIX_PATH=/opt/ros/foxy:${CMAKE_PREFIX_PATH} /usr/bin/cmake --build /home/brenda/RBIM_ws/src/uuv_simulator/build/uuv_descriptions -- -j8 -l8
[0.244s] Invoking command in '/home/brenda/RBIM_ws/src/uuv_simulator/build/uuv_descriptions': CMAKE_PREFIX_PATH=/opt/ros/foxy:${CMAKE_PREFIX_PATH} /usr/bin/cmake --install /home/brenda/RBIM_ws/src/uuv_simulator/build/uuv_descriptions
[0.262s] -- Install configuration: ""
[0.262s] -- Execute custom install script
[0.262s] -- Up-to-date symlink: /home/brenda/RBIM_ws/src/uuv_simulator/install/uuv_descriptions/share/uuv_descriptions/launch/upload_rexrov.launch.py
[0.262s] -- Up-to-date symlink: /home/brenda/RBIM_ws/src/uuv_simulator/install/uuv_descriptions/share/uuv_descriptions/meshes/RexROV_no_props.dae
[0.262s] -- Up-to-date symlink: /home/brenda/RBIM_ws/src/uuv_simulator/install/uuv_descriptions/share/uuv_descriptions/meshes/RexROV_no_props.stl
[0.263s] -- Up-to-date symlink: /home/brenda/RBIM_ws/src/uuv_simulator/install/uuv_descriptions/share/uuv_descriptions/meshes/collision.blend
[0.263s] -- Up-to-date symlink: /home/brenda/RBIM_ws/src/uuv_simulator/install/uuv_descriptions/share/uuv_descriptions/meshes/prop.dae
[0.263s] -- Up-to-date symlink: /home/brenda/RBIM_ws/src/uuv_simulator/install/uuv_descriptions/share/uuv_descriptions/robots/rexrov_default.xacro
[0.263s] -- Up-to-date symlink: /home/brenda/RBIM_ws/src/uuv_simulator/install/uuv_descriptions/share/uuv_descriptions/robots/rexrov_default_noisy_pose.xacro
[0.263s] -- Up-to-date symlink: /home/brenda/RBIM_ws/src/uuv_simulator/install/uuv_descriptions/share/uuv_descriptions/robots/rexrov_oberon4.xacro
[0.263s] -- Up-to-date symlink: /home/brenda/RBIM_ws/src/uuv_simulator/install/uuv_descriptions/share/uuv_descriptions/robots/rexrov_oberon7.xacro
[0.263s] -- Up-to-date symlink: /home/brenda/RBIM_ws/src/uuv_simulator/install/uuv_descriptions/share/uuv_descriptions/robots/rexrov_oberon_arms.xacro
[0.264s] -- Up-to-date symlink: /home/brenda/RBIM_ws/src/uuv_simulator/install/uuv_descriptions/share/uuv_descriptions/robots/rexrov_sonar.xacro
[0.264s] -- Up-to-date symlink: /home/brenda/RBIM_ws/src/uuv_simulator/install/uuv_descriptions/share/uuv_descriptions/urdf/common.urdf.xacro
[0.264s] -- Up-to-date symlink: /home/brenda/RBIM_ws/src/uuv_simulator/install/uuv_descriptions/share/uuv_descriptions/urdf/rexrov.gazebo.xacro
[0.264s] -- Up-to-date symlink: /home/brenda/RBIM_ws/src/uuv_simulator/install/uuv_descriptions/share/uuv_descriptions/urdf/rexrov_actuators.xacro
[0.264s] -- Up-to-date symlink: /home/brenda/RBIM_ws/src/uuv_simulator/install/uuv_descriptions/share/uuv_descriptions/urdf/rexrov_base.xacro
[0.264s] -- Up-to-date symlink: /home/brenda/RBIM_ws/src/uuv_simulator/install/uuv_descriptions/share/uuv_descriptions/urdf/rexrov_sensors.xacro
[0.264s] -- Up-to-date symlink: /home/brenda/RBIM_ws/src/uuv_simulator/install/uuv_descriptions/share/ament_index/resource_index/package_run_dependencies/uuv_descriptions
[0.265s] -- Up-to-date symlink: /home/brenda/RBIM_ws/src/uuv_simulator/install/uuv_descriptions/share/ament_index/resource_index/parent_prefix_path/uuv_descriptions
[0.265s] -- Up-to-date symlink: /home/brenda/RBIM_ws/src/uuv_simulator/install/uuv_descriptions/share/uuv_descriptions/environment/ament_prefix_path.sh
[0.265s] -- Up-to-date symlink: /home/brenda/RBIM_ws/src/uuv_simulator/install/uuv_descriptions/share/uuv_descriptions/environment/ament_prefix_path.dsv
[0.265s] -- Up-to-date symlink: /home/brenda/RBIM_ws/src/uuv_simulator/install/uuv_descriptions/share/uuv_descriptions/environment/path.sh
[0.266s] -- Up-to-date symlink: /home/brenda/RBIM_ws/src/uuv_simulator/install/uuv_descriptions/share/uuv_descriptions/environment/path.dsv
[0.266s] -- Up-to-date symlink: /home/brenda/RBIM_ws/src/uuv_simulator/install/uuv_descriptions/share/uuv_descriptions/local_setup.bash
[0.267s] -- Up-to-date symlink: /home/brenda/RBIM_ws/src/uuv_simulator/install/uuv_descriptions/share/uuv_descriptions/local_setup.sh
[0.267s] -- Up-to-date symlink: /home/brenda/RBIM_ws/src/uuv_simulator/install/uuv_descriptions/share/uuv_descriptions/local_setup.zsh
[0.272s] -- Up-to-date symlink: /home/brenda/RBIM_ws/src/uuv_simulator/install/uuv_descriptions/share/uuv_descriptions/local_setup.dsv
[0.273s] -- Symlinking: /home/brenda/RBIM_ws/src/uuv_simulator/install/uuv_descriptions/share/uuv_descriptions/package.dsv
[0.283s] -- Up-to-date symlink: /home/brenda/RBIM_ws/src/uuv_simulator/install/uuv_descriptions/share/ament_index/resource_index/packages/uuv_descriptions
[0.283s] -- Up-to-date symlink: /home/brenda/RBIM_ws/src/uuv_simulator/install/uuv_descriptions/share/uuv_descriptions/cmake/uuv_descriptionsConfig.cmake
[0.284s] -- Up-to-date symlink: /home/brenda/RBIM_ws/src/uuv_simulator/install/uuv_descriptions/share/uuv_descriptions/cmake/uuv_descriptionsConfig-version.cmake
[0.289s] -- Up-to-date symlink: /home/brenda/RBIM_ws/src/uuv_simulator/install/uuv_descriptions/share/uuv_descriptions/package.xml
[0.302s] Invoked command in '/home/brenda/RBIM_ws/src/uuv_simulator/build/uuv_descriptions' returned '0': CMAKE_PREFIX_PATH=/opt/ros/foxy:${CMAKE_PREFIX_PATH} /usr/bin/cmake --install /home/brenda/RBIM_ws/src/uuv_simulator/build/uuv_descriptions
