[0.147s] Invoking command in '/home/brenda/RBIM_ws/src/uuv_simulator/build/uuv_gazebo_ros_plugins': AMENT_PREFIX_PATH=/home/brenda/RBIM_ws/src/uuv_simulator/install/uuv_gazebo_plugins:/home/brenda/RBIM_ws/src/uuv_simulator/install/uuv_gazebo_ros_plugins_msgs:${AMENT_PREFIX_PATH} CMAKE_PREFIX_PATH=/home/brenda/RBIM_ws/src/uuv_simulator/install/uuv_gazebo_plugins:/home/brenda/RBIM_ws/src/uuv_simulator/install/uuv_gazebo_ros_plugins_msgs:/opt/ros/foxy:${CMAKE_PREFIX_PATH} LD_LIBRARY_PATH=/home/brenda/RBIM_ws/src/uuv_simulator/install/uuv_gazebo_plugins/lib:/home/brenda/RBIM_ws/src/uuv_simulator/install/uuv_gazebo_ros_plugins_msgs/lib:${LD_LIBRARY_PATH} PYTHONPATH=/home/brenda/RBIM_ws/src/uuv_simulator/install/uuv_gazebo_ros_plugins_msgs/lib/python3.8/site-packages:${PYTHONPATH} /usr/bin/cmake /home/brenda/RBIM_ws/src/uuv_simulator/uuv_gazebo_ros_plugins -DCMAKE_INSTALL_PREFIX=/home/brenda/RBIM_ws/src/uuv_simulator/install/uuv_gazebo_ros_plugins
[0.979s] -- The C compiler identification is GNU 9.3.0
[1.048s] -- The CXX compiler identification is GNU 9.3.0
[1.087s] -- Check for working C compiler: /usr/bin/cc
[1.169s] -- Check for working C compiler: /usr/bin/cc -- works
[1.170s] -- Detecting C compiler ABI info
[1.225s] -- Detecting C compiler ABI info - done
[1.236s] -- Detecting C compile features
[1.236s] -- Detecting C compile features - done
[1.240s] -- Check for working CXX compiler: /usr/bin/c++
[1.305s] -- Check for working CXX compiler: /usr/bin/c++ -- works
[1.306s] -- Detecting CXX compiler ABI info
[1.373s] -- Detecting CXX compiler ABI info - done
[1.383s] -- Detecting CXX compile features
[1.384s] -- Detecting CXX compile features - done
[1.437s] -- Found ament_cmake: 0.9.6 (/opt/ros/foxy/share/ament_cmake/cmake)
[1.662s] -- Found PythonInterp: /usr/bin/python3 (found suitable version "3.8.5", minimum required is "3") 
[1.662s] -- Using PYTHON_EXECUTABLE: /usr/bin/python3
[7.648s] -- Found PkgConfig: /usr/bin/pkg-config (found version "0.29.1") 
[7.665s] -- Checking for module 'bullet>=2.82'
[7.842s] --   Found bullet, version 2.88
[8.064s] -- Found ccd: /usr/include (found suitable version "2.0", minimum required is "2.0") 
[8.202s] -- Found fcl: /usr/include (found suitable version "0.5.0", minimum required is "0.3.2") 
[8.385s] -- Found assimp: /usr/include (found version "5.0.0") 
[8.558s] -- Found DART: /usr/include (Required is at least version "6.6") found components: dart 
[9.412s] -- Found Boost: /usr/lib/x86_64-linux-gnu/cmake/Boost-1.71.0/BoostConfig.cmake (found suitable version "1.71.0", minimum required is "1.40.0") found components: thread system filesystem program_options regex iostreams date_time 
[9.744s] -- Found Protobuf: /usr/lib/x86_64-linux-gnu/libprotobuf.so;-lpthread (found version "3.6.1") 
[9.785s] -- Looking for ignition-math6 -- found version 6.4.0
[9.944s] -- Searching for dependencies of ignition-math6
[9.948s] -- Looking for OGRE...
[9.948s] -- OGRE_PREFIX_WATCH changed.
[9.956s] -- Checking for module 'OGRE'
[9.982s] --   Found OGRE, version 1.9.0
[10.044s] -- Found Ogre Ghadamon (1.9.0)
[10.061s] -- Found OGRE: optimized;/usr/lib/x86_64-linux-gnu/libOgreMain.so;debug;/usr/lib/x86_64-linux-gnu/libOgreMain.so
[10.074s] -- Looking for OGRE_Paging...
[10.085s] -- Found OGRE_Paging: optimized;/usr/lib/x86_64-linux-gnu/libOgrePaging.so;debug;/usr/lib/x86_64-linux-gnu/libOgrePaging.so
[10.085s] -- Looking for OGRE_Terrain...
[10.095s] -- Found OGRE_Terrain: optimized;/usr/lib/x86_64-linux-gnu/libOgreTerrain.so;debug;/usr/lib/x86_64-linux-gnu/libOgreTerrain.so
[10.095s] -- Looking for OGRE_Property...
[10.108s] -- Found OGRE_Property: optimized;/usr/lib/x86_64-linux-gnu/libOgreProperty.so;debug;/usr/lib/x86_64-linux-gnu/libOgreProperty.so
[10.108s] -- Looking for OGRE_RTShaderSystem...
[10.118s] -- Found OGRE_RTShaderSystem: optimized;/usr/lib/x86_64-linux-gnu/libOgreRTShaderSystem.so;debug;/usr/lib/x86_64-linux-gnu/libOgreRTShaderSystem.so
[10.118s] -- Looking for OGRE_Volume...
[10.129s] -- Found OGRE_Volume: optimized;/usr/lib/x86_64-linux-gnu/libOgreVolume.so;debug;/usr/lib/x86_64-linux-gnu/libOgreVolume.so
[10.129s] -- Looking for OGRE_Overlay...
[10.142s] -- Found OGRE_Overlay: optimized;/usr/lib/x86_64-linux-gnu/libOgreOverlay.so;debug;/usr/lib/x86_64-linux-gnu/libOgreOverlay.so
[10.367s] -- Looking for ignition-math6 -- found version 6.4.0
[10.459s] -- Looking for ignition-transport8 -- found version 8.1.0
[10.461s] -- Searching for dependencies of ignition-transport8
[10.528s] -- Found Protobuf: /usr/lib/x86_64-linux-gnu/libprotobuf.so;-lpthread (found suitable version "3.6.1", minimum required is "3") 
[10.562s] -- Config-file not installed for ZeroMQ -- checking for pkg-config
[10.567s] -- Checking for module 'libzmq >= 4'
[10.706s] --   Found libzmq , version 4.3.2
[10.867s] -- Found ZeroMQ: TRUE (Required is at least version "4") 
[10.882s] -- Checking for module 'uuid'
[10.923s] --   Found uuid, version 2.34.0
[10.961s] -- Found UUID: TRUE  
[10.977s] -- Looking for ignition-msgs5 -- found version 5.3.0
[10.978s] -- Searching for dependencies of ignition-msgs5
[10.999s] -- Looking for ignition-math6 -- found version 6.4.0
[11.005s] -- Checking for module 'tinyxml2'
[11.027s] --   Found tinyxml2, version 6.2.0
[11.065s] -- Looking for ignition-msgs5 -- found version 5.3.0
[11.089s] -- Looking for ignition-common3 -- found version 3.6.0
[11.089s] -- Searching for dependencies of ignition-common3
[11.090s] -- Looking for dlfcn.h - found
[11.092s] -- Looking for libdl - found
[11.095s] -- Found DL: TRUE  
[11.105s] -- Searching for <ignition-common3> component [graphics]
[11.109s] -- Looking for ignition-common3-graphics -- found version 3.6.0
[11.110s] -- Searching for dependencies of ignition-common3-graphics
[11.110s] -- Looking for ignition-math6 -- found version 6.4.0
[11.132s] -- Looking for ignition-fuel_tools4 -- found version 4.2.1
[11.132s] -- Searching for dependencies of ignition-fuel_tools4
[11.446s] -- Found CURL: /usr/lib/x86_64-linux-gnu/libcurl.so (found version "7.68.0")  
[11.482s] -- Checking for module 'jsoncpp'
[11.540s] --   Found jsoncpp, version 1.7.4
[11.603s] -- Found JSONCPP: TRUE  
[11.630s] -- Checking for module 'libzip'
[11.669s] --   Found libzip, version 1.5.1
[11.718s] -- Found ZIP: TRUE  
[11.719s] -- Looking for ignition-common3 -- found version 3.6.0
[11.719s] -- Looking for ignition-msgs5 -- found version 5.3.0
[11.774s] -- Found gazebo_dev: 3.5.0 (/opt/ros/foxy/share/gazebo_dev/cmake)
[11.776s] -- Gazebo version: 11.1
[11.792s] -- Found rclcpp: 2.1.0 (/opt/ros/foxy/share/rclcpp/cmake)
[12.056s] -- Using all available rosidl_typesupport_c: rosidl_typesupport_fastrtps_c;rosidl_typesupport_introspection_c
[12.090s] -- Found rosidl_adapter: 1.1.0 (/opt/ros/foxy/share/rosidl_adapter/cmake)
[12.344s] -- Found OpenSSL: /usr/lib/x86_64-linux-gnu/libcrypto.so (found version "1.1.1f")  
[12.369s] -- Found FastRTPS: /opt/ros/foxy/include  
[12.544s] -- Using all available rosidl_typesupport_cpp: rosidl_typesupport_fastrtps_cpp;rosidl_typesupport_introspection_cpp
[12.663s] -- Found rmw_implementation_cmake: 1.0.1 (/opt/ros/foxy/share/rmw_implementation_cmake/cmake)
[12.667s] -- Using RMW implementation 'rmw_fastrtps_cpp' as default
[12.670s] -- Found Threads: TRUE  
[12.926s] -- Found sensor_msgs: 2.0.3 (/opt/ros/foxy/share/sensor_msgs/cmake)
[13.048s] -- Found visualization_msgs: 2.0.3 (/opt/ros/foxy/share/visualization_msgs/cmake)
[13.212s] -- Found tf2: 0.13.5 (/opt/ros/foxy/share/tf2/cmake)
[13.259s] -- Found tf2_geometry_msgs: 0.13.5 (/opt/ros/foxy/share/tf2_geometry_msgs/cmake)
[13.868s] -- Found eigen3_cmake_module: 0.1.1 (/opt/ros/foxy/share/eigen3_cmake_module/cmake)
[13.892s] -- Found Eigen3: TRUE (found version "3.3.7") 
[14.503s] -- Found uuv_gazebo_plugins: 0.0.1 (/home/brenda/RBIM_ws/src/uuv_simulator/install/uuv_gazebo_plugins/share/uuv_gazebo_plugins/cmake)
[14.514s] -- Found uuv_gazebo_ros_plugins_msgs: 0.0.1 (/home/brenda/RBIM_ws/src/uuv_simulator/install/uuv_gazebo_ros_plugins_msgs/share/uuv_gazebo_ros_plugins_msgs/cmake)
[14.636s] -- Looking for ignition-common3 -- found version 3.6.0
[15.000s] -- Configuring done
[15.007s] -- Generating done
[15.014s] -- Build files have been written to: /home/brenda/RBIM_ws/src/uuv_simulator/build/uuv_gazebo_ros_plugins
[15.035s] Invoked command in '/home/brenda/RBIM_ws/src/uuv_simulator/build/uuv_gazebo_ros_plugins' returned '0': AMENT_PREFIX_PATH=/home/brenda/RBIM_ws/src/uuv_simulator/install/uuv_gazebo_plugins:/home/brenda/RBIM_ws/src/uuv_simulator/install/uuv_gazebo_ros_plugins_msgs:${AMENT_PREFIX_PATH} CMAKE_PREFIX_PATH=/home/brenda/RBIM_ws/src/uuv_simulator/install/uuv_gazebo_plugins:/home/brenda/RBIM_ws/src/uuv_simulator/install/uuv_gazebo_ros_plugins_msgs:/opt/ros/foxy:${CMAKE_PREFIX_PATH} LD_LIBRARY_PATH=/home/brenda/RBIM_ws/src/uuv_simulator/install/uuv_gazebo_plugins/lib:/home/brenda/RBIM_ws/src/uuv_simulator/install/uuv_gazebo_ros_plugins_msgs/lib:${LD_LIBRARY_PATH} PYTHONPATH=/home/brenda/RBIM_ws/src/uuv_simulator/install/uuv_gazebo_ros_plugins_msgs/lib/python3.8/site-packages:${PYTHONPATH} /usr/bin/cmake /home/brenda/RBIM_ws/src/uuv_simulator/uuv_gazebo_ros_plugins -DCMAKE_INSTALL_PREFIX=/home/brenda/RBIM_ws/src/uuv_simulator/install/uuv_gazebo_ros_plugins
[15.039s] Invoking command in '/home/brenda/RBIM_ws/src/uuv_simulator/build/uuv_gazebo_ros_plugins': AMENT_PREFIX_PATH=/home/brenda/RBIM_ws/src/uuv_simulator/install/uuv_gazebo_plugins:/home/brenda/RBIM_ws/src/uuv_simulator/install/uuv_gazebo_ros_plugins_msgs:${AMENT_PREFIX_PATH} CMAKE_PREFIX_PATH=/home/brenda/RBIM_ws/src/uuv_simulator/install/uuv_gazebo_plugins:/home/brenda/RBIM_ws/src/uuv_simulator/install/uuv_gazebo_ros_plugins_msgs:/opt/ros/foxy:${CMAKE_PREFIX_PATH} LD_LIBRARY_PATH=/home/brenda/RBIM_ws/src/uuv_simulator/install/uuv_gazebo_plugins/lib:/home/brenda/RBIM_ws/src/uuv_simulator/install/uuv_gazebo_ros_plugins_msgs/lib:${LD_LIBRARY_PATH} PYTHONPATH=/home/brenda/RBIM_ws/src/uuv_simulator/install/uuv_gazebo_ros_plugins_msgs/lib/python3.8/site-packages:${PYTHONPATH} /usr/bin/cmake --build /home/brenda/RBIM_ws/src/uuv_simulator/build/uuv_gazebo_ros_plugins -- -j8 -l8
[15.126s] Invoked command in '/home/brenda/RBIM_ws/src/uuv_simulator/build/uuv_gazebo_ros_plugins' returned '0': AMENT_PREFIX_PATH=/home/brenda/RBIM_ws/src/uuv_simulator/install/uuv_gazebo_plugins:/home/brenda/RBIM_ws/src/uuv_simulator/install/uuv_gazebo_ros_plugins_msgs:${AMENT_PREFIX_PATH} CMAKE_PREFIX_PATH=/home/brenda/RBIM_ws/src/uuv_simulator/install/uuv_gazebo_plugins:/home/brenda/RBIM_ws/src/uuv_simulator/install/uuv_gazebo_ros_plugins_msgs:/opt/ros/foxy:${CMAKE_PREFIX_PATH} LD_LIBRARY_PATH=/home/brenda/RBIM_ws/src/uuv_simulator/install/uuv_gazebo_plugins/lib:/home/brenda/RBIM_ws/src/uuv_simulator/install/uuv_gazebo_ros_plugins_msgs/lib:${LD_LIBRARY_PATH} PYTHONPATH=/home/brenda/RBIM_ws/src/uuv_simulator/install/uuv_gazebo_ros_plugins_msgs/lib/python3.8/site-packages:${PYTHONPATH} /usr/bin/cmake --build /home/brenda/RBIM_ws/src/uuv_simulator/build/uuv_gazebo_ros_plugins -- -j8 -l8
[15.174s] Invoking command in '/home/brenda/RBIM_ws/src/uuv_simulator/build/uuv_gazebo_ros_plugins': AMENT_PREFIX_PATH=/home/brenda/RBIM_ws/src/uuv_simulator/install/uuv_gazebo_plugins:/home/brenda/RBIM_ws/src/uuv_simulator/install/uuv_gazebo_ros_plugins_msgs:${AMENT_PREFIX_PATH} CMAKE_PREFIX_PATH=/home/brenda/RBIM_ws/src/uuv_simulator/install/uuv_gazebo_plugins:/home/brenda/RBIM_ws/src/uuv_simulator/install/uuv_gazebo_ros_plugins_msgs:/opt/ros/foxy:${CMAKE_PREFIX_PATH} LD_LIBRARY_PATH=/home/brenda/RBIM_ws/src/uuv_simulator/install/uuv_gazebo_plugins/lib:/home/brenda/RBIM_ws/src/uuv_simulator/install/uuv_gazebo_ros_plugins_msgs/lib:${LD_LIBRARY_PATH} PYTHONPATH=/home/brenda/RBIM_ws/src/uuv_simulator/install/uuv_gazebo_ros_plugins_msgs/lib/python3.8/site-packages:${PYTHONPATH} /usr/bin/cmake --install /home/brenda/RBIM_ws/src/uuv_simulator/build/uuv_gazebo_ros_plugins
[15.188s] -- Install configuration: ""
[15.197s] -- Installing: /home/brenda/RBIM_ws/src/uuv_simulator/install/uuv_gazebo_ros_plugins/share/ament_index/resource_index/package_run_dependencies/uuv_gazebo_ros_plugins
[15.197s] -- Installing: /home/brenda/RBIM_ws/src/uuv_simulator/install/uuv_gazebo_ros_plugins/share/ament_index/resource_index/parent_prefix_path/uuv_gazebo_ros_plugins
[15.198s] -- Installing: /home/brenda/RBIM_ws/src/uuv_simulator/install/uuv_gazebo_ros_plugins/share/uuv_gazebo_ros_plugins/environment/ament_prefix_path.sh
[15.198s] -- Installing: /home/brenda/RBIM_ws/src/uuv_simulator/install/uuv_gazebo_ros_plugins/share/uuv_gazebo_ros_plugins/environment/ament_prefix_path.dsv
[15.198s] -- Installing: /home/brenda/RBIM_ws/src/uuv_simulator/install/uuv_gazebo_ros_plugins/share/uuv_gazebo_ros_plugins/environment/path.sh
[15.198s] -- Installing: /home/brenda/RBIM_ws/src/uuv_simulator/install/uuv_gazebo_ros_plugins/share/uuv_gazebo_ros_plugins/environment/path.dsv
[15.198s] -- Installing: /home/brenda/RBIM_ws/src/uuv_simulator/install/uuv_gazebo_ros_plugins/share/uuv_gazebo_ros_plugins/local_setup.bash
[15.199s] -- Installing: /home/brenda/RBIM_ws/src/uuv_simulator/install/uuv_gazebo_ros_plugins/share/uuv_gazebo_ros_plugins/local_setup.sh
[15.199s] -- Installing: /home/brenda/RBIM_ws/src/uuv_simulator/install/uuv_gazebo_ros_plugins/share/uuv_gazebo_ros_plugins/local_setup.zsh
[15.199s] -- Installing: /home/brenda/RBIM_ws/src/uuv_simulator/install/uuv_gazebo_ros_plugins/share/uuv_gazebo_ros_plugins/local_setup.dsv
[15.199s] -- Installing: /home/brenda/RBIM_ws/src/uuv_simulator/install/uuv_gazebo_ros_plugins/share/uuv_gazebo_ros_plugins/package.dsv
[15.200s] -- Installing: /home/brenda/RBIM_ws/src/uuv_simulator/install/uuv_gazebo_ros_plugins/share/ament_index/resource_index/packages/uuv_gazebo_ros_plugins
[15.200s] -- Installing: /home/brenda/RBIM_ws/src/uuv_simulator/install/uuv_gazebo_ros_plugins/share/uuv_gazebo_ros_plugins/cmake/ament_cmake_export_include_directories-extras.cmake
[15.200s] -- Installing: /home/brenda/RBIM_ws/src/uuv_simulator/install/uuv_gazebo_ros_plugins/share/uuv_gazebo_ros_plugins/cmake/uuv_gazebo_ros_pluginsConfig.cmake
[15.200s] -- Installing: /home/brenda/RBIM_ws/src/uuv_simulator/install/uuv_gazebo_ros_plugins/share/uuv_gazebo_ros_plugins/cmake/uuv_gazebo_ros_pluginsConfig-version.cmake
[15.200s] -- Installing: /home/brenda/RBIM_ws/src/uuv_simulator/install/uuv_gazebo_ros_plugins/share/uuv_gazebo_ros_plugins/package.xml
[15.201s] -- Installing: /home/brenda/RBIM_ws/src/uuv_simulator/install/uuv_gazebo_ros_plugins/lib
[15.201s] -- Installing: /home/brenda/RBIM_ws/src/uuv_simulator/install/uuv_gazebo_ros_plugins/lib/FinROSPlugin.hh
[15.213s] -- Installing: /home/brenda/RBIM_ws/src/uuv_simulator/install/uuv_gazebo_ros_plugins/lib/UnderwaterObjectROSPlugin.hh
[15.213s] -- Installing: /home/brenda/RBIM_ws/src/uuv_simulator/install/uuv_gazebo_ros_plugins/lib/CustomBatteryConsumerROSPlugin.hh
[15.213s] -- Installing: /home/brenda/RBIM_ws/src/uuv_simulator/install/uuv_gazebo_ros_plugins/lib/LinearBatteryROSPlugin.hh
[15.214s] -- Installing: /home/brenda/RBIM_ws/src/uuv_simulator/install/uuv_gazebo_ros_plugins/lib/AccelerationsTestPlugin.hh
[15.214s] -- Installing: /home/brenda/RBIM_ws/src/uuv_simulator/install/uuv_gazebo_ros_plugins/lib/JointStatePublisher.hh
[15.214s] -- Installing: /home/brenda/RBIM_ws/src/uuv_simulator/install/uuv_gazebo_ros_plugins/lib/ThrusterROSPlugin.hh
[15.215s] -- Installing: /home/brenda/RBIM_ws/src/uuv_simulator/install/uuv_gazebo_ros_plugins/share/uuv_gazebo_ros_plugins//urdf
[15.215s] -- Installing: /home/brenda/RBIM_ws/src/uuv_simulator/install/uuv_gazebo_ros_plugins/share/uuv_gazebo_ros_plugins//urdf/misc.xacro
[15.215s] -- Installing: /home/brenda/RBIM_ws/src/uuv_simulator/install/uuv_gazebo_ros_plugins/share/uuv_gazebo_ros_plugins//urdf/fin_snippets.xacro
[15.215s] -- Installing: /home/brenda/RBIM_ws/src/uuv_simulator/install/uuv_gazebo_ros_plugins/share/uuv_gazebo_ros_plugins//urdf/snippets.xacro
[15.215s] -- Installing: /home/brenda/RBIM_ws/src/uuv_simulator/install/uuv_gazebo_ros_plugins/share/uuv_gazebo_ros_plugins//urdf/battery_snippets.xacro
[15.215s] -- Installing: /home/brenda/RBIM_ws/src/uuv_simulator/install/uuv_gazebo_ros_plugins/share/uuv_gazebo_ros_plugins//urdf/thruster_snippets.xacro
[15.220s] Invoked command in '/home/brenda/RBIM_ws/src/uuv_simulator/build/uuv_gazebo_ros_plugins' returned '0': AMENT_PREFIX_PATH=/home/brenda/RBIM_ws/src/uuv_simulator/install/uuv_gazebo_plugins:/home/brenda/RBIM_ws/src/uuv_simulator/install/uuv_gazebo_ros_plugins_msgs:${AMENT_PREFIX_PATH} CMAKE_PREFIX_PATH=/home/brenda/RBIM_ws/src/uuv_simulator/install/uuv_gazebo_plugins:/home/brenda/RBIM_ws/src/uuv_simulator/install/uuv_gazebo_ros_plugins_msgs:/opt/ros/foxy:${CMAKE_PREFIX_PATH} LD_LIBRARY_PATH=/home/brenda/RBIM_ws/src/uuv_simulator/install/uuv_gazebo_plugins/lib:/home/brenda/RBIM_ws/src/uuv_simulator/install/uuv_gazebo_ros_plugins_msgs/lib:${LD_LIBRARY_PATH} PYTHONPATH=/home/brenda/RBIM_ws/src/uuv_simulator/install/uuv_gazebo_ros_plugins_msgs/lib/python3.8/site-packages:${PYTHONPATH} /usr/bin/cmake --install /home/brenda/RBIM_ws/src/uuv_simulator/build/uuv_gazebo_ros_plugins
