[0.013s] Invoking command in '/home/brenda/RBIM_ws/src/uuv_simulator/build/uuv_world_plugins': AMENT_PREFIX_PATH=/home/brenda/RBIM_ws/src/uuv_simulator/install/uuv_world_ros_plugins_msgs:${AMENT_PREFIX_PATH} CMAKE_PREFIX_PATH=/home/brenda/RBIM_ws/src/uuv_simulator/install/uuv_world_ros_plugins_msgs:${CMAKE_PREFIX_PATH} LD_LIBRARY_PATH=/home/brenda/RBIM_ws/src/uuv_simulator/install/uuv_world_ros_plugins_msgs/lib:${LD_LIBRARY_PATH} PYTHONPATH=/home/brenda/RBIM_ws/src/uuv_simulator/install/uuv_world_ros_plugins_msgs/lib/python3.8/site-packages:${PYTHONPATH} /usr/bin/cmake /home/brenda/RBIM_ws/src/uuv_simulator/uuv_world_plugins/uuv_world_plugins -DCATKIN_INSTALL_INTO_PREFIX_ROOT=0 -DCMAKE_INSTALL_PREFIX=/home/brenda/RBIM_ws/src/uuv_simulator/install/uuv_world_plugins
[0.071s] -- The C compiler identification is GNU 9.3.0
[0.125s] -- The CXX compiler identification is GNU 9.3.0
[0.131s] -- Check for working C compiler: /usr/bin/cc
[0.204s] -- Check for working C compiler: /usr/bin/cc -- works
[0.206s] -- Detecting C compiler ABI info
[0.275s] -- Detecting C compiler ABI info - done
[0.290s] -- Detecting C compile features
[0.290s] -- Detecting C compile features - done
[0.294s] -- Check for working CXX compiler: /usr/bin/c++
[0.372s] -- Check for working CXX compiler: /usr/bin/c++ -- works
[0.374s] -- Detecting CXX compiler ABI info
[0.458s] -- Detecting CXX compiler ABI info - done
[0.473s] -- Detecting CXX compile features
[0.474s] -- Detecting CXX compile features - done
[0.476s] -- Found ament_cmake: 0.9.6 (/opt/ros/foxy/share/ament_cmake/cmake)
[0.508s] -- Found PythonInterp: /usr/bin/python3 (found suitable version "3.8.5", minimum required is "3") 
[0.508s] -- Using PYTHON_EXECUTABLE: /usr/bin/python3
[0.748s] -- Found rclcpp: 2.1.0 (/opt/ros/foxy/share/rclcpp/cmake)
[0.792s] -- Using all available rosidl_typesupport_c: rosidl_typesupport_fastrtps_c;rosidl_typesupport_introspection_c
[0.801s] -- Found rosidl_adapter: 1.1.0 (/opt/ros/foxy/share/rosidl_adapter/cmake)
[0.895s] -- Found OpenSSL: /usr/lib/x86_64-linux-gnu/libcrypto.so (found version "1.1.1f")  
[0.928s] -- Found FastRTPS: /opt/ros/foxy/include  
[1.028s] -- Using all available rosidl_typesupport_cpp: rosidl_typesupport_fastrtps_cpp;rosidl_typesupport_introspection_cpp
[1.104s] -- Found rmw_implementation_cmake: 1.0.1 (/opt/ros/foxy/share/rmw_implementation_cmake/cmake)
[1.106s] -- Using RMW implementation 'rmw_fastrtps_cpp' as default
[1.107s] -- Looking for pthread.h
[1.190s] -- Looking for pthread.h - found
[1.190s] -- Performing Test CMAKE_HAVE_LIBC_PTHREAD
[1.279s] -- Performing Test CMAKE_HAVE_LIBC_PTHREAD - Failed
[1.280s] -- Looking for pthread_create in pthreads
[1.340s] -- Looking for pthread_create in pthreads - not found
[1.340s] -- Looking for pthread_create in pthread
[1.403s] -- Looking for pthread_create in pthread - found
[1.405s] -- Found Threads: TRUE  
[1.607s] -- Found gazebo_dev: 3.5.0 (/opt/ros/foxy/share/gazebo_dev/cmake)
[1.613s] -- Found PkgConfig: /usr/bin/pkg-config (found version "0.29.1") 
[1.615s] -- Checking for module 'bullet>=2.82'
[1.631s] --   Found bullet, version 2.88
[1.736s] -- Found ccd: /usr/include (found suitable version "2.0", minimum required is "2.0") 
[1.780s] -- Found fcl: /usr/include (found suitable version "0.5.0", minimum required is "0.3.2") 
[1.840s] -- Found assimp: /usr/include (found version "5.0.0") 
[1.867s] -- Found DART: /usr/include (Required is at least version "6.6") found components: dart 
[1.896s] -- Found Boost: /usr/lib/x86_64-linux-gnu/cmake/Boost-1.71.0/BoostConfig.cmake (found suitable version "1.71.0", minimum required is "1.40.0") found components: thread system filesystem program_options regex iostreams date_time 
[1.920s] -- Found Protobuf: /usr/lib/x86_64-linux-gnu/libprotobuf.so;-lpthread (found version "3.6.1") 
[1.928s] -- Looking for ignition-math6 -- found version 6.4.0
[1.935s] -- Searching for dependencies of ignition-math6
[1.938s] -- Looking for OGRE...
[1.939s] -- OGRE_PREFIX_WATCH changed.
[1.945s] -- Checking for module 'OGRE'
[1.963s] --   Found OGRE, version 1.9.0
[2.010s] -- Found Ogre Ghadamon (1.9.0)
[2.022s] -- Found OGRE: optimized;/usr/lib/x86_64-linux-gnu/libOgreMain.so;debug;/usr/lib/x86_64-linux-gnu/libOgreMain.so
[2.035s] -- Looking for OGRE_Paging...
[2.047s] -- Found OGRE_Paging: optimized;/usr/lib/x86_64-linux-gnu/libOgrePaging.so;debug;/usr/lib/x86_64-linux-gnu/libOgrePaging.so
[2.047s] -- Looking for OGRE_Terrain...
[2.057s] -- Found OGRE_Terrain: optimized;/usr/lib/x86_64-linux-gnu/libOgreTerrain.so;debug;/usr/lib/x86_64-linux-gnu/libOgreTerrain.so
[2.057s] -- Looking for OGRE_Property...
[2.067s] -- Found OGRE_Property: optimized;/usr/lib/x86_64-linux-gnu/libOgreProperty.so;debug;/usr/lib/x86_64-linux-gnu/libOgreProperty.so
[2.067s] -- Looking for OGRE_RTShaderSystem...
[2.081s] -- Found OGRE_RTShaderSystem: optimized;/usr/lib/x86_64-linux-gnu/libOgreRTShaderSystem.so;debug;/usr/lib/x86_64-linux-gnu/libOgreRTShaderSystem.so
[2.081s] -- Looking for OGRE_Volume...
[2.093s] -- Found OGRE_Volume: optimized;/usr/lib/x86_64-linux-gnu/libOgreVolume.so;debug;/usr/lib/x86_64-linux-gnu/libOgreVolume.so
[2.093s] -- Looking for OGRE_Overlay...
[2.102s] -- Found OGRE_Overlay: optimized;/usr/lib/x86_64-linux-gnu/libOgreOverlay.so;debug;/usr/lib/x86_64-linux-gnu/libOgreOverlay.so
[2.267s] -- Looking for ignition-math6 -- found version 6.4.0
[2.270s] -- Looking for ignition-transport8 -- found version 8.1.0
[2.270s] -- Searching for dependencies of ignition-transport8
[2.288s] -- Found Protobuf: /usr/lib/x86_64-linux-gnu/libprotobuf.so;-lpthread (found suitable version "3.6.1", minimum required is "3") 
[2.299s] -- Config-file not installed for ZeroMQ -- checking for pkg-config
[2.304s] -- Checking for module 'libzmq >= 4'
[2.318s] --   Found libzmq , version 4.3.2
[2.352s] -- Found ZeroMQ: TRUE (Required is at least version "4") 
[2.358s] -- Checking for module 'uuid'
[2.371s] --   Found uuid, version 2.34.0
[2.404s] -- Found UUID: TRUE  
[2.406s] -- Looking for ignition-msgs5 -- found version 5.3.0
[2.406s] -- Searching for dependencies of ignition-msgs5
[2.425s] -- Looking for ignition-math6 -- found version 6.4.0
[2.430s] -- Checking for module 'tinyxml2'
[2.443s] --   Found tinyxml2, version 6.2.0
[2.476s] -- Looking for ignition-msgs5 -- found version 5.3.0
[2.479s] -- Looking for ignition-common3 -- found version 3.6.0
[2.479s] -- Searching for dependencies of ignition-common3
[2.480s] -- Looking for dlfcn.h - found
[2.481s] -- Looking for libdl - found
[2.482s] -- Found DL: TRUE  
[2.488s] -- Searching for <ignition-common3> component [graphics]
[2.491s] -- Looking for ignition-common3-graphics -- found version 3.6.0
[2.491s] -- Searching for dependencies of ignition-common3-graphics
[2.492s] -- Looking for ignition-math6 -- found version 6.4.0
[2.495s] -- Looking for ignition-fuel_tools4 -- found version 4.2.1
[2.496s] -- Searching for dependencies of ignition-fuel_tools4
[2.558s] -- Found CURL: /usr/lib/x86_64-linux-gnu/libcurl.so (found version "7.68.0")  
[2.567s] -- Checking for module 'jsoncpp'
[2.580s] --   Found jsoncpp, version 1.7.4
[2.612s] -- Found JSONCPP: TRUE  
[2.618s] -- Checking for module 'libzip'
[2.631s] --   Found libzip, version 1.5.1
[2.664s] -- Found ZIP: TRUE  
[2.664s] -- Looking for ignition-common3 -- found version 3.6.0
[2.665s] -- Looking for ignition-msgs5 -- found version 5.3.0
[2.666s] -- Gazebo version: 11.1
[2.668s] -- Found gazebo_ros: 3.5.0 (/opt/ros/foxy/share/gazebo_ros/cmake)
[2.678s] -- Found uuv_world_ros_plugins_msgs: 0.0.1 (/home/brenda/RBIM_ws/src/uuv_simulator/install/uuv_world_ros_plugins_msgs/share/uuv_world_ros_plugins_msgs/cmake)
[2.820s] -- Looking for ignition-common3 -- found version 3.6.0
[2.946s] -- Configuring done
[2.987s] -- Generating done
[2.988s] CMake Warning:
[2.988s]   Manually-specified variables were not used by the project:
[2.989s] 
[2.989s]     CATKIN_INSTALL_INTO_PREFIX_ROOT
[2.989s] 
[2.989s] 
[2.989s] -- Build files have been written to: /home/brenda/RBIM_ws/src/uuv_simulator/build/uuv_world_plugins
[3.001s] Invoked command in '/home/brenda/RBIM_ws/src/uuv_simulator/build/uuv_world_plugins' returned '0': AMENT_PREFIX_PATH=/home/brenda/RBIM_ws/src/uuv_simulator/install/uuv_world_ros_plugins_msgs:${AMENT_PREFIX_PATH} CMAKE_PREFIX_PATH=/home/brenda/RBIM_ws/src/uuv_simulator/install/uuv_world_ros_plugins_msgs:${CMAKE_PREFIX_PATH} LD_LIBRARY_PATH=/home/brenda/RBIM_ws/src/uuv_simulator/install/uuv_world_ros_plugins_msgs/lib:${LD_LIBRARY_PATH} PYTHONPATH=/home/brenda/RBIM_ws/src/uuv_simulator/install/uuv_world_ros_plugins_msgs/lib/python3.8/site-packages:${PYTHONPATH} /usr/bin/cmake /home/brenda/RBIM_ws/src/uuv_simulator/uuv_world_plugins/uuv_world_plugins -DCATKIN_INSTALL_INTO_PREFIX_ROOT=0 -DCMAKE_INSTALL_PREFIX=/home/brenda/RBIM_ws/src/uuv_simulator/install/uuv_world_plugins
[3.004s] Invoking command in '/home/brenda/RBIM_ws/src/uuv_simulator/build/uuv_world_plugins': AMENT_PREFIX_PATH=/home/brenda/RBIM_ws/src/uuv_simulator/install/uuv_world_ros_plugins_msgs:${AMENT_PREFIX_PATH} CMAKE_PREFIX_PATH=/home/brenda/RBIM_ws/src/uuv_simulator/install/uuv_world_ros_plugins_msgs:${CMAKE_PREFIX_PATH} LD_LIBRARY_PATH=/home/brenda/RBIM_ws/src/uuv_simulator/install/uuv_world_ros_plugins_msgs/lib:${LD_LIBRARY_PATH} PYTHONPATH=/home/brenda/RBIM_ws/src/uuv_simulator/install/uuv_world_ros_plugins_msgs/lib/python3.8/site-packages:${PYTHONPATH} /usr/bin/cmake --build /home/brenda/RBIM_ws/src/uuv_simulator/build/uuv_world_plugins -- -j8 -l8
[3.046s] [35m[1mScanning dependencies of target uuv_underwater_current_plugin[0m
[3.047s] [35m[1mScanning dependencies of target uuv_spherical_coordinates_plugin[0m
[5.194s] [ 20%] [32mBuilding CXX object CMakeFiles/uuv_spherical_coordinates_plugin.dir/src/uuv_world_plugins_spherical_coordinates.cpp.o[0m
[5.406s] [ 40%] [32mBuilding CXX object CMakeFiles/uuv_underwater_current_plugin.dir/src/uuv_world_plugins_underwater_current.cpp.o[0m
[5.407s] [ 60%] [32mBuilding CXX object CMakeFiles/uuv_underwater_current_plugin.dir/src/uuv_world_plugins_gauss_markov_process.cpp.o[0m
[18.758s] [ 80%] [32m[1mLinking CXX shared library libuuv_spherical_coordinates_plugin.so[0m
[22.970s] [100%] [32m[1mLinking CXX shared library libuuv_underwater_current_plugin.so[0m
[24.249s] [100%] Built target uuv_spherical_coordinates_plugin
[24.385s] [100%] Built target uuv_underwater_current_plugin
[24.399s] Invoked command in '/home/brenda/RBIM_ws/src/uuv_simulator/build/uuv_world_plugins' returned '0': AMENT_PREFIX_PATH=/home/brenda/RBIM_ws/src/uuv_simulator/install/uuv_world_ros_plugins_msgs:${AMENT_PREFIX_PATH} CMAKE_PREFIX_PATH=/home/brenda/RBIM_ws/src/uuv_simulator/install/uuv_world_ros_plugins_msgs:${CMAKE_PREFIX_PATH} LD_LIBRARY_PATH=/home/brenda/RBIM_ws/src/uuv_simulator/install/uuv_world_ros_plugins_msgs/lib:${LD_LIBRARY_PATH} PYTHONPATH=/home/brenda/RBIM_ws/src/uuv_simulator/install/uuv_world_ros_plugins_msgs/lib/python3.8/site-packages:${PYTHONPATH} /usr/bin/cmake --build /home/brenda/RBIM_ws/src/uuv_simulator/build/uuv_world_plugins -- -j8 -l8
[24.471s] Invoking command in '/home/brenda/RBIM_ws/src/uuv_simulator/build/uuv_world_plugins': AMENT_PREFIX_PATH=/home/brenda/RBIM_ws/src/uuv_simulator/install/uuv_world_ros_plugins_msgs:${AMENT_PREFIX_PATH} CMAKE_PREFIX_PATH=/home/brenda/RBIM_ws/src/uuv_simulator/install/uuv_world_ros_plugins_msgs:${CMAKE_PREFIX_PATH} LD_LIBRARY_PATH=/home/brenda/RBIM_ws/src/uuv_simulator/install/uuv_world_ros_plugins_msgs/lib:${LD_LIBRARY_PATH} PYTHONPATH=/home/brenda/RBIM_ws/src/uuv_simulator/install/uuv_world_ros_plugins_msgs/lib/python3.8/site-packages:${PYTHONPATH} /usr/bin/cmake --install /home/brenda/RBIM_ws/src/uuv_simulator/build/uuv_world_plugins
[24.480s] -- Install configuration: ""
[24.480s] -- Installing: /home/brenda/RBIM_ws/src/uuv_simulator/install/uuv_world_plugins/share/uuv_world_plugins/environment/library_path.sh
[24.495s] -- Installing: /home/brenda/RBIM_ws/src/uuv_simulator/install/uuv_world_plugins/share/uuv_world_plugins/environment/library_path.dsv
[24.496s] -- Installing: /home/brenda/RBIM_ws/src/uuv_simulator/install/uuv_world_plugins/share/ament_index/resource_index/package_run_dependencies/uuv_world_plugins
[24.496s] -- Installing: /home/brenda/RBIM_ws/src/uuv_simulator/install/uuv_world_plugins/share/ament_index/resource_index/parent_prefix_path/uuv_world_plugins
[24.496s] -- Installing: /home/brenda/RBIM_ws/src/uuv_simulator/install/uuv_world_plugins/share/uuv_world_plugins/environment/ament_prefix_path.sh
[24.510s] -- Installing: /home/brenda/RBIM_ws/src/uuv_simulator/install/uuv_world_plugins/share/uuv_world_plugins/environment/ament_prefix_path.dsv
[24.511s] -- Installing: /home/brenda/RBIM_ws/src/uuv_simulator/install/uuv_world_plugins/share/uuv_world_plugins/environment/path.sh
[24.511s] -- Installing: /home/brenda/RBIM_ws/src/uuv_simulator/install/uuv_world_plugins/share/uuv_world_plugins/environment/path.dsv
[24.511s] -- Installing: /home/brenda/RBIM_ws/src/uuv_simulator/install/uuv_world_plugins/share/uuv_world_plugins/local_setup.bash
[24.511s] -- Installing: /home/brenda/RBIM_ws/src/uuv_simulator/install/uuv_world_plugins/share/uuv_world_plugins/local_setup.sh
[24.511s] -- Installing: /home/brenda/RBIM_ws/src/uuv_simulator/install/uuv_world_plugins/share/uuv_world_plugins/local_setup.zsh
[24.512s] -- Installing: /home/brenda/RBIM_ws/src/uuv_simulator/install/uuv_world_plugins/share/uuv_world_plugins/local_setup.dsv
[24.512s] -- Installing: /home/brenda/RBIM_ws/src/uuv_simulator/install/uuv_world_plugins/share/uuv_world_plugins/package.dsv
[24.512s] -- Installing: /home/brenda/RBIM_ws/src/uuv_simulator/install/uuv_world_plugins/share/ament_index/resource_index/packages/uuv_world_plugins
[24.512s] -- Installing: /home/brenda/RBIM_ws/src/uuv_simulator/install/uuv_world_plugins/share/uuv_world_plugins/cmake/ament_cmake_export_libraries-extras.cmake
[24.512s] -- Installing: /home/brenda/RBIM_ws/src/uuv_simulator/install/uuv_world_plugins/share/uuv_world_plugins/cmake/ament_cmake_export_include_directories-extras.cmake
[24.512s] -- Installing: /home/brenda/RBIM_ws/src/uuv_simulator/install/uuv_world_plugins/share/uuv_world_plugins/cmake/ament_cmake_export_dependencies-extras.cmake
[24.512s] -- Installing: /home/brenda/RBIM_ws/src/uuv_simulator/install/uuv_world_plugins/share/uuv_world_plugins/cmake/uuv_world_pluginsConfig.cmake
[24.513s] -- Installing: /home/brenda/RBIM_ws/src/uuv_simulator/install/uuv_world_plugins/share/uuv_world_plugins/cmake/uuv_world_pluginsConfig-version.cmake
[24.513s] -- Installing: /home/brenda/RBIM_ws/src/uuv_simulator/install/uuv_world_plugins/share/uuv_world_plugins/package.xml
[24.513s] -- Installing: /home/brenda/RBIM_ws/src/uuv_simulator/install/uuv_world_plugins/lib/libuuv_underwater_current_plugin.so
[24.515s] -- Set runtime path of "/home/brenda/RBIM_ws/src/uuv_simulator/install/uuv_world_plugins/lib/libuuv_underwater_current_plugin.so" to ""
[24.515s] -- Installing: /home/brenda/RBIM_ws/src/uuv_simulator/install/uuv_world_plugins/lib/libuuv_spherical_coordinates_plugin.so
[24.517s] -- Set runtime path of "/home/brenda/RBIM_ws/src/uuv_simulator/install/uuv_world_plugins/lib/libuuv_spherical_coordinates_plugin.so" to ""
[24.517s] -- Installing: /home/brenda/RBIM_ws/src/uuv_simulator/install/uuv_world_plugins/include/
[24.517s] -- Installing: /home/brenda/RBIM_ws/src/uuv_simulator/install/uuv_world_plugins/include//uuv_world_plugins_gauss_markov_process.hpp
[24.517s] -- Installing: /home/brenda/RBIM_ws/src/uuv_simulator/install/uuv_world_plugins/include//uuv_world_plugins_underwater_current.hpp
[24.517s] -- Installing: /home/brenda/RBIM_ws/src/uuv_simulator/install/uuv_world_plugins/include//uuv_world_plugins_spherical_coordinates.hpp
[24.519s] Invoked command in '/home/brenda/RBIM_ws/src/uuv_simulator/build/uuv_world_plugins' returned '0': AMENT_PREFIX_PATH=/home/brenda/RBIM_ws/src/uuv_simulator/install/uuv_world_ros_plugins_msgs:${AMENT_PREFIX_PATH} CMAKE_PREFIX_PATH=/home/brenda/RBIM_ws/src/uuv_simulator/install/uuv_world_ros_plugins_msgs:${CMAKE_PREFIX_PATH} LD_LIBRARY_PATH=/home/brenda/RBIM_ws/src/uuv_simulator/install/uuv_world_ros_plugins_msgs/lib:${LD_LIBRARY_PATH} PYTHONPATH=/home/brenda/RBIM_ws/src/uuv_simulator/install/uuv_world_ros_plugins_msgs/lib/python3.8/site-packages:${PYTHONPATH} /usr/bin/cmake --install /home/brenda/RBIM_ws/src/uuv_simulator/build/uuv_world_plugins
