[libprotobuf WARNING google/protobuf/compiler/parser.cc:562] No syntax specified for the proto file: Accel.proto. Please use 'syntax = "proto2";' or 'syntax = "proto3";' to specify a syntax version. (Defaulted to proto2 syntax.)
[libprotobuf WARNING google/protobuf/compiler/parser.cc:562] No syntax specified for the proto file: Double.proto. Please use 'syntax = "proto2";' or 'syntax = "proto3";' to specify a syntax version. (Defaulted to proto2 syntax.)
[01m[K/home/brenda/RBIM_ws/src/uuv_simulator/uuv_gazebo_plugins/src/HydrodynamicModel.cc:214:54:[m[K [01;35m[Kwarning: [m[Kextra ‘[01m[K;[m[K’ [[01;35m[K-Wpedantic[m[K]
  214 |                                    &HMFossen::create)[01;35m[K;[m[K
      |                                                      [01;35m[K^[m[K
[01m[K/home/brenda/RBIM_ws/src/uuv_simulator/uuv_gazebo_plugins/src/HydrodynamicModel.cc:691:54:[m[K [01;35m[Kwarning: [m[Kextra ‘[01m[K;[m[K’ [[01;35m[K-Wpedantic[m[K]
  691 |                                    &HMSphere::create)[01;35m[K;[m[K
      |                                                      [01;35m[K^[m[K
[01m[K/home/brenda/RBIM_ws/src/uuv_simulator/uuv_gazebo_plugins/src/HydrodynamicModel.cc:786:56:[m[K [01;35m[Kwarning: [m[Kextra ‘[01m[K;[m[K’ [[01;35m[K-Wpedantic[m[K]
  786 |                                    &HMCylinder::create)[01;35m[K;[m[K
      |                                                        [01;35m[K^[m[K
[01m[K/home/brenda/RBIM_ws/src/uuv_simulator/uuv_gazebo_plugins/src/HydrodynamicModel.cc:969:56:[m[K [01;35m[Kwarning: [m[Kextra ‘[01m[K;[m[K’ [[01;35m[K-Wpedantic[m[K]
  969 |                                    &HMSpheroid::create)[01;35m[K;[m[K
      |                                                        [01;35m[K^[m[K
[01m[K/home/brenda/RBIM_ws/src/uuv_simulator/uuv_gazebo_plugins/src/HydrodynamicModel.cc:1084:51:[m[K [01;35m[Kwarning: [m[Kextra ‘[01m[K;[m[K’ [[01;35m[K-Wpedantic[m[K]
 1084 |                                    &HMBox::create)[01;35m[K;[m[K
      |                                                   [01;35m[K^[m[K
[01m[K/home/brenda/RBIM_ws/src/uuv_simulator/uuv_gazebo_plugins/src/ThrusterConversionFcn.cc:[m[K In constructor ‘[01m[Kuuv_gazebo::ConversionFunctionLinearInterp::ConversionFunctionLinearInterp(const std::vector<double>&, const std::vector<double>&)[m[K’:
[01m[K/home/brenda/RBIM_ws/src/uuv_simulator/uuv_gazebo_plugins/src/ThrusterConversionFcn.cc:306:21:[m[K [01;35m[Kwarning: [m[Kcomparison of integer expressions of different signedness: ‘[01m[Kint[m[K’ and ‘[01m[Kstd::vector<double>::size_type[m[K’ {aka ‘[01m[Klong unsigned int[m[K’} [[01;35m[K-Wsign-compare[m[K]
  306 |   for (int i = 0; [01;35m[Ki < _input.size()[m[K; i++)
      |                   [01;35m[K~~^~~~~~~~~~~~~~~[m[K
