-- The C compiler identification is GNU 9.3.0
-- The CXX compiler identification is GNU 9.3.0
-- Check for working C compiler: /usr/bin/cc
-- Check for working C compiler: /usr/bin/cc -- works
-- Detecting C compiler ABI info
-- Detecting C compiler ABI info - done
-- Detecting C compile features
-- Detecting C compile features - done
-- Check for working CXX compiler: /usr/bin/c++
-- Check for working CXX compiler: /usr/bin/c++ -- works
-- Detecting CXX compiler ABI info
-- Detecting CXX compiler ABI info - done
-- Detecting CXX compile features
-- Detecting CXX compile features - done
-- Found ament_cmake: 0.9.6 (/opt/ros/foxy/share/ament_cmake/cmake)
-- Found PythonInterp: /usr/bin/python3 (found suitable version "3.8.5", minimum required is "3") 
-- Using PYTHON_EXECUTABLE: /usr/bin/python3
-- Found PkgConfig: /usr/bin/pkg-config (found version "0.29.1") 
-- Checking for module 'bullet>=2.82'
--   Found bullet, version 2.88
-- Found ccd: /usr/include (found suitable version "2.0", minimum required is "2.0") 
-- Found fcl: /usr/include (found suitable version "0.5.0", minimum required is "0.3.2") 
-- Found assimp: /usr/include (found version "5.0.0") 
-- Found DART: /usr/include (Required is at least version "6.6") found components: dart 
-- Found Boost: /usr/lib/x86_64-linux-gnu/cmake/Boost-1.71.0/BoostConfig.cmake (found suitable version "1.71.0", minimum required is "1.40.0") found components: thread system filesystem program_options regex iostreams date_time 
-- Found Protobuf: /usr/lib/x86_64-linux-gnu/libprotobuf.so;-lpthread (found version "3.6.1") 
-- Looking for ignition-math6 -- found version 6.4.0
-- Searching for dependencies of ignition-math6
-- Looking for OGRE...
-- OGRE_PREFIX_WATCH changed.
-- Checking for module 'OGRE'
--   Found OGRE, version 1.9.0
-- Found Ogre Ghadamon (1.9.0)
-- Found OGRE: optimized;/usr/lib/x86_64-linux-gnu/libOgreMain.so;debug;/usr/lib/x86_64-linux-gnu/libOgreMain.so
-- Looking for OGRE_Paging...
-- Found OGRE_Paging: optimized;/usr/lib/x86_64-linux-gnu/libOgrePaging.so;debug;/usr/lib/x86_64-linux-gnu/libOgrePaging.so
-- Looking for OGRE_Terrain...
-- Found OGRE_Terrain: optimized;/usr/lib/x86_64-linux-gnu/libOgreTerrain.so;debug;/usr/lib/x86_64-linux-gnu/libOgreTerrain.so
-- Looking for OGRE_Property...
-- Found OGRE_Property: optimized;/usr/lib/x86_64-linux-gnu/libOgreProperty.so;debug;/usr/lib/x86_64-linux-gnu/libOgreProperty.so
-- Looking for OGRE_RTShaderSystem...
-- Found OGRE_RTShaderSystem: optimized;/usr/lib/x86_64-linux-gnu/libOgreRTShaderSystem.so;debug;/usr/lib/x86_64-linux-gnu/libOgreRTShaderSystem.so
-- Looking for OGRE_Volume...
-- Found OGRE_Volume: optimized;/usr/lib/x86_64-linux-gnu/libOgreVolume.so;debug;/usr/lib/x86_64-linux-gnu/libOgreVolume.so
-- Looking for OGRE_Overlay...
-- Found OGRE_Overlay: optimized;/usr/lib/x86_64-linux-gnu/libOgreOverlay.so;debug;/usr/lib/x86_64-linux-gnu/libOgreOverlay.so
-- Looking for ignition-math6 -- found version 6.4.0
-- Looking for ignition-transport8 -- found version 8.1.0
-- Searching for dependencies of ignition-transport8
-- Found Protobuf: /usr/lib/x86_64-linux-gnu/libprotobuf.so;-lpthread (found suitable version "3.6.1", minimum required is "3") 
-- Config-file not installed for ZeroMQ -- checking for pkg-config
-- Checking for module 'libzmq >= 4'
--   Found libzmq , version 4.3.2
-- Found ZeroMQ: TRUE (Required is at least version "4") 
-- Checking for module 'uuid'
--   Found uuid, version 2.34.0
-- Found UUID: TRUE  
-- Looking for ignition-msgs5 -- found version 5.3.0
-- Searching for dependencies of ignition-msgs5
-- Looking for ignition-math6 -- found version 6.4.0
-- Checking for module 'tinyxml2'
--   Found tinyxml2, version 6.2.0
-- Looking for ignition-msgs5 -- found version 5.3.0
-- Looking for ignition-common3 -- found version 3.6.0
-- Searching for dependencies of ignition-common3
-- Looking for dlfcn.h - found
-- Looking for libdl - found
-- Found DL: TRUE  
-- Searching for <ignition-common3> component [graphics]
-- Looking for ignition-common3-graphics -- found version 3.6.0
-- Searching for dependencies of ignition-common3-graphics
-- Looking for ignition-math6 -- found version 6.4.0
-- Looking for ignition-fuel_tools4 -- found version 4.2.1
-- Searching for dependencies of ignition-fuel_tools4
-- Found CURL: /usr/lib/x86_64-linux-gnu/libcurl.so (found version "7.68.0")  
-- Checking for module 'jsoncpp'
--   Found jsoncpp, version 1.7.4
-- Found JSONCPP: TRUE  
-- Checking for module 'libzip'
--   Found libzip, version 1.5.1
-- Found ZIP: TRUE  
-- Looking for ignition-common3 -- found version 3.6.0
-- Looking for ignition-msgs5 -- found version 5.3.0
-- Found gazebo_dev: 3.5.0 (/opt/ros/foxy/share/gazebo_dev/cmake)
-- Gazebo version: 11.1
-- Found gazebo_ros: 3.5.0 (/opt/ros/foxy/share/gazebo_ros/cmake)
-- Using all available rosidl_typesupport_c: rosidl_typesupport_fastrtps_c;rosidl_typesupport_introspection_c
-- Found rosidl_adapter: 1.1.0 (/opt/ros/foxy/share/rosidl_adapter/cmake)
-- Found OpenSSL: /usr/lib/x86_64-linux-gnu/libcrypto.so (found version "1.1.1f")  
-- Found FastRTPS: /opt/ros/foxy/include  
-- Using all available rosidl_typesupport_cpp: rosidl_typesupport_fastrtps_cpp;rosidl_typesupport_introspection_cpp
-- Found rmw_implementation_cmake: 1.0.1 (/opt/ros/foxy/share/rmw_implementation_cmake/cmake)
-- Using RMW implementation 'rmw_fastrtps_cpp' as default
-- Found Threads: TRUE  
-- Found gazebo_msgs: 3.5.0 (/opt/ros/foxy/share/gazebo_msgs/cmake)
-- Found Boost: /usr/lib/x86_64-linux-gnu/cmake/Boost-1.71.0/BoostConfig.cmake (found version "1.71.0")  
-- Found Protobuf: /usr/lib/x86_64-linux-gnu/libprotobuf.so;-lpthread (found version "3.6.1") 
-- Looking for ignition-common3 -- found version 3.6.0
-- Found uuv_gazebo_ros_plugins_msgs: 0.0.1 (/home/brenda/RBIM_ws/src/uuv_simulator/install/uuv_gazebo_ros_plugins_msgs/share/uuv_gazebo_ros_plugins_msgs/cmake)
-- PROTOBUF_IMPORT_DIRS = /usr/include/gazebo-11/gazebo/msgs/proto
-- GAZEBO_MSG_INCLUDE_DIRS = /usr/include/gazebo-11/gazebo/msgs
-- Configuring done
-- Generating done
-- Build files have been written to: /home/brenda/RBIM_ws/src/uuv_simulator/build/uuv_gazebo_plugins
[35m[1mScanning dependencies of target uuv_dynamics[0m
[35m[1mScanning dependencies of target uuv_underwater_object_plugin[0m
[  7%] [34m[1mRunning cpp protocol buffer compiler on /home/brenda/RBIM_ws/src/uuv_simulator/uuv_gazebo_plugins/msgs/Double.proto[0m
[ 15%] [34m[1mRunning cpp protocol buffer compiler on /home/brenda/RBIM_ws/src/uuv_simulator/uuv_gazebo_plugins/msgs/Accel.proto[0m
[libprotobuf WARNING google/protobuf/compiler/parser.cc:562] No syntax specified for the proto file: Accel.proto. Please use 'syntax = "proto2";' or 'syntax = "proto3";' to specify a syntax version. (Defaulted to proto2 syntax.)
[libprotobuf WARNING google/protobuf/compiler/parser.cc:562] No syntax specified for the proto file: Double.proto. Please use 'syntax = "proto2";' or 'syntax = "proto3";' to specify a syntax version. (Defaulted to proto2 syntax.)
[35m[1mScanning dependencies of target uuv_gazebo_plugins_msgs[0m
[ 30%] [32mBuilding CXX object CMakeFiles/uuv_gazebo_plugins_msgs.dir/Accel.pb.cc.o[0m
[ 30%] [32mBuilding CXX object CMakeFiles/uuv_gazebo_plugins_msgs.dir/Double.pb.cc.o[0m
[ 38%] [32mBuilding CXX object CMakeFiles/uuv_dynamics.dir/src/Dynamics.cc.o[0m
[ 46%] [32mBuilding CXX object CMakeFiles/uuv_underwater_object_plugin.dir/src/BuoyantObject.cc.o[0m
[ 53%] [32mBuilding CXX object CMakeFiles/uuv_underwater_object_plugin.dir/src/HydrodynamicModel.cc.o[0m
[ 61%] [32m[1mLinking CXX shared library libuuv_gazebo_plugins_msgs.so[0m
[ 61%] Built target uuv_gazebo_plugins_msgs
[ 69%] [32m[1mLinking CXX shared library libuuv_dynamics.so[0m
[ 69%] Built target uuv_dynamics
[35m[1mScanning dependencies of target uuv_thruster_plugin[0m
[ 76%] [32mBuilding CXX object CMakeFiles/uuv_thruster_plugin.dir/src/ThrusterConversionFcn.cc.o[0m
[ 84%] [32mBuilding CXX object CMakeFiles/uuv_thruster_plugin.dir/src/ThrusterPlugin.cpp.o[0m
[01m[K/home/brenda/RBIM_ws/src/uuv_simulator/uuv_gazebo_plugins/src/HydrodynamicModel.cc:214:54:[m[K [01;35m[Kwarning: [m[Kextra ‘[01m[K;[m[K’ [[01;35m[K-Wpedantic[m[K]
  214 |                                    &HMFossen::create)[01;35m[K;[m[K
      |                                                      [01;35m[K^[m[K
[01m[K/home/brenda/RBIM_ws/src/uuv_simulator/uuv_gazebo_plugins/src/HydrodynamicModel.cc:691:54:[m[K [01;35m[Kwarning: [m[Kextra ‘[01m[K;[m[K’ [[01;35m[K-Wpedantic[m[K]
  691 |                                    &HMSphere::create)[01;35m[K;[m[K
      |                                                      [01;35m[K^[m[K
[01m[K/home/brenda/RBIM_ws/src/uuv_simulator/uuv_gazebo_plugins/src/HydrodynamicModel.cc:786:56:[m[K [01;35m[Kwarning: [m[Kextra ‘[01m[K;[m[K’ [[01;35m[K-Wpedantic[m[K]
  786 |                                    &HMCylinder::create)[01;35m[K;[m[K
      |                                                        [01;35m[K^[m[K
[01m[K/home/brenda/RBIM_ws/src/uuv_simulator/uuv_gazebo_plugins/src/HydrodynamicModel.cc:969:56:[m[K [01;35m[Kwarning: [m[Kextra ‘[01m[K;[m[K’ [[01;35m[K-Wpedantic[m[K]
  969 |                                    &HMSpheroid::create)[01;35m[K;[m[K
      |                                                        [01;35m[K^[m[K
[01m[K/home/brenda/RBIM_ws/src/uuv_simulator/uuv_gazebo_plugins/src/HydrodynamicModel.cc:1084:51:[m[K [01;35m[Kwarning: [m[Kextra ‘[01m[K;[m[K’ [[01;35m[K-Wpedantic[m[K]
 1084 |                                    &HMBox::create)[01;35m[K;[m[K
      |                                                   [01;35m[K^[m[K
[ 92%] [32m[1mLinking CXX static library libuuv_underwater_object_plugin.a[0m
[ 92%] Built target uuv_underwater_object_plugin
[01m[K/home/brenda/RBIM_ws/src/uuv_simulator/uuv_gazebo_plugins/src/ThrusterConversionFcn.cc:[m[K In constructor ‘[01m[Kuuv_gazebo::ConversionFunctionLinearInterp::ConversionFunctionLinearInterp(const std::vector<double>&, const std::vector<double>&)[m[K’:
[01m[K/home/brenda/RBIM_ws/src/uuv_simulator/uuv_gazebo_plugins/src/ThrusterConversionFcn.cc:306:21:[m[K [01;35m[Kwarning: [m[Kcomparison of integer expressions of different signedness: ‘[01m[Kint[m[K’ and ‘[01m[Kstd::vector<double>::size_type[m[K’ {aka ‘[01m[Klong unsigned int[m[K’} [[01;35m[K-Wsign-compare[m[K]
  306 |   for (int i = 0; [01;35m[Ki < _input.size()[m[K; i++)
      |                   [01;35m[K~~^~~~~~~~~~~~~~~[m[K
[100%] [32m[1mLinking CXX shared library libuuv_thruster_plugin.so[0m
[100%] Built target uuv_thruster_plugin
-- Install configuration: ""
-- Installing: /home/brenda/RBIM_ws/src/uuv_simulator/install/uuv_gazebo_plugins/share/uuv_gazebo_plugins/environment/library_path.sh
-- Installing: /home/brenda/RBIM_ws/src/uuv_simulator/install/uuv_gazebo_plugins/share/uuv_gazebo_plugins/environment/library_path.dsv
-- Installing: /home/brenda/RBIM_ws/src/uuv_simulator/install/uuv_gazebo_plugins/share/ament_index/resource_index/package_run_dependencies/uuv_gazebo_plugins
-- Installing: /home/brenda/RBIM_ws/src/uuv_simulator/install/uuv_gazebo_plugins/share/ament_index/resource_index/parent_prefix_path/uuv_gazebo_plugins
-- Installing: /home/brenda/RBIM_ws/src/uuv_simulator/install/uuv_gazebo_plugins/share/uuv_gazebo_plugins/environment/ament_prefix_path.sh
-- Installing: /home/brenda/RBIM_ws/src/uuv_simulator/install/uuv_gazebo_plugins/share/uuv_gazebo_plugins/environment/ament_prefix_path.dsv
-- Installing: /home/brenda/RBIM_ws/src/uuv_simulator/install/uuv_gazebo_plugins/share/uuv_gazebo_plugins/environment/path.sh
-- Installing: /home/brenda/RBIM_ws/src/uuv_simulator/install/uuv_gazebo_plugins/share/uuv_gazebo_plugins/environment/path.dsv
-- Installing: /home/brenda/RBIM_ws/src/uuv_simulator/install/uuv_gazebo_plugins/share/uuv_gazebo_plugins/local_setup.bash
-- Installing: /home/brenda/RBIM_ws/src/uuv_simulator/install/uuv_gazebo_plugins/share/uuv_gazebo_plugins/local_setup.sh
-- Installing: /home/brenda/RBIM_ws/src/uuv_simulator/install/uuv_gazebo_plugins/share/uuv_gazebo_plugins/local_setup.zsh
-- Installing: /home/brenda/RBIM_ws/src/uuv_simulator/install/uuv_gazebo_plugins/share/uuv_gazebo_plugins/local_setup.dsv
-- Installing: /home/brenda/RBIM_ws/src/uuv_simulator/install/uuv_gazebo_plugins/share/uuv_gazebo_plugins/package.dsv
-- Installing: /home/brenda/RBIM_ws/src/uuv_simulator/install/uuv_gazebo_plugins/share/ament_index/resource_index/packages/uuv_gazebo_plugins
-- Installing: /home/brenda/RBIM_ws/src/uuv_simulator/install/uuv_gazebo_plugins/share/uuv_gazebo_plugins/cmake/ament_cmake_export_libraries-extras.cmake
-- Installing: /home/brenda/RBIM_ws/src/uuv_simulator/install/uuv_gazebo_plugins/share/uuv_gazebo_plugins/cmake/ament_cmake_export_include_directories-extras.cmake
-- Installing: /home/brenda/RBIM_ws/src/uuv_simulator/install/uuv_gazebo_plugins/share/uuv_gazebo_plugins/cmake/ament_cmake_export_dependencies-extras.cmake
-- Installing: /home/brenda/RBIM_ws/src/uuv_simulator/install/uuv_gazebo_plugins/share/uuv_gazebo_plugins/cmake/uuv_gazebo_pluginsConfig.cmake
-- Installing: /home/brenda/RBIM_ws/src/uuv_simulator/install/uuv_gazebo_plugins/share/uuv_gazebo_plugins/cmake/uuv_gazebo_pluginsConfig-version.cmake
-- Installing: /home/brenda/RBIM_ws/src/uuv_simulator/install/uuv_gazebo_plugins/share/uuv_gazebo_plugins/package.xml
-- Installing: /home/brenda/RBIM_ws/src/uuv_simulator/install/uuv_gazebo_plugins/lib/libuuv_gazebo_plugins_msgs.so
-- Set runtime path of "/home/brenda/RBIM_ws/src/uuv_simulator/install/uuv_gazebo_plugins/lib/libuuv_gazebo_plugins_msgs.so" to ""
-- Installing: /home/brenda/RBIM_ws/src/uuv_simulator/install/uuv_gazebo_plugins/lib/libuuv_dynamics.so
-- Set runtime path of "/home/brenda/RBIM_ws/src/uuv_simulator/install/uuv_gazebo_plugins/lib/libuuv_dynamics.so" to ""
-- Installing: /home/brenda/RBIM_ws/src/uuv_simulator/install/uuv_gazebo_plugins/lib/libuuv_underwater_object_plugin.a
-- Installing: /home/brenda/RBIM_ws/src/uuv_simulator/install/uuv_gazebo_plugins/lib/libuuv_thruster_plugin.so
-- Set runtime path of "/home/brenda/RBIM_ws/src/uuv_simulator/install/uuv_gazebo_plugins/lib/libuuv_thruster_plugin.so" to ""
-- Installing: /home/brenda/RBIM_ws/src/uuv_simulator/install/uuv_gazebo_plugins/include/uuv_gazebo_plugins/
-- Installing: /home/brenda/RBIM_ws/src/uuv_simulator/install/uuv_gazebo_plugins/include/uuv_gazebo_plugins//HydrodynamicModel.hh
-- Installing: /home/brenda/RBIM_ws/src/uuv_simulator/install/uuv_gazebo_plugins/include/uuv_gazebo_plugins//Def.hh
-- Installing: /home/brenda/RBIM_ws/src/uuv_simulator/install/uuv_gazebo_plugins/include/uuv_gazebo_plugins//BuoyantObject.hh
-- Installing: /home/brenda/RBIM_ws/src/uuv_simulator/install/uuv_gazebo_plugins/include/uuv_gazebo_plugins//ThrusterConversionFcn.hh
-- Installing: /home/brenda/RBIM_ws/src/uuv_simulator/install/uuv_gazebo_plugins/include/uuv_gazebo_plugins//FinPlugin.hh
-- Installing: /home/brenda/RBIM_ws/src/uuv_simulator/install/uuv_gazebo_plugins/include/uuv_gazebo_plugins//UmbilicalModel.hh
-- Installing: /home/brenda/RBIM_ws/src/uuv_simulator/install/uuv_gazebo_plugins/include/uuv_gazebo_plugins//Dynamics.hh
-- Installing: /home/brenda/RBIM_ws/src/uuv_simulator/install/uuv_gazebo_plugins/include/uuv_gazebo_plugins//LiftDragModel.hh
-- Installing: /home/brenda/RBIM_ws/src/uuv_simulator/install/uuv_gazebo_plugins/include/uuv_gazebo_plugins//UmbilicalPlugin.hh
-- Up-to-date: /home/brenda/RBIM_ws/src/uuv_simulator/install/uuv_gazebo_plugins/include/
-- Installing: /home/brenda/RBIM_ws/src/uuv_simulator/install/uuv_gazebo_plugins/include//ament_cmake_export_dependencies
-- Installing: /home/brenda/RBIM_ws/src/uuv_simulator/install/uuv_gazebo_plugins/include//ament_cmake_core
-- Installing: /home/brenda/RBIM_ws/src/uuv_simulator/install/uuv_gazebo_plugins/include//ament_cmake_core/stamps
-- Installing: /home/brenda/RBIM_ws/src/uuv_simulator/install/uuv_gazebo_plugins/include//ament_cmake_export_libraries
-- Installing: /home/brenda/RBIM_ws/src/uuv_simulator/install/uuv_gazebo_plugins/include//Accel.pb.h
-- Installing: /home/brenda/RBIM_ws/src/uuv_simulator/install/uuv_gazebo_plugins/include//ament_cmake_export_include_directories
-- Installing: /home/brenda/RBIM_ws/src/uuv_simulator/install/uuv_gazebo_plugins/include//ament_cmake_package_templates
-- Installing: /home/brenda/RBIM_ws/src/uuv_simulator/install/uuv_gazebo_plugins/include//CMakeFiles
-- Installing: /home/brenda/RBIM_ws/src/uuv_simulator/install/uuv_gazebo_plugins/include//CMakeFiles/uuv_underwater_object_plugin.dir
-- Installing: /home/brenda/RBIM_ws/src/uuv_simulator/install/uuv_gazebo_plugins/include//CMakeFiles/uuv_underwater_object_plugin.dir/src
-- Installing: /home/brenda/RBIM_ws/src/uuv_simulator/install/uuv_gazebo_plugins/include//CMakeFiles/3.16.3
-- Installing: /home/brenda/RBIM_ws/src/uuv_simulator/install/uuv_gazebo_plugins/include//CMakeFiles/3.16.3/CompilerIdC
-- Installing: /home/brenda/RBIM_ws/src/uuv_simulator/install/uuv_gazebo_plugins/include//CMakeFiles/3.16.3/CompilerIdC/tmp
-- Installing: /home/brenda/RBIM_ws/src/uuv_simulator/install/uuv_gazebo_plugins/include//CMakeFiles/3.16.3/CompilerIdCXX
-- Installing: /home/brenda/RBIM_ws/src/uuv_simulator/install/uuv_gazebo_plugins/include//CMakeFiles/3.16.3/CompilerIdCXX/tmp
-- Installing: /home/brenda/RBIM_ws/src/uuv_simulator/install/uuv_gazebo_plugins/include//CMakeFiles/uninstall.dir
-- Installing: /home/brenda/RBIM_ws/src/uuv_simulator/install/uuv_gazebo_plugins/include//CMakeFiles/uuv_thruster_plugin.dir
-- Installing: /home/brenda/RBIM_ws/src/uuv_simulator/install/uuv_gazebo_plugins/include//CMakeFiles/uuv_thruster_plugin.dir/src
-- Installing: /home/brenda/RBIM_ws/src/uuv_simulator/install/uuv_gazebo_plugins/include//CMakeFiles/uuv_dynamics.dir
-- Installing: /home/brenda/RBIM_ws/src/uuv_simulator/install/uuv_gazebo_plugins/include//CMakeFiles/uuv_dynamics.dir/src
-- Installing: /home/brenda/RBIM_ws/src/uuv_simulator/install/uuv_gazebo_plugins/include//CMakeFiles/uuv_gazebo_plugins_uninstall.dir
-- Installing: /home/brenda/RBIM_ws/src/uuv_simulator/install/uuv_gazebo_plugins/include//CMakeFiles/uuv_gazebo_plugins_msgs.dir
-- Installing: /home/brenda/RBIM_ws/src/uuv_simulator/install/uuv_gazebo_plugins/include//CMakeFiles/uuv_gazebo_plugins_msgs.dir/Double.pb.cc.o
-- Installing: /home/brenda/RBIM_ws/src/uuv_simulator/install/uuv_gazebo_plugins/include//CMakeFiles/uuv_gazebo_plugins_msgs.dir/Accel.pb.cc.o
-- Installing: /home/brenda/RBIM_ws/src/uuv_simulator/install/uuv_gazebo_plugins/include//CMakeFiles/CMakeTmp
-- Installing: /home/brenda/RBIM_ws/src/uuv_simulator/install/uuv_gazebo_plugins/include//ament_cmake_environment_hooks
-- Installing: /home/brenda/RBIM_ws/src/uuv_simulator/install/uuv_gazebo_plugins/include//Double.pb.h
-- Installing: /home/brenda/RBIM_ws/src/uuv_simulator/install/uuv_gazebo_plugins/include//msgs
-- Installing: /home/brenda/RBIM_ws/src/uuv_simulator/install/uuv_gazebo_plugins/include//Accel.pb.cc
-- Installing: /home/brenda/RBIM_ws/src/uuv_simulator/install/uuv_gazebo_plugins/include//ament_cmake_uninstall_target
-- Installing: /home/brenda/RBIM_ws/src/uuv_simulator/install/uuv_gazebo_plugins/include//Double.pb.cc
-- Installing: /home/brenda/RBIM_ws/src/uuv_simulator/install/uuv_gazebo_plugins/include//ament_cmake_index
-- Installing: /home/brenda/RBIM_ws/src/uuv_simulator/install/uuv_gazebo_plugins/include//ament_cmake_index/share
-- Installing: /home/brenda/RBIM_ws/src/uuv_simulator/install/uuv_gazebo_plugins/include//ament_cmake_index/share/ament_index
-- Installing: /home/brenda/RBIM_ws/src/uuv_simulator/install/uuv_gazebo_plugins/include//ament_cmake_index/share/ament_index/resource_index
-- Installing: /home/brenda/RBIM_ws/src/uuv_simulator/install/uuv_gazebo_plugins/include//ament_cmake_index/share/ament_index/resource_index/package_run_dependencies
-- Installing: /home/brenda/RBIM_ws/src/uuv_simulator/install/uuv_gazebo_plugins/include//ament_cmake_index/share/ament_index/resource_index/parent_prefix_path
-- Installing: /home/brenda/RBIM_ws/src/uuv_simulator/install/uuv_gazebo_plugins/include//ament_cmake_index/share/ament_index/resource_index/packages
