[0.013s] Invoking command in '/home/brenda/RBIM_ws/src/uuv_simulator/build/uuv_gazebo_plugins': AMENT_PREFIX_PATH=/home/brenda/RBIM_ws/src/uuv_simulator/install/uuv_gazebo_ros_plugins_msgs:${AMENT_PREFIX_PATH} CMAKE_PREFIX_PATH=/home/brenda/RBIM_ws/src/uuv_simulator/install/uuv_gazebo_ros_plugins_msgs:/opt/ros/foxy:${CMAKE_PREFIX_PATH} LD_LIBRARY_PATH=/home/brenda/RBIM_ws/src/uuv_simulator/install/uuv_gazebo_ros_plugins_msgs/lib:${LD_LIBRARY_PATH} PYTHONPATH=/home/brenda/RBIM_ws/src/uuv_simulator/install/uuv_gazebo_ros_plugins_msgs/lib/python3.8/site-packages:${PYTHONPATH} /usr/bin/cmake /home/brenda/RBIM_ws/src/uuv_simulator/uuv_gazebo_plugins -DCMAKE_INSTALL_PREFIX=/home/brenda/RBIM_ws/src/uuv_simulator/install/uuv_gazebo_plugins
[0.070s] -- The C compiler identification is GNU 9.3.0
[0.124s] -- The CXX compiler identification is GNU 9.3.0
[0.129s] -- Check for working C compiler: /usr/bin/cc
[0.229s] -- Check for working C compiler: /usr/bin/cc -- works
[0.230s] -- Detecting C compiler ABI info
[0.312s] -- Detecting C compiler ABI info - done
[0.326s] -- Detecting C compile features
[0.327s] -- Detecting C compile features - done
[0.329s] -- Check for working CXX compiler: /usr/bin/c++
[0.402s] -- Check for working CXX compiler: /usr/bin/c++ -- works
[0.403s] -- Detecting CXX compiler ABI info
[0.473s] -- Detecting CXX compiler ABI info - done
[0.484s] -- Detecting CXX compile features
[0.484s] -- Detecting CXX compile features - done
[0.486s] -- Found ament_cmake: 0.9.6 (/opt/ros/foxy/share/ament_cmake/cmake)
[0.506s] -- Found PythonInterp: /usr/bin/python3 (found suitable version "3.8.5", minimum required is "3") 
[0.506s] -- Using PYTHON_EXECUTABLE: /usr/bin/python3
[0.682s] -- Found PkgConfig: /usr/bin/pkg-config (found version "0.29.1") 
[0.686s] -- Checking for module 'bullet>=2.82'
[0.697s] --   Found bullet, version 2.88
[0.789s] -- Found ccd: /usr/include (found suitable version "2.0", minimum required is "2.0") 
[0.831s] -- Found fcl: /usr/include (found suitable version "0.5.0", minimum required is "0.3.2") 
[0.873s] -- Found assimp: /usr/include (found version "5.0.0") 
[0.895s] -- Found DART: /usr/include (Required is at least version "6.6") found components: dart 
[2.184s] -- Found Boost: /usr/lib/x86_64-linux-gnu/cmake/Boost-1.71.0/BoostConfig.cmake (found suitable version "1.71.0", minimum required is "1.40.0") found components: thread system filesystem program_options regex iostreams date_time 
[2.204s] -- Found Protobuf: /usr/lib/x86_64-linux-gnu/libprotobuf.so;-lpthread (found version "3.6.1") 
[2.209s] -- Looking for ignition-math6 -- found version 6.4.0
[2.215s] -- Searching for dependencies of ignition-math6
[2.216s] -- Looking for OGRE...
[2.217s] -- OGRE_PREFIX_WATCH changed.
[2.221s] -- Checking for module 'OGRE'
[2.232s] --   Found OGRE, version 1.9.0
[2.257s] -- Found Ogre Ghadamon (1.9.0)
[2.264s] -- Found OGRE: optimized;/usr/lib/x86_64-linux-gnu/libOgreMain.so;debug;/usr/lib/x86_64-linux-gnu/libOgreMain.so
[2.273s] -- Looking for OGRE_Paging...
[2.280s] -- Found OGRE_Paging: optimized;/usr/lib/x86_64-linux-gnu/libOgrePaging.so;debug;/usr/lib/x86_64-linux-gnu/libOgrePaging.so
[2.280s] -- Looking for OGRE_Terrain...
[2.287s] -- Found OGRE_Terrain: optimized;/usr/lib/x86_64-linux-gnu/libOgreTerrain.so;debug;/usr/lib/x86_64-linux-gnu/libOgreTerrain.so
[2.287s] -- Looking for OGRE_Property...
[2.295s] -- Found OGRE_Property: optimized;/usr/lib/x86_64-linux-gnu/libOgreProperty.so;debug;/usr/lib/x86_64-linux-gnu/libOgreProperty.so
[2.295s] -- Looking for OGRE_RTShaderSystem...
[2.302s] -- Found OGRE_RTShaderSystem: optimized;/usr/lib/x86_64-linux-gnu/libOgreRTShaderSystem.so;debug;/usr/lib/x86_64-linux-gnu/libOgreRTShaderSystem.so
[2.302s] -- Looking for OGRE_Volume...
[2.309s] -- Found OGRE_Volume: optimized;/usr/lib/x86_64-linux-gnu/libOgreVolume.so;debug;/usr/lib/x86_64-linux-gnu/libOgreVolume.so
[2.309s] -- Looking for OGRE_Overlay...
[2.318s] -- Found OGRE_Overlay: optimized;/usr/lib/x86_64-linux-gnu/libOgreOverlay.so;debug;/usr/lib/x86_64-linux-gnu/libOgreOverlay.so
[2.471s] -- Looking for ignition-math6 -- found version 6.4.0
[2.473s] -- Looking for ignition-transport8 -- found version 8.1.0
[2.474s] -- Searching for dependencies of ignition-transport8
[2.491s] -- Found Protobuf: /usr/lib/x86_64-linux-gnu/libprotobuf.so;-lpthread (found suitable version "3.6.1", minimum required is "3") 
[2.500s] -- Config-file not installed for ZeroMQ -- checking for pkg-config
[2.504s] -- Checking for module 'libzmq >= 4'
[2.515s] --   Found libzmq , version 4.3.2
[2.546s] -- Found ZeroMQ: TRUE (Required is at least version "4") 
[2.550s] -- Checking for module 'uuid'
[2.561s] --   Found uuid, version 2.34.0
[2.587s] -- Found UUID: TRUE  
[2.589s] -- Looking for ignition-msgs5 -- found version 5.3.0
[2.590s] -- Searching for dependencies of ignition-msgs5
[2.606s] -- Looking for ignition-math6 -- found version 6.4.0
[2.609s] -- Checking for module 'tinyxml2'
[2.620s] --   Found tinyxml2, version 6.2.0
[2.650s] -- Looking for ignition-msgs5 -- found version 5.3.0
[2.652s] -- Looking for ignition-common3 -- found version 3.6.0
[2.653s] -- Searching for dependencies of ignition-common3
[2.653s] -- Looking for dlfcn.h - found
[2.655s] -- Looking for libdl - found
[2.656s] -- Found DL: TRUE  
[2.661s] -- Searching for <ignition-common3> component [graphics]
[2.665s] -- Looking for ignition-common3-graphics -- found version 3.6.0
[2.665s] -- Searching for dependencies of ignition-common3-graphics
[2.666s] -- Looking for ignition-math6 -- found version 6.4.0
[2.670s] -- Looking for ignition-fuel_tools4 -- found version 4.2.1
[2.671s] -- Searching for dependencies of ignition-fuel_tools4
[2.736s] -- Found CURL: /usr/lib/x86_64-linux-gnu/libcurl.so (found version "7.68.0")  
[2.744s] -- Checking for module 'jsoncpp'
[2.757s] --   Found jsoncpp, version 1.7.4
[2.787s] -- Found JSONCPP: TRUE  
[2.792s] -- Checking for module 'libzip'
[2.805s] --   Found libzip, version 1.5.1
[2.836s] -- Found ZIP: TRUE  
[2.837s] -- Looking for ignition-common3 -- found version 3.6.0
[2.837s] -- Looking for ignition-msgs5 -- found version 5.3.0
[2.839s] -- Found gazebo_dev: 3.5.0 (/opt/ros/foxy/share/gazebo_dev/cmake)
[2.840s] -- Gazebo version: 11.1
[2.841s] -- Found gazebo_ros: 3.5.0 (/opt/ros/foxy/share/gazebo_ros/cmake)
[2.874s] -- Using all available rosidl_typesupport_c: rosidl_typesupport_fastrtps_c;rosidl_typesupport_introspection_c
[2.880s] -- Found rosidl_adapter: 1.1.0 (/opt/ros/foxy/share/rosidl_adapter/cmake)
[2.940s] -- Found OpenSSL: /usr/lib/x86_64-linux-gnu/libcrypto.so (found version "1.1.1f")  
[2.963s] -- Found FastRTPS: /opt/ros/foxy/include  
[3.053s] -- Using all available rosidl_typesupport_cpp: rosidl_typesupport_fastrtps_cpp;rosidl_typesupport_introspection_cpp
[3.115s] -- Found rmw_implementation_cmake: 1.0.1 (/opt/ros/foxy/share/rmw_implementation_cmake/cmake)
[3.117s] -- Using RMW implementation 'rmw_fastrtps_cpp' as default
[3.119s] -- Found Threads: TRUE  
[3.306s] -- Found gazebo_msgs: 3.5.0 (/opt/ros/foxy/share/gazebo_msgs/cmake)
[3.606s] -- Found Boost: /usr/lib/x86_64-linux-gnu/cmake/Boost-1.71.0/BoostConfig.cmake (found version "1.71.0")  
[3.614s] -- Found Protobuf: /usr/lib/x86_64-linux-gnu/libprotobuf.so;-lpthread (found version "3.6.1") 
[3.615s] -- Looking for ignition-common3 -- found version 3.6.0
[3.615s] -- Found uuv_gazebo_ros_plugins_msgs: 0.0.1 (/home/brenda/RBIM_ws/src/uuv_simulator/install/uuv_gazebo_ros_plugins_msgs/share/uuv_gazebo_ros_plugins_msgs/cmake)
[3.707s] -- PROTOBUF_IMPORT_DIRS = /usr/include/gazebo-11/gazebo/msgs/proto
[3.707s] -- GAZEBO_MSG_INCLUDE_DIRS = /usr/include/gazebo-11/gazebo/msgs
[3.853s] -- Configuring done
[3.913s] -- Generating done
[3.916s] -- Build files have been written to: /home/brenda/RBIM_ws/src/uuv_simulator/build/uuv_gazebo_plugins
[3.934s] Invoked command in '/home/brenda/RBIM_ws/src/uuv_simulator/build/uuv_gazebo_plugins' returned '0': AMENT_PREFIX_PATH=/home/brenda/RBIM_ws/src/uuv_simulator/install/uuv_gazebo_ros_plugins_msgs:${AMENT_PREFIX_PATH} CMAKE_PREFIX_PATH=/home/brenda/RBIM_ws/src/uuv_simulator/install/uuv_gazebo_ros_plugins_msgs:/opt/ros/foxy:${CMAKE_PREFIX_PATH} LD_LIBRARY_PATH=/home/brenda/RBIM_ws/src/uuv_simulator/install/uuv_gazebo_ros_plugins_msgs/lib:${LD_LIBRARY_PATH} PYTHONPATH=/home/brenda/RBIM_ws/src/uuv_simulator/install/uuv_gazebo_ros_plugins_msgs/lib/python3.8/site-packages:${PYTHONPATH} /usr/bin/cmake /home/brenda/RBIM_ws/src/uuv_simulator/uuv_gazebo_plugins -DCMAKE_INSTALL_PREFIX=/home/brenda/RBIM_ws/src/uuv_simulator/install/uuv_gazebo_plugins
[3.937s] Invoking command in '/home/brenda/RBIM_ws/src/uuv_simulator/build/uuv_gazebo_plugins': AMENT_PREFIX_PATH=/home/brenda/RBIM_ws/src/uuv_simulator/install/uuv_gazebo_ros_plugins_msgs:${AMENT_PREFIX_PATH} CMAKE_PREFIX_PATH=/home/brenda/RBIM_ws/src/uuv_simulator/install/uuv_gazebo_ros_plugins_msgs:/opt/ros/foxy:${CMAKE_PREFIX_PATH} LD_LIBRARY_PATH=/home/brenda/RBIM_ws/src/uuv_simulator/install/uuv_gazebo_ros_plugins_msgs/lib:${LD_LIBRARY_PATH} PYTHONPATH=/home/brenda/RBIM_ws/src/uuv_simulator/install/uuv_gazebo_ros_plugins_msgs/lib/python3.8/site-packages:${PYTHONPATH} /usr/bin/cmake --build /home/brenda/RBIM_ws/src/uuv_simulator/build/uuv_gazebo_plugins -- -j8 -l8
[3.992s] [35m[1mScanning dependencies of target uuv_dynamics[0m
[3.993s] [35m[1mScanning dependencies of target uuv_underwater_object_plugin[0m
[3.996s] [  7%] [34m[1mRunning cpp protocol buffer compiler on /home/brenda/RBIM_ws/src/uuv_simulator/uuv_gazebo_plugins/msgs/Double.proto[0m
[4.001s] [ 15%] [34m[1mRunning cpp protocol buffer compiler on /home/brenda/RBIM_ws/src/uuv_simulator/uuv_gazebo_plugins/msgs/Accel.proto[0m
[4.006s] [libprotobuf WARNING google/protobuf/compiler/parser.cc:562] No syntax specified for the proto file: Accel.proto. Please use 'syntax = "proto2";' or 'syntax = "proto3";' to specify a syntax version. (Defaulted to proto2 syntax.)
[4.007s] [libprotobuf WARNING google/protobuf/compiler/parser.cc:562] No syntax specified for the proto file: Double.proto. Please use 'syntax = "proto2";' or 'syntax = "proto3";' to specify a syntax version. (Defaulted to proto2 syntax.)
[4.187s] [35m[1mScanning dependencies of target uuv_gazebo_plugins_msgs[0m
[4.230s] [ 30%] [32mBuilding CXX object CMakeFiles/uuv_gazebo_plugins_msgs.dir/Accel.pb.cc.o[0m
[4.230s] [ 30%] [32mBuilding CXX object CMakeFiles/uuv_gazebo_plugins_msgs.dir/Double.pb.cc.o[0m
[4.470s] [ 38%] [32mBuilding CXX object CMakeFiles/uuv_dynamics.dir/src/Dynamics.cc.o[0m
[4.527s] [ 46%] [32mBuilding CXX object CMakeFiles/uuv_underwater_object_plugin.dir/src/BuoyantObject.cc.o[0m
[4.527s] [ 53%] [32mBuilding CXX object CMakeFiles/uuv_underwater_object_plugin.dir/src/HydrodynamicModel.cc.o[0m
[6.227s] [ 61%] [32m[1mLinking CXX shared library libuuv_gazebo_plugins_msgs.so[0m
[6.404s] [ 61%] Built target uuv_gazebo_plugins_msgs
[20.403s] [ 69%] [32m[1mLinking CXX shared library libuuv_dynamics.so[0m
[20.650s] [ 69%] Built target uuv_dynamics
[20.665s] [35m[1mScanning dependencies of target uuv_thruster_plugin[0m
[21.192s] [ 76%] [32mBuilding CXX object CMakeFiles/uuv_thruster_plugin.dir/src/ThrusterConversionFcn.cc.o[0m
[21.199s] [ 84%] [32mBuilding CXX object CMakeFiles/uuv_thruster_plugin.dir/src/ThrusterPlugin.cpp.o[0m
[23.325s] [01m[K/home/brenda/RBIM_ws/src/uuv_simulator/uuv_gazebo_plugins/src/HydrodynamicModel.cc:214:54:[m[K [01;35m[Kwarning: [m[Kextra ‘[01m[K;[m[K’ [[01;35m[K-Wpedantic[m[K]
[23.325s]   214 |                                    &HMFossen::create)[01;35m[K;[m[K
[23.325s]       |                                                      [01;35m[K^[m[K
[23.497s] [01m[K/home/brenda/RBIM_ws/src/uuv_simulator/uuv_gazebo_plugins/src/HydrodynamicModel.cc:691:54:[m[K [01;35m[Kwarning: [m[Kextra ‘[01m[K;[m[K’ [[01;35m[K-Wpedantic[m[K]
[23.498s]   691 |                                    &HMSphere::create)[01;35m[K;[m[K
[23.498s]       |                                                      [01;35m[K^[m[K
[23.504s] [01m[K/home/brenda/RBIM_ws/src/uuv_simulator/uuv_gazebo_plugins/src/HydrodynamicModel.cc:786:56:[m[K [01;35m[Kwarning: [m[Kextra ‘[01m[K;[m[K’ [[01;35m[K-Wpedantic[m[K]
[23.504s]   786 |                                    &HMCylinder::create)[01;35m[K;[m[K
[23.504s]       |                                                        [01;35m[K^[m[K
[23.515s] [01m[K/home/brenda/RBIM_ws/src/uuv_simulator/uuv_gazebo_plugins/src/HydrodynamicModel.cc:969:56:[m[K [01;35m[Kwarning: [m[Kextra ‘[01m[K;[m[K’ [[01;35m[K-Wpedantic[m[K]
[23.515s]   969 |                                    &HMSpheroid::create)[01;35m[K;[m[K
[23.515s]       |                                                        [01;35m[K^[m[K
[23.524s] [01m[K/home/brenda/RBIM_ws/src/uuv_simulator/uuv_gazebo_plugins/src/HydrodynamicModel.cc:1084:51:[m[K [01;35m[Kwarning: [m[Kextra ‘[01m[K;[m[K’ [[01;35m[K-Wpedantic[m[K]
[23.524s]  1084 |                                    &HMBox::create)[01;35m[K;[m[K
[23.524s]       |                                                   [01;35m[K^[m[K
[27.042s] [ 92%] [32m[1mLinking CXX static library libuuv_underwater_object_plugin.a[0m
[27.181s] [ 92%] Built target uuv_underwater_object_plugin
[27.367s] [01m[K/home/brenda/RBIM_ws/src/uuv_simulator/uuv_gazebo_plugins/src/ThrusterConversionFcn.cc:[m[K In constructor ‘[01m[Kuuv_gazebo::ConversionFunctionLinearInterp::ConversionFunctionLinearInterp(const std::vector<double>&, const std::vector<double>&)[m[K’:
[27.367s] [01m[K/home/brenda/RBIM_ws/src/uuv_simulator/uuv_gazebo_plugins/src/ThrusterConversionFcn.cc:306:21:[m[K [01;35m[Kwarning: [m[Kcomparison of integer expressions of different signedness: ‘[01m[Kint[m[K’ and ‘[01m[Kstd::vector<double>::size_type[m[K’ {aka ‘[01m[Klong unsigned int[m[K’} [[01;35m[K-Wsign-compare[m[K]
[27.367s]   306 |   for (int i = 0; [01;35m[Ki < _input.size()[m[K; i++)
[27.368s]       |                   [01;35m[K~~^~~~~~~~~~~~~~~[m[K
[38.140s] [100%] [32m[1mLinking CXX shared library libuuv_thruster_plugin.so[0m
[39.144s] [100%] Built target uuv_thruster_plugin
[39.153s] Invoked command in '/home/brenda/RBIM_ws/src/uuv_simulator/build/uuv_gazebo_plugins' returned '0': AMENT_PREFIX_PATH=/home/brenda/RBIM_ws/src/uuv_simulator/install/uuv_gazebo_ros_plugins_msgs:${AMENT_PREFIX_PATH} CMAKE_PREFIX_PATH=/home/brenda/RBIM_ws/src/uuv_simulator/install/uuv_gazebo_ros_plugins_msgs:/opt/ros/foxy:${CMAKE_PREFIX_PATH} LD_LIBRARY_PATH=/home/brenda/RBIM_ws/src/uuv_simulator/install/uuv_gazebo_ros_plugins_msgs/lib:${LD_LIBRARY_PATH} PYTHONPATH=/home/brenda/RBIM_ws/src/uuv_simulator/install/uuv_gazebo_ros_plugins_msgs/lib/python3.8/site-packages:${PYTHONPATH} /usr/bin/cmake --build /home/brenda/RBIM_ws/src/uuv_simulator/build/uuv_gazebo_plugins -- -j8 -l8
[39.183s] Invoking command in '/home/brenda/RBIM_ws/src/uuv_simulator/build/uuv_gazebo_plugins': AMENT_PREFIX_PATH=/home/brenda/RBIM_ws/src/uuv_simulator/install/uuv_gazebo_ros_plugins_msgs:${AMENT_PREFIX_PATH} CMAKE_PREFIX_PATH=/home/brenda/RBIM_ws/src/uuv_simulator/install/uuv_gazebo_ros_plugins_msgs:/opt/ros/foxy:${CMAKE_PREFIX_PATH} LD_LIBRARY_PATH=/home/brenda/RBIM_ws/src/uuv_simulator/install/uuv_gazebo_ros_plugins_msgs/lib:${LD_LIBRARY_PATH} PYTHONPATH=/home/brenda/RBIM_ws/src/uuv_simulator/install/uuv_gazebo_ros_plugins_msgs/lib/python3.8/site-packages:${PYTHONPATH} /usr/bin/cmake --install /home/brenda/RBIM_ws/src/uuv_simulator/build/uuv_gazebo_plugins
[39.192s] -- Install configuration: ""
[39.192s] -- Installing: /home/brenda/RBIM_ws/src/uuv_simulator/install/uuv_gazebo_plugins/share/uuv_gazebo_plugins/environment/library_path.sh
[39.192s] -- Installing: /home/brenda/RBIM_ws/src/uuv_simulator/install/uuv_gazebo_plugins/share/uuv_gazebo_plugins/environment/library_path.dsv
[39.193s] -- Installing: /home/brenda/RBIM_ws/src/uuv_simulator/install/uuv_gazebo_plugins/share/ament_index/resource_index/package_run_dependencies/uuv_gazebo_plugins
[39.193s] -- Installing: /home/brenda/RBIM_ws/src/uuv_simulator/install/uuv_gazebo_plugins/share/ament_index/resource_index/parent_prefix_path/uuv_gazebo_plugins
[39.193s] -- Installing: /home/brenda/RBIM_ws/src/uuv_simulator/install/uuv_gazebo_plugins/share/uuv_gazebo_plugins/environment/ament_prefix_path.sh
[39.193s] -- Installing: /home/brenda/RBIM_ws/src/uuv_simulator/install/uuv_gazebo_plugins/share/uuv_gazebo_plugins/environment/ament_prefix_path.dsv
[39.193s] -- Installing: /home/brenda/RBIM_ws/src/uuv_simulator/install/uuv_gazebo_plugins/share/uuv_gazebo_plugins/environment/path.sh
[39.193s] -- Installing: /home/brenda/RBIM_ws/src/uuv_simulator/install/uuv_gazebo_plugins/share/uuv_gazebo_plugins/environment/path.dsv
[39.193s] -- Installing: /home/brenda/RBIM_ws/src/uuv_simulator/install/uuv_gazebo_plugins/share/uuv_gazebo_plugins/local_setup.bash
[39.193s] -- Installing: /home/brenda/RBIM_ws/src/uuv_simulator/install/uuv_gazebo_plugins/share/uuv_gazebo_plugins/local_setup.sh
[39.194s] -- Installing: /home/brenda/RBIM_ws/src/uuv_simulator/install/uuv_gazebo_plugins/share/uuv_gazebo_plugins/local_setup.zsh
[39.194s] -- Installing: /home/brenda/RBIM_ws/src/uuv_simulator/install/uuv_gazebo_plugins/share/uuv_gazebo_plugins/local_setup.dsv
[39.194s] -- Installing: /home/brenda/RBIM_ws/src/uuv_simulator/install/uuv_gazebo_plugins/share/uuv_gazebo_plugins/package.dsv
[39.194s] -- Installing: /home/brenda/RBIM_ws/src/uuv_simulator/install/uuv_gazebo_plugins/share/ament_index/resource_index/packages/uuv_gazebo_plugins
[39.194s] -- Installing: /home/brenda/RBIM_ws/src/uuv_simulator/install/uuv_gazebo_plugins/share/uuv_gazebo_plugins/cmake/ament_cmake_export_libraries-extras.cmake
[39.194s] -- Installing: /home/brenda/RBIM_ws/src/uuv_simulator/install/uuv_gazebo_plugins/share/uuv_gazebo_plugins/cmake/ament_cmake_export_include_directories-extras.cmake
[39.194s] -- Installing: /home/brenda/RBIM_ws/src/uuv_simulator/install/uuv_gazebo_plugins/share/uuv_gazebo_plugins/cmake/ament_cmake_export_dependencies-extras.cmake
[39.194s] -- Installing: /home/brenda/RBIM_ws/src/uuv_simulator/install/uuv_gazebo_plugins/share/uuv_gazebo_plugins/cmake/uuv_gazebo_pluginsConfig.cmake
[39.194s] -- Installing: /home/brenda/RBIM_ws/src/uuv_simulator/install/uuv_gazebo_plugins/share/uuv_gazebo_plugins/cmake/uuv_gazebo_pluginsConfig-version.cmake
[39.195s] -- Installing: /home/brenda/RBIM_ws/src/uuv_simulator/install/uuv_gazebo_plugins/share/uuv_gazebo_plugins/package.xml
[39.195s] -- Installing: /home/brenda/RBIM_ws/src/uuv_simulator/install/uuv_gazebo_plugins/lib/libuuv_gazebo_plugins_msgs.so
[39.195s] -- Set runtime path of "/home/brenda/RBIM_ws/src/uuv_simulator/install/uuv_gazebo_plugins/lib/libuuv_gazebo_plugins_msgs.so" to ""
[39.195s] -- Installing: /home/brenda/RBIM_ws/src/uuv_simulator/install/uuv_gazebo_plugins/lib/libuuv_dynamics.so
[39.195s] -- Set runtime path of "/home/brenda/RBIM_ws/src/uuv_simulator/install/uuv_gazebo_plugins/lib/libuuv_dynamics.so" to ""
[39.195s] -- Installing: /home/brenda/RBIM_ws/src/uuv_simulator/install/uuv_gazebo_plugins/lib/libuuv_underwater_object_plugin.a
[39.198s] -- Installing: /home/brenda/RBIM_ws/src/uuv_simulator/install/uuv_gazebo_plugins/lib/libuuv_thruster_plugin.so
[39.204s] -- Set runtime path of "/home/brenda/RBIM_ws/src/uuv_simulator/install/uuv_gazebo_plugins/lib/libuuv_thruster_plugin.so" to ""
[39.204s] -- Installing: /home/brenda/RBIM_ws/src/uuv_simulator/install/uuv_gazebo_plugins/include/uuv_gazebo_plugins/
[39.205s] -- Installing: /home/brenda/RBIM_ws/src/uuv_simulator/install/uuv_gazebo_plugins/include/uuv_gazebo_plugins//HydrodynamicModel.hh
[39.205s] -- Installing: /home/brenda/RBIM_ws/src/uuv_simulator/install/uuv_gazebo_plugins/include/uuv_gazebo_plugins//Def.hh
[39.205s] -- Installing: /home/brenda/RBIM_ws/src/uuv_simulator/install/uuv_gazebo_plugins/include/uuv_gazebo_plugins//BuoyantObject.hh
[39.205s] -- Installing: /home/brenda/RBIM_ws/src/uuv_simulator/install/uuv_gazebo_plugins/include/uuv_gazebo_plugins//ThrusterConversionFcn.hh
[39.205s] -- Installing: /home/brenda/RBIM_ws/src/uuv_simulator/install/uuv_gazebo_plugins/include/uuv_gazebo_plugins//FinPlugin.hh
[39.205s] -- Installing: /home/brenda/RBIM_ws/src/uuv_simulator/install/uuv_gazebo_plugins/include/uuv_gazebo_plugins//UmbilicalModel.hh
[39.205s] -- Installing: /home/brenda/RBIM_ws/src/uuv_simulator/install/uuv_gazebo_plugins/include/uuv_gazebo_plugins//Dynamics.hh
[39.205s] -- Installing: /home/brenda/RBIM_ws/src/uuv_simulator/install/uuv_gazebo_plugins/include/uuv_gazebo_plugins//LiftDragModel.hh
[39.214s] -- Installing: /home/brenda/RBIM_ws/src/uuv_simulator/install/uuv_gazebo_plugins/include/uuv_gazebo_plugins//UmbilicalPlugin.hh
[39.215s] -- Up-to-date: /home/brenda/RBIM_ws/src/uuv_simulator/install/uuv_gazebo_plugins/include/
[39.215s] -- Installing: /home/brenda/RBIM_ws/src/uuv_simulator/install/uuv_gazebo_plugins/include//ament_cmake_export_dependencies
[39.215s] -- Installing: /home/brenda/RBIM_ws/src/uuv_simulator/install/uuv_gazebo_plugins/include//ament_cmake_core
[39.215s] -- Installing: /home/brenda/RBIM_ws/src/uuv_simulator/install/uuv_gazebo_plugins/include//ament_cmake_core/stamps
[39.215s] -- Installing: /home/brenda/RBIM_ws/src/uuv_simulator/install/uuv_gazebo_plugins/include//ament_cmake_export_libraries
[39.215s] -- Installing: /home/brenda/RBIM_ws/src/uuv_simulator/install/uuv_gazebo_plugins/include//Accel.pb.h
[39.216s] -- Installing: /home/brenda/RBIM_ws/src/uuv_simulator/install/uuv_gazebo_plugins/include//ament_cmake_export_include_directories
[39.216s] -- Installing: /home/brenda/RBIM_ws/src/uuv_simulator/install/uuv_gazebo_plugins/include//ament_cmake_package_templates
[39.216s] -- Installing: /home/brenda/RBIM_ws/src/uuv_simulator/install/uuv_gazebo_plugins/include//CMakeFiles
[39.216s] -- Installing: /home/brenda/RBIM_ws/src/uuv_simulator/install/uuv_gazebo_plugins/include//CMakeFiles/uuv_underwater_object_plugin.dir
[39.216s] -- Installing: /home/brenda/RBIM_ws/src/uuv_simulator/install/uuv_gazebo_plugins/include//CMakeFiles/uuv_underwater_object_plugin.dir/src
[39.216s] -- Installing: /home/brenda/RBIM_ws/src/uuv_simulator/install/uuv_gazebo_plugins/include//CMakeFiles/3.16.3
[39.216s] -- Installing: /home/brenda/RBIM_ws/src/uuv_simulator/install/uuv_gazebo_plugins/include//CMakeFiles/3.16.3/CompilerIdC
[39.216s] -- Installing: /home/brenda/RBIM_ws/src/uuv_simulator/install/uuv_gazebo_plugins/include//CMakeFiles/3.16.3/CompilerIdC/tmp
[39.216s] -- Installing: /home/brenda/RBIM_ws/src/uuv_simulator/install/uuv_gazebo_plugins/include//CMakeFiles/3.16.3/CompilerIdCXX
[39.217s] -- Installing: /home/brenda/RBIM_ws/src/uuv_simulator/install/uuv_gazebo_plugins/include//CMakeFiles/3.16.3/CompilerIdCXX/tmp
[39.217s] -- Installing: /home/brenda/RBIM_ws/src/uuv_simulator/install/uuv_gazebo_plugins/include//CMakeFiles/uninstall.dir
[39.217s] -- Installing: /home/brenda/RBIM_ws/src/uuv_simulator/install/uuv_gazebo_plugins/include//CMakeFiles/uuv_thruster_plugin.dir
[39.217s] -- Installing: /home/brenda/RBIM_ws/src/uuv_simulator/install/uuv_gazebo_plugins/include//CMakeFiles/uuv_thruster_plugin.dir/src
[39.217s] -- Installing: /home/brenda/RBIM_ws/src/uuv_simulator/install/uuv_gazebo_plugins/include//CMakeFiles/uuv_dynamics.dir
[39.217s] -- Installing: /home/brenda/RBIM_ws/src/uuv_simulator/install/uuv_gazebo_plugins/include//CMakeFiles/uuv_dynamics.dir/src
[39.217s] -- Installing: /home/brenda/RBIM_ws/src/uuv_simulator/install/uuv_gazebo_plugins/include//CMakeFiles/uuv_gazebo_plugins_uninstall.dir
[39.217s] -- Installing: /home/brenda/RBIM_ws/src/uuv_simulator/install/uuv_gazebo_plugins/include//CMakeFiles/uuv_gazebo_plugins_msgs.dir
[39.217s] -- Installing: /home/brenda/RBIM_ws/src/uuv_simulator/install/uuv_gazebo_plugins/include//CMakeFiles/uuv_gazebo_plugins_msgs.dir/Double.pb.cc.o
[39.217s] -- Installing: /home/brenda/RBIM_ws/src/uuv_simulator/install/uuv_gazebo_plugins/include//CMakeFiles/uuv_gazebo_plugins_msgs.dir/Accel.pb.cc.o
[39.217s] -- Installing: /home/brenda/RBIM_ws/src/uuv_simulator/install/uuv_gazebo_plugins/include//CMakeFiles/CMakeTmp
[39.217s] -- Installing: /home/brenda/RBIM_ws/src/uuv_simulator/install/uuv_gazebo_plugins/include//ament_cmake_environment_hooks
[39.217s] -- Installing: /home/brenda/RBIM_ws/src/uuv_simulator/install/uuv_gazebo_plugins/include//Double.pb.h
[39.217s] -- Installing: /home/brenda/RBIM_ws/src/uuv_simulator/install/uuv_gazebo_plugins/include//msgs
[39.218s] -- Installing: /home/brenda/RBIM_ws/src/uuv_simulator/install/uuv_gazebo_plugins/include//Accel.pb.cc
[39.218s] -- Installing: /home/brenda/RBIM_ws/src/uuv_simulator/install/uuv_gazebo_plugins/include//ament_cmake_uninstall_target
[39.218s] -- Installing: /home/brenda/RBIM_ws/src/uuv_simulator/install/uuv_gazebo_plugins/include//Double.pb.cc
[39.218s] -- Installing: /home/brenda/RBIM_ws/src/uuv_simulator/install/uuv_gazebo_plugins/include//ament_cmake_index
[39.220s] -- Installing: /home/brenda/RBIM_ws/src/uuv_simulator/install/uuv_gazebo_plugins/include//ament_cmake_index/share
[39.220s] -- Installing: /home/brenda/RBIM_ws/src/uuv_simulator/install/uuv_gazebo_plugins/include//ament_cmake_index/share/ament_index
[39.220s] -- Installing: /home/brenda/RBIM_ws/src/uuv_simulator/install/uuv_gazebo_plugins/include//ament_cmake_index/share/ament_index/resource_index
[39.220s] -- Installing: /home/brenda/RBIM_ws/src/uuv_simulator/install/uuv_gazebo_plugins/include//ament_cmake_index/share/ament_index/resource_index/package_run_dependencies
[39.220s] -- Installing: /home/brenda/RBIM_ws/src/uuv_simulator/install/uuv_gazebo_plugins/include//ament_cmake_index/share/ament_index/resource_index/parent_prefix_path
[39.220s] -- Installing: /home/brenda/RBIM_ws/src/uuv_simulator/install/uuv_gazebo_plugins/include//ament_cmake_index/share/ament_index/resource_index/packages
[39.220s] Invoked command in '/home/brenda/RBIM_ws/src/uuv_simulator/build/uuv_gazebo_plugins' returned '0': AMENT_PREFIX_PATH=/home/brenda/RBIM_ws/src/uuv_simulator/install/uuv_gazebo_ros_plugins_msgs:${AMENT_PREFIX_PATH} CMAKE_PREFIX_PATH=/home/brenda/RBIM_ws/src/uuv_simulator/install/uuv_gazebo_ros_plugins_msgs:/opt/ros/foxy:${CMAKE_PREFIX_PATH} LD_LIBRARY_PATH=/home/brenda/RBIM_ws/src/uuv_simulator/install/uuv_gazebo_ros_plugins_msgs/lib:${LD_LIBRARY_PATH} PYTHONPATH=/home/brenda/RBIM_ws/src/uuv_simulator/install/uuv_gazebo_ros_plugins_msgs/lib/python3.8/site-packages:${PYTHONPATH} /usr/bin/cmake --install /home/brenda/RBIM_ws/src/uuv_simulator/build/uuv_gazebo_plugins
