[0.062s] Invoking command in '/home/brenda/RBIM_ws/src/uuv_simulator/build/uuv_gazebo_worlds': CMAKE_PREFIX_PATH=/opt/ros/foxy:${CMAKE_PREFIX_PATH} /usr/bin/cmake --build /home/brenda/RBIM_ws/src/uuv_simulator/build/uuv_gazebo_worlds -- -j8 -l8
[0.138s] -- Found ament_cmake: 0.9.6 (/opt/ros/foxy/share/ament_cmake/cmake)
[0.173s] -- Using PYTHON_EXECUTABLE: /usr/bin/python3
[0.479s] -- Override CMake install command with custom implementation using symlinks instead of copying resources
[0.488s] -- Found gazebo_dev: 3.5.0 (/opt/ros/foxy/share/gazebo_dev/cmake)
[0.550s] -- Found DART: /usr/include (Required is at least version "6.6") found components: dart 
[0.588s] -- Found Protobuf: /usr/lib/x86_64-linux-gnu/libprotobuf.so;-lpthread (found version "3.6.1") 
[0.595s] -- Looking for ignition-math6 -- found version 6.4.0
[0.597s] -- Searching for dependencies of ignition-math6
[0.599s] -- Looking for OGRE...
[0.606s] -- Found Ogre Ghadamon (1.9.0)
[0.607s] -- Found OGRE: optimized;/usr/lib/x86_64-linux-gnu/libOgreMain.so;debug;/usr/lib/x86_64-linux-gnu/libOgreMain.so
[0.618s] -- Looking for OGRE_Paging...
[0.619s] -- Found OGRE_Paging: optimized;/usr/lib/x86_64-linux-gnu/libOgrePaging.so;debug;/usr/lib/x86_64-linux-gnu/libOgrePaging.so
[0.619s] -- Looking for OGRE_Terrain...
[0.619s] -- Found OGRE_Terrain: optimized;/usr/lib/x86_64-linux-gnu/libOgreTerrain.so;debug;/usr/lib/x86_64-linux-gnu/libOgreTerrain.so
[0.620s] -- Looking for OGRE_Property...
[0.620s] -- Found OGRE_Property: optimized;/usr/lib/x86_64-linux-gnu/libOgreProperty.so;debug;/usr/lib/x86_64-linux-gnu/libOgreProperty.so
[0.620s] -- Looking for OGRE_RTShaderSystem...
[0.620s] -- Found OGRE_RTShaderSystem: optimized;/usr/lib/x86_64-linux-gnu/libOgreRTShaderSystem.so;debug;/usr/lib/x86_64-linux-gnu/libOgreRTShaderSystem.so
[0.620s] -- Looking for OGRE_Volume...
[0.620s] -- Found OGRE_Volume: optimized;/usr/lib/x86_64-linux-gnu/libOgreVolume.so;debug;/usr/lib/x86_64-linux-gnu/libOgreVolume.so
[0.620s] -- Looking for OGRE_Overlay...
[0.620s] -- Found OGRE_Overlay: optimized;/usr/lib/x86_64-linux-gnu/libOgreOverlay.so;debug;/usr/lib/x86_64-linux-gnu/libOgreOverlay.so
[0.859s] -- Looking for ignition-math6 -- found version 6.4.0
[0.860s] -- Looking for ignition-transport8 -- found version 8.1.0
[0.861s] -- Searching for dependencies of ignition-transport8
[0.885s] -- Found Protobuf: /usr/lib/x86_64-linux-gnu/libprotobuf.so;-lpthread (found suitable version "3.6.1", minimum required is "3") 
[0.901s] -- Config-file not installed for ZeroMQ -- checking for pkg-config
[0.906s] -- Checking for module 'libzmq >= 4'
[0.925s] --   Found libzmq , version 4.3.2
[0.976s] -- Checking for module 'uuid'
[0.994s] --   Found uuid, version 2.34.0
[1.030s] -- Looking for ignition-msgs5 -- found version 5.3.0
[1.030s] -- Searching for dependencies of ignition-msgs5
[1.050s] -- Looking for ignition-math6 -- found version 6.4.0
[1.056s] -- Checking for module 'tinyxml2'
[1.075s] --   Found tinyxml2, version 6.2.0
[1.114s] -- Looking for ignition-msgs5 -- found version 5.3.0
[1.115s] -- Looking for ignition-common3 -- found version 3.6.0
[1.115s] -- Searching for dependencies of ignition-common3
[1.115s] -- Looking for dlfcn.h - found
[1.115s] -- Looking for libdl - found
[1.123s] -- Searching for <ignition-common3> component [graphics]
[1.123s] -- Looking for ignition-common3-graphics -- found version 3.6.0
[1.124s] -- Searching for dependencies of ignition-common3-graphics
[1.124s] -- Looking for ignition-math6 -- found version 6.4.0
[1.126s] -- Looking for ignition-fuel_tools4 -- found version 4.2.1
[1.126s] -- Searching for dependencies of ignition-fuel_tools4
[1.158s] -- Checking for module 'jsoncpp'
[1.172s] --   Found jsoncpp, version 1.7.4
[1.217s] -- Checking for module 'libzip'
[1.233s] --   Found libzip, version 1.5.1
[1.285s] -- Looking for ignition-common3 -- found version 3.6.0
[1.285s] -- Looking for ignition-msgs5 -- found version 5.3.0
[1.285s] -- Gazebo version: 11.1
[1.285s] -- Found gazebo_ros: 3.5.0 (/opt/ros/foxy/share/gazebo_ros/cmake)
[1.323s] -- Using all available rosidl_typesupport_c: rosidl_typesupport_fastrtps_c;rosidl_typesupport_introspection_c
[1.328s] -- Found rosidl_adapter: 1.1.0 (/opt/ros/foxy/share/rosidl_adapter/cmake)
[1.475s] -- Using all available rosidl_typesupport_cpp: rosidl_typesupport_fastrtps_cpp;rosidl_typesupport_introspection_cpp
[1.530s] -- Found rmw_implementation_cmake: 1.0.1 (/opt/ros/foxy/share/rmw_implementation_cmake/cmake)
[1.532s] -- Using RMW implementation 'rmw_fastrtps_cpp' as default
[1.790s] -- Configuring done
[1.833s] -- Generating done
[1.840s] -- Build files have been written to: /home/brenda/RBIM_ws/src/uuv_simulator/build/uuv_gazebo_worlds
[1.874s] Invoked command in '/home/brenda/RBIM_ws/src/uuv_simulator/build/uuv_gazebo_worlds' returned '0': CMAKE_PREFIX_PATH=/opt/ros/foxy:${CMAKE_PREFIX_PATH} /usr/bin/cmake --build /home/brenda/RBIM_ws/src/uuv_simulator/build/uuv_gazebo_worlds -- -j8 -l8
[1.899s] Invoking command in '/home/brenda/RBIM_ws/src/uuv_simulator/build/uuv_gazebo_worlds': CMAKE_PREFIX_PATH=/opt/ros/foxy:${CMAKE_PREFIX_PATH} /usr/bin/cmake --install /home/brenda/RBIM_ws/src/uuv_simulator/build/uuv_gazebo_worlds
[1.906s] -- Install configuration: ""
[1.907s] -- Execute custom install script
[1.907s] -- Up-to-date symlink: /home/brenda/RBIM_ws/src/uuv_simulator/install/uuv_gazebo_worlds/share/uuv_gazebo_worlds/launch/empty_underwater_world.launch.py
[1.908s] -- Up-to-date symlink: /home/brenda/RBIM_ws/src/uuv_simulator/install/uuv_gazebo_worlds/share/uuv_gazebo_worlds/media/materials/programs/SimpleWaves.frag
[1.908s] -- Up-to-date symlink: /home/brenda/RBIM_ws/src/uuv_simulator/install/uuv_gazebo_worlds/share/uuv_gazebo_worlds/media/materials/programs/SimpleWaves.vert
[1.908s] -- Up-to-date symlink: /home/brenda/RBIM_ws/src/uuv_simulator/install/uuv_gazebo_worlds/share/uuv_gazebo_worlds/media/materials/scripts/fiducials.material
[1.909s] -- Up-to-date symlink: /home/brenda/RBIM_ws/src/uuv_simulator/install/uuv_gazebo_worlds/share/uuv_gazebo_worlds/media/materials/scripts/sand.material
[1.909s] -- Up-to-date symlink: /home/brenda/RBIM_ws/src/uuv_simulator/install/uuv_gazebo_worlds/share/uuv_gazebo_worlds/media/materials/scripts/water.material
[1.909s] -- Up-to-date symlink: /home/brenda/RBIM_ws/src/uuv_simulator/install/uuv_gazebo_worlds/share/uuv_gazebo_worlds/media/materials/scripts/waves.material
[1.909s] -- Up-to-date symlink: /home/brenda/RBIM_ws/src/uuv_simulator/install/uuv_gazebo_worlds/share/uuv_gazebo_worlds/media/materials/textures/License and source for textures.txt
[1.909s] -- Up-to-date symlink: /home/brenda/RBIM_ws/src/uuv_simulator/install/uuv_gazebo_worlds/share/uuv_gazebo_worlds/media/materials/textures/clouds.jpg
[1.909s] -- Up-to-date symlink: /home/brenda/RBIM_ws/src/uuv_simulator/install/uuv_gazebo_worlds/share/uuv_gazebo_worlds/media/materials/textures/clouds_bk.jpg
[1.910s] -- Up-to-date symlink: /home/brenda/RBIM_ws/src/uuv_simulator/install/uuv_gazebo_worlds/share/uuv_gazebo_worlds/media/materials/textures/clouds_dn.jpg
[1.910s] -- Up-to-date symlink: /home/brenda/RBIM_ws/src/uuv_simulator/install/uuv_gazebo_worlds/share/uuv_gazebo_worlds/media/materials/textures/clouds_fr.jpg
[1.910s] -- Up-to-date symlink: /home/brenda/RBIM_ws/src/uuv_simulator/install/uuv_gazebo_worlds/share/uuv_gazebo_worlds/media/materials/textures/clouds_lf.jpg
[1.910s] -- Up-to-date symlink: /home/brenda/RBIM_ws/src/uuv_simulator/install/uuv_gazebo_worlds/share/uuv_gazebo_worlds/media/materials/textures/clouds_rt.jpg
[1.910s] -- Up-to-date symlink: /home/brenda/RBIM_ws/src/uuv_simulator/install/uuv_gazebo_worlds/share/uuv_gazebo_worlds/media/materials/textures/clouds_up.jpg
[1.910s] -- Up-to-date symlink: /home/brenda/RBIM_ws/src/uuv_simulator/install/uuv_gazebo_worlds/share/uuv_gazebo_worlds/media/materials/textures/fiducials/License and source for textures.txt
[1.911s] -- Up-to-date symlink: /home/brenda/RBIM_ws/src/uuv_simulator/install/uuv_gazebo_worlds/share/uuv_gazebo_worlds/media/materials/textures/fiducials/aruco_1.png
[1.911s] -- Up-to-date symlink: /home/brenda/RBIM_ws/src/uuv_simulator/install/uuv_gazebo_worlds/share/uuv_gazebo_worlds/media/materials/textures/fiducials/aruco_2.png
[1.911s] -- Up-to-date symlink: /home/brenda/RBIM_ws/src/uuv_simulator/install/uuv_gazebo_worlds/share/uuv_gazebo_worlds/media/materials/textures/fiducials/aruco_3.png
[1.911s] -- Up-to-date symlink: /home/brenda/RBIM_ws/src/uuv_simulator/install/uuv_gazebo_worlds/share/uuv_gazebo_worlds/media/materials/textures/fiducials/aruco_4.png
[1.911s] -- Up-to-date symlink: /home/brenda/RBIM_ws/src/uuv_simulator/install/uuv_gazebo_worlds/share/uuv_gazebo_worlds/media/materials/textures/fiducials/aruco_5.png
[1.911s] -- Up-to-date symlink: /home/brenda/RBIM_ws/src/uuv_simulator/install/uuv_gazebo_worlds/share/uuv_gazebo_worlds/media/materials/textures/soil_sand_0045_01.jpg
[1.912s] -- Up-to-date symlink: /home/brenda/RBIM_ws/src/uuv_simulator/install/uuv_gazebo_worlds/share/uuv_gazebo_worlds/media/materials/textures/water_water_0046_01.jpg
[1.912s] -- Up-to-date symlink: /home/brenda/RBIM_ws/src/uuv_simulator/install/uuv_gazebo_worlds/share/uuv_gazebo_worlds/media/materials/textures/water_water_0051_01.jpg
[1.912s] -- Up-to-date symlink: /home/brenda/RBIM_ws/src/uuv_simulator/install/uuv_gazebo_worlds/share/uuv_gazebo_worlds/media/materials/textures/water_water_0076_03_s.jpg
[1.912s] -- Up-to-date symlink: /home/brenda/RBIM_ws/src/uuv_simulator/install/uuv_gazebo_worlds/share/uuv_gazebo_worlds/media/materials/textures/water_water_0093_01.jpg
[1.912s] -- Up-to-date symlink: /home/brenda/RBIM_ws/src/uuv_simulator/install/uuv_gazebo_worlds/share/uuv_gazebo_worlds/media/materials/textures/wave_normals.dds
[1.912s] -- Up-to-date symlink: /home/brenda/RBIM_ws/src/uuv_simulator/install/uuv_gazebo_worlds/share/uuv_gazebo_worlds/media/models/sea_surface_1000m_x_1000m.dae
[1.913s] -- Up-to-date symlink: /home/brenda/RBIM_ws/src/uuv_simulator/install/uuv_gazebo_worlds/share/uuv_gazebo_worlds/worlds/auv_underwater_world.world
[1.913s] -- Up-to-date symlink: /home/brenda/RBIM_ws/src/uuv_simulator/install/uuv_gazebo_worlds/share/uuv_gazebo_worlds/worlds/empty_underwater.world
[1.913s] -- Up-to-date symlink: /home/brenda/RBIM_ws/src/uuv_simulator/install/uuv_gazebo_worlds/share/uuv_gazebo_worlds/worlds/herkules_ship_wreck.world
[1.913s] -- Up-to-date symlink: /home/brenda/RBIM_ws/src/uuv_simulator/install/uuv_gazebo_worlds/share/uuv_gazebo_worlds/worlds/lake.world
[1.913s] -- Up-to-date symlink: /home/brenda/RBIM_ws/src/uuv_simulator/install/uuv_gazebo_worlds/share/uuv_gazebo_worlds/worlds/mangalia.world
[1.914s] -- Up-to-date symlink: /home/brenda/RBIM_ws/src/uuv_simulator/install/uuv_gazebo_worlds/share/uuv_gazebo_worlds/worlds/mangalia_manipulation.world
[1.914s] -- Up-to-date symlink: /home/brenda/RBIM_ws/src/uuv_simulator/install/uuv_gazebo_worlds/share/uuv_gazebo_worlds/worlds/munkholmen.world
[1.914s] -- Up-to-date symlink: /home/brenda/RBIM_ws/src/uuv_simulator/install/uuv_gazebo_worlds/share/uuv_gazebo_worlds/worlds/ocean_waves.world
[1.914s] -- Up-to-date symlink: /home/brenda/RBIM_ws/src/uuv_simulator/install/uuv_gazebo_worlds/share/uuv_gazebo_worlds/worlds/subsea_bop_panel.world
[1.914s] -- Up-to-date symlink: /home/brenda/RBIM_ws/src/uuv_simulator/install/uuv_gazebo_worlds/share/uuv_gazebo_worlds/worlds/underwater_heightmap.world
[1.915s] -- Up-to-date symlink: /home/brenda/RBIM_ws/src/uuv_simulator/install/uuv_gazebo_worlds/share/uuv_gazebo_worlds/models/april_tag_36_11_00000/model.config
[1.915s] -- Up-to-date symlink: /home/brenda/RBIM_ws/src/uuv_simulator/install/uuv_gazebo_worlds/share/uuv_gazebo_worlds/models/april_tag_36_11_00000/model.sdf
[1.915s] -- Up-to-date symlink: /home/brenda/RBIM_ws/src/uuv_simulator/install/uuv_gazebo_worlds/share/uuv_gazebo_worlds/models/aurora_static/meshes/aurora.dae
[1.916s] -- Up-to-date symlink: /home/brenda/RBIM_ws/src/uuv_simulator/install/uuv_gazebo_worlds/share/uuv_gazebo_worlds/models/aurora_static/meshes/aurora_collision.stl
[1.916s] -- Up-to-date symlink: /home/brenda/RBIM_ws/src/uuv_simulator/install/uuv_gazebo_worlds/share/uuv_gazebo_worlds/models/aurora_static/model.config
[1.916s] -- Up-to-date symlink: /home/brenda/RBIM_ws/src/uuv_simulator/install/uuv_gazebo_worlds/share/uuv_gazebo_worlds/models/aurora_static/model.sdf
[1.916s] -- Up-to-date symlink: /home/brenda/RBIM_ws/src/uuv_simulator/install/uuv_gazebo_worlds/share/uuv_gazebo_worlds/models/bop_panel/meshes/Valve.dae
[1.916s] -- Up-to-date symlink: /home/brenda/RBIM_ws/src/uuv_simulator/install/uuv_gazebo_worlds/share/uuv_gazebo_worlds/models/bop_panel/meshes/VentilBlock.mtl
[1.916s] -- Up-to-date symlink: /home/brenda/RBIM_ws/src/uuv_simulator/install/uuv_gazebo_worlds/share/uuv_gazebo_worlds/models/bop_panel/meshes/VentilBlock.obj
[1.916s] -- Up-to-date symlink: /home/brenda/RBIM_ws/src/uuv_simulator/install/uuv_gazebo_worlds/share/uuv_gazebo_worlds/models/bop_panel/meshes/VentilBlock.stl
[1.917s] -- Up-to-date symlink: /home/brenda/RBIM_ws/src/uuv_simulator/install/uuv_gazebo_worlds/share/uuv_gazebo_worlds/models/bop_panel/model.config
[1.917s] -- Up-to-date symlink: /home/brenda/RBIM_ws/src/uuv_simulator/install/uuv_gazebo_worlds/share/uuv_gazebo_worlds/models/bop_panel/model.sdf
[1.917s] -- Up-to-date symlink: /home/brenda/RBIM_ws/src/uuv_simulator/install/uuv_gazebo_worlds/share/uuv_gazebo_worlds/models/herkules_seabed/meshes/herkules_seabed.dae
[1.917s] -- Up-to-date symlink: /home/brenda/RBIM_ws/src/uuv_simulator/install/uuv_gazebo_worlds/share/uuv_gazebo_worlds/models/herkules_seabed/model.config
[1.917s] -- Up-to-date symlink: /home/brenda/RBIM_ws/src/uuv_simulator/install/uuv_gazebo_worlds/share/uuv_gazebo_worlds/models/herkules_seabed/model.sdf
[1.917s] -- Up-to-date symlink: /home/brenda/RBIM_ws/src/uuv_simulator/install/uuv_gazebo_worlds/share/uuv_gazebo_worlds/models/herkules_ship_wreck/meshes/herkules.dae
[1.917s] -- Up-to-date symlink: /home/brenda/RBIM_ws/src/uuv_simulator/install/uuv_gazebo_worlds/share/uuv_gazebo_worlds/models/herkules_ship_wreck/model.config
[1.917s] -- Up-to-date symlink: /home/brenda/RBIM_ws/src/uuv_simulator/install/uuv_gazebo_worlds/share/uuv_gazebo_worlds/models/herkules_ship_wreck/model.sdf
[1.918s] -- Up-to-date symlink: /home/brenda/RBIM_ws/src/uuv_simulator/install/uuv_gazebo_worlds/share/uuv_gazebo_worlds/models/hot_stab/meshes/HotStab.dae
[1.918s] -- Up-to-date symlink: /home/brenda/RBIM_ws/src/uuv_simulator/install/uuv_gazebo_worlds/share/uuv_gazebo_worlds/models/hot_stab/model.config
[1.918s] -- Up-to-date symlink: /home/brenda/RBIM_ws/src/uuv_simulator/install/uuv_gazebo_worlds/share/uuv_gazebo_worlds/models/hot_stab/model.sdf
[1.918s] -- Up-to-date symlink: /home/brenda/RBIM_ws/src/uuv_simulator/install/uuv_gazebo_worlds/share/uuv_gazebo_worlds/models/lake/meshes/LakeBottom.dae
[1.918s] -- Up-to-date symlink: /home/brenda/RBIM_ws/src/uuv_simulator/install/uuv_gazebo_worlds/share/uuv_gazebo_worlds/models/lake/meshes/WaterSurface.dae
[1.918s] -- Up-to-date symlink: /home/brenda/RBIM_ws/src/uuv_simulator/install/uuv_gazebo_worlds/share/uuv_gazebo_worlds/models/lake/model.config
[1.918s] -- Up-to-date symlink: /home/brenda/RBIM_ws/src/uuv_simulator/install/uuv_gazebo_worlds/share/uuv_gazebo_worlds/models/lake/model.sdf
[1.918s] -- Up-to-date symlink: /home/brenda/RBIM_ws/src/uuv_simulator/install/uuv_gazebo_worlds/share/uuv_gazebo_worlds/models/mangalia/meshes/170427_Seabed8_textured.blend
[1.919s] -- Up-to-date symlink: /home/brenda/RBIM_ws/src/uuv_simulator/install/uuv_gazebo_worlds/share/uuv_gazebo_worlds/models/mangalia/meshes/170427_Seabed8_textured.dae
[1.919s] -- Up-to-date symlink: /home/brenda/RBIM_ws/src/uuv_simulator/install/uuv_gazebo_worlds/share/uuv_gazebo_worlds/models/mangalia/meshes/License and source for textures.txt
[1.919s] -- Up-to-date symlink: /home/brenda/RBIM_ws/src/uuv_simulator/install/uuv_gazebo_worlds/share/uuv_gazebo_worlds/models/mangalia/meshes/MangaliaTerrain.dae
[1.919s] -- Up-to-date symlink: /home/brenda/RBIM_ws/src/uuv_simulator/install/uuv_gazebo_worlds/share/uuv_gazebo_worlds/models/mangalia/meshes/grass_grass_0101_02_tiled_s.jpg
[1.919s] -- Up-to-date symlink: /home/brenda/RBIM_ws/src/uuv_simulator/install/uuv_gazebo_worlds/share/uuv_gazebo_worlds/models/mangalia/meshes/ground_stone_ground_0029_02_tiled_s.jpg
[1.919s] -- Up-to-date symlink: /home/brenda/RBIM_ws/src/uuv_simulator/install/uuv_gazebo_worlds/share/uuv_gazebo_worlds/models/mangalia/model.config
[1.919s] -- Up-to-date symlink: /home/brenda/RBIM_ws/src/uuv_simulator/install/uuv_gazebo_worlds/share/uuv_gazebo_worlds/models/mangalia/model.sdf
[1.919s] -- Up-to-date symlink: /home/brenda/RBIM_ws/src/uuv_simulator/install/uuv_gazebo_worlds/share/uuv_gazebo_worlds/models/munkholmen/meshes/munkholmen.dae
[1.920s] -- Up-to-date symlink: /home/brenda/RBIM_ws/src/uuv_simulator/install/uuv_gazebo_worlds/share/uuv_gazebo_worlds/models/munkholmen/model.config
[1.920s] -- Up-to-date symlink: /home/brenda/RBIM_ws/src/uuv_simulator/install/uuv_gazebo_worlds/share/uuv_gazebo_worlds/models/munkholmen/model.sdf
[1.920s] -- Up-to-date symlink: /home/brenda/RBIM_ws/src/uuv_simulator/install/uuv_gazebo_worlds/share/uuv_gazebo_worlds/models/munkholmen_seabed/meshes/seabed.dae
[1.920s] -- Up-to-date symlink: /home/brenda/RBIM_ws/src/uuv_simulator/install/uuv_gazebo_worlds/share/uuv_gazebo_worlds/models/munkholmen_seabed/model.config
[1.920s] -- Up-to-date symlink: /home/brenda/RBIM_ws/src/uuv_simulator/install/uuv_gazebo_worlds/share/uuv_gazebo_worlds/models/munkholmen_seabed/model.sdf
[1.920s] -- Up-to-date symlink: /home/brenda/RBIM_ws/src/uuv_simulator/install/uuv_gazebo_worlds/share/uuv_gazebo_worlds/models/ned_frame/model.config
[1.920s] -- Up-to-date symlink: /home/brenda/RBIM_ws/src/uuv_simulator/install/uuv_gazebo_worlds/share/uuv_gazebo_worlds/models/ned_frame/model.sdf
[1.920s] -- Up-to-date symlink: /home/brenda/RBIM_ws/src/uuv_simulator/install/uuv_gazebo_worlds/share/uuv_gazebo_worlds/models/ocean/model.config
[1.921s] -- Up-to-date symlink: /home/brenda/RBIM_ws/src/uuv_simulator/install/uuv_gazebo_worlds/share/uuv_gazebo_worlds/models/ocean/model.sdf
[1.921s] -- Up-to-date symlink: /home/brenda/RBIM_ws/src/uuv_simulator/install/uuv_gazebo_worlds/share/uuv_gazebo_worlds/models/ocean_box/model.config
[1.921s] -- Up-to-date symlink: /home/brenda/RBIM_ws/src/uuv_simulator/install/uuv_gazebo_worlds/share/uuv_gazebo_worlds/models/ocean_box/model.sdf
[1.921s] -- Up-to-date symlink: /home/brenda/RBIM_ws/src/uuv_simulator/install/uuv_gazebo_worlds/share/uuv_gazebo_worlds/models/rov_bop_panel/meshes/BOP_Panel.dae
[1.921s] -- Up-to-date symlink: /home/brenda/RBIM_ws/src/uuv_simulator/install/uuv_gazebo_worlds/share/uuv_gazebo_worlds/models/rov_bop_panel/meshes/License and source texture.txt
[1.921s] -- Up-to-date symlink: /home/brenda/RBIM_ws/src/uuv_simulator/install/uuv_gazebo_worlds/share/uuv_gazebo_worlds/models/rov_bop_panel/meshes/SmallValve.dae
[1.921s] -- Up-to-date symlink: /home/brenda/RBIM_ws/src/uuv_simulator/install/uuv_gazebo_worlds/share/uuv_gazebo_worlds/models/rov_bop_panel/meshes/Valve.dae
[1.921s] -- Up-to-date symlink: /home/brenda/RBIM_ws/src/uuv_simulator/install/uuv_gazebo_worlds/share/uuv_gazebo_worlds/models/rov_bop_panel/meshes/metal_bare_0045_01.jpg
[1.922s] -- Up-to-date symlink: /home/brenda/RBIM_ws/src/uuv_simulator/install/uuv_gazebo_worlds/share/uuv_gazebo_worlds/models/rov_bop_panel/model.config
[1.922s] -- Up-to-date symlink: /home/brenda/RBIM_ws/src/uuv_simulator/install/uuv_gazebo_worlds/share/uuv_gazebo_worlds/models/rov_bop_panel/model.sdf
[1.922s] -- Up-to-date symlink: /home/brenda/RBIM_ws/src/uuv_simulator/install/uuv_gazebo_worlds/share/uuv_gazebo_worlds/models/sand_heightmap/meshes/License and source for textures.txt
[1.922s] -- Up-to-date symlink: /home/brenda/RBIM_ws/src/uuv_simulator/install/uuv_gazebo_worlds/share/uuv_gazebo_worlds/models/sand_heightmap/meshes/heightmap.dae
[1.922s] -- Up-to-date symlink: /home/brenda/RBIM_ws/src/uuv_simulator/install/uuv_gazebo_worlds/share/uuv_gazebo_worlds/models/sand_heightmap/meshes/soil_sand_0045_01.jpg
[1.922s] -- Up-to-date symlink: /home/brenda/RBIM_ws/src/uuv_simulator/install/uuv_gazebo_worlds/share/uuv_gazebo_worlds/models/sand_heightmap/model.config
[1.922s] -- Up-to-date symlink: /home/brenda/RBIM_ws/src/uuv_simulator/install/uuv_gazebo_worlds/share/uuv_gazebo_worlds/models/sand_heightmap/model.sdf
[1.922s] -- Up-to-date symlink: /home/brenda/RBIM_ws/src/uuv_simulator/install/uuv_gazebo_worlds/share/uuv_gazebo_worlds/models/sea_bottom/model.config
[1.923s] -- Up-to-date symlink: /home/brenda/RBIM_ws/src/uuv_simulator/install/uuv_gazebo_worlds/share/uuv_gazebo_worlds/models/sea_bottom/model.sdf
[1.923s] -- Up-to-date symlink: /home/brenda/RBIM_ws/src/uuv_simulator/install/uuv_gazebo_worlds/share/uuv_gazebo_worlds/models/sea_surface/model.config
[1.923s] -- Up-to-date symlink: /home/brenda/RBIM_ws/src/uuv_simulator/install/uuv_gazebo_worlds/share/uuv_gazebo_worlds/models/sea_surface/model.sdf
[1.923s] -- Up-to-date symlink: /home/brenda/RBIM_ws/src/uuv_simulator/install/uuv_gazebo_worlds/share/uuv_gazebo_worlds/models/t_bar_fork_tool/meshes/TBarForkTool.dae
[1.923s] -- Up-to-date symlink: /home/brenda/RBIM_ws/src/uuv_simulator/install/uuv_gazebo_worlds/share/uuv_gazebo_worlds/models/t_bar_fork_tool/model.config
[1.923s] -- Up-to-date symlink: /home/brenda/RBIM_ws/src/uuv_simulator/install/uuv_gazebo_worlds/share/uuv_gazebo_worlds/models/t_bar_fork_tool/model.sdf
[1.923s] -- Up-to-date symlink: /home/brenda/RBIM_ws/src/uuv_simulator/install/uuv_gazebo_worlds/share/uuv_gazebo_worlds/models/torque_tool/meshes/TorqueTool.dae
[1.923s] -- Up-to-date symlink: /home/brenda/RBIM_ws/src/uuv_simulator/install/uuv_gazebo_worlds/share/uuv_gazebo_worlds/models/torque_tool/model.config
[1.924s] -- Up-to-date symlink: /home/brenda/RBIM_ws/src/uuv_simulator/install/uuv_gazebo_worlds/share/uuv_gazebo_worlds/models/torque_tool/model.sdf
[1.924s] -- Up-to-date symlink: /home/brenda/RBIM_ws/src/uuv_simulator/install/uuv_gazebo_worlds/share/uuv_gazebo_worlds/models/tree/meshes/Tree.dae
[1.924s] -- Up-to-date symlink: /home/brenda/RBIM_ws/src/uuv_simulator/install/uuv_gazebo_worlds/share/uuv_gazebo_worlds/models/tree/model.config
[1.924s] -- Up-to-date symlink: /home/brenda/RBIM_ws/src/uuv_simulator/install/uuv_gazebo_worlds/share/uuv_gazebo_worlds/models/tree/model.sdf
[1.924s] -- Up-to-date symlink: /home/brenda/RBIM_ws/src/uuv_simulator/install/uuv_gazebo_worlds/share/uuv_gazebo_worlds/models/umbilical/model.config
[1.924s] -- Up-to-date symlink: /home/brenda/RBIM_ws/src/uuv_simulator/install/uuv_gazebo_worlds/share/uuv_gazebo_worlds/models/umbilical/model.sdf
[1.925s] -- Up-to-date symlink: /home/brenda/RBIM_ws/src/uuv_simulator/install/uuv_gazebo_worlds/share/uuv_gazebo_worlds/environment/uuv_gazebo_worlds.sh
[1.925s] -- Up-to-date symlink: /home/brenda/RBIM_ws/src/uuv_simulator/install/uuv_gazebo_worlds/share/uuv_gazebo_worlds/environment/uuv_gazebo_worlds.dsv
[1.925s] -- Up-to-date symlink: /home/brenda/RBIM_ws/src/uuv_simulator/install/uuv_gazebo_worlds/share/ament_index/resource_index/package_run_dependencies/uuv_gazebo_worlds
[1.925s] -- Up-to-date symlink: /home/brenda/RBIM_ws/src/uuv_simulator/install/uuv_gazebo_worlds/share/ament_index/resource_index/parent_prefix_path/uuv_gazebo_worlds
[1.925s] -- Up-to-date symlink: /home/brenda/RBIM_ws/src/uuv_simulator/install/uuv_gazebo_worlds/share/uuv_gazebo_worlds/environment/ament_prefix_path.sh
[1.926s] -- Up-to-date symlink: /home/brenda/RBIM_ws/src/uuv_simulator/install/uuv_gazebo_worlds/share/uuv_gazebo_worlds/environment/ament_prefix_path.dsv
[1.926s] -- Up-to-date symlink: /home/brenda/RBIM_ws/src/uuv_simulator/install/uuv_gazebo_worlds/share/uuv_gazebo_worlds/environment/path.sh
[1.926s] -- Up-to-date symlink: /home/brenda/RBIM_ws/src/uuv_simulator/install/uuv_gazebo_worlds/share/uuv_gazebo_worlds/environment/path.dsv
[1.926s] -- Up-to-date symlink: /home/brenda/RBIM_ws/src/uuv_simulator/install/uuv_gazebo_worlds/share/uuv_gazebo_worlds/local_setup.bash
[1.927s] -- Up-to-date symlink: /home/brenda/RBIM_ws/src/uuv_simulator/install/uuv_gazebo_worlds/share/uuv_gazebo_worlds/local_setup.sh
[1.927s] -- Up-to-date symlink: /home/brenda/RBIM_ws/src/uuv_simulator/install/uuv_gazebo_worlds/share/uuv_gazebo_worlds/local_setup.zsh
[1.927s] -- Up-to-date symlink: /home/brenda/RBIM_ws/src/uuv_simulator/install/uuv_gazebo_worlds/share/uuv_gazebo_worlds/local_setup.dsv
[1.927s] -- Symlinking: /home/brenda/RBIM_ws/src/uuv_simulator/install/uuv_gazebo_worlds/share/uuv_gazebo_worlds/package.dsv
[1.935s] -- Up-to-date symlink: /home/brenda/RBIM_ws/src/uuv_simulator/install/uuv_gazebo_worlds/share/ament_index/resource_index/packages/uuv_gazebo_worlds
[1.935s] -- Up-to-date symlink: /home/brenda/RBIM_ws/src/uuv_simulator/install/uuv_gazebo_worlds/share/uuv_gazebo_worlds/cmake/uuv_gazebo_worldsConfig.cmake
[1.935s] -- Up-to-date symlink: /home/brenda/RBIM_ws/src/uuv_simulator/install/uuv_gazebo_worlds/share/uuv_gazebo_worlds/cmake/uuv_gazebo_worldsConfig-version.cmake
[1.935s] -- Up-to-date symlink: /home/brenda/RBIM_ws/src/uuv_simulator/install/uuv_gazebo_worlds/share/uuv_gazebo_worlds/package.xml
[1.938s] Invoked command in '/home/brenda/RBIM_ws/src/uuv_simulator/build/uuv_gazebo_worlds' returned '0': CMAKE_PREFIX_PATH=/opt/ros/foxy:${CMAKE_PREFIX_PATH} /usr/bin/cmake --install /home/brenda/RBIM_ws/src/uuv_simulator/build/uuv_gazebo_worlds
