Performing C SOURCE FILE Test CMAKE_HAVE_LIBC_PTHREAD failed with the following output:
Change Dir: /home/brenda/RBIM_ws/src/uuv_simulator/build/uuv_gazebo_ros_plugins/CMakeFiles/CMakeTmp

Run Build Command(s):/usr/bin/make cmTC_fe091/fast && /usr/bin/make -f CMakeFiles/cmTC_fe091.dir/build.make CMakeFiles/cmTC_fe091.dir/build
make[1]: Entering directory '/home/brenda/RBIM_ws/src/uuv_simulator/build/uuv_gazebo_ros_plugins/CMakeFiles/CMakeTmp'
Building C object CMakeFiles/cmTC_fe091.dir/src.c.o
/usr/bin/cc   -DCMAKE_HAVE_LIBC_PTHREAD   -o CMakeFiles/cmTC_fe091.dir/src.c.o   -c /home/brenda/RBIM_ws/src/uuv_simulator/build/uuv_gazebo_ros_plugins/CMakeFiles/CMakeTmp/src.c
Linking C executable cmTC_fe091
/usr/bin/cmake -E cmake_link_script CMakeFiles/cmTC_fe091.dir/link.txt --verbose=1
/usr/bin/cc  -DCMAKE_HAVE_LIBC_PTHREAD    CMakeFiles/cmTC_fe091.dir/src.c.o  -o cmTC_fe091 
/usr/bin/ld: CMakeFiles/cmTC_fe091.dir/src.c.o: in function `main':
src.c:(.text+0x46): undefined reference to `pthread_create'
/usr/bin/ld: src.c:(.text+0x52): undefined reference to `pthread_detach'
/usr/bin/ld: src.c:(.text+0x63): undefined reference to `pthread_join'
collect2: error: ld returned 1 exit status
make[1]: *** [CMakeFiles/cmTC_fe091.dir/build.make:87: cmTC_fe091] Error 1
make[1]: Leaving directory '/home/brenda/RBIM_ws/src/uuv_simulator/build/uuv_gazebo_ros_plugins/CMakeFiles/CMakeTmp'
make: *** [Makefile:121: cmTC_fe091/fast] Error 2


Source file was:
#include <pthread.h>

void* test_func(void* data)
{
  return data;
}

int main(void)
{
  pthread_t thread;
  pthread_create(&thread, NULL, test_func, NULL);
  pthread_detach(thread);
  pthread_join(thread, NULL);
  pthread_atfork(NULL, NULL, NULL);
  pthread_exit(NULL);

  return 0;
}

Determining if the function pthread_create exists in the pthreads failed with the following output:
Change Dir: /home/brenda/RBIM_ws/src/uuv_simulator/build/uuv_gazebo_ros_plugins/CMakeFiles/CMakeTmp

Run Build Command(s):/usr/bin/make cmTC_5306b/fast && /usr/bin/make -f CMakeFiles/cmTC_5306b.dir/build.make CMakeFiles/cmTC_5306b.dir/build
make[1]: Entering directory '/home/brenda/RBIM_ws/src/uuv_simulator/build/uuv_gazebo_ros_plugins/CMakeFiles/CMakeTmp'
Building C object CMakeFiles/cmTC_5306b.dir/CheckFunctionExists.c.o
/usr/bin/cc   -DCHECK_FUNCTION_EXISTS=pthread_create   -o CMakeFiles/cmTC_5306b.dir/CheckFunctionExists.c.o   -c /usr/share/cmake-3.16/Modules/CheckFunctionExists.c
Linking C executable cmTC_5306b
/usr/bin/cmake -E cmake_link_script CMakeFiles/cmTC_5306b.dir/link.txt --verbose=1
/usr/bin/cc  -DCHECK_FUNCTION_EXISTS=pthread_create    CMakeFiles/cmTC_5306b.dir/CheckFunctionExists.c.o  -o cmTC_5306b  -lpthreads 
/usr/bin/ld: cannot find -lpthreads
collect2: error: ld returned 1 exit status
make[1]: *** [CMakeFiles/cmTC_5306b.dir/build.make:87: cmTC_5306b] Error 1
make[1]: Leaving directory '/home/brenda/RBIM_ws/src/uuv_simulator/build/uuv_gazebo_ros_plugins/CMakeFiles/CMakeTmp'
make: *** [Makefile:121: cmTC_5306b/fast] Error 2



