[0.047s] Invoking command in '/home/brenda/RBIM_ws/src/uuv_simulator/build/uuv_gazebo_ros_plugins_msgs': CMAKE_PREFIX_PATH=/opt/ros/foxy:${CMAKE_PREFIX_PATH} /usr/bin/cmake /home/brenda/RBIM_ws/src/uuv_simulator/uuv_gazebo_ros_plugins_msgs -DCMAKE_INSTALL_PREFIX=/home/brenda/RBIM_ws/src/uuv_simulator/install/uuv_gazebo_ros_plugins_msgs
[1.594s] -- The C compiler identification is GNU 9.3.0
[2.787s] -- The CXX compiler identification is GNU 9.3.0
[2.863s] -- Check for working C compiler: /usr/bin/cc
[3.028s] -- Check for working C compiler: /usr/bin/cc -- works
[3.030s] -- Detecting C compiler ABI info
[3.148s] -- Detecting C compiler ABI info - done
[3.161s] -- Detecting C compile features
[3.166s] -- Detecting C compile features - done
[3.169s] -- Check for working CXX compiler: /usr/bin/c++
[3.316s] -- Check for working CXX compiler: /usr/bin/c++ -- works
[3.318s] -- Detecting CXX compiler ABI info
[3.433s] -- Detecting CXX compiler ABI info - done
[3.455s] -- Detecting CXX compile features
[3.457s] -- Detecting CXX compile features - done
[3.459s] -- Found ament_cmake: 0.9.6 (/opt/ros/foxy/share/ament_cmake/cmake)
[3.513s] -- Found PythonInterp: /usr/bin/python3 (found suitable version "3.8.5", minimum required is "3") 
[3.513s] -- Using PYTHON_EXECUTABLE: /usr/bin/python3
[3.829s] -- Found builtin_interfaces: 1.0.0 (/opt/ros/foxy/share/builtin_interfaces/cmake)
[3.845s] -- Using all available rosidl_typesupport_c: rosidl_typesupport_fastrtps_c;rosidl_typesupport_introspection_c
[3.863s] -- Found rosidl_adapter: 1.1.0 (/opt/ros/foxy/share/rosidl_adapter/cmake)
[4.025s] -- Found OpenSSL: /usr/lib/x86_64-linux-gnu/libcrypto.so (found version "1.1.1f")  
[4.062s] -- Found FastRTPS: /opt/ros/foxy/include  
[4.199s] -- Using all available rosidl_typesupport_cpp: rosidl_typesupport_fastrtps_cpp;rosidl_typesupport_introspection_cpp
[4.241s] -- Found rosidl_default_generators: 1.0.0 (/opt/ros/foxy/share/rosidl_default_generators/cmake)
[4.258s] -- Found geometry_msgs: 2.0.3 (/opt/ros/foxy/share/geometry_msgs/cmake)
[4.384s] -- Found PythonInterp: /usr/bin/python3 (found version "3.8.5") 
[4.752s] -- Found ament_cmake_ros: 0.9.0 (/opt/ros/foxy/share/ament_cmake_ros/cmake)
[5.148s] -- Using all available rosidl_typesupport_c: rosidl_typesupport_fastrtps_c;rosidl_typesupport_introspection_c
[5.403s] -- Using all available rosidl_typesupport_cpp: rosidl_typesupport_fastrtps_cpp;rosidl_typesupport_introspection_cpp
[5.455s] -- Found PythonInterp: /usr/bin/python3 (found suitable version "3.8.5", minimum required is "3.5") 
[5.457s] -- Found python_cmake_module: 0.8.0 (/opt/ros/foxy/share/python_cmake_module/cmake)
[5.503s] -- Found PythonLibs: /usr/lib/x86_64-linux-gnu/libpython3.8.so (found suitable version "3.8.5", minimum required is "3.5") 
[5.504s] -- Using PYTHON_EXECUTABLE: /usr/bin/python3
[5.504s] -- Using PYTHON_INCLUDE_DIRS: /usr/include/python3.8
[5.504s] -- Using PYTHON_LIBRARIES: /usr/lib/x86_64-linux-gnu/libpython3.8.so
[5.536s] -- Found PythonExtra: .so  
[5.771s] -- Configuring done
[5.998s] -- Generating done
[6.007s] -- Build files have been written to: /home/brenda/RBIM_ws/src/uuv_simulator/build/uuv_gazebo_ros_plugins_msgs
[6.021s] Invoked command in '/home/brenda/RBIM_ws/src/uuv_simulator/build/uuv_gazebo_ros_plugins_msgs' returned '0': CMAKE_PREFIX_PATH=/opt/ros/foxy:${CMAKE_PREFIX_PATH} /usr/bin/cmake /home/brenda/RBIM_ws/src/uuv_simulator/uuv_gazebo_ros_plugins_msgs -DCMAKE_INSTALL_PREFIX=/home/brenda/RBIM_ws/src/uuv_simulator/install/uuv_gazebo_ros_plugins_msgs
[6.026s] Invoking command in '/home/brenda/RBIM_ws/src/uuv_simulator/build/uuv_gazebo_ros_plugins_msgs': CMAKE_PREFIX_PATH=/opt/ros/foxy:${CMAKE_PREFIX_PATH} /usr/bin/cmake --build /home/brenda/RBIM_ws/src/uuv_simulator/build/uuv_gazebo_ros_plugins_msgs -- -j8 -l8
[6.167s] [35m[1mScanning dependencies of target uuv_gazebo_ros_plugins_msgs__cpp[0m
[6.187s] [  1%] [34m[1mGenerating C code for ROS interfaces[0m
[6.194s] [  1%] [34m[1mGenerating C++ code for ROS interfaces[0m
[10.123s] [  1%] Built target uuv_gazebo_ros_plugins_msgs__cpp
[10.231s] [  2%] [34m[1mGenerating C++ type support dispatch for ROS interfaces[0m
[10.276s] [  3%] [34m[1mGenerating C++ type support for eProsima Fast-RTPS[0m
[10.315s] [  3%] [34m[1mGenerating C++ introspection for ROS interfaces[0m
[10.380s] [35m[1mScanning dependencies of target uuv_gazebo_ros_plugins_msgs__rosidl_generator_c[0m
[10.587s] [  4%] [32mBuilding C object CMakeFiles/uuv_gazebo_ros_plugins_msgs__rosidl_generator_c.dir/rosidl_generator_c/uuv_gazebo_ros_plugins_msgs/msg/detail/float_stamped__functions.c.o[0m
[10.596s] [  4%] [32mBuilding C object CMakeFiles/uuv_gazebo_ros_plugins_msgs__rosidl_generator_c.dir/rosidl_generator_c/uuv_gazebo_ros_plugins_msgs/msg/detail/underwater_object_model__functions.c.o[0m
[10.636s] [  5%] [32mBuilding C object CMakeFiles/uuv_gazebo_ros_plugins_msgs__rosidl_generator_c.dir/rosidl_generator_c/uuv_gazebo_ros_plugins_msgs/srv/detail/set_thruster_state__functions.c.o[0m
[10.637s] [  6%] [32mBuilding C object CMakeFiles/uuv_gazebo_ros_plugins_msgs__rosidl_generator_c.dir/rosidl_generator_c/uuv_gazebo_ros_plugins_msgs/srv/detail/set_thruster_efficiency__functions.c.o[0m
[10.650s] [  7%] [32mBuilding C object CMakeFiles/uuv_gazebo_ros_plugins_msgs__rosidl_generator_c.dir/rosidl_generator_c/uuv_gazebo_ros_plugins_msgs/msg/detail/thruster_conversion_fcn__functions.c.o[0m
[10.894s] [  8%] [32mBuilding C object CMakeFiles/uuv_gazebo_ros_plugins_msgs__rosidl_generator_c.dir/rosidl_generator_c/uuv_gazebo_ros_plugins_msgs/srv/detail/get_thruster_efficiency__functions.c.o[0m
[10.902s] [  8%] [32mBuilding C object CMakeFiles/uuv_gazebo_ros_plugins_msgs__rosidl_generator_c.dir/rosidl_generator_c/uuv_gazebo_ros_plugins_msgs/srv/detail/get_thruster_state__functions.c.o[0m
[10.935s] [  9%] [32mBuilding C object CMakeFiles/uuv_gazebo_ros_plugins_msgs__rosidl_generator_c.dir/rosidl_generator_c/uuv_gazebo_ros_plugins_msgs/srv/detail/set_use_global_current_vel__functions.c.o[0m
[10.965s] [ 10%] [32mBuilding C object CMakeFiles/uuv_gazebo_ros_plugins_msgs__rosidl_generator_c.dir/rosidl_generator_c/uuv_gazebo_ros_plugins_msgs/srv/detail/get_model_properties__functions.c.o[0m
[11.080s] [ 11%] [32mBuilding C object CMakeFiles/uuv_gazebo_ros_plugins_msgs__rosidl_generator_c.dir/rosidl_generator_c/uuv_gazebo_ros_plugins_msgs/srv/detail/set_float__functions.c.o[0m
[11.245s] [ 12%] [32mBuilding C object CMakeFiles/uuv_gazebo_ros_plugins_msgs__rosidl_generator_c.dir/rosidl_generator_c/uuv_gazebo_ros_plugins_msgs/srv/detail/get_float__functions.c.o[0m
[11.292s] [ 12%] [32mBuilding C object CMakeFiles/uuv_gazebo_ros_plugins_msgs__rosidl_generator_c.dir/rosidl_generator_c/uuv_gazebo_ros_plugins_msgs/srv/detail/get_list_param__functions.c.o[0m
[11.357s] [ 13%] [32mBuilding C object CMakeFiles/uuv_gazebo_ros_plugins_msgs__rosidl_generator_c.dir/rosidl_generator_c/uuv_gazebo_ros_plugins_msgs/srv/detail/get_thruster_conversion_fcn__functions.c.o[0m
[11.676s] [ 14%] [32m[1mLinking C shared library libuuv_gazebo_ros_plugins_msgs__rosidl_generator_c.so[0m
[11.938s] [ 14%] Built target uuv_gazebo_ros_plugins_msgs__rosidl_generator_c
[12.034s] [ 15%] [34m[1mGenerating C introspection for ROS interfaces[0m
[12.085s] [ 16%] [34m[1mGenerating C type support dispatch for ROS interfaces[0m
[13.505s] [35m[1mScanning dependencies of target uuv_gazebo_ros_plugins_msgs__rosidl_typesupport_cpp[0m
[13.716s] [ 17%] [32mBuilding CXX object CMakeFiles/uuv_gazebo_ros_plugins_msgs__rosidl_typesupport_cpp.dir/rosidl_typesupport_cpp/uuv_gazebo_ros_plugins_msgs/msg/float_stamped__type_support.cpp.o[0m
[13.716s] [ 17%] [32mBuilding CXX object CMakeFiles/uuv_gazebo_ros_plugins_msgs__rosidl_typesupport_cpp.dir/rosidl_typesupport_cpp/uuv_gazebo_ros_plugins_msgs/msg/thruster_conversion_fcn__type_support.cpp.o[0m
[13.717s] [ 18%] [32mBuilding CXX object CMakeFiles/uuv_gazebo_ros_plugins_msgs__rosidl_typesupport_cpp.dir/rosidl_typesupport_cpp/uuv_gazebo_ros_plugins_msgs/msg/underwater_object_model__type_support.cpp.o[0m
[13.719s] [ 19%] [32mBuilding CXX object CMakeFiles/uuv_gazebo_ros_plugins_msgs__rosidl_typesupport_cpp.dir/rosidl_typesupport_cpp/uuv_gazebo_ros_plugins_msgs/srv/set_thruster_efficiency__type_support.cpp.o[0m
[15.606s] [ 20%] [32mBuilding CXX object CMakeFiles/uuv_gazebo_ros_plugins_msgs__rosidl_typesupport_cpp.dir/rosidl_typesupport_cpp/uuv_gazebo_ros_plugins_msgs/srv/get_thruster_efficiency__type_support.cpp.o[0m
[15.606s] [ 21%] [32mBuilding CXX object CMakeFiles/uuv_gazebo_ros_plugins_msgs__rosidl_typesupport_cpp.dir/rosidl_typesupport_cpp/uuv_gazebo_ros_plugins_msgs/srv/set_thruster_state__type_support.cpp.o[0m
[15.658s] [ 22%] [32mBuilding CXX object CMakeFiles/uuv_gazebo_ros_plugins_msgs__rosidl_typesupport_cpp.dir/rosidl_typesupport_cpp/uuv_gazebo_ros_plugins_msgs/srv/get_thruster_state__type_support.cpp.o[0m
[15.676s] [ 22%] [32mBuilding CXX object CMakeFiles/uuv_gazebo_ros_plugins_msgs__rosidl_typesupport_cpp.dir/rosidl_typesupport_cpp/uuv_gazebo_ros_plugins_msgs/srv/set_use_global_current_vel__type_support.cpp.o[0m
[17.220s] [ 23%] [32mBuilding CXX object CMakeFiles/uuv_gazebo_ros_plugins_msgs__rosidl_typesupport_cpp.dir/rosidl_typesupport_cpp/uuv_gazebo_ros_plugins_msgs/srv/get_model_properties__type_support.cpp.o[0m
[17.300s] [35m[1mScanning dependencies of target uuv_gazebo_ros_plugins_msgs__rosidl_typesupport_c[0m
[17.408s] [ 24%] [32mBuilding CXX object CMakeFiles/uuv_gazebo_ros_plugins_msgs__rosidl_typesupport_cpp.dir/rosidl_typesupport_cpp/uuv_gazebo_ros_plugins_msgs/srv/set_float__type_support.cpp.o[0m
[17.490s] [ 24%] [32mBuilding CXX object CMakeFiles/uuv_gazebo_ros_plugins_msgs__rosidl_typesupport_c.dir/rosidl_typesupport_c/uuv_gazebo_ros_plugins_msgs/msg/float_stamped__type_support.cpp.o[0m
[17.589s] [ 25%] [32mBuilding CXX object CMakeFiles/uuv_gazebo_ros_plugins_msgs__rosidl_typesupport_cpp.dir/rosidl_typesupport_cpp/uuv_gazebo_ros_plugins_msgs/srv/get_float__type_support.cpp.o[0m
[17.747s] [ 26%] [32mBuilding CXX object CMakeFiles/uuv_gazebo_ros_plugins_msgs__rosidl_typesupport_cpp.dir/rosidl_typesupport_cpp/uuv_gazebo_ros_plugins_msgs/srv/get_list_param__type_support.cpp.o[0m
[17.770s] [ 27%] [32mBuilding CXX object CMakeFiles/uuv_gazebo_ros_plugins_msgs__rosidl_typesupport_c.dir/rosidl_typesupport_c/uuv_gazebo_ros_plugins_msgs/msg/underwater_object_model__type_support.cpp.o[0m
[18.000s] [ 28%] [32mBuilding CXX object CMakeFiles/uuv_gazebo_ros_plugins_msgs__rosidl_typesupport_c.dir/rosidl_typesupport_c/uuv_gazebo_ros_plugins_msgs/msg/thruster_conversion_fcn__type_support.cpp.o[0m
[18.158s] [ 29%] [32mBuilding CXX object CMakeFiles/uuv_gazebo_ros_plugins_msgs__rosidl_typesupport_c.dir/rosidl_typesupport_c/uuv_gazebo_ros_plugins_msgs/srv/set_thruster_efficiency__type_support.cpp.o[0m
[18.383s] [35m[1mScanning dependencies of target uuv_gazebo_ros_plugins_msgs__rosidl_typesupport_fastrtps_cpp[0m
[18.459s] [ 30%] [32mBuilding CXX object CMakeFiles/uuv_gazebo_ros_plugins_msgs__rosidl_typesupport_c.dir/rosidl_typesupport_c/uuv_gazebo_ros_plugins_msgs/srv/set_thruster_state__type_support.cpp.o[0m
[18.643s] [35m[1mScanning dependencies of target uuv_gazebo_ros_plugins_msgs__rosidl_typesupport_introspection_cpp[0m
[18.651s] [ 31%] [32mBuilding CXX object CMakeFiles/uuv_gazebo_ros_plugins_msgs__rosidl_typesupport_fastrtps_cpp.dir/rosidl_typesupport_fastrtps_cpp/uuv_gazebo_ros_plugins_msgs/msg/detail/dds_fastrtps/float_stamped__type_support.cpp.o[0m
[18.750s] [ 31%] [32mBuilding CXX object CMakeFiles/uuv_gazebo_ros_plugins_msgs__rosidl_typesupport_c.dir/rosidl_typesupport_c/uuv_gazebo_ros_plugins_msgs/srv/get_thruster_efficiency__type_support.cpp.o[0m
[18.821s] [ 32%] [32mBuilding CXX object CMakeFiles/uuv_gazebo_ros_plugins_msgs__rosidl_typesupport_introspection_cpp.dir/rosidl_typesupport_introspection_cpp/uuv_gazebo_ros_plugins_msgs/msg/detail/float_stamped__type_support.cpp.o[0m
[19.082s] [ 33%] [32mBuilding CXX object CMakeFiles/uuv_gazebo_ros_plugins_msgs__rosidl_typesupport_c.dir/rosidl_typesupport_c/uuv_gazebo_ros_plugins_msgs/srv/get_thruster_state__type_support.cpp.o[0m
[19.092s] [ 33%] [32mBuilding CXX object CMakeFiles/uuv_gazebo_ros_plugins_msgs__rosidl_typesupport_cpp.dir/rosidl_typesupport_cpp/uuv_gazebo_ros_plugins_msgs/srv/get_thruster_conversion_fcn__type_support.cpp.o[0m
[19.203s] [ 34%] [32mBuilding CXX object CMakeFiles/uuv_gazebo_ros_plugins_msgs__rosidl_typesupport_introspection_cpp.dir/rosidl_typesupport_introspection_cpp/uuv_gazebo_ros_plugins_msgs/msg/detail/underwater_object_model__type_support.cpp.o[0m
[19.322s] [ 35%] [32mBuilding CXX object CMakeFiles/uuv_gazebo_ros_plugins_msgs__rosidl_typesupport_c.dir/rosidl_typesupport_c/uuv_gazebo_ros_plugins_msgs/srv/set_use_global_current_vel__type_support.cpp.o[0m
[19.443s] [ 36%] [32mBuilding CXX object CMakeFiles/uuv_gazebo_ros_plugins_msgs__rosidl_typesupport_introspection_cpp.dir/rosidl_typesupport_introspection_cpp/uuv_gazebo_ros_plugins_msgs/msg/detail/thruster_conversion_fcn__type_support.cpp.o[0m
[19.529s] [ 37%] [32mBuilding CXX object CMakeFiles/uuv_gazebo_ros_plugins_msgs__rosidl_typesupport_c.dir/rosidl_typesupport_c/uuv_gazebo_ros_plugins_msgs/srv/get_model_properties__type_support.cpp.o[0m
[19.649s] [35m[1mScanning dependencies of target uuv_gazebo_ros_plugins_msgs__rosidl_typesupport_introspection_c[0m
[19.733s] [ 38%] [32mBuilding CXX object CMakeFiles/uuv_gazebo_ros_plugins_msgs__rosidl_typesupport_introspection_cpp.dir/rosidl_typesupport_introspection_cpp/uuv_gazebo_ros_plugins_msgs/srv/detail/set_thruster_efficiency__type_support.cpp.o[0m
[19.733s] [ 39%] [32mBuilding CXX object CMakeFiles/uuv_gazebo_ros_plugins_msgs__rosidl_typesupport_c.dir/rosidl_typesupport_c/uuv_gazebo_ros_plugins_msgs/srv/set_float__type_support.cpp.o[0m
[19.833s] [ 39%] [32mBuilding CXX object CMakeFiles/uuv_gazebo_ros_plugins_msgs__rosidl_typesupport_c.dir/rosidl_typesupport_c/uuv_gazebo_ros_plugins_msgs/srv/get_float__type_support.cpp.o[0m
[19.875s] [ 40%] [32mBuilding C object CMakeFiles/uuv_gazebo_ros_plugins_msgs__rosidl_typesupport_introspection_c.dir/rosidl_typesupport_introspection_c/uuv_gazebo_ros_plugins_msgs/msg/detail/float_stamped__type_support.c.o[0m
[20.005s] [ 41%] [32m[1mLinking CXX shared library libuuv_gazebo_ros_plugins_msgs__rosidl_typesupport_cpp.so[0m
[20.100s] [ 42%] [32mBuilding CXX object CMakeFiles/uuv_gazebo_ros_plugins_msgs__rosidl_typesupport_c.dir/rosidl_typesupport_c/uuv_gazebo_ros_plugins_msgs/srv/get_list_param__type_support.cpp.o[0m
[20.139s] [ 43%] [32mBuilding C object CMakeFiles/uuv_gazebo_ros_plugins_msgs__rosidl_typesupport_introspection_c.dir/rosidl_typesupport_introspection_c/uuv_gazebo_ros_plugins_msgs/msg/detail/underwater_object_model__type_support.c.o[0m
[20.235s] [ 43%] [32mBuilding C object CMakeFiles/uuv_gazebo_ros_plugins_msgs__rosidl_typesupport_introspection_c.dir/rosidl_typesupport_introspection_c/uuv_gazebo_ros_plugins_msgs/msg/detail/thruster_conversion_fcn__type_support.c.o[0m
[20.258s] [ 43%] Built target uuv_gazebo_ros_plugins_msgs__rosidl_typesupport_cpp
[20.293s] [ 44%] [32mBuilding CXX object CMakeFiles/uuv_gazebo_ros_plugins_msgs__rosidl_typesupport_fastrtps_cpp.dir/rosidl_typesupport_fastrtps_cpp/uuv_gazebo_ros_plugins_msgs/msg/detail/dds_fastrtps/underwater_object_model__type_support.cpp.o[0m
[20.304s] [ 45%] [32mBuilding CXX object CMakeFiles/uuv_gazebo_ros_plugins_msgs__rosidl_typesupport_c.dir/rosidl_typesupport_c/uuv_gazebo_ros_plugins_msgs/srv/get_thruster_conversion_fcn__type_support.cpp.o[0m
[20.452s] [ 46%] [32mBuilding C object CMakeFiles/uuv_gazebo_ros_plugins_msgs__rosidl_typesupport_introspection_c.dir/rosidl_typesupport_introspection_c/uuv_gazebo_ros_plugins_msgs/srv/detail/set_thruster_efficiency__type_support.c.o[0m
[20.492s] [ 47%] [32m[1mLinking CXX shared library libuuv_gazebo_ros_plugins_msgs__rosidl_typesupport_c.so[0m
[20.649s] [ 48%] [32mBuilding C object CMakeFiles/uuv_gazebo_ros_plugins_msgs__rosidl_typesupport_introspection_c.dir/rosidl_typesupport_introspection_c/uuv_gazebo_ros_plugins_msgs/srv/detail/set_thruster_state__type_support.c.o[0m
[20.698s] [ 48%] Built target uuv_gazebo_ros_plugins_msgs__rosidl_typesupport_c
[20.753s] [ 49%] [32mBuilding C object CMakeFiles/uuv_gazebo_ros_plugins_msgs__rosidl_typesupport_introspection_c.dir/rosidl_typesupport_introspection_c/uuv_gazebo_ros_plugins_msgs/srv/detail/get_thruster_efficiency__type_support.c.o[0m
[20.856s] [ 50%] [32mBuilding C object CMakeFiles/uuv_gazebo_ros_plugins_msgs__rosidl_typesupport_introspection_c.dir/rosidl_typesupport_introspection_c/uuv_gazebo_ros_plugins_msgs/srv/detail/get_thruster_state__type_support.c.o[0m
[20.859s] [ 51%] [32mBuilding CXX object CMakeFiles/uuv_gazebo_ros_plugins_msgs__rosidl_typesupport_introspection_cpp.dir/rosidl_typesupport_introspection_cpp/uuv_gazebo_ros_plugins_msgs/srv/detail/get_thruster_state__type_support.cpp.o[0m
[20.925s] [ 51%] [32mBuilding C object CMakeFiles/uuv_gazebo_ros_plugins_msgs__rosidl_typesupport_introspection_c.dir/rosidl_typesupport_introspection_c/uuv_gazebo_ros_plugins_msgs/srv/detail/set_use_global_current_vel__type_support.c.o[0m
[20.988s] [ 52%] [32mBuilding C object CMakeFiles/uuv_gazebo_ros_plugins_msgs__rosidl_typesupport_introspection_c.dir/rosidl_typesupport_introspection_c/uuv_gazebo_ros_plugins_msgs/srv/detail/get_model_properties__type_support.c.o[0m
[21.054s] [ 53%] [32mBuilding C object CMakeFiles/uuv_gazebo_ros_plugins_msgs__rosidl_typesupport_introspection_c.dir/rosidl_typesupport_introspection_c/uuv_gazebo_ros_plugins_msgs/srv/detail/set_float__type_support.c.o[0m
[21.113s] [ 54%] [32mBuilding C object CMakeFiles/uuv_gazebo_ros_plugins_msgs__rosidl_typesupport_introspection_c.dir/rosidl_typesupport_introspection_c/uuv_gazebo_ros_plugins_msgs/srv/detail/get_float__type_support.c.o[0m
[21.172s] [ 55%] [32mBuilding C object CMakeFiles/uuv_gazebo_ros_plugins_msgs__rosidl_typesupport_introspection_c.dir/rosidl_typesupport_introspection_c/uuv_gazebo_ros_plugins_msgs/srv/detail/get_list_param__type_support.c.o[0m
[21.231s] [ 55%] [32mBuilding C object CMakeFiles/uuv_gazebo_ros_plugins_msgs__rosidl_typesupport_introspection_c.dir/rosidl_typesupport_introspection_c/uuv_gazebo_ros_plugins_msgs/srv/detail/get_thruster_conversion_fcn__type_support.c.o[0m
[21.237s] [ 55%] [32mBuilding CXX object CMakeFiles/uuv_gazebo_ros_plugins_msgs__rosidl_typesupport_fastrtps_cpp.dir/rosidl_typesupport_fastrtps_cpp/uuv_gazebo_ros_plugins_msgs/srv/detail/dds_fastrtps/set_thruster_efficiency__type_support.cpp.o[0m
[21.278s] [ 56%] [32mBuilding CXX object CMakeFiles/uuv_gazebo_ros_plugins_msgs__rosidl_typesupport_introspection_cpp.dir/rosidl_typesupport_introspection_cpp/uuv_gazebo_ros_plugins_msgs/srv/detail/get_model_properties__type_support.cpp.o[0m
[21.283s] [ 57%] [32m[1mLinking C shared library libuuv_gazebo_ros_plugins_msgs__rosidl_typesupport_introspection_c.so[0m
[21.339s] [ 57%] Built target uuv_gazebo_ros_plugins_msgs__rosidl_typesupport_introspection_c
[21.747s] [ 58%] [32mBuilding CXX object CMakeFiles/uuv_gazebo_ros_plugins_msgs__rosidl_typesupport_fastrtps_cpp.dir/rosidl_typesupport_fastrtps_cpp/uuv_gazebo_ros_plugins_msgs/srv/detail/dds_fastrtps/set_thruster_state__type_support.cpp.o[0m
[21.761s] [ 59%] [32mBuilding CXX object CMakeFiles/uuv_gazebo_ros_plugins_msgs__rosidl_typesupport_introspection_cpp.dir/rosidl_typesupport_introspection_cpp/uuv_gazebo_ros_plugins_msgs/srv/detail/get_float__type_support.cpp.o[0m
[22.121s] [ 59%] [32mBuilding CXX object CMakeFiles/uuv_gazebo_ros_plugins_msgs__rosidl_typesupport_introspection_cpp.dir/rosidl_typesupport_introspection_cpp/uuv_gazebo_ros_plugins_msgs/srv/detail/set_float__type_support.cpp.o[0m
[22.248s] [ 60%] [32mBuilding CXX object CMakeFiles/uuv_gazebo_ros_plugins_msgs__rosidl_typesupport_fastrtps_cpp.dir/rosidl_typesupport_fastrtps_cpp/uuv_gazebo_ros_plugins_msgs/srv/detail/dds_fastrtps/get_thruster_state__type_support.cpp.o[0m
[22.451s] [ 61%] [32mBuilding CXX object CMakeFiles/uuv_gazebo_ros_plugins_msgs__rosidl_typesupport_introspection_cpp.dir/rosidl_typesupport_introspection_cpp/uuv_gazebo_ros_plugins_msgs/srv/detail/get_list_param__type_support.cpp.o[0m
[22.758s] [ 62%] [32mBuilding CXX object CMakeFiles/uuv_gazebo_ros_plugins_msgs__rosidl_typesupport_fastrtps_cpp.dir/rosidl_typesupport_fastrtps_cpp/uuv_gazebo_ros_plugins_msgs/srv/detail/dds_fastrtps/set_use_global_current_vel__type_support.cpp.o[0m
[23.012s] [ 63%] [32mBuilding CXX object CMakeFiles/uuv_gazebo_ros_plugins_msgs__rosidl_typesupport_introspection_cpp.dir/rosidl_typesupport_introspection_cpp/uuv_gazebo_ros_plugins_msgs/srv/detail/get_thruster_conversion_fcn__type_support.cpp.o[0m
[23.231s] [ 63%] [32mBuilding CXX object CMakeFiles/uuv_gazebo_ros_plugins_msgs__rosidl_typesupport_fastrtps_cpp.dir/rosidl_typesupport_fastrtps_cpp/uuv_gazebo_ros_plugins_msgs/srv/detail/dds_fastrtps/get_model_properties__type_support.cpp.o[0m
[23.442s] [ 64%] [32mBuilding CXX object CMakeFiles/uuv_gazebo_ros_plugins_msgs__rosidl_typesupport_introspection_cpp.dir/rosidl_typesupport_introspection_cpp/uuv_gazebo_ros_plugins_msgs/srv/detail/set_use_global_current_vel__type_support.cpp.o[0m
[23.777s] [ 65%] [32mBuilding CXX object CMakeFiles/uuv_gazebo_ros_plugins_msgs__rosidl_typesupport_introspection_cpp.dir/rosidl_typesupport_introspection_cpp/uuv_gazebo_ros_plugins_msgs/srv/detail/get_thruster_efficiency__type_support.cpp.o[0m
[23.931s] [ 66%] [32mBuilding CXX object CMakeFiles/uuv_gazebo_ros_plugins_msgs__rosidl_typesupport_fastrtps_cpp.dir/rosidl_typesupport_fastrtps_cpp/uuv_gazebo_ros_plugins_msgs/srv/detail/dds_fastrtps/get_list_param__type_support.cpp.o[0m
[24.158s] [ 66%] [32mBuilding CXX object CMakeFiles/uuv_gazebo_ros_plugins_msgs__rosidl_typesupport_introspection_cpp.dir/rosidl_typesupport_introspection_cpp/uuv_gazebo_ros_plugins_msgs/srv/detail/set_thruster_state__type_support.cpp.o[0m
[24.478s] [ 67%] [32m[1mLinking CXX shared library libuuv_gazebo_ros_plugins_msgs__rosidl_typesupport_introspection_cpp.so[0m
[24.571s] [ 68%] [32mBuilding CXX object CMakeFiles/uuv_gazebo_ros_plugins_msgs__rosidl_typesupport_fastrtps_cpp.dir/rosidl_typesupport_fastrtps_cpp/uuv_gazebo_ros_plugins_msgs/srv/detail/dds_fastrtps/get_thruster_conversion_fcn__type_support.cpp.o[0m
[24.612s] [ 68%] Built target uuv_gazebo_ros_plugins_msgs__rosidl_typesupport_introspection_cpp
[25.051s] [ 69%] [32mBuilding CXX object CMakeFiles/uuv_gazebo_ros_plugins_msgs__rosidl_typesupport_fastrtps_cpp.dir/rosidl_typesupport_fastrtps_cpp/uuv_gazebo_ros_plugins_msgs/srv/detail/dds_fastrtps/get_float__type_support.cpp.o[0m
[25.522s] [ 70%] [32mBuilding CXX object CMakeFiles/uuv_gazebo_ros_plugins_msgs__rosidl_typesupport_fastrtps_cpp.dir/rosidl_typesupport_fastrtps_cpp/uuv_gazebo_ros_plugins_msgs/srv/detail/dds_fastrtps/set_float__type_support.cpp.o[0m
[25.951s] [ 71%] [32mBuilding CXX object CMakeFiles/uuv_gazebo_ros_plugins_msgs__rosidl_typesupport_fastrtps_cpp.dir/rosidl_typesupport_fastrtps_cpp/uuv_gazebo_ros_plugins_msgs/srv/detail/dds_fastrtps/get_thruster_efficiency__type_support.cpp.o[0m
[26.365s] [ 72%] [32mBuilding CXX object CMakeFiles/uuv_gazebo_ros_plugins_msgs__rosidl_typesupport_fastrtps_cpp.dir/rosidl_typesupport_fastrtps_cpp/uuv_gazebo_ros_plugins_msgs/msg/detail/dds_fastrtps/thruster_conversion_fcn__type_support.cpp.o[0m
[26.863s] [ 72%] [32m[1mLinking CXX shared library libuuv_gazebo_ros_plugins_msgs__rosidl_typesupport_fastrtps_cpp.so[0m
[26.969s] [ 72%] Built target uuv_gazebo_ros_plugins_msgs__rosidl_typesupport_fastrtps_cpp
[26.981s] [ 73%] [34m[1mGenerating C type support for eProsima Fast-RTPS[0m
[28.310s] [35m[1mScanning dependencies of target uuv_gazebo_ros_plugins_msgs__rosidl_typesupport_fastrtps_c[0m
[28.347s] [ 74%] [32mBuilding CXX object CMakeFiles/uuv_gazebo_ros_plugins_msgs__rosidl_typesupport_fastrtps_c.dir/rosidl_typesupport_fastrtps_c/uuv_gazebo_ros_plugins_msgs/msg/detail/float_stamped__type_support_c.cpp.o[0m
[28.719s] [ 75%] [32mBuilding CXX object CMakeFiles/uuv_gazebo_ros_plugins_msgs__rosidl_typesupport_fastrtps_c.dir/rosidl_typesupport_fastrtps_c/uuv_gazebo_ros_plugins_msgs/srv/detail/set_use_global_current_vel__type_support_c.cpp.o[0m
[29.094s] [ 76%] [32mBuilding CXX object CMakeFiles/uuv_gazebo_ros_plugins_msgs__rosidl_typesupport_fastrtps_c.dir/rosidl_typesupport_fastrtps_c/uuv_gazebo_ros_plugins_msgs/srv/detail/get_model_properties__type_support_c.cpp.o[0m
[29.482s] [ 77%] [32mBuilding CXX object CMakeFiles/uuv_gazebo_ros_plugins_msgs__rosidl_typesupport_fastrtps_c.dir/rosidl_typesupport_fastrtps_c/uuv_gazebo_ros_plugins_msgs/srv/detail/set_float__type_support_c.cpp.o[0m
[29.848s] [ 78%] [32mBuilding CXX object CMakeFiles/uuv_gazebo_ros_plugins_msgs__rosidl_typesupport_fastrtps_c.dir/rosidl_typesupport_fastrtps_c/uuv_gazebo_ros_plugins_msgs/srv/detail/get_float__type_support_c.cpp.o[0m
[30.263s] [ 78%] [32mBuilding CXX object CMakeFiles/uuv_gazebo_ros_plugins_msgs__rosidl_typesupport_fastrtps_c.dir/rosidl_typesupport_fastrtps_c/uuv_gazebo_ros_plugins_msgs/srv/detail/get_list_param__type_support_c.cpp.o[0m
[30.708s] [ 79%] [32mBuilding CXX object CMakeFiles/uuv_gazebo_ros_plugins_msgs__rosidl_typesupport_fastrtps_c.dir/rosidl_typesupport_fastrtps_c/uuv_gazebo_ros_plugins_msgs/srv/detail/get_thruster_conversion_fcn__type_support_c.cpp.o[0m
[31.147s] [ 79%] [32mBuilding CXX object CMakeFiles/uuv_gazebo_ros_plugins_msgs__rosidl_typesupport_fastrtps_c.dir/rosidl_typesupport_fastrtps_c/uuv_gazebo_ros_plugins_msgs/srv/detail/get_thruster_state__type_support_c.cpp.o[0m
[31.589s] [ 80%] [32mBuilding CXX object CMakeFiles/uuv_gazebo_ros_plugins_msgs__rosidl_typesupport_fastrtps_c.dir/rosidl_typesupport_fastrtps_c/uuv_gazebo_ros_plugins_msgs/srv/detail/get_thruster_efficiency__type_support_c.cpp.o[0m
[32.016s] [ 81%] [32mBuilding CXX object CMakeFiles/uuv_gazebo_ros_plugins_msgs__rosidl_typesupport_fastrtps_c.dir/rosidl_typesupport_fastrtps_c/uuv_gazebo_ros_plugins_msgs/srv/detail/set_thruster_state__type_support_c.cpp.o[0m
[32.412s] [ 82%] [32mBuilding CXX object CMakeFiles/uuv_gazebo_ros_plugins_msgs__rosidl_typesupport_fastrtps_c.dir/rosidl_typesupport_fastrtps_c/uuv_gazebo_ros_plugins_msgs/srv/detail/set_thruster_efficiency__type_support_c.cpp.o[0m
[32.815s] [ 83%] [32mBuilding CXX object CMakeFiles/uuv_gazebo_ros_plugins_msgs__rosidl_typesupport_fastrtps_c.dir/rosidl_typesupport_fastrtps_c/uuv_gazebo_ros_plugins_msgs/msg/detail/thruster_conversion_fcn__type_support_c.cpp.o[0m
[33.229s] [ 83%] [32mBuilding CXX object CMakeFiles/uuv_gazebo_ros_plugins_msgs__rosidl_typesupport_fastrtps_c.dir/rosidl_typesupport_fastrtps_c/uuv_gazebo_ros_plugins_msgs/msg/detail/underwater_object_model__type_support_c.cpp.o[0m
[33.668s] [ 84%] [32m[1mLinking CXX shared library libuuv_gazebo_ros_plugins_msgs__rosidl_typesupport_fastrtps_c.so[0m
[33.764s] [ 84%] Built target uuv_gazebo_ros_plugins_msgs__rosidl_typesupport_fastrtps_c
[33.775s] [35m[1mScanning dependencies of target uuv_gazebo_ros_plugins_msgs[0m
[33.785s] [ 84%] Built target uuv_gazebo_ros_plugins_msgs
[33.796s] [35m[1mScanning dependencies of target uuv_gazebo_ros_plugins_msgs__py[0m
[33.812s] [ 85%] [34m[1mGenerating Python code for ROS interfaces[0m
[36.558s] [ 85%] Built target uuv_gazebo_ros_plugins_msgs__py
[36.566s] [35m[1mScanning dependencies of target uuv_gazebo_ros_plugins_msgs__python[0m
[36.621s] [ 86%] [32mBuilding C object CMakeFiles/uuv_gazebo_ros_plugins_msgs__python.dir/rosidl_generator_py/uuv_gazebo_ros_plugins_msgs/msg/_thruster_conversion_fcn_s.c.o[0m
[36.621s] [ 86%] [32mBuilding C object CMakeFiles/uuv_gazebo_ros_plugins_msgs__python.dir/rosidl_generator_py/uuv_gazebo_ros_plugins_msgs/msg/_float_stamped_s.c.o[0m
[36.621s] [ 87%] [32mBuilding C object CMakeFiles/uuv_gazebo_ros_plugins_msgs__python.dir/rosidl_generator_py/uuv_gazebo_ros_plugins_msgs/msg/_underwater_object_model_s.c.o[0m
[36.720s] [ 87%] [32mBuilding C object CMakeFiles/uuv_gazebo_ros_plugins_msgs__python.dir/rosidl_generator_py/uuv_gazebo_ros_plugins_msgs/srv/_set_use_global_current_vel_s.c.o[0m
[36.733s] [ 89%] [32mBuilding C object CMakeFiles/uuv_gazebo_ros_plugins_msgs__python.dir/rosidl_generator_py/uuv_gazebo_ros_plugins_msgs/srv/_get_thruster_state_s.c.o[0m
[36.733s] [ 89%] [32mBuilding C object CMakeFiles/uuv_gazebo_ros_plugins_msgs__python.dir/rosidl_generator_py/uuv_gazebo_ros_plugins_msgs/srv/_get_model_properties_s.c.o[0m
[36.832s] [ 90%] [32mBuilding C object CMakeFiles/uuv_gazebo_ros_plugins_msgs__python.dir/rosidl_generator_py/uuv_gazebo_ros_plugins_msgs/srv/_get_float_s.c.o[0m
[36.835s] [ 91%] [32mBuilding C object CMakeFiles/uuv_gazebo_ros_plugins_msgs__python.dir/rosidl_generator_py/uuv_gazebo_ros_plugins_msgs/srv/_get_list_param_s.c.o[0m
[36.849s] [ 91%] [32mBuilding C object CMakeFiles/uuv_gazebo_ros_plugins_msgs__python.dir/rosidl_generator_py/uuv_gazebo_ros_plugins_msgs/srv/_get_thruster_conversion_fcn_s.c.o[0m
[36.939s] [ 93%] [32mBuilding C object CMakeFiles/uuv_gazebo_ros_plugins_msgs__python.dir/rosidl_generator_py/uuv_gazebo_ros_plugins_msgs/srv/_get_thruster_efficiency_s.c.o[0m
[36.939s] [ 93%] [32mBuilding C object CMakeFiles/uuv_gazebo_ros_plugins_msgs__python.dir/rosidl_generator_py/uuv_gazebo_ros_plugins_msgs/srv/_set_float_s.c.o[0m
[36.966s] [ 94%] [32mBuilding C object CMakeFiles/uuv_gazebo_ros_plugins_msgs__python.dir/rosidl_generator_py/uuv_gazebo_ros_plugins_msgs/srv/_set_thruster_state_s.c.o[0m
[37.034s] [ 95%] [32mBuilding C object CMakeFiles/uuv_gazebo_ros_plugins_msgs__python.dir/rosidl_generator_py/uuv_gazebo_ros_plugins_msgs/srv/_set_thruster_efficiency_s.c.o[0m
[37.118s] [ 96%] [32m[1mLinking C shared library rosidl_generator_py/uuv_gazebo_ros_plugins_msgs/libuuv_gazebo_ros_plugins_msgs__python.so[0m
[37.161s] [ 96%] Built target uuv_gazebo_ros_plugins_msgs__python
[37.170s] [35m[1mScanning dependencies of target uuv_gazebo_ros_plugins_msgs__rosidl_typesupport_c__pyext[0m
[37.172s] [35m[1mScanning dependencies of target uuv_gazebo_ros_plugins_msgs__rosidl_typesupport_introspection_c__pyext[0m
[37.172s] [35m[1mScanning dependencies of target uuv_gazebo_ros_plugins_msgs__rosidl_typesupport_fastrtps_c__pyext[0m
[37.192s] [ 97%] [32mBuilding C object CMakeFiles/uuv_gazebo_ros_plugins_msgs__rosidl_typesupport_c__pyext.dir/rosidl_generator_py/uuv_gazebo_ros_plugins_msgs/_uuv_gazebo_ros_plugins_msgs_s.ep.rosidl_typesupport_c.c.o[0m
[37.197s] [ 98%] [32mBuilding C object CMakeFiles/uuv_gazebo_ros_plugins_msgs__rosidl_typesupport_introspection_c__pyext.dir/rosidl_generator_py/uuv_gazebo_ros_plugins_msgs/_uuv_gazebo_ros_plugins_msgs_s.ep.rosidl_typesupport_introspection_c.c.o[0m
[37.205s] [ 99%] [32mBuilding C object CMakeFiles/uuv_gazebo_ros_plugins_msgs__rosidl_typesupport_fastrtps_c__pyext.dir/rosidl_generator_py/uuv_gazebo_ros_plugins_msgs/_uuv_gazebo_ros_plugins_msgs_s.ep.rosidl_typesupport_fastrtps_c.c.o[0m
[37.405s] [100%] [32m[1mLinking C shared library rosidl_generator_py/uuv_gazebo_ros_plugins_msgs/uuv_gazebo_ros_plugins_msgs_s__rosidl_typesupport_introspection_c.cpython-38-x86_64-linux-gnu.so[0m
[37.427s] [100%] [32m[1mLinking C shared library rosidl_generator_py/uuv_gazebo_ros_plugins_msgs/uuv_gazebo_ros_plugins_msgs_s__rosidl_typesupport_c.cpython-38-x86_64-linux-gnu.so[0m
[37.446s] [100%] [32m[1mLinking CXX shared library rosidl_generator_py/uuv_gazebo_ros_plugins_msgs/uuv_gazebo_ros_plugins_msgs_s__rosidl_typesupport_fastrtps_c.cpython-38-x86_64-linux-gnu.so[0m
[37.459s] [100%] Built target uuv_gazebo_ros_plugins_msgs__rosidl_typesupport_introspection_c__pyext
[37.477s] [100%] Built target uuv_gazebo_ros_plugins_msgs__rosidl_typesupport_c__pyext
[37.528s] [100%] Built target uuv_gazebo_ros_plugins_msgs__rosidl_typesupport_fastrtps_c__pyext
[37.540s] Invoked command in '/home/brenda/RBIM_ws/src/uuv_simulator/build/uuv_gazebo_ros_plugins_msgs' returned '0': CMAKE_PREFIX_PATH=/opt/ros/foxy:${CMAKE_PREFIX_PATH} /usr/bin/cmake --build /home/brenda/RBIM_ws/src/uuv_simulator/build/uuv_gazebo_ros_plugins_msgs -- -j8 -l8
[37.776s] Invoking command in '/home/brenda/RBIM_ws/src/uuv_simulator/build/uuv_gazebo_ros_plugins_msgs': CMAKE_PREFIX_PATH=/opt/ros/foxy:${CMAKE_PREFIX_PATH} /usr/bin/cmake --install /home/brenda/RBIM_ws/src/uuv_simulator/build/uuv_gazebo_ros_plugins_msgs
[37.786s] -- Install configuration: ""
[37.786s] -- Installing: /home/brenda/RBIM_ws/src/uuv_simulator/install/uuv_gazebo_ros_plugins_msgs/share/ament_index/resource_index/rosidl_interfaces/uuv_gazebo_ros_plugins_msgs
[37.786s] -- Installing: /home/brenda/RBIM_ws/src/uuv_simulator/install/uuv_gazebo_ros_plugins_msgs/include/uuv_gazebo_ros_plugins_msgs
[37.786s] -- Installing: /home/brenda/RBIM_ws/src/uuv_simulator/install/uuv_gazebo_ros_plugins_msgs/include/uuv_gazebo_ros_plugins_msgs/srv
[37.787s] -- Installing: /home/brenda/RBIM_ws/src/uuv_simulator/install/uuv_gazebo_ros_plugins_msgs/include/uuv_gazebo_ros_plugins_msgs/srv/get_model_properties.h
[37.787s] -- Installing: /home/brenda/RBIM_ws/src/uuv_simulator/install/uuv_gazebo_ros_plugins_msgs/include/uuv_gazebo_ros_plugins_msgs/srv/set_use_global_current_vel.h
[37.787s] -- Installing: /home/brenda/RBIM_ws/src/uuv_simulator/install/uuv_gazebo_ros_plugins_msgs/include/uuv_gazebo_ros_plugins_msgs/srv/detail
[37.787s] -- Installing: /home/brenda/RBIM_ws/src/uuv_simulator/install/uuv_gazebo_ros_plugins_msgs/include/uuv_gazebo_ros_plugins_msgs/srv/detail/get_thruster_state__struct.h
[37.787s] -- Installing: /home/brenda/RBIM_ws/src/uuv_simulator/install/uuv_gazebo_ros_plugins_msgs/include/uuv_gazebo_ros_plugins_msgs/srv/detail/get_list_param__type_support.h
[37.787s] -- Installing: /home/brenda/RBIM_ws/src/uuv_simulator/install/uuv_gazebo_ros_plugins_msgs/include/uuv_gazebo_ros_plugins_msgs/srv/detail/get_thruster_conversion_fcn__functions.c
[37.787s] -- Installing: /home/brenda/RBIM_ws/src/uuv_simulator/install/uuv_gazebo_ros_plugins_msgs/include/uuv_gazebo_ros_plugins_msgs/srv/detail/set_thruster_efficiency__type_support.h
[37.787s] -- Installing: /home/brenda/RBIM_ws/src/uuv_simulator/install/uuv_gazebo_ros_plugins_msgs/include/uuv_gazebo_ros_plugins_msgs/srv/detail/get_float__functions.c
[37.787s] -- Installing: /home/brenda/RBIM_ws/src/uuv_simulator/install/uuv_gazebo_ros_plugins_msgs/include/uuv_gazebo_ros_plugins_msgs/srv/detail/get_thruster_conversion_fcn__struct.h
[37.787s] -- Installing: /home/brenda/RBIM_ws/src/uuv_simulator/install/uuv_gazebo_ros_plugins_msgs/include/uuv_gazebo_ros_plugins_msgs/srv/detail/set_float__functions.c
[37.787s] -- Installing: /home/brenda/RBIM_ws/src/uuv_simulator/install/uuv_gazebo_ros_plugins_msgs/include/uuv_gazebo_ros_plugins_msgs/srv/detail/get_thruster_efficiency__struct.h
[37.788s] -- Installing: /home/brenda/RBIM_ws/src/uuv_simulator/install/uuv_gazebo_ros_plugins_msgs/include/uuv_gazebo_ros_plugins_msgs/srv/detail/get_list_param__functions.c
[37.788s] -- Installing: /home/brenda/RBIM_ws/src/uuv_simulator/install/uuv_gazebo_ros_plugins_msgs/include/uuv_gazebo_ros_plugins_msgs/srv/detail/set_float__type_support.h
[37.788s] -- Installing: /home/brenda/RBIM_ws/src/uuv_simulator/install/uuv_gazebo_ros_plugins_msgs/include/uuv_gazebo_ros_plugins_msgs/srv/detail/get_model_properties__struct.h
[37.788s] -- Installing: /home/brenda/RBIM_ws/src/uuv_simulator/install/uuv_gazebo_ros_plugins_msgs/include/uuv_gazebo_ros_plugins_msgs/srv/detail/get_float__type_support.h
[37.788s] -- Installing: /home/brenda/RBIM_ws/src/uuv_simulator/install/uuv_gazebo_ros_plugins_msgs/include/uuv_gazebo_ros_plugins_msgs/srv/detail/get_thruster_efficiency__type_support.h
[37.788s] -- Installing: /home/brenda/RBIM_ws/src/uuv_simulator/install/uuv_gazebo_ros_plugins_msgs/include/uuv_gazebo_ros_plugins_msgs/srv/detail/get_float__struct.h
[37.788s] -- Installing: /home/brenda/RBIM_ws/src/uuv_simulator/install/uuv_gazebo_ros_plugins_msgs/include/uuv_gazebo_ros_plugins_msgs/srv/detail/set_use_global_current_vel__type_support.h
[37.788s] -- Installing: /home/brenda/RBIM_ws/src/uuv_simulator/install/uuv_gazebo_ros_plugins_msgs/include/uuv_gazebo_ros_plugins_msgs/srv/detail/get_thruster_conversion_fcn__functions.h
[37.788s] -- Installing: /home/brenda/RBIM_ws/src/uuv_simulator/install/uuv_gazebo_ros_plugins_msgs/include/uuv_gazebo_ros_plugins_msgs/srv/detail/get_thruster_efficiency__functions.h
[37.789s] -- Installing: /home/brenda/RBIM_ws/src/uuv_simulator/install/uuv_gazebo_ros_plugins_msgs/include/uuv_gazebo_ros_plugins_msgs/srv/detail/set_thruster_efficiency__struct.h
[37.789s] -- Installing: /home/brenda/RBIM_ws/src/uuv_simulator/install/uuv_gazebo_ros_plugins_msgs/include/uuv_gazebo_ros_plugins_msgs/srv/detail/get_thruster_efficiency__functions.c
[37.789s] -- Installing: /home/brenda/RBIM_ws/src/uuv_simulator/install/uuv_gazebo_ros_plugins_msgs/include/uuv_gazebo_ros_plugins_msgs/srv/detail/get_model_properties__type_support.h
[37.789s] -- Installing: /home/brenda/RBIM_ws/src/uuv_simulator/install/uuv_gazebo_ros_plugins_msgs/include/uuv_gazebo_ros_plugins_msgs/srv/detail/get_model_properties__functions.c
[37.789s] -- Installing: /home/brenda/RBIM_ws/src/uuv_simulator/install/uuv_gazebo_ros_plugins_msgs/include/uuv_gazebo_ros_plugins_msgs/srv/detail/get_list_param__struct.h
[37.789s] -- Installing: /home/brenda/RBIM_ws/src/uuv_simulator/install/uuv_gazebo_ros_plugins_msgs/include/uuv_gazebo_ros_plugins_msgs/srv/detail/set_thruster_efficiency__functions.h
[37.789s] -- Installing: /home/brenda/RBIM_ws/src/uuv_simulator/install/uuv_gazebo_ros_plugins_msgs/include/uuv_gazebo_ros_plugins_msgs/srv/detail/get_float__functions.h
[37.789s] -- Installing: /home/brenda/RBIM_ws/src/uuv_simulator/install/uuv_gazebo_ros_plugins_msgs/include/uuv_gazebo_ros_plugins_msgs/srv/detail/set_use_global_current_vel__struct.h
[37.789s] -- Installing: /home/brenda/RBIM_ws/src/uuv_simulator/install/uuv_gazebo_ros_plugins_msgs/include/uuv_gazebo_ros_plugins_msgs/srv/detail/set_thruster_state__type_support.h
[37.790s] -- Installing: /home/brenda/RBIM_ws/src/uuv_simulator/install/uuv_gazebo_ros_plugins_msgs/include/uuv_gazebo_ros_plugins_msgs/srv/detail/set_thruster_efficiency__functions.c
[37.790s] -- Installing: /home/brenda/RBIM_ws/src/uuv_simulator/install/uuv_gazebo_ros_plugins_msgs/include/uuv_gazebo_ros_plugins_msgs/srv/detail/set_thruster_state__functions.c
[37.790s] -- Installing: /home/brenda/RBIM_ws/src/uuv_simulator/install/uuv_gazebo_ros_plugins_msgs/include/uuv_gazebo_ros_plugins_msgs/srv/detail/set_thruster_state__struct.h
[37.790s] -- Installing: /home/brenda/RBIM_ws/src/uuv_simulator/install/uuv_gazebo_ros_plugins_msgs/include/uuv_gazebo_ros_plugins_msgs/srv/detail/get_thruster_state__type_support.h
[37.790s] -- Installing: /home/brenda/RBIM_ws/src/uuv_simulator/install/uuv_gazebo_ros_plugins_msgs/include/uuv_gazebo_ros_plugins_msgs/srv/detail/get_thruster_conversion_fcn__type_support.h
[37.790s] -- Installing: /home/brenda/RBIM_ws/src/uuv_simulator/install/uuv_gazebo_ros_plugins_msgs/include/uuv_gazebo_ros_plugins_msgs/srv/detail/set_thruster_state__functions.h
[37.790s] -- Installing: /home/brenda/RBIM_ws/src/uuv_simulator/install/uuv_gazebo_ros_plugins_msgs/include/uuv_gazebo_ros_plugins_msgs/srv/detail/get_model_properties__functions.h
[37.790s] -- Installing: /home/brenda/RBIM_ws/src/uuv_simulator/install/uuv_gazebo_ros_plugins_msgs/include/uuv_gazebo_ros_plugins_msgs/srv/detail/get_thruster_state__functions.c
[37.790s] -- Installing: /home/brenda/RBIM_ws/src/uuv_simulator/install/uuv_gazebo_ros_plugins_msgs/include/uuv_gazebo_ros_plugins_msgs/srv/detail/set_use_global_current_vel__functions.c
[37.790s] -- Installing: /home/brenda/RBIM_ws/src/uuv_simulator/install/uuv_gazebo_ros_plugins_msgs/include/uuv_gazebo_ros_plugins_msgs/srv/detail/set_use_global_current_vel__functions.h
[37.790s] -- Installing: /home/brenda/RBIM_ws/src/uuv_simulator/install/uuv_gazebo_ros_plugins_msgs/include/uuv_gazebo_ros_plugins_msgs/srv/detail/get_list_param__functions.h
[37.790s] -- Installing: /home/brenda/RBIM_ws/src/uuv_simulator/install/uuv_gazebo_ros_plugins_msgs/include/uuv_gazebo_ros_plugins_msgs/srv/detail/set_float__struct.h
[37.791s] -- Installing: /home/brenda/RBIM_ws/src/uuv_simulator/install/uuv_gazebo_ros_plugins_msgs/include/uuv_gazebo_ros_plugins_msgs/srv/detail/set_float__functions.h
[37.791s] -- Installing: /home/brenda/RBIM_ws/src/uuv_simulator/install/uuv_gazebo_ros_plugins_msgs/include/uuv_gazebo_ros_plugins_msgs/srv/detail/get_thruster_state__functions.h
[37.791s] -- Installing: /home/brenda/RBIM_ws/src/uuv_simulator/install/uuv_gazebo_ros_plugins_msgs/include/uuv_gazebo_ros_plugins_msgs/srv/get_thruster_conversion_fcn.h
[37.791s] -- Installing: /home/brenda/RBIM_ws/src/uuv_simulator/install/uuv_gazebo_ros_plugins_msgs/include/uuv_gazebo_ros_plugins_msgs/srv/set_thruster_state.h
[37.791s] -- Installing: /home/brenda/RBIM_ws/src/uuv_simulator/install/uuv_gazebo_ros_plugins_msgs/include/uuv_gazebo_ros_plugins_msgs/srv/set_thruster_efficiency.h
[37.791s] -- Installing: /home/brenda/RBIM_ws/src/uuv_simulator/install/uuv_gazebo_ros_plugins_msgs/include/uuv_gazebo_ros_plugins_msgs/srv/get_thruster_state.h
[37.791s] -- Installing: /home/brenda/RBIM_ws/src/uuv_simulator/install/uuv_gazebo_ros_plugins_msgs/include/uuv_gazebo_ros_plugins_msgs/srv/set_float.h
[37.791s] -- Installing: /home/brenda/RBIM_ws/src/uuv_simulator/install/uuv_gazebo_ros_plugins_msgs/include/uuv_gazebo_ros_plugins_msgs/srv/get_thruster_efficiency.h
[37.791s] -- Installing: /home/brenda/RBIM_ws/src/uuv_simulator/install/uuv_gazebo_ros_plugins_msgs/include/uuv_gazebo_ros_plugins_msgs/srv/get_list_param.h
[37.791s] -- Installing: /home/brenda/RBIM_ws/src/uuv_simulator/install/uuv_gazebo_ros_plugins_msgs/include/uuv_gazebo_ros_plugins_msgs/srv/get_float.h
[37.791s] -- Installing: /home/brenda/RBIM_ws/src/uuv_simulator/install/uuv_gazebo_ros_plugins_msgs/include/uuv_gazebo_ros_plugins_msgs/msg
[37.791s] -- Installing: /home/brenda/RBIM_ws/src/uuv_simulator/install/uuv_gazebo_ros_plugins_msgs/include/uuv_gazebo_ros_plugins_msgs/msg/float_stamped.h
[37.792s] -- Installing: /home/brenda/RBIM_ws/src/uuv_simulator/install/uuv_gazebo_ros_plugins_msgs/include/uuv_gazebo_ros_plugins_msgs/msg/detail
[37.792s] -- Installing: /home/brenda/RBIM_ws/src/uuv_simulator/install/uuv_gazebo_ros_plugins_msgs/include/uuv_gazebo_ros_plugins_msgs/msg/detail/float_stamped__functions.h
[37.792s] -- Installing: /home/brenda/RBIM_ws/src/uuv_simulator/install/uuv_gazebo_ros_plugins_msgs/include/uuv_gazebo_ros_plugins_msgs/msg/detail/thruster_conversion_fcn__functions.h
[37.792s] -- Installing: /home/brenda/RBIM_ws/src/uuv_simulator/install/uuv_gazebo_ros_plugins_msgs/include/uuv_gazebo_ros_plugins_msgs/msg/detail/thruster_conversion_fcn__struct.h
[37.792s] -- Installing: /home/brenda/RBIM_ws/src/uuv_simulator/install/uuv_gazebo_ros_plugins_msgs/include/uuv_gazebo_ros_plugins_msgs/msg/detail/underwater_object_model__functions.h
[37.792s] -- Installing: /home/brenda/RBIM_ws/src/uuv_simulator/install/uuv_gazebo_ros_plugins_msgs/include/uuv_gazebo_ros_plugins_msgs/msg/detail/float_stamped__struct.h
[37.792s] -- Installing: /home/brenda/RBIM_ws/src/uuv_simulator/install/uuv_gazebo_ros_plugins_msgs/include/uuv_gazebo_ros_plugins_msgs/msg/detail/thruster_conversion_fcn__functions.c
[37.792s] -- Installing: /home/brenda/RBIM_ws/src/uuv_simulator/install/uuv_gazebo_ros_plugins_msgs/include/uuv_gazebo_ros_plugins_msgs/msg/detail/float_stamped__functions.c
[37.792s] -- Installing: /home/brenda/RBIM_ws/src/uuv_simulator/install/uuv_gazebo_ros_plugins_msgs/include/uuv_gazebo_ros_plugins_msgs/msg/detail/underwater_object_model__type_support.h
[37.792s] -- Installing: /home/brenda/RBIM_ws/src/uuv_simulator/install/uuv_gazebo_ros_plugins_msgs/include/uuv_gazebo_ros_plugins_msgs/msg/detail/float_stamped__type_support.h
[37.792s] -- Installing: /home/brenda/RBIM_ws/src/uuv_simulator/install/uuv_gazebo_ros_plugins_msgs/include/uuv_gazebo_ros_plugins_msgs/msg/detail/underwater_object_model__functions.c
[37.792s] -- Installing: /home/brenda/RBIM_ws/src/uuv_simulator/install/uuv_gazebo_ros_plugins_msgs/include/uuv_gazebo_ros_plugins_msgs/msg/detail/underwater_object_model__struct.h
[37.792s] -- Installing: /home/brenda/RBIM_ws/src/uuv_simulator/install/uuv_gazebo_ros_plugins_msgs/include/uuv_gazebo_ros_plugins_msgs/msg/detail/thruster_conversion_fcn__type_support.h
[37.793s] -- Installing: /home/brenda/RBIM_ws/src/uuv_simulator/install/uuv_gazebo_ros_plugins_msgs/include/uuv_gazebo_ros_plugins_msgs/msg/underwater_object_model.h
[37.793s] -- Installing: /home/brenda/RBIM_ws/src/uuv_simulator/install/uuv_gazebo_ros_plugins_msgs/include/uuv_gazebo_ros_plugins_msgs/msg/thruster_conversion_fcn.h
[37.793s] -- Installing: /home/brenda/RBIM_ws/src/uuv_simulator/install/uuv_gazebo_ros_plugins_msgs/include/uuv_gazebo_ros_plugins_msgs/msg/rosidl_generator_c__visibility_control.h
[37.793s] -- Installing: /home/brenda/RBIM_ws/src/uuv_simulator/install/uuv_gazebo_ros_plugins_msgs/share/uuv_gazebo_ros_plugins_msgs/environment/library_path.sh
[37.793s] -- Installing: /home/brenda/RBIM_ws/src/uuv_simulator/install/uuv_gazebo_ros_plugins_msgs/share/uuv_gazebo_ros_plugins_msgs/environment/library_path.dsv
[37.793s] -- Installing: /home/brenda/RBIM_ws/src/uuv_simulator/install/uuv_gazebo_ros_plugins_msgs/lib/libuuv_gazebo_ros_plugins_msgs__rosidl_generator_c.so
[37.793s] -- Set runtime path of "/home/brenda/RBIM_ws/src/uuv_simulator/install/uuv_gazebo_ros_plugins_msgs/lib/libuuv_gazebo_ros_plugins_msgs__rosidl_generator_c.so" to ""
[37.793s] -- Up-to-date: /home/brenda/RBIM_ws/src/uuv_simulator/install/uuv_gazebo_ros_plugins_msgs/include/uuv_gazebo_ros_plugins_msgs
[37.793s] -- Up-to-date: /home/brenda/RBIM_ws/src/uuv_simulator/install/uuv_gazebo_ros_plugins_msgs/include/uuv_gazebo_ros_plugins_msgs/srv
[37.793s] -- Up-to-date: /home/brenda/RBIM_ws/src/uuv_simulator/install/uuv_gazebo_ros_plugins_msgs/include/uuv_gazebo_ros_plugins_msgs/srv/detail
[37.794s] -- Installing: /home/brenda/RBIM_ws/src/uuv_simulator/install/uuv_gazebo_ros_plugins_msgs/include/uuv_gazebo_ros_plugins_msgs/srv/detail/get_thruster_conversion_fcn__rosidl_typesupport_fastrtps_c.h
[37.794s] -- Installing: /home/brenda/RBIM_ws/src/uuv_simulator/install/uuv_gazebo_ros_plugins_msgs/include/uuv_gazebo_ros_plugins_msgs/srv/detail/get_thruster_state__rosidl_typesupport_fastrtps_c.h
[37.794s] -- Installing: /home/brenda/RBIM_ws/src/uuv_simulator/install/uuv_gazebo_ros_plugins_msgs/include/uuv_gazebo_ros_plugins_msgs/srv/detail/get_float__rosidl_typesupport_fastrtps_c.h
[37.794s] -- Installing: /home/brenda/RBIM_ws/src/uuv_simulator/install/uuv_gazebo_ros_plugins_msgs/include/uuv_gazebo_ros_plugins_msgs/srv/detail/set_thruster_state__rosidl_typesupport_fastrtps_c.h
[37.794s] -- Installing: /home/brenda/RBIM_ws/src/uuv_simulator/install/uuv_gazebo_ros_plugins_msgs/include/uuv_gazebo_ros_plugins_msgs/srv/detail/get_model_properties__rosidl_typesupport_fastrtps_c.h
[37.794s] -- Installing: /home/brenda/RBIM_ws/src/uuv_simulator/install/uuv_gazebo_ros_plugins_msgs/include/uuv_gazebo_ros_plugins_msgs/srv/detail/get_list_param__rosidl_typesupport_fastrtps_c.h
[37.794s] -- Installing: /home/brenda/RBIM_ws/src/uuv_simulator/install/uuv_gazebo_ros_plugins_msgs/include/uuv_gazebo_ros_plugins_msgs/srv/detail/set_float__rosidl_typesupport_fastrtps_c.h
[37.794s] -- Installing: /home/brenda/RBIM_ws/src/uuv_simulator/install/uuv_gazebo_ros_plugins_msgs/include/uuv_gazebo_ros_plugins_msgs/srv/detail/set_thruster_efficiency__rosidl_typesupport_fastrtps_c.h
[37.794s] -- Installing: /home/brenda/RBIM_ws/src/uuv_simulator/install/uuv_gazebo_ros_plugins_msgs/include/uuv_gazebo_ros_plugins_msgs/srv/detail/get_thruster_efficiency__rosidl_typesupport_fastrtps_c.h
[37.794s] -- Installing: /home/brenda/RBIM_ws/src/uuv_simulator/install/uuv_gazebo_ros_plugins_msgs/include/uuv_gazebo_ros_plugins_msgs/srv/detail/set_use_global_current_vel__rosidl_typesupport_fastrtps_c.h
[37.794s] -- Up-to-date: /home/brenda/RBIM_ws/src/uuv_simulator/install/uuv_gazebo_ros_plugins_msgs/include/uuv_gazebo_ros_plugins_msgs/msg
[37.795s] -- Installing: /home/brenda/RBIM_ws/src/uuv_simulator/install/uuv_gazebo_ros_plugins_msgs/include/uuv_gazebo_ros_plugins_msgs/msg/rosidl_typesupport_fastrtps_c__visibility_control.h
[37.795s] -- Up-to-date: /home/brenda/RBIM_ws/src/uuv_simulator/install/uuv_gazebo_ros_plugins_msgs/include/uuv_gazebo_ros_plugins_msgs/msg/detail
[37.795s] -- Installing: /home/brenda/RBIM_ws/src/uuv_simulator/install/uuv_gazebo_ros_plugins_msgs/include/uuv_gazebo_ros_plugins_msgs/msg/detail/underwater_object_model__rosidl_typesupport_fastrtps_c.h
[37.795s] -- Installing: /home/brenda/RBIM_ws/src/uuv_simulator/install/uuv_gazebo_ros_plugins_msgs/include/uuv_gazebo_ros_plugins_msgs/msg/detail/float_stamped__rosidl_typesupport_fastrtps_c.h
[37.795s] -- Installing: /home/brenda/RBIM_ws/src/uuv_simulator/install/uuv_gazebo_ros_plugins_msgs/include/uuv_gazebo_ros_plugins_msgs/msg/detail/thruster_conversion_fcn__rosidl_typesupport_fastrtps_c.h
[37.795s] -- Installing: /home/brenda/RBIM_ws/src/uuv_simulator/install/uuv_gazebo_ros_plugins_msgs/lib/libuuv_gazebo_ros_plugins_msgs__rosidl_typesupport_fastrtps_c.so
[37.795s] -- Set runtime path of "/home/brenda/RBIM_ws/src/uuv_simulator/install/uuv_gazebo_ros_plugins_msgs/lib/libuuv_gazebo_ros_plugins_msgs__rosidl_typesupport_fastrtps_c.so" to ""
[37.795s] -- Up-to-date: /home/brenda/RBIM_ws/src/uuv_simulator/install/uuv_gazebo_ros_plugins_msgs/include/uuv_gazebo_ros_plugins_msgs
[37.795s] -- Up-to-date: /home/brenda/RBIM_ws/src/uuv_simulator/install/uuv_gazebo_ros_plugins_msgs/include/uuv_gazebo_ros_plugins_msgs/srv
[37.796s] -- Up-to-date: /home/brenda/RBIM_ws/src/uuv_simulator/install/uuv_gazebo_ros_plugins_msgs/include/uuv_gazebo_ros_plugins_msgs/srv/detail
[37.796s] -- Installing: /home/brenda/RBIM_ws/src/uuv_simulator/install/uuv_gazebo_ros_plugins_msgs/include/uuv_gazebo_ros_plugins_msgs/srv/detail/get_thruster_efficiency__rosidl_typesupport_fastrtps_cpp.hpp
[37.796s] -- Installing: /home/brenda/RBIM_ws/src/uuv_simulator/install/uuv_gazebo_ros_plugins_msgs/include/uuv_gazebo_ros_plugins_msgs/srv/detail/get_thruster_state__rosidl_typesupport_fastrtps_cpp.hpp
[37.796s] -- Installing: /home/brenda/RBIM_ws/src/uuv_simulator/install/uuv_gazebo_ros_plugins_msgs/include/uuv_gazebo_ros_plugins_msgs/srv/detail/set_float__rosidl_typesupport_fastrtps_cpp.hpp
[37.796s] -- Installing: /home/brenda/RBIM_ws/src/uuv_simulator/install/uuv_gazebo_ros_plugins_msgs/include/uuv_gazebo_ros_plugins_msgs/srv/detail/get_model_properties__rosidl_typesupport_fastrtps_cpp.hpp
[37.796s] -- Installing: /home/brenda/RBIM_ws/src/uuv_simulator/install/uuv_gazebo_ros_plugins_msgs/include/uuv_gazebo_ros_plugins_msgs/srv/detail/get_float__rosidl_typesupport_fastrtps_cpp.hpp
[37.796s] -- Installing: /home/brenda/RBIM_ws/src/uuv_simulator/install/uuv_gazebo_ros_plugins_msgs/include/uuv_gazebo_ros_plugins_msgs/srv/detail/dds_fastrtps
[37.796s] -- Installing: /home/brenda/RBIM_ws/src/uuv_simulator/install/uuv_gazebo_ros_plugins_msgs/include/uuv_gazebo_ros_plugins_msgs/srv/detail/get_thruster_conversion_fcn__rosidl_typesupport_fastrtps_cpp.hpp
[37.797s] -- Installing: /home/brenda/RBIM_ws/src/uuv_simulator/install/uuv_gazebo_ros_plugins_msgs/include/uuv_gazebo_ros_plugins_msgs/srv/detail/set_use_global_current_vel__rosidl_typesupport_fastrtps_cpp.hpp
[37.797s] -- Installing: /home/brenda/RBIM_ws/src/uuv_simulator/install/uuv_gazebo_ros_plugins_msgs/include/uuv_gazebo_ros_plugins_msgs/srv/detail/get_list_param__rosidl_typesupport_fastrtps_cpp.hpp
[37.797s] -- Installing: /home/brenda/RBIM_ws/src/uuv_simulator/install/uuv_gazebo_ros_plugins_msgs/include/uuv_gazebo_ros_plugins_msgs/srv/detail/set_thruster_state__rosidl_typesupport_fastrtps_cpp.hpp
[37.797s] -- Installing: /home/brenda/RBIM_ws/src/uuv_simulator/install/uuv_gazebo_ros_plugins_msgs/include/uuv_gazebo_ros_plugins_msgs/srv/detail/set_thruster_efficiency__rosidl_typesupport_fastrtps_cpp.hpp
[37.797s] -- Up-to-date: /home/brenda/RBIM_ws/src/uuv_simulator/install/uuv_gazebo_ros_plugins_msgs/include/uuv_gazebo_ros_plugins_msgs/msg
[37.797s] -- Installing: /home/brenda/RBIM_ws/src/uuv_simulator/install/uuv_gazebo_ros_plugins_msgs/include/uuv_gazebo_ros_plugins_msgs/msg/rosidl_typesupport_fastrtps_cpp__visibility_control.h
[37.797s] -- Up-to-date: /home/brenda/RBIM_ws/src/uuv_simulator/install/uuv_gazebo_ros_plugins_msgs/include/uuv_gazebo_ros_plugins_msgs/msg/detail
[37.797s] -- Installing: /home/brenda/RBIM_ws/src/uuv_simulator/install/uuv_gazebo_ros_plugins_msgs/include/uuv_gazebo_ros_plugins_msgs/msg/detail/dds_fastrtps
[37.797s] -- Installing: /home/brenda/RBIM_ws/src/uuv_simulator/install/uuv_gazebo_ros_plugins_msgs/include/uuv_gazebo_ros_plugins_msgs/msg/detail/underwater_object_model__rosidl_typesupport_fastrtps_cpp.hpp
[37.797s] -- Installing: /home/brenda/RBIM_ws/src/uuv_simulator/install/uuv_gazebo_ros_plugins_msgs/include/uuv_gazebo_ros_plugins_msgs/msg/detail/thruster_conversion_fcn__rosidl_typesupport_fastrtps_cpp.hpp
[37.797s] -- Installing: /home/brenda/RBIM_ws/src/uuv_simulator/install/uuv_gazebo_ros_plugins_msgs/include/uuv_gazebo_ros_plugins_msgs/msg/detail/float_stamped__rosidl_typesupport_fastrtps_cpp.hpp
[37.797s] -- Installing: /home/brenda/RBIM_ws/src/uuv_simulator/install/uuv_gazebo_ros_plugins_msgs/lib/libuuv_gazebo_ros_plugins_msgs__rosidl_typesupport_fastrtps_cpp.so
[37.798s] -- Set runtime path of "/home/brenda/RBIM_ws/src/uuv_simulator/install/uuv_gazebo_ros_plugins_msgs/lib/libuuv_gazebo_ros_plugins_msgs__rosidl_typesupport_fastrtps_cpp.so" to ""
[37.798s] -- Up-to-date: /home/brenda/RBIM_ws/src/uuv_simulator/install/uuv_gazebo_ros_plugins_msgs/include/uuv_gazebo_ros_plugins_msgs
[37.798s] -- Up-to-date: /home/brenda/RBIM_ws/src/uuv_simulator/install/uuv_gazebo_ros_plugins_msgs/include/uuv_gazebo_ros_plugins_msgs/srv
[37.798s] -- Up-to-date: /home/brenda/RBIM_ws/src/uuv_simulator/install/uuv_gazebo_ros_plugins_msgs/include/uuv_gazebo_ros_plugins_msgs/srv/detail
[37.798s] -- Installing: /home/brenda/RBIM_ws/src/uuv_simulator/install/uuv_gazebo_ros_plugins_msgs/include/uuv_gazebo_ros_plugins_msgs/srv/detail/set_thruster_efficiency__rosidl_typesupport_introspection_c.h
[37.798s] -- Installing: /home/brenda/RBIM_ws/src/uuv_simulator/install/uuv_gazebo_ros_plugins_msgs/include/uuv_gazebo_ros_plugins_msgs/srv/detail/set_thruster_state__rosidl_typesupport_introspection_c.h
[37.798s] -- Installing: /home/brenda/RBIM_ws/src/uuv_simulator/install/uuv_gazebo_ros_plugins_msgs/include/uuv_gazebo_ros_plugins_msgs/srv/detail/set_use_global_current_vel__type_support.c
[37.798s] -- Installing: /home/brenda/RBIM_ws/src/uuv_simulator/install/uuv_gazebo_ros_plugins_msgs/include/uuv_gazebo_ros_plugins_msgs/srv/detail/get_float__type_support.c
[37.798s] -- Installing: /home/brenda/RBIM_ws/src/uuv_simulator/install/uuv_gazebo_ros_plugins_msgs/include/uuv_gazebo_ros_plugins_msgs/srv/detail/set_use_global_current_vel__rosidl_typesupport_introspection_c.h
[37.798s] -- Installing: /home/brenda/RBIM_ws/src/uuv_simulator/install/uuv_gazebo_ros_plugins_msgs/include/uuv_gazebo_ros_plugins_msgs/srv/detail/set_thruster_efficiency__type_support.c
[37.798s] -- Installing: /home/brenda/RBIM_ws/src/uuv_simulator/install/uuv_gazebo_ros_plugins_msgs/include/uuv_gazebo_ros_plugins_msgs/srv/detail/get_model_properties__rosidl_typesupport_introspection_c.h
[37.798s] -- Installing: /home/brenda/RBIM_ws/src/uuv_simulator/install/uuv_gazebo_ros_plugins_msgs/include/uuv_gazebo_ros_plugins_msgs/srv/detail/get_list_param__rosidl_typesupport_introspection_c.h
[37.799s] -- Installing: /home/brenda/RBIM_ws/src/uuv_simulator/install/uuv_gazebo_ros_plugins_msgs/include/uuv_gazebo_ros_plugins_msgs/srv/detail/get_thruster_state__rosidl_typesupport_introspection_c.h
[37.799s] -- Installing: /home/brenda/RBIM_ws/src/uuv_simulator/install/uuv_gazebo_ros_plugins_msgs/include/uuv_gazebo_ros_plugins_msgs/srv/detail/set_thruster_state__type_support.c
[37.799s] -- Installing: /home/brenda/RBIM_ws/src/uuv_simulator/install/uuv_gazebo_ros_plugins_msgs/include/uuv_gazebo_ros_plugins_msgs/srv/detail/set_float__type_support.c
[37.799s] -- Installing: /home/brenda/RBIM_ws/src/uuv_simulator/install/uuv_gazebo_ros_plugins_msgs/include/uuv_gazebo_ros_plugins_msgs/srv/detail/get_thruster_conversion_fcn__rosidl_typesupport_introspection_c.h
[37.799s] -- Installing: /home/brenda/RBIM_ws/src/uuv_simulator/install/uuv_gazebo_ros_plugins_msgs/include/uuv_gazebo_ros_plugins_msgs/srv/detail/set_float__rosidl_typesupport_introspection_c.h
[37.799s] -- Installing: /home/brenda/RBIM_ws/src/uuv_simulator/install/uuv_gazebo_ros_plugins_msgs/include/uuv_gazebo_ros_plugins_msgs/srv/detail/get_thruster_state__type_support.c
[37.799s] -- Installing: /home/brenda/RBIM_ws/src/uuv_simulator/install/uuv_gazebo_ros_plugins_msgs/include/uuv_gazebo_ros_plugins_msgs/srv/detail/get_thruster_efficiency__type_support.c
[37.799s] -- Installing: /home/brenda/RBIM_ws/src/uuv_simulator/install/uuv_gazebo_ros_plugins_msgs/include/uuv_gazebo_ros_plugins_msgs/srv/detail/get_float__rosidl_typesupport_introspection_c.h
[37.799s] -- Installing: /home/brenda/RBIM_ws/src/uuv_simulator/install/uuv_gazebo_ros_plugins_msgs/include/uuv_gazebo_ros_plugins_msgs/srv/detail/get_thruster_conversion_fcn__type_support.c
[37.799s] -- Installing: /home/brenda/RBIM_ws/src/uuv_simulator/install/uuv_gazebo_ros_plugins_msgs/include/uuv_gazebo_ros_plugins_msgs/srv/detail/get_thruster_efficiency__rosidl_typesupport_introspection_c.h
[37.799s] -- Installing: /home/brenda/RBIM_ws/src/uuv_simulator/install/uuv_gazebo_ros_plugins_msgs/include/uuv_gazebo_ros_plugins_msgs/srv/detail/get_list_param__type_support.c
[37.800s] -- Installing: /home/brenda/RBIM_ws/src/uuv_simulator/install/uuv_gazebo_ros_plugins_msgs/include/uuv_gazebo_ros_plugins_msgs/srv/detail/get_model_properties__type_support.c
[37.800s] -- Up-to-date: /home/brenda/RBIM_ws/src/uuv_simulator/install/uuv_gazebo_ros_plugins_msgs/include/uuv_gazebo_ros_plugins_msgs/msg
[37.800s] -- Installing: /home/brenda/RBIM_ws/src/uuv_simulator/install/uuv_gazebo_ros_plugins_msgs/include/uuv_gazebo_ros_plugins_msgs/msg/rosidl_typesupport_introspection_c__visibility_control.h
[37.800s] -- Up-to-date: /home/brenda/RBIM_ws/src/uuv_simulator/install/uuv_gazebo_ros_plugins_msgs/include/uuv_gazebo_ros_plugins_msgs/msg/detail
[37.800s] -- Installing: /home/brenda/RBIM_ws/src/uuv_simulator/install/uuv_gazebo_ros_plugins_msgs/include/uuv_gazebo_ros_plugins_msgs/msg/detail/float_stamped__type_support.c
[37.800s] -- Installing: /home/brenda/RBIM_ws/src/uuv_simulator/install/uuv_gazebo_ros_plugins_msgs/include/uuv_gazebo_ros_plugins_msgs/msg/detail/underwater_object_model__type_support.c
[37.800s] -- Installing: /home/brenda/RBIM_ws/src/uuv_simulator/install/uuv_gazebo_ros_plugins_msgs/include/uuv_gazebo_ros_plugins_msgs/msg/detail/float_stamped__rosidl_typesupport_introspection_c.h
[37.800s] -- Installing: /home/brenda/RBIM_ws/src/uuv_simulator/install/uuv_gazebo_ros_plugins_msgs/include/uuv_gazebo_ros_plugins_msgs/msg/detail/underwater_object_model__rosidl_typesupport_introspection_c.h
[37.800s] -- Installing: /home/brenda/RBIM_ws/src/uuv_simulator/install/uuv_gazebo_ros_plugins_msgs/include/uuv_gazebo_ros_plugins_msgs/msg/detail/thruster_conversion_fcn__rosidl_typesupport_introspection_c.h
[37.800s] -- Installing: /home/brenda/RBIM_ws/src/uuv_simulator/install/uuv_gazebo_ros_plugins_msgs/include/uuv_gazebo_ros_plugins_msgs/msg/detail/thruster_conversion_fcn__type_support.c
[37.800s] -- Installing: /home/brenda/RBIM_ws/src/uuv_simulator/install/uuv_gazebo_ros_plugins_msgs/lib/libuuv_gazebo_ros_plugins_msgs__rosidl_typesupport_introspection_c.so
[37.800s] -- Set runtime path of "/home/brenda/RBIM_ws/src/uuv_simulator/install/uuv_gazebo_ros_plugins_msgs/lib/libuuv_gazebo_ros_plugins_msgs__rosidl_typesupport_introspection_c.so" to ""
[37.801s] -- Installing: /home/brenda/RBIM_ws/src/uuv_simulator/install/uuv_gazebo_ros_plugins_msgs/lib/libuuv_gazebo_ros_plugins_msgs__rosidl_typesupport_c.so
[37.801s] -- Set runtime path of "/home/brenda/RBIM_ws/src/uuv_simulator/install/uuv_gazebo_ros_plugins_msgs/lib/libuuv_gazebo_ros_plugins_msgs__rosidl_typesupport_c.so" to ""
[37.801s] -- Up-to-date: /home/brenda/RBIM_ws/src/uuv_simulator/install/uuv_gazebo_ros_plugins_msgs/include/uuv_gazebo_ros_plugins_msgs
[37.801s] -- Up-to-date: /home/brenda/RBIM_ws/src/uuv_simulator/install/uuv_gazebo_ros_plugins_msgs/include/uuv_gazebo_ros_plugins_msgs/srv
[37.801s] -- Installing: /home/brenda/RBIM_ws/src/uuv_simulator/install/uuv_gazebo_ros_plugins_msgs/include/uuv_gazebo_ros_plugins_msgs/srv/set_float.hpp
[37.801s] -- Up-to-date: /home/brenda/RBIM_ws/src/uuv_simulator/install/uuv_gazebo_ros_plugins_msgs/include/uuv_gazebo_ros_plugins_msgs/srv/detail
[37.801s] -- Installing: /home/brenda/RBIM_ws/src/uuv_simulator/install/uuv_gazebo_ros_plugins_msgs/include/uuv_gazebo_ros_plugins_msgs/srv/detail/get_list_param__builder.hpp
[37.802s] -- Installing: /home/brenda/RBIM_ws/src/uuv_simulator/install/uuv_gazebo_ros_plugins_msgs/include/uuv_gazebo_ros_plugins_msgs/srv/detail/get_list_param__struct.hpp
[37.802s] -- Installing: /home/brenda/RBIM_ws/src/uuv_simulator/install/uuv_gazebo_ros_plugins_msgs/include/uuv_gazebo_ros_plugins_msgs/srv/detail/get_thruster_efficiency__struct.hpp
[37.802s] -- Installing: /home/brenda/RBIM_ws/src/uuv_simulator/install/uuv_gazebo_ros_plugins_msgs/include/uuv_gazebo_ros_plugins_msgs/srv/detail/set_use_global_current_vel__struct.hpp
[37.802s] -- Installing: /home/brenda/RBIM_ws/src/uuv_simulator/install/uuv_gazebo_ros_plugins_msgs/include/uuv_gazebo_ros_plugins_msgs/srv/detail/get_thruster_state__traits.hpp
[37.802s] -- Installing: /home/brenda/RBIM_ws/src/uuv_simulator/install/uuv_gazebo_ros_plugins_msgs/include/uuv_gazebo_ros_plugins_msgs/srv/detail/get_model_properties__builder.hpp
[37.802s] -- Installing: /home/brenda/RBIM_ws/src/uuv_simulator/install/uuv_gazebo_ros_plugins_msgs/include/uuv_gazebo_ros_plugins_msgs/srv/detail/set_float__struct.hpp
[37.802s] -- Installing: /home/brenda/RBIM_ws/src/uuv_simulator/install/uuv_gazebo_ros_plugins_msgs/include/uuv_gazebo_ros_plugins_msgs/srv/detail/set_float__builder.hpp
[37.802s] -- Installing: /home/brenda/RBIM_ws/src/uuv_simulator/install/uuv_gazebo_ros_plugins_msgs/include/uuv_gazebo_ros_plugins_msgs/srv/detail/get_thruster_conversion_fcn__builder.hpp
[37.802s] -- Installing: /home/brenda/RBIM_ws/src/uuv_simulator/install/uuv_gazebo_ros_plugins_msgs/include/uuv_gazebo_ros_plugins_msgs/srv/detail/get_thruster_efficiency__traits.hpp
[37.802s] -- Installing: /home/brenda/RBIM_ws/src/uuv_simulator/install/uuv_gazebo_ros_plugins_msgs/include/uuv_gazebo_ros_plugins_msgs/srv/detail/get_model_properties__traits.hpp
[37.802s] -- Installing: /home/brenda/RBIM_ws/src/uuv_simulator/install/uuv_gazebo_ros_plugins_msgs/include/uuv_gazebo_ros_plugins_msgs/srv/detail/get_float__struct.hpp
[37.803s] -- Installing: /home/brenda/RBIM_ws/src/uuv_simulator/install/uuv_gazebo_ros_plugins_msgs/include/uuv_gazebo_ros_plugins_msgs/srv/detail/set_thruster_efficiency__builder.hpp
[37.803s] -- Installing: /home/brenda/RBIM_ws/src/uuv_simulator/install/uuv_gazebo_ros_plugins_msgs/include/uuv_gazebo_ros_plugins_msgs/srv/detail/get_thruster_conversion_fcn__struct.hpp
[37.803s] -- Installing: /home/brenda/RBIM_ws/src/uuv_simulator/install/uuv_gazebo_ros_plugins_msgs/include/uuv_gazebo_ros_plugins_msgs/srv/detail/set_thruster_state__struct.hpp
[37.803s] -- Installing: /home/brenda/RBIM_ws/src/uuv_simulator/install/uuv_gazebo_ros_plugins_msgs/include/uuv_gazebo_ros_plugins_msgs/srv/detail/get_float__traits.hpp
[37.803s] -- Installing: /home/brenda/RBIM_ws/src/uuv_simulator/install/uuv_gazebo_ros_plugins_msgs/include/uuv_gazebo_ros_plugins_msgs/srv/detail/get_thruster_state__builder.hpp
[37.803s] -- Installing: /home/brenda/RBIM_ws/src/uuv_simulator/install/uuv_gazebo_ros_plugins_msgs/include/uuv_gazebo_ros_plugins_msgs/srv/detail/get_thruster_state__struct.hpp
[37.803s] -- Installing: /home/brenda/RBIM_ws/src/uuv_simulator/install/uuv_gazebo_ros_plugins_msgs/include/uuv_gazebo_ros_plugins_msgs/srv/detail/get_thruster_efficiency__builder.hpp
[37.803s] -- Installing: /home/brenda/RBIM_ws/src/uuv_simulator/install/uuv_gazebo_ros_plugins_msgs/include/uuv_gazebo_ros_plugins_msgs/srv/detail/set_float__traits.hpp
[37.803s] -- Installing: /home/brenda/RBIM_ws/src/uuv_simulator/install/uuv_gazebo_ros_plugins_msgs/include/uuv_gazebo_ros_plugins_msgs/srv/detail/set_use_global_current_vel__traits.hpp
[37.803s] -- Installing: /home/brenda/RBIM_ws/src/uuv_simulator/install/uuv_gazebo_ros_plugins_msgs/include/uuv_gazebo_ros_plugins_msgs/srv/detail/get_thruster_conversion_fcn__traits.hpp
[37.803s] -- Installing: /home/brenda/RBIM_ws/src/uuv_simulator/install/uuv_gazebo_ros_plugins_msgs/include/uuv_gazebo_ros_plugins_msgs/srv/detail/set_thruster_efficiency__struct.hpp
[37.803s] -- Installing: /home/brenda/RBIM_ws/src/uuv_simulator/install/uuv_gazebo_ros_plugins_msgs/include/uuv_gazebo_ros_plugins_msgs/srv/detail/set_thruster_efficiency__traits.hpp
[37.803s] -- Installing: /home/brenda/RBIM_ws/src/uuv_simulator/install/uuv_gazebo_ros_plugins_msgs/include/uuv_gazebo_ros_plugins_msgs/srv/detail/get_model_properties__struct.hpp
[37.804s] -- Installing: /home/brenda/RBIM_ws/src/uuv_simulator/install/uuv_gazebo_ros_plugins_msgs/include/uuv_gazebo_ros_plugins_msgs/srv/detail/get_list_param__traits.hpp
[37.804s] -- Installing: /home/brenda/RBIM_ws/src/uuv_simulator/install/uuv_gazebo_ros_plugins_msgs/include/uuv_gazebo_ros_plugins_msgs/srv/detail/set_use_global_current_vel__builder.hpp
[37.804s] -- Installing: /home/brenda/RBIM_ws/src/uuv_simulator/install/uuv_gazebo_ros_plugins_msgs/include/uuv_gazebo_ros_plugins_msgs/srv/detail/get_float__builder.hpp
[37.804s] -- Installing: /home/brenda/RBIM_ws/src/uuv_simulator/install/uuv_gazebo_ros_plugins_msgs/include/uuv_gazebo_ros_plugins_msgs/srv/detail/set_thruster_state__builder.hpp
[37.804s] -- Installing: /home/brenda/RBIM_ws/src/uuv_simulator/install/uuv_gazebo_ros_plugins_msgs/include/uuv_gazebo_ros_plugins_msgs/srv/detail/set_thruster_state__traits.hpp
[37.804s] -- Installing: /home/brenda/RBIM_ws/src/uuv_simulator/install/uuv_gazebo_ros_plugins_msgs/include/uuv_gazebo_ros_plugins_msgs/srv/get_thruster_conversion_fcn.hpp
[37.804s] -- Installing: /home/brenda/RBIM_ws/src/uuv_simulator/install/uuv_gazebo_ros_plugins_msgs/include/uuv_gazebo_ros_plugins_msgs/srv/set_use_global_current_vel.hpp
[37.804s] -- Installing: /home/brenda/RBIM_ws/src/uuv_simulator/install/uuv_gazebo_ros_plugins_msgs/include/uuv_gazebo_ros_plugins_msgs/srv/get_list_param.hpp
[37.804s] -- Installing: /home/brenda/RBIM_ws/src/uuv_simulator/install/uuv_gazebo_ros_plugins_msgs/include/uuv_gazebo_ros_plugins_msgs/srv/get_thruster_state.hpp
[37.804s] -- Installing: /home/brenda/RBIM_ws/src/uuv_simulator/install/uuv_gazebo_ros_plugins_msgs/include/uuv_gazebo_ros_plugins_msgs/srv/get_float.hpp
[37.804s] -- Installing: /home/brenda/RBIM_ws/src/uuv_simulator/install/uuv_gazebo_ros_plugins_msgs/include/uuv_gazebo_ros_plugins_msgs/srv/set_thruster_efficiency.hpp
[37.804s] -- Installing: /home/brenda/RBIM_ws/src/uuv_simulator/install/uuv_gazebo_ros_plugins_msgs/include/uuv_gazebo_ros_plugins_msgs/srv/get_thruster_efficiency.hpp
[37.805s] -- Installing: /home/brenda/RBIM_ws/src/uuv_simulator/install/uuv_gazebo_ros_plugins_msgs/include/uuv_gazebo_ros_plugins_msgs/srv/get_model_properties.hpp
[37.805s] -- Installing: /home/brenda/RBIM_ws/src/uuv_simulator/install/uuv_gazebo_ros_plugins_msgs/include/uuv_gazebo_ros_plugins_msgs/srv/set_thruster_state.hpp
[37.805s] -- Up-to-date: /home/brenda/RBIM_ws/src/uuv_simulator/install/uuv_gazebo_ros_plugins_msgs/include/uuv_gazebo_ros_plugins_msgs/msg
[37.805s] -- Installing: /home/brenda/RBIM_ws/src/uuv_simulator/install/uuv_gazebo_ros_plugins_msgs/include/uuv_gazebo_ros_plugins_msgs/msg/float_stamped.hpp
[37.805s] -- Up-to-date: /home/brenda/RBIM_ws/src/uuv_simulator/install/uuv_gazebo_ros_plugins_msgs/include/uuv_gazebo_ros_plugins_msgs/msg/detail
[37.805s] -- Installing: /home/brenda/RBIM_ws/src/uuv_simulator/install/uuv_gazebo_ros_plugins_msgs/include/uuv_gazebo_ros_plugins_msgs/msg/detail/float_stamped__traits.hpp
[37.805s] -- Installing: /home/brenda/RBIM_ws/src/uuv_simulator/install/uuv_gazebo_ros_plugins_msgs/include/uuv_gazebo_ros_plugins_msgs/msg/detail/underwater_object_model__struct.hpp
[37.805s] -- Installing: /home/brenda/RBIM_ws/src/uuv_simulator/install/uuv_gazebo_ros_plugins_msgs/include/uuv_gazebo_ros_plugins_msgs/msg/detail/underwater_object_model__traits.hpp
[37.805s] -- Installing: /home/brenda/RBIM_ws/src/uuv_simulator/install/uuv_gazebo_ros_plugins_msgs/include/uuv_gazebo_ros_plugins_msgs/msg/detail/float_stamped__struct.hpp
[37.805s] -- Installing: /home/brenda/RBIM_ws/src/uuv_simulator/install/uuv_gazebo_ros_plugins_msgs/include/uuv_gazebo_ros_plugins_msgs/msg/detail/thruster_conversion_fcn__traits.hpp
[37.805s] -- Installing: /home/brenda/RBIM_ws/src/uuv_simulator/install/uuv_gazebo_ros_plugins_msgs/include/uuv_gazebo_ros_plugins_msgs/msg/detail/thruster_conversion_fcn__struct.hpp
[37.805s] -- Installing: /home/brenda/RBIM_ws/src/uuv_simulator/install/uuv_gazebo_ros_plugins_msgs/include/uuv_gazebo_ros_plugins_msgs/msg/detail/thruster_conversion_fcn__builder.hpp
[37.806s] -- Installing: /home/brenda/RBIM_ws/src/uuv_simulator/install/uuv_gazebo_ros_plugins_msgs/include/uuv_gazebo_ros_plugins_msgs/msg/detail/underwater_object_model__builder.hpp
[37.806s] -- Installing: /home/brenda/RBIM_ws/src/uuv_simulator/install/uuv_gazebo_ros_plugins_msgs/include/uuv_gazebo_ros_plugins_msgs/msg/detail/float_stamped__builder.hpp
[37.806s] -- Installing: /home/brenda/RBIM_ws/src/uuv_simulator/install/uuv_gazebo_ros_plugins_msgs/include/uuv_gazebo_ros_plugins_msgs/msg/underwater_object_model.hpp
[37.806s] -- Installing: /home/brenda/RBIM_ws/src/uuv_simulator/install/uuv_gazebo_ros_plugins_msgs/include/uuv_gazebo_ros_plugins_msgs/msg/thruster_conversion_fcn.hpp
[37.806s] -- Up-to-date: /home/brenda/RBIM_ws/src/uuv_simulator/install/uuv_gazebo_ros_plugins_msgs/include/uuv_gazebo_ros_plugins_msgs
[37.806s] -- Up-to-date: /home/brenda/RBIM_ws/src/uuv_simulator/install/uuv_gazebo_ros_plugins_msgs/include/uuv_gazebo_ros_plugins_msgs/srv
[37.806s] -- Up-to-date: /home/brenda/RBIM_ws/src/uuv_simulator/install/uuv_gazebo_ros_plugins_msgs/include/uuv_gazebo_ros_plugins_msgs/srv/detail
[37.806s] -- Installing: /home/brenda/RBIM_ws/src/uuv_simulator/install/uuv_gazebo_ros_plugins_msgs/include/uuv_gazebo_ros_plugins_msgs/srv/detail/get_list_param__rosidl_typesupport_introspection_cpp.hpp
[37.806s] -- Installing: /home/brenda/RBIM_ws/src/uuv_simulator/install/uuv_gazebo_ros_plugins_msgs/include/uuv_gazebo_ros_plugins_msgs/srv/detail/get_thruster_state__rosidl_typesupport_introspection_cpp.hpp
[37.806s] -- Installing: /home/brenda/RBIM_ws/src/uuv_simulator/install/uuv_gazebo_ros_plugins_msgs/include/uuv_gazebo_ros_plugins_msgs/srv/detail/set_thruster_state__type_support.cpp
[37.806s] -- Installing: /home/brenda/RBIM_ws/src/uuv_simulator/install/uuv_gazebo_ros_plugins_msgs/include/uuv_gazebo_ros_plugins_msgs/srv/detail/set_use_global_current_vel__type_support.cpp
[37.806s] -- Installing: /home/brenda/RBIM_ws/src/uuv_simulator/install/uuv_gazebo_ros_plugins_msgs/include/uuv_gazebo_ros_plugins_msgs/srv/detail/get_model_properties__type_support.cpp
[37.807s] -- Installing: /home/brenda/RBIM_ws/src/uuv_simulator/install/uuv_gazebo_ros_plugins_msgs/include/uuv_gazebo_ros_plugins_msgs/srv/detail/get_thruster_state__type_support.cpp
[37.807s] -- Installing: /home/brenda/RBIM_ws/src/uuv_simulator/install/uuv_gazebo_ros_plugins_msgs/include/uuv_gazebo_ros_plugins_msgs/srv/detail/get_float__type_support.cpp
[37.807s] -- Installing: /home/brenda/RBIM_ws/src/uuv_simulator/install/uuv_gazebo_ros_plugins_msgs/include/uuv_gazebo_ros_plugins_msgs/srv/detail/get_model_properties__rosidl_typesupport_introspection_cpp.hpp
[37.807s] -- Installing: /home/brenda/RBIM_ws/src/uuv_simulator/install/uuv_gazebo_ros_plugins_msgs/include/uuv_gazebo_ros_plugins_msgs/srv/detail/get_thruster_conversion_fcn__rosidl_typesupport_introspection_cpp.hpp
[37.807s] -- Installing: /home/brenda/RBIM_ws/src/uuv_simulator/install/uuv_gazebo_ros_plugins_msgs/include/uuv_gazebo_ros_plugins_msgs/srv/detail/get_float__rosidl_typesupport_introspection_cpp.hpp
[37.807s] -- Installing: /home/brenda/RBIM_ws/src/uuv_simulator/install/uuv_gazebo_ros_plugins_msgs/include/uuv_gazebo_ros_plugins_msgs/srv/detail/get_thruster_efficiency__rosidl_typesupport_introspection_cpp.hpp
[37.807s] -- Installing: /home/brenda/RBIM_ws/src/uuv_simulator/install/uuv_gazebo_ros_plugins_msgs/include/uuv_gazebo_ros_plugins_msgs/srv/detail/get_thruster_efficiency__type_support.cpp
[37.807s] -- Installing: /home/brenda/RBIM_ws/src/uuv_simulator/install/uuv_gazebo_ros_plugins_msgs/include/uuv_gazebo_ros_plugins_msgs/srv/detail/set_thruster_state__rosidl_typesupport_introspection_cpp.hpp
[37.807s] -- Installing: /home/brenda/RBIM_ws/src/uuv_simulator/install/uuv_gazebo_ros_plugins_msgs/include/uuv_gazebo_ros_plugins_msgs/srv/detail/set_float__rosidl_typesupport_introspection_cpp.hpp
[37.807s] -- Installing: /home/brenda/RBIM_ws/src/uuv_simulator/install/uuv_gazebo_ros_plugins_msgs/include/uuv_gazebo_ros_plugins_msgs/srv/detail/set_float__type_support.cpp
[37.807s] -- Installing: /home/brenda/RBIM_ws/src/uuv_simulator/install/uuv_gazebo_ros_plugins_msgs/include/uuv_gazebo_ros_plugins_msgs/srv/detail/get_list_param__type_support.cpp
[37.808s] -- Installing: /home/brenda/RBIM_ws/src/uuv_simulator/install/uuv_gazebo_ros_plugins_msgs/include/uuv_gazebo_ros_plugins_msgs/srv/detail/set_thruster_efficiency__type_support.cpp
[37.808s] -- Installing: /home/brenda/RBIM_ws/src/uuv_simulator/install/uuv_gazebo_ros_plugins_msgs/include/uuv_gazebo_ros_plugins_msgs/srv/detail/set_use_global_current_vel__rosidl_typesupport_introspection_cpp.hpp
[37.808s] -- Installing: /home/brenda/RBIM_ws/src/uuv_simulator/install/uuv_gazebo_ros_plugins_msgs/include/uuv_gazebo_ros_plugins_msgs/srv/detail/get_thruster_conversion_fcn__type_support.cpp
[37.808s] -- Installing: /home/brenda/RBIM_ws/src/uuv_simulator/install/uuv_gazebo_ros_plugins_msgs/include/uuv_gazebo_ros_plugins_msgs/srv/detail/set_thruster_efficiency__rosidl_typesupport_introspection_cpp.hpp
[37.808s] -- Up-to-date: /home/brenda/RBIM_ws/src/uuv_simulator/install/uuv_gazebo_ros_plugins_msgs/include/uuv_gazebo_ros_plugins_msgs/msg
[37.808s] -- Up-to-date: /home/brenda/RBIM_ws/src/uuv_simulator/install/uuv_gazebo_ros_plugins_msgs/include/uuv_gazebo_ros_plugins_msgs/msg/detail
[37.808s] -- Installing: /home/brenda/RBIM_ws/src/uuv_simulator/install/uuv_gazebo_ros_plugins_msgs/include/uuv_gazebo_ros_plugins_msgs/msg/detail/float_stamped__rosidl_typesupport_introspection_cpp.hpp
[37.808s] -- Installing: /home/brenda/RBIM_ws/src/uuv_simulator/install/uuv_gazebo_ros_plugins_msgs/include/uuv_gazebo_ros_plugins_msgs/msg/detail/thruster_conversion_fcn__type_support.cpp
[37.808s] -- Installing: /home/brenda/RBIM_ws/src/uuv_simulator/install/uuv_gazebo_ros_plugins_msgs/include/uuv_gazebo_ros_plugins_msgs/msg/detail/float_stamped__type_support.cpp
[37.808s] -- Installing: /home/brenda/RBIM_ws/src/uuv_simulator/install/uuv_gazebo_ros_plugins_msgs/include/uuv_gazebo_ros_plugins_msgs/msg/detail/underwater_object_model__type_support.cpp
[37.808s] -- Installing: /home/brenda/RBIM_ws/src/uuv_simulator/install/uuv_gazebo_ros_plugins_msgs/include/uuv_gazebo_ros_plugins_msgs/msg/detail/underwater_object_model__rosidl_typesupport_introspection_cpp.hpp
[37.808s] -- Installing: /home/brenda/RBIM_ws/src/uuv_simulator/install/uuv_gazebo_ros_plugins_msgs/include/uuv_gazebo_ros_plugins_msgs/msg/detail/thruster_conversion_fcn__rosidl_typesupport_introspection_cpp.hpp
[37.808s] -- Installing: /home/brenda/RBIM_ws/src/uuv_simulator/install/uuv_gazebo_ros_plugins_msgs/lib/libuuv_gazebo_ros_plugins_msgs__rosidl_typesupport_introspection_cpp.so
[37.808s] -- Set runtime path of "/home/brenda/RBIM_ws/src/uuv_simulator/install/uuv_gazebo_ros_plugins_msgs/lib/libuuv_gazebo_ros_plugins_msgs__rosidl_typesupport_introspection_cpp.so" to ""
[37.809s] -- Installing: /home/brenda/RBIM_ws/src/uuv_simulator/install/uuv_gazebo_ros_plugins_msgs/lib/libuuv_gazebo_ros_plugins_msgs__rosidl_typesupport_cpp.so
[37.809s] -- Set runtime path of "/home/brenda/RBIM_ws/src/uuv_simulator/install/uuv_gazebo_ros_plugins_msgs/lib/libuuv_gazebo_ros_plugins_msgs__rosidl_typesupport_cpp.so" to ""
[37.809s] -- Installing: /home/brenda/RBIM_ws/src/uuv_simulator/install/uuv_gazebo_ros_plugins_msgs/share/uuv_gazebo_ros_plugins_msgs/environment/pythonpath.sh
[37.809s] -- Installing: /home/brenda/RBIM_ws/src/uuv_simulator/install/uuv_gazebo_ros_plugins_msgs/share/uuv_gazebo_ros_plugins_msgs/environment/pythonpath.dsv
[37.809s] -- Installing: /home/brenda/RBIM_ws/src/uuv_simulator/install/uuv_gazebo_ros_plugins_msgs/lib/python3.8/site-packages/uuv_gazebo_ros_plugins_msgs/__init__.py
[37.841s] Compiling '/home/brenda/RBIM_ws/src/uuv_simulator/install/uuv_gazebo_ros_plugins_msgs/lib/python3.8/site-packages/uuv_gazebo_ros_plugins_msgs/__init__.py'...
[37.845s] -- Installing: /home/brenda/RBIM_ws/src/uuv_simulator/install/uuv_gazebo_ros_plugins_msgs/lib/python3.8/site-packages/uuv_gazebo_ros_plugins_msgs/msg
[37.845s] -- Installing: /home/brenda/RBIM_ws/src/uuv_simulator/install/uuv_gazebo_ros_plugins_msgs/lib/python3.8/site-packages/uuv_gazebo_ros_plugins_msgs/msg/__init__.py
[37.845s] -- Installing: /home/brenda/RBIM_ws/src/uuv_simulator/install/uuv_gazebo_ros_plugins_msgs/lib/python3.8/site-packages/uuv_gazebo_ros_plugins_msgs/msg/_underwater_object_model_s.c
[37.845s] -- Installing: /home/brenda/RBIM_ws/src/uuv_simulator/install/uuv_gazebo_ros_plugins_msgs/lib/python3.8/site-packages/uuv_gazebo_ros_plugins_msgs/msg/_float_stamped_s.c
[37.845s] -- Installing: /home/brenda/RBIM_ws/src/uuv_simulator/install/uuv_gazebo_ros_plugins_msgs/lib/python3.8/site-packages/uuv_gazebo_ros_plugins_msgs/msg/_thruster_conversion_fcn.py
[37.845s] -- Installing: /home/brenda/RBIM_ws/src/uuv_simulator/install/uuv_gazebo_ros_plugins_msgs/lib/python3.8/site-packages/uuv_gazebo_ros_plugins_msgs/msg/_underwater_object_model.py
[37.845s] -- Installing: /home/brenda/RBIM_ws/src/uuv_simulator/install/uuv_gazebo_ros_plugins_msgs/lib/python3.8/site-packages/uuv_gazebo_ros_plugins_msgs/msg/_float_stamped.py
[37.845s] -- Installing: /home/brenda/RBIM_ws/src/uuv_simulator/install/uuv_gazebo_ros_plugins_msgs/lib/python3.8/site-packages/uuv_gazebo_ros_plugins_msgs/msg/_thruster_conversion_fcn_s.c
[37.845s] -- Installing: /home/brenda/RBIM_ws/src/uuv_simulator/install/uuv_gazebo_ros_plugins_msgs/lib/python3.8/site-packages/uuv_gazebo_ros_plugins_msgs/srv
[37.845s] -- Installing: /home/brenda/RBIM_ws/src/uuv_simulator/install/uuv_gazebo_ros_plugins_msgs/lib/python3.8/site-packages/uuv_gazebo_ros_plugins_msgs/srv/_set_float.py
[37.846s] -- Installing: /home/brenda/RBIM_ws/src/uuv_simulator/install/uuv_gazebo_ros_plugins_msgs/lib/python3.8/site-packages/uuv_gazebo_ros_plugins_msgs/srv/__init__.py
[37.846s] -- Installing: /home/brenda/RBIM_ws/src/uuv_simulator/install/uuv_gazebo_ros_plugins_msgs/lib/python3.8/site-packages/uuv_gazebo_ros_plugins_msgs/srv/_set_thruster_efficiency_s.c
[37.846s] -- Installing: /home/brenda/RBIM_ws/src/uuv_simulator/install/uuv_gazebo_ros_plugins_msgs/lib/python3.8/site-packages/uuv_gazebo_ros_plugins_msgs/srv/_get_model_properties.py
[37.846s] -- Installing: /home/brenda/RBIM_ws/src/uuv_simulator/install/uuv_gazebo_ros_plugins_msgs/lib/python3.8/site-packages/uuv_gazebo_ros_plugins_msgs/srv/_get_list_param_s.c
[37.846s] -- Installing: /home/brenda/RBIM_ws/src/uuv_simulator/install/uuv_gazebo_ros_plugins_msgs/lib/python3.8/site-packages/uuv_gazebo_ros_plugins_msgs/srv/_get_thruster_state.py
[37.846s] -- Installing: /home/brenda/RBIM_ws/src/uuv_simulator/install/uuv_gazebo_ros_plugins_msgs/lib/python3.8/site-packages/uuv_gazebo_ros_plugins_msgs/srv/_set_float_s.c
[37.846s] -- Installing: /home/brenda/RBIM_ws/src/uuv_simulator/install/uuv_gazebo_ros_plugins_msgs/lib/python3.8/site-packages/uuv_gazebo_ros_plugins_msgs/srv/_set_thruster_efficiency.py
[37.846s] -- Installing: /home/brenda/RBIM_ws/src/uuv_simulator/install/uuv_gazebo_ros_plugins_msgs/lib/python3.8/site-packages/uuv_gazebo_ros_plugins_msgs/srv/_get_thruster_conversion_fcn_s.c
[37.846s] -- Installing: /home/brenda/RBIM_ws/src/uuv_simulator/install/uuv_gazebo_ros_plugins_msgs/lib/python3.8/site-packages/uuv_gazebo_ros_plugins_msgs/srv/_get_thruster_state_s.c
[37.846s] -- Installing: /home/brenda/RBIM_ws/src/uuv_simulator/install/uuv_gazebo_ros_plugins_msgs/lib/python3.8/site-packages/uuv_gazebo_ros_plugins_msgs/srv/_set_thruster_state_s.c
[37.846s] -- Installing: /home/brenda/RBIM_ws/src/uuv_simulator/install/uuv_gazebo_ros_plugins_msgs/lib/python3.8/site-packages/uuv_gazebo_ros_plugins_msgs/srv/_get_list_param.py
[37.846s] -- Installing: /home/brenda/RBIM_ws/src/uuv_simulator/install/uuv_gazebo_ros_plugins_msgs/lib/python3.8/site-packages/uuv_gazebo_ros_plugins_msgs/srv/_get_thruster_efficiency_s.c
[37.847s] -- Installing: /home/brenda/RBIM_ws/src/uuv_simulator/install/uuv_gazebo_ros_plugins_msgs/lib/python3.8/site-packages/uuv_gazebo_ros_plugins_msgs/srv/_get_model_properties_s.c
[37.847s] -- Installing: /home/brenda/RBIM_ws/src/uuv_simulator/install/uuv_gazebo_ros_plugins_msgs/lib/python3.8/site-packages/uuv_gazebo_ros_plugins_msgs/srv/_set_use_global_current_vel_s.c
[37.847s] -- Installing: /home/brenda/RBIM_ws/src/uuv_simulator/install/uuv_gazebo_ros_plugins_msgs/lib/python3.8/site-packages/uuv_gazebo_ros_plugins_msgs/srv/_get_float.py
[37.847s] -- Installing: /home/brenda/RBIM_ws/src/uuv_simulator/install/uuv_gazebo_ros_plugins_msgs/lib/python3.8/site-packages/uuv_gazebo_ros_plugins_msgs/srv/_set_use_global_current_vel.py
[37.847s] -- Installing: /home/brenda/RBIM_ws/src/uuv_simulator/install/uuv_gazebo_ros_plugins_msgs/lib/python3.8/site-packages/uuv_gazebo_ros_plugins_msgs/srv/_get_thruster_conversion_fcn.py
[37.847s] -- Installing: /home/brenda/RBIM_ws/src/uuv_simulator/install/uuv_gazebo_ros_plugins_msgs/lib/python3.8/site-packages/uuv_gazebo_ros_plugins_msgs/srv/_get_thruster_efficiency.py
[37.847s] -- Installing: /home/brenda/RBIM_ws/src/uuv_simulator/install/uuv_gazebo_ros_plugins_msgs/lib/python3.8/site-packages/uuv_gazebo_ros_plugins_msgs/srv/_set_thruster_state.py
[37.847s] -- Installing: /home/brenda/RBIM_ws/src/uuv_simulator/install/uuv_gazebo_ros_plugins_msgs/lib/python3.8/site-packages/uuv_gazebo_ros_plugins_msgs/srv/_get_float_s.c
[37.847s] -- Installing: /home/brenda/RBIM_ws/src/uuv_simulator/install/uuv_gazebo_ros_plugins_msgs/lib/python3.8/site-packages/uuv_gazebo_ros_plugins_msgs/uuv_gazebo_ros_plugins_msgs_s__rosidl_typesupport_fastrtps_c.cpython-38-x86_64-linux-gnu.so
[37.848s] -- Set runtime path of "/home/brenda/RBIM_ws/src/uuv_simulator/install/uuv_gazebo_ros_plugins_msgs/lib/python3.8/site-packages/uuv_gazebo_ros_plugins_msgs/uuv_gazebo_ros_plugins_msgs_s__rosidl_typesupport_fastrtps_c.cpython-38-x86_64-linux-gnu.so" to ""
[37.848s] -- Installing: /home/brenda/RBIM_ws/src/uuv_simulator/install/uuv_gazebo_ros_plugins_msgs/lib/python3.8/site-packages/uuv_gazebo_ros_plugins_msgs/uuv_gazebo_ros_plugins_msgs_s__rosidl_typesupport_introspection_c.cpython-38-x86_64-linux-gnu.so
[37.849s] -- Set runtime path of "/home/brenda/RBIM_ws/src/uuv_simulator/install/uuv_gazebo_ros_plugins_msgs/lib/python3.8/site-packages/uuv_gazebo_ros_plugins_msgs/uuv_gazebo_ros_plugins_msgs_s__rosidl_typesupport_introspection_c.cpython-38-x86_64-linux-gnu.so" to ""
[37.849s] -- Installing: /home/brenda/RBIM_ws/src/uuv_simulator/install/uuv_gazebo_ros_plugins_msgs/lib/python3.8/site-packages/uuv_gazebo_ros_plugins_msgs/uuv_gazebo_ros_plugins_msgs_s__rosidl_typesupport_c.cpython-38-x86_64-linux-gnu.so
[37.850s] -- Set runtime path of "/home/brenda/RBIM_ws/src/uuv_simulator/install/uuv_gazebo_ros_plugins_msgs/lib/python3.8/site-packages/uuv_gazebo_ros_plugins_msgs/uuv_gazebo_ros_plugins_msgs_s__rosidl_typesupport_c.cpython-38-x86_64-linux-gnu.so" to ""
[37.850s] -- Installing: /home/brenda/RBIM_ws/src/uuv_simulator/install/uuv_gazebo_ros_plugins_msgs/lib/libuuv_gazebo_ros_plugins_msgs__python.so
[37.850s] -- Set runtime path of "/home/brenda/RBIM_ws/src/uuv_simulator/install/uuv_gazebo_ros_plugins_msgs/lib/libuuv_gazebo_ros_plugins_msgs__python.so" to ""
[37.850s] -- Installing: /home/brenda/RBIM_ws/src/uuv_simulator/install/uuv_gazebo_ros_plugins_msgs/share/uuv_gazebo_ros_plugins_msgs/msg/FloatStamped.idl
[37.850s] -- Installing: /home/brenda/RBIM_ws/src/uuv_simulator/install/uuv_gazebo_ros_plugins_msgs/share/uuv_gazebo_ros_plugins_msgs/msg/UnderwaterObjectModel.idl
[37.850s] -- Installing: /home/brenda/RBIM_ws/src/uuv_simulator/install/uuv_gazebo_ros_plugins_msgs/share/uuv_gazebo_ros_plugins_msgs/msg/ThrusterConversionFcn.idl
[37.851s] -- Installing: /home/brenda/RBIM_ws/src/uuv_simulator/install/uuv_gazebo_ros_plugins_msgs/share/uuv_gazebo_ros_plugins_msgs/srv/SetThrusterEfficiency.idl
[37.851s] -- Installing: /home/brenda/RBIM_ws/src/uuv_simulator/install/uuv_gazebo_ros_plugins_msgs/share/uuv_gazebo_ros_plugins_msgs/srv/SetThrusterState.idl
[37.851s] -- Installing: /home/brenda/RBIM_ws/src/uuv_simulator/install/uuv_gazebo_ros_plugins_msgs/share/uuv_gazebo_ros_plugins_msgs/srv/GetThrusterEfficiency.idl
[37.851s] -- Installing: /home/brenda/RBIM_ws/src/uuv_simulator/install/uuv_gazebo_ros_plugins_msgs/share/uuv_gazebo_ros_plugins_msgs/srv/GetThrusterState.idl
[37.851s] -- Installing: /home/brenda/RBIM_ws/src/uuv_simulator/install/uuv_gazebo_ros_plugins_msgs/share/uuv_gazebo_ros_plugins_msgs/srv/SetUseGlobalCurrentVel.idl
[37.851s] -- Installing: /home/brenda/RBIM_ws/src/uuv_simulator/install/uuv_gazebo_ros_plugins_msgs/share/uuv_gazebo_ros_plugins_msgs/srv/GetModelProperties.idl
[37.851s] -- Installing: /home/brenda/RBIM_ws/src/uuv_simulator/install/uuv_gazebo_ros_plugins_msgs/share/uuv_gazebo_ros_plugins_msgs/srv/SetFloat.idl
[37.851s] -- Installing: /home/brenda/RBIM_ws/src/uuv_simulator/install/uuv_gazebo_ros_plugins_msgs/share/uuv_gazebo_ros_plugins_msgs/srv/GetFloat.idl
[37.852s] -- Installing: /home/brenda/RBIM_ws/src/uuv_simulator/install/uuv_gazebo_ros_plugins_msgs/share/uuv_gazebo_ros_plugins_msgs/srv/GetListParam.idl
[37.852s] -- Installing: /home/brenda/RBIM_ws/src/uuv_simulator/install/uuv_gazebo_ros_plugins_msgs/share/uuv_gazebo_ros_plugins_msgs/srv/GetThrusterConversionFcn.idl
[37.852s] -- Installing: /home/brenda/RBIM_ws/src/uuv_simulator/install/uuv_gazebo_ros_plugins_msgs/share/uuv_gazebo_ros_plugins_msgs/msg/FloatStamped.msg
[37.852s] -- Installing: /home/brenda/RBIM_ws/src/uuv_simulator/install/uuv_gazebo_ros_plugins_msgs/share/uuv_gazebo_ros_plugins_msgs/msg/UnderwaterObjectModel.msg
[37.852s] -- Installing: /home/brenda/RBIM_ws/src/uuv_simulator/install/uuv_gazebo_ros_plugins_msgs/share/uuv_gazebo_ros_plugins_msgs/msg/ThrusterConversionFcn.msg
[37.852s] -- Installing: /home/brenda/RBIM_ws/src/uuv_simulator/install/uuv_gazebo_ros_plugins_msgs/share/uuv_gazebo_ros_plugins_msgs/srv/SetThrusterEfficiency.srv
[37.852s] -- Installing: /home/brenda/RBIM_ws/src/uuv_simulator/install/uuv_gazebo_ros_plugins_msgs/share/uuv_gazebo_ros_plugins_msgs/srv/SetThrusterEfficiency_Request.msg
[37.852s] -- Installing: /home/brenda/RBIM_ws/src/uuv_simulator/install/uuv_gazebo_ros_plugins_msgs/share/uuv_gazebo_ros_plugins_msgs/srv/SetThrusterEfficiency_Response.msg
[37.853s] -- Installing: /home/brenda/RBIM_ws/src/uuv_simulator/install/uuv_gazebo_ros_plugins_msgs/share/uuv_gazebo_ros_plugins_msgs/srv/SetThrusterState.srv
[37.853s] -- Installing: /home/brenda/RBIM_ws/src/uuv_simulator/install/uuv_gazebo_ros_plugins_msgs/share/uuv_gazebo_ros_plugins_msgs/srv/SetThrusterState_Request.msg
[37.853s] -- Installing: /home/brenda/RBIM_ws/src/uuv_simulator/install/uuv_gazebo_ros_plugins_msgs/share/uuv_gazebo_ros_plugins_msgs/srv/SetThrusterState_Response.msg
[37.853s] -- Installing: /home/brenda/RBIM_ws/src/uuv_simulator/install/uuv_gazebo_ros_plugins_msgs/share/uuv_gazebo_ros_plugins_msgs/srv/GetThrusterEfficiency.srv
[37.853s] -- Installing: /home/brenda/RBIM_ws/src/uuv_simulator/install/uuv_gazebo_ros_plugins_msgs/share/uuv_gazebo_ros_plugins_msgs/srv/GetThrusterEfficiency_Request.msg
[37.853s] -- Installing: /home/brenda/RBIM_ws/src/uuv_simulator/install/uuv_gazebo_ros_plugins_msgs/share/uuv_gazebo_ros_plugins_msgs/srv/GetThrusterEfficiency_Response.msg
[37.853s] -- Installing: /home/brenda/RBIM_ws/src/uuv_simulator/install/uuv_gazebo_ros_plugins_msgs/share/uuv_gazebo_ros_plugins_msgs/srv/GetThrusterState.srv
[37.854s] -- Installing: /home/brenda/RBIM_ws/src/uuv_simulator/install/uuv_gazebo_ros_plugins_msgs/share/uuv_gazebo_ros_plugins_msgs/srv/GetThrusterState_Request.msg
[37.854s] -- Installing: /home/brenda/RBIM_ws/src/uuv_simulator/install/uuv_gazebo_ros_plugins_msgs/share/uuv_gazebo_ros_plugins_msgs/srv/GetThrusterState_Response.msg
[37.854s] -- Installing: /home/brenda/RBIM_ws/src/uuv_simulator/install/uuv_gazebo_ros_plugins_msgs/share/uuv_gazebo_ros_plugins_msgs/srv/SetUseGlobalCurrentVel.srv
[37.854s] -- Installing: /home/brenda/RBIM_ws/src/uuv_simulator/install/uuv_gazebo_ros_plugins_msgs/share/uuv_gazebo_ros_plugins_msgs/srv/SetUseGlobalCurrentVel_Request.msg
[37.854s] -- Installing: /home/brenda/RBIM_ws/src/uuv_simulator/install/uuv_gazebo_ros_plugins_msgs/share/uuv_gazebo_ros_plugins_msgs/srv/SetUseGlobalCurrentVel_Response.msg
[37.854s] -- Installing: /home/brenda/RBIM_ws/src/uuv_simulator/install/uuv_gazebo_ros_plugins_msgs/share/uuv_gazebo_ros_plugins_msgs/srv/GetModelProperties.srv
[37.854s] -- Installing: /home/brenda/RBIM_ws/src/uuv_simulator/install/uuv_gazebo_ros_plugins_msgs/share/uuv_gazebo_ros_plugins_msgs/srv/GetModelProperties_Request.msg
[37.855s] -- Installing: /home/brenda/RBIM_ws/src/uuv_simulator/install/uuv_gazebo_ros_plugins_msgs/share/uuv_gazebo_ros_plugins_msgs/srv/GetModelProperties_Response.msg
[37.855s] -- Installing: /home/brenda/RBIM_ws/src/uuv_simulator/install/uuv_gazebo_ros_plugins_msgs/share/uuv_gazebo_ros_plugins_msgs/srv/SetFloat.srv
[37.855s] -- Installing: /home/brenda/RBIM_ws/src/uuv_simulator/install/uuv_gazebo_ros_plugins_msgs/share/uuv_gazebo_ros_plugins_msgs/srv/SetFloat_Request.msg
[37.855s] -- Installing: /home/brenda/RBIM_ws/src/uuv_simulator/install/uuv_gazebo_ros_plugins_msgs/share/uuv_gazebo_ros_plugins_msgs/srv/SetFloat_Response.msg
[37.855s] -- Installing: /home/brenda/RBIM_ws/src/uuv_simulator/install/uuv_gazebo_ros_plugins_msgs/share/uuv_gazebo_ros_plugins_msgs/srv/GetFloat.srv
[37.856s] -- Installing: /home/brenda/RBIM_ws/src/uuv_simulator/install/uuv_gazebo_ros_plugins_msgs/share/uuv_gazebo_ros_plugins_msgs/srv/GetFloat_Request.msg
[37.856s] -- Installing: /home/brenda/RBIM_ws/src/uuv_simulator/install/uuv_gazebo_ros_plugins_msgs/share/uuv_gazebo_ros_plugins_msgs/srv/GetFloat_Response.msg
[37.856s] -- Installing: /home/brenda/RBIM_ws/src/uuv_simulator/install/uuv_gazebo_ros_plugins_msgs/share/uuv_gazebo_ros_plugins_msgs/srv/GetListParam.srv
[37.856s] -- Installing: /home/brenda/RBIM_ws/src/uuv_simulator/install/uuv_gazebo_ros_plugins_msgs/share/uuv_gazebo_ros_plugins_msgs/srv/GetListParam_Request.msg
[37.856s] -- Installing: /home/brenda/RBIM_ws/src/uuv_simulator/install/uuv_gazebo_ros_plugins_msgs/share/uuv_gazebo_ros_plugins_msgs/srv/GetListParam_Response.msg
[37.856s] -- Installing: /home/brenda/RBIM_ws/src/uuv_simulator/install/uuv_gazebo_ros_plugins_msgs/share/uuv_gazebo_ros_plugins_msgs/srv/GetThrusterConversionFcn.srv
[37.857s] -- Installing: /home/brenda/RBIM_ws/src/uuv_simulator/install/uuv_gazebo_ros_plugins_msgs/share/uuv_gazebo_ros_plugins_msgs/srv/GetThrusterConversionFcn_Request.msg
[37.857s] -- Installing: /home/brenda/RBIM_ws/src/uuv_simulator/install/uuv_gazebo_ros_plugins_msgs/share/uuv_gazebo_ros_plugins_msgs/srv/GetThrusterConversionFcn_Response.msg
[37.857s] -- Installing: /home/brenda/RBIM_ws/src/uuv_simulator/install/uuv_gazebo_ros_plugins_msgs/share/ament_index/resource_index/package_run_dependencies/uuv_gazebo_ros_plugins_msgs
[37.857s] -- Installing: /home/brenda/RBIM_ws/src/uuv_simulator/install/uuv_gazebo_ros_plugins_msgs/share/ament_index/resource_index/parent_prefix_path/uuv_gazebo_ros_plugins_msgs
[37.857s] -- Installing: /home/brenda/RBIM_ws/src/uuv_simulator/install/uuv_gazebo_ros_plugins_msgs/share/uuv_gazebo_ros_plugins_msgs/environment/ament_prefix_path.sh
[37.858s] -- Installing: /home/brenda/RBIM_ws/src/uuv_simulator/install/uuv_gazebo_ros_plugins_msgs/share/uuv_gazebo_ros_plugins_msgs/environment/ament_prefix_path.dsv
[37.858s] -- Installing: /home/brenda/RBIM_ws/src/uuv_simulator/install/uuv_gazebo_ros_plugins_msgs/share/uuv_gazebo_ros_plugins_msgs/environment/path.sh
[37.858s] -- Installing: /home/brenda/RBIM_ws/src/uuv_simulator/install/uuv_gazebo_ros_plugins_msgs/share/uuv_gazebo_ros_plugins_msgs/environment/path.dsv
[37.858s] -- Installing: /home/brenda/RBIM_ws/src/uuv_simulator/install/uuv_gazebo_ros_plugins_msgs/share/uuv_gazebo_ros_plugins_msgs/local_setup.bash
[37.858s] -- Installing: /home/brenda/RBIM_ws/src/uuv_simulator/install/uuv_gazebo_ros_plugins_msgs/share/uuv_gazebo_ros_plugins_msgs/local_setup.sh
[37.859s] -- Installing: /home/brenda/RBIM_ws/src/uuv_simulator/install/uuv_gazebo_ros_plugins_msgs/share/uuv_gazebo_ros_plugins_msgs/local_setup.zsh
[37.859s] -- Installing: /home/brenda/RBIM_ws/src/uuv_simulator/install/uuv_gazebo_ros_plugins_msgs/share/uuv_gazebo_ros_plugins_msgs/local_setup.dsv
[37.859s] -- Installing: /home/brenda/RBIM_ws/src/uuv_simulator/install/uuv_gazebo_ros_plugins_msgs/share/uuv_gazebo_ros_plugins_msgs/package.dsv
[37.859s] -- Installing: /home/brenda/RBIM_ws/src/uuv_simulator/install/uuv_gazebo_ros_plugins_msgs/share/ament_index/resource_index/packages/uuv_gazebo_ros_plugins_msgs
[37.859s] -- Installing: /home/brenda/RBIM_ws/src/uuv_simulator/install/uuv_gazebo_ros_plugins_msgs/share/uuv_gazebo_ros_plugins_msgs/cmake/uuv_gazebo_ros_plugins_msgs__rosidl_generator_cExport.cmake
[37.860s] -- Installing: /home/brenda/RBIM_ws/src/uuv_simulator/install/uuv_gazebo_ros_plugins_msgs/share/uuv_gazebo_ros_plugins_msgs/cmake/uuv_gazebo_ros_plugins_msgs__rosidl_generator_cExport-noconfig.cmake
[37.860s] -- Installing: /home/brenda/RBIM_ws/src/uuv_simulator/install/uuv_gazebo_ros_plugins_msgs/share/uuv_gazebo_ros_plugins_msgs/cmake/uuv_gazebo_ros_plugins_msgs__rosidl_typesupport_introspection_cExport.cmake
[37.860s] -- Installing: /home/brenda/RBIM_ws/src/uuv_simulator/install/uuv_gazebo_ros_plugins_msgs/share/uuv_gazebo_ros_plugins_msgs/cmake/uuv_gazebo_ros_plugins_msgs__rosidl_typesupport_introspection_cExport-noconfig.cmake
[37.860s] -- Installing: /home/brenda/RBIM_ws/src/uuv_simulator/install/uuv_gazebo_ros_plugins_msgs/share/uuv_gazebo_ros_plugins_msgs/cmake/uuv_gazebo_ros_plugins_msgs__rosidl_typesupport_cExport.cmake
[37.861s] -- Installing: /home/brenda/RBIM_ws/src/uuv_simulator/install/uuv_gazebo_ros_plugins_msgs/share/uuv_gazebo_ros_plugins_msgs/cmake/uuv_gazebo_ros_plugins_msgs__rosidl_typesupport_cExport-noconfig.cmake
[37.861s] -- Installing: /home/brenda/RBIM_ws/src/uuv_simulator/install/uuv_gazebo_ros_plugins_msgs/share/uuv_gazebo_ros_plugins_msgs/cmake/uuv_gazebo_ros_plugins_msgs__rosidl_generator_cppExport.cmake
[37.861s] -- Installing: /home/brenda/RBIM_ws/src/uuv_simulator/install/uuv_gazebo_ros_plugins_msgs/share/uuv_gazebo_ros_plugins_msgs/cmake/uuv_gazebo_ros_plugins_msgs__rosidl_typesupport_introspection_cppExport.cmake
[37.861s] -- Installing: /home/brenda/RBIM_ws/src/uuv_simulator/install/uuv_gazebo_ros_plugins_msgs/share/uuv_gazebo_ros_plugins_msgs/cmake/uuv_gazebo_ros_plugins_msgs__rosidl_typesupport_introspection_cppExport-noconfig.cmake
[37.861s] -- Installing: /home/brenda/RBIM_ws/src/uuv_simulator/install/uuv_gazebo_ros_plugins_msgs/share/uuv_gazebo_ros_plugins_msgs/cmake/uuv_gazebo_ros_plugins_msgs__rosidl_typesupport_cppExport.cmake
[37.862s] -- Installing: /home/brenda/RBIM_ws/src/uuv_simulator/install/uuv_gazebo_ros_plugins_msgs/share/uuv_gazebo_ros_plugins_msgs/cmake/uuv_gazebo_ros_plugins_msgs__rosidl_typesupport_cppExport-noconfig.cmake
[37.862s] -- Installing: /home/brenda/RBIM_ws/src/uuv_simulator/install/uuv_gazebo_ros_plugins_msgs/share/uuv_gazebo_ros_plugins_msgs/cmake/rosidl_cmake-extras.cmake
[37.862s] -- Installing: /home/brenda/RBIM_ws/src/uuv_simulator/install/uuv_gazebo_ros_plugins_msgs/share/uuv_gazebo_ros_plugins_msgs/cmake/ament_cmake_export_dependencies-extras.cmake
[37.862s] -- Installing: /home/brenda/RBIM_ws/src/uuv_simulator/install/uuv_gazebo_ros_plugins_msgs/share/uuv_gazebo_ros_plugins_msgs/cmake/ament_cmake_export_libraries-extras.cmake
[37.862s] -- Installing: /home/brenda/RBIM_ws/src/uuv_simulator/install/uuv_gazebo_ros_plugins_msgs/share/uuv_gazebo_ros_plugins_msgs/cmake/ament_cmake_export_targets-extras.cmake
[37.862s] -- Installing: /home/brenda/RBIM_ws/src/uuv_simulator/install/uuv_gazebo_ros_plugins_msgs/share/uuv_gazebo_ros_plugins_msgs/cmake/ament_cmake_export_include_directories-extras.cmake
[37.862s] -- Installing: /home/brenda/RBIM_ws/src/uuv_simulator/install/uuv_gazebo_ros_plugins_msgs/share/uuv_gazebo_ros_plugins_msgs/cmake/rosidl_cmake_export_typesupport_libraries-extras.cmake
[37.863s] -- Installing: /home/brenda/RBIM_ws/src/uuv_simulator/install/uuv_gazebo_ros_plugins_msgs/share/uuv_gazebo_ros_plugins_msgs/cmake/rosidl_cmake_export_typesupport_targets-extras.cmake
[37.863s] -- Installing: /home/brenda/RBIM_ws/src/uuv_simulator/install/uuv_gazebo_ros_plugins_msgs/share/uuv_gazebo_ros_plugins_msgs/cmake/uuv_gazebo_ros_plugins_msgsConfig.cmake
[37.863s] -- Installing: /home/brenda/RBIM_ws/src/uuv_simulator/install/uuv_gazebo_ros_plugins_msgs/share/uuv_gazebo_ros_plugins_msgs/cmake/uuv_gazebo_ros_plugins_msgsConfig-version.cmake
[37.863s] -- Installing: /home/brenda/RBIM_ws/src/uuv_simulator/install/uuv_gazebo_ros_plugins_msgs/share/uuv_gazebo_ros_plugins_msgs/package.xml
[37.865s] Invoked command in '/home/brenda/RBIM_ws/src/uuv_simulator/build/uuv_gazebo_ros_plugins_msgs' returned '0': CMAKE_PREFIX_PATH=/opt/ros/foxy:${CMAKE_PREFIX_PATH} /usr/bin/cmake --install /home/brenda/RBIM_ws/src/uuv_simulator/build/uuv_gazebo_ros_plugins_msgs
