-- The C compiler identification is GNU 9.3.0
-- The CXX compiler identification is GNU 9.3.0
-- Check for working C compiler: /usr/bin/cc
-- Check for working C compiler: /usr/bin/cc -- works
-- Detecting C compiler ABI info
-- Detecting C compiler ABI info - done
-- Detecting C compile features
-- Detecting C compile features - done
-- Check for working CXX compiler: /usr/bin/c++
-- Check for working CXX compiler: /usr/bin/c++ -- works
-- Detecting CXX compiler ABI info
-- Detecting CXX compiler ABI info - done
-- Detecting CXX compile features
-- Detecting CXX compile features - done
-- Found ament_cmake: 0.9.6 (/opt/ros/foxy/share/ament_cmake/cmake)
-- Found PythonInterp: /usr/bin/python3 (found suitable version "3.8.5", minimum required is "3") 
-- Using PYTHON_EXECUTABLE: /usr/bin/python3
-- Found gazebo_dev: 3.5.0 (/opt/ros/foxy/share/gazebo_dev/cmake)
-- Found PkgConfig: /usr/bin/pkg-config (found version "0.29.1") 
-- Checking for module 'bullet>=2.82'
--   Found bullet, version 2.88
-- Found ccd: /usr/include (found suitable version "2.0", minimum required is "2.0") 
-- Found fcl: /usr/include (found suitable version "0.5.0", minimum required is "0.3.2") 
-- Found assimp: /usr/include (found version "5.0.0") 
-- Found DART: /usr/include (Required is at least version "6.6") found components: dart 
-- Found Boost: /usr/lib/x86_64-linux-gnu/cmake/Boost-1.71.0/BoostConfig.cmake (found suitable version "1.71.0", minimum required is "1.40.0") found components: thread system filesystem program_options regex iostreams date_time 
-- Found Protobuf: /usr/lib/x86_64-linux-gnu/libprotobuf.so;-lpthread (found version "3.6.1") 
-- Looking for ignition-math6 -- found version 6.4.0
-- Searching for dependencies of ignition-math6
-- Looking for OGRE...
-- OGRE_PREFIX_WATCH changed.
-- Checking for module 'OGRE'
--   Found OGRE, version 1.9.0
-- Found Ogre Ghadamon (1.9.0)
-- Found OGRE: optimized;/usr/lib/x86_64-linux-gnu/libOgreMain.so;debug;/usr/lib/x86_64-linux-gnu/libOgreMain.so
-- Looking for OGRE_Paging...
-- Found OGRE_Paging: optimized;/usr/lib/x86_64-linux-gnu/libOgrePaging.so;debug;/usr/lib/x86_64-linux-gnu/libOgrePaging.so
-- Looking for OGRE_Terrain...
-- Found OGRE_Terrain: optimized;/usr/lib/x86_64-linux-gnu/libOgreTerrain.so;debug;/usr/lib/x86_64-linux-gnu/libOgreTerrain.so
-- Looking for OGRE_Property...
-- Found OGRE_Property: optimized;/usr/lib/x86_64-linux-gnu/libOgreProperty.so;debug;/usr/lib/x86_64-linux-gnu/libOgreProperty.so
-- Looking for OGRE_RTShaderSystem...
-- Found OGRE_RTShaderSystem: optimized;/usr/lib/x86_64-linux-gnu/libOgreRTShaderSystem.so;debug;/usr/lib/x86_64-linux-gnu/libOgreRTShaderSystem.so
-- Looking for OGRE_Volume...
-- Found OGRE_Volume: optimized;/usr/lib/x86_64-linux-gnu/libOgreVolume.so;debug;/usr/lib/x86_64-linux-gnu/libOgreVolume.so
-- Looking for OGRE_Overlay...
-- Found OGRE_Overlay: optimized;/usr/lib/x86_64-linux-gnu/libOgreOverlay.so;debug;/usr/lib/x86_64-linux-gnu/libOgreOverlay.so
-- Looking for ignition-math6 -- found version 6.4.0
-- Looking for ignition-transport8 -- found version 8.1.0
-- Searching for dependencies of ignition-transport8
-- Found Protobuf: /usr/lib/x86_64-linux-gnu/libprotobuf.so;-lpthread (found suitable version "3.6.1", minimum required is "3") 
-- Config-file not installed for ZeroMQ -- checking for pkg-config
-- Checking for module 'libzmq >= 4'
--   Found libzmq , version 4.3.2
-- Found ZeroMQ: TRUE (Required is at least version "4") 
-- Checking for module 'uuid'
--   Found uuid, version 2.34.0
-- Found UUID: TRUE  
-- Looking for ignition-msgs5 -- found version 5.3.0
-- Searching for dependencies of ignition-msgs5
-- Looking for ignition-math6 -- found version 6.4.0
-- Checking for module 'tinyxml2'
--   Found tinyxml2, version 6.2.0
-- Looking for ignition-msgs5 -- found version 5.3.0
-- Looking for ignition-common3 -- found version 3.6.0
-- Searching for dependencies of ignition-common3
-- Looking for dlfcn.h - found
-- Looking for libdl - found
-- Found DL: TRUE  
-- Searching for <ignition-common3> component [graphics]
-- Looking for ignition-common3-graphics -- found version 3.6.0
-- Searching for dependencies of ignition-common3-graphics
-- Looking for ignition-math6 -- found version 6.4.0
-- Looking for ignition-fuel_tools4 -- found version 4.2.1
-- Searching for dependencies of ignition-fuel_tools4
-- Found CURL: /usr/lib/x86_64-linux-gnu/libcurl.so (found version "7.68.0")  
-- Checking for module 'jsoncpp'
--   Found jsoncpp, version 1.7.4
-- Found JSONCPP: TRUE  
-- Checking for module 'libzip'
--   Found libzip, version 1.5.1
-- Found ZIP: TRUE  
-- Looking for ignition-common3 -- found version 3.6.0
-- Looking for ignition-msgs5 -- found version 5.3.0
-- Gazebo version: 11.1
-- Found uuv_gazebo_plugins: 0.0.1 (/home/brenda/RBIM_ws/src/uuv_simulator/install/uuv_gazebo_plugins/share/uuv_gazebo_plugins/cmake)
-- Using all available rosidl_typesupport_c: rosidl_typesupport_fastrtps_c;rosidl_typesupport_introspection_c
-- Found rosidl_adapter: 1.1.0 (/opt/ros/foxy/share/rosidl_adapter/cmake)
-- Found OpenSSL: /usr/lib/x86_64-linux-gnu/libcrypto.so (found version "1.1.1f")  
-- Found FastRTPS: /opt/ros/foxy/include  
-- Using all available rosidl_typesupport_cpp: rosidl_typesupport_fastrtps_cpp;rosidl_typesupport_introspection_cpp
-- Found sensor_msgs: 2.0.3 (/opt/ros/foxy/share/sensor_msgs/cmake)
-- Found image_transport: 2.3.0 (/opt/ros/foxy/share/image_transport/cmake)
-- Found rmw_implementation_cmake: 1.0.1 (/opt/ros/foxy/share/rmw_implementation_cmake/cmake)
-- Using RMW implementation 'rmw_fastrtps_cpp' as default
-- Found Threads: TRUE  
-- Found gazebo_plugins: 3.5.0 (/opt/ros/foxy/share/gazebo_plugins/cmake)
-- Found uuv_sensor_ros_plugins_msgs: 0.0.1 (/home/brenda/RBIM_ws/src/uuv_simulator/install/uuv_sensor_ros_plugins_msgs/share/uuv_sensor_ros_plugins_msgs/cmake)
-- Found tf2_ros: 0.13.5 (/opt/ros/foxy/share/tf2_ros/cmake)
-- Found laser_geometry: 2.2.0 (/opt/ros/foxy/share/laser_geometry/cmake)
-- Found Eigen3: TRUE (found version "3.3.7") 
-- Looking for OGRE...
-- Found Ogre Ghadamon (1.9.0)
-- Looking for OGRE_Paging...
-- Looking for OGRE_Terrain...
-- Looking for OGRE_Property...
-- Looking for OGRE_RTShaderSystem...
-- Looking for OGRE_Volume...
-- Looking for OGRE_Overlay...
-- Found OpenCV: /usr (found version "4.2.0") 
-- Found Protobuf: /usr/lib/x86_64-linux-gnu/libprotobuf.so;-lpthread (found version "3.6.1") 
-- Found Boost: /usr/lib/x86_64-linux-gnu/cmake/Boost-1.71.0/BoostConfig.cmake (found version "1.71.0")  
-- Looking for ignition-common3 -- found version 3.6.0
-- PROTOBUF_IMPORT_DIRS = /usr/include/gazebo-11/gazebo/msgs/proto
-- GAZEBO_MSG_INCLUDE_DIRS = /usr/include/gazebo-11/gazebo/msgs
-- Configuring done
-- Generating done
-- Build files have been written to: /home/brenda/RBIM_ws/src/uuv_simulator/build/uuv_sensor_ros_plugins
-- Install configuration: ""
-- Installing: /home/brenda/RBIM_ws/src/uuv_simulator/install/uuv_sensor_ros_plugins/share/ament_index/resource_index/package_run_dependencies/uuv_sensor_ros_plugins
-- Installing: /home/brenda/RBIM_ws/src/uuv_simulator/install/uuv_sensor_ros_plugins/share/ament_index/resource_index/parent_prefix_path/uuv_sensor_ros_plugins
-- Installing: /home/brenda/RBIM_ws/src/uuv_simulator/install/uuv_sensor_ros_plugins/share/uuv_sensor_ros_plugins/environment/ament_prefix_path.sh
-- Installing: /home/brenda/RBIM_ws/src/uuv_simulator/install/uuv_sensor_ros_plugins/share/uuv_sensor_ros_plugins/environment/ament_prefix_path.dsv
-- Installing: /home/brenda/RBIM_ws/src/uuv_simulator/install/uuv_sensor_ros_plugins/share/uuv_sensor_ros_plugins/environment/path.sh
-- Installing: /home/brenda/RBIM_ws/src/uuv_simulator/install/uuv_sensor_ros_plugins/share/uuv_sensor_ros_plugins/environment/path.dsv
-- Installing: /home/brenda/RBIM_ws/src/uuv_simulator/install/uuv_sensor_ros_plugins/share/uuv_sensor_ros_plugins/local_setup.bash
-- Installing: /home/brenda/RBIM_ws/src/uuv_simulator/install/uuv_sensor_ros_plugins/share/uuv_sensor_ros_plugins/local_setup.sh
-- Installing: /home/brenda/RBIM_ws/src/uuv_simulator/install/uuv_sensor_ros_plugins/share/uuv_sensor_ros_plugins/local_setup.zsh
-- Installing: /home/brenda/RBIM_ws/src/uuv_simulator/install/uuv_sensor_ros_plugins/share/uuv_sensor_ros_plugins/local_setup.dsv
-- Installing: /home/brenda/RBIM_ws/src/uuv_simulator/install/uuv_sensor_ros_plugins/share/uuv_sensor_ros_plugins/package.dsv
-- Installing: /home/brenda/RBIM_ws/src/uuv_simulator/install/uuv_sensor_ros_plugins/share/ament_index/resource_index/packages/uuv_sensor_ros_plugins
-- Installing: /home/brenda/RBIM_ws/src/uuv_simulator/install/uuv_sensor_ros_plugins/share/uuv_sensor_ros_plugins/cmake/ament_cmake_export_include_directories-extras.cmake
-- Installing: /home/brenda/RBIM_ws/src/uuv_simulator/install/uuv_sensor_ros_plugins/share/uuv_sensor_ros_plugins/cmake/ament_cmake_export_dependencies-extras.cmake
-- Installing: /home/brenda/RBIM_ws/src/uuv_simulator/install/uuv_sensor_ros_plugins/share/uuv_sensor_ros_plugins/cmake/uuv_sensor_ros_pluginsConfig.cmake
-- Installing: /home/brenda/RBIM_ws/src/uuv_simulator/install/uuv_sensor_ros_plugins/share/uuv_sensor_ros_plugins/cmake/uuv_sensor_ros_pluginsConfig-version.cmake
-- Installing: /home/brenda/RBIM_ws/src/uuv_simulator/install/uuv_sensor_ros_plugins/share/uuv_sensor_ros_plugins/package.xml
-- Installing: /home/brenda/RBIM_ws/src/uuv_simulator/install/uuv_sensor_ros_plugins/include/
-- Installing: /home/brenda/RBIM_ws/src/uuv_simulator/install/uuv_sensor_ros_plugins/include//uuv_sensor_ros_plugins
-- Installing: /home/brenda/RBIM_ws/src/uuv_simulator/install/uuv_sensor_ros_plugins/include//uuv_sensor_ros_plugins/ROSBaseSensorPlugin.hh
-- Installing: /home/brenda/RBIM_ws/src/uuv_simulator/install/uuv_sensor_ros_plugins/include//uuv_sensor_ros_plugins/gazebo_ros_image_sonar.hh
-- Installing: /home/brenda/RBIM_ws/src/uuv_simulator/install/uuv_sensor_ros_plugins/include//uuv_sensor_ros_plugins/PoseGTROSPlugin.hh
-- Installing: /home/brenda/RBIM_ws/src/uuv_simulator/install/uuv_sensor_ros_plugins/include//uuv_sensor_ros_plugins/RPTROSPlugin.hh
-- Installing: /home/brenda/RBIM_ws/src/uuv_simulator/install/uuv_sensor_ros_plugins/include//uuv_sensor_ros_plugins/MagnetometerROSPlugin.hh
-- Installing: /home/brenda/RBIM_ws/src/uuv_simulator/install/uuv_sensor_ros_plugins/include//uuv_sensor_ros_plugins/ROSBasePlugin.hh
-- Installing: /home/brenda/RBIM_ws/src/uuv_simulator/install/uuv_sensor_ros_plugins/include//uuv_sensor_ros_plugins/IMUROSPlugin.hh
-- Installing: /home/brenda/RBIM_ws/src/uuv_simulator/install/uuv_sensor_ros_plugins/include//uuv_sensor_ros_plugins/Common.hh
-- Installing: /home/brenda/RBIM_ws/src/uuv_simulator/install/uuv_sensor_ros_plugins/include//uuv_sensor_ros_plugins/GPSROSPlugin.hh
-- Installing: /home/brenda/RBIM_ws/src/uuv_simulator/install/uuv_sensor_ros_plugins/include//uuv_sensor_ros_plugins/DVLROSPlugin.hh
-- Installing: /home/brenda/RBIM_ws/src/uuv_simulator/install/uuv_sensor_ros_plugins/include//uuv_sensor_ros_plugins/ROSBaseModelPlugin.hh
-- Installing: /home/brenda/RBIM_ws/src/uuv_simulator/install/uuv_sensor_ros_plugins/include//uuv_sensor_ros_plugins/UnderwaterCameraROSPlugin.hh
-- Installing: /home/brenda/RBIM_ws/src/uuv_simulator/install/uuv_sensor_ros_plugins/include//uuv_sensor_ros_plugins/CPCROSPlugin.hh
-- Installing: /home/brenda/RBIM_ws/src/uuv_simulator/install/uuv_sensor_ros_plugins/include//uuv_sensor_ros_plugins/SubseaPressureROSPlugin.hh
-- Installing: /home/brenda/RBIM_ws/src/uuv_simulator/install/uuv_sensor_ros_plugins/share/uuv_sensor_ros_plugins//meshes
-- Installing: /home/brenda/RBIM_ws/src/uuv_simulator/install/uuv_sensor_ros_plugins/share/uuv_sensor_ros_plugins//meshes/p900.stl
-- Installing: /home/brenda/RBIM_ws/src/uuv_simulator/install/uuv_sensor_ros_plugins/share/uuv_sensor_ros_plugins//meshes/dvl.blend
-- Installing: /home/brenda/RBIM_ws/src/uuv_simulator/install/uuv_sensor_ros_plugins/share/uuv_sensor_ros_plugins//meshes/p900.dae
-- Installing: /home/brenda/RBIM_ws/src/uuv_simulator/install/uuv_sensor_ros_plugins/share/uuv_sensor_ros_plugins//meshes/m450-130.dae
-- Installing: /home/brenda/RBIM_ws/src/uuv_simulator/install/uuv_sensor_ros_plugins/share/uuv_sensor_ros_plugins//meshes/rpt.blend
-- Installing: /home/brenda/RBIM_ws/src/uuv_simulator/install/uuv_sensor_ros_plugins/share/uuv_sensor_ros_plugins//meshes/oe14-372.blend
-- Installing: /home/brenda/RBIM_ws/src/uuv_simulator/install/uuv_sensor_ros_plugins/share/uuv_sensor_ros_plugins//meshes/pressure.dae
-- Installing: /home/brenda/RBIM_ws/src/uuv_simulator/install/uuv_sensor_ros_plugins/share/uuv_sensor_ros_plugins//meshes/duo3d.dae
-- Installing: /home/brenda/RBIM_ws/src/uuv_simulator/install/uuv_sensor_ros_plugins/share/uuv_sensor_ros_plugins//meshes/rpt.dae
-- Installing: /home/brenda/RBIM_ws/src/uuv_simulator/install/uuv_sensor_ros_plugins/share/uuv_sensor_ros_plugins//meshes/dvl.dae
-- Installing: /home/brenda/RBIM_ws/src/uuv_simulator/install/uuv_sensor_ros_plugins/share/uuv_sensor_ros_plugins//meshes/m450-130.blend
-- Installing: /home/brenda/RBIM_ws/src/uuv_simulator/install/uuv_sensor_ros_plugins/share/uuv_sensor_ros_plugins//meshes/oe14-372.dae
-- Installing: /home/brenda/RBIM_ws/src/uuv_simulator/install/uuv_sensor_ros_plugins/share/uuv_sensor_ros_plugins//meshes/p900.blend
-- Installing: /home/brenda/RBIM_ws/src/uuv_simulator/install/uuv_sensor_ros_plugins/share/uuv_sensor_ros_plugins//meshes/pressure.blend
-- Installing: /home/brenda/RBIM_ws/src/uuv_simulator/install/uuv_sensor_ros_plugins/share/uuv_sensor_ros_plugins//urdf
-- Installing: /home/brenda/RBIM_ws/src/uuv_simulator/install/uuv_sensor_ros_plugins/share/uuv_sensor_ros_plugins//urdf/magnetometer_snippets.xacro
-- Installing: /home/brenda/RBIM_ws/src/uuv_simulator/install/uuv_sensor_ros_plugins/share/uuv_sensor_ros_plugins//urdf/pose_3d_snippets.xacro
-- Installing: /home/brenda/RBIM_ws/src/uuv_simulator/install/uuv_sensor_ros_plugins/share/uuv_sensor_ros_plugins//urdf/camera_snippets.xacro
-- Installing: /home/brenda/RBIM_ws/src/uuv_simulator/install/uuv_sensor_ros_plugins/share/uuv_sensor_ros_plugins//urdf/sonar_snippets.xacro
-- Installing: /home/brenda/RBIM_ws/src/uuv_simulator/install/uuv_sensor_ros_plugins/share/uuv_sensor_ros_plugins//urdf/stereo_snippets.xacro
-- Installing: /home/brenda/RBIM_ws/src/uuv_simulator/install/uuv_sensor_ros_plugins/share/uuv_sensor_ros_plugins//urdf/sensor_snippets.xacro
-- Installing: /home/brenda/RBIM_ws/src/uuv_simulator/install/uuv_sensor_ros_plugins/share/uuv_sensor_ros_plugins//urdf/pressure_snippets.xacro
-- Installing: /home/brenda/RBIM_ws/src/uuv_simulator/install/uuv_sensor_ros_plugins/share/uuv_sensor_ros_plugins//urdf/rpt_snippets.xacro
-- Installing: /home/brenda/RBIM_ws/src/uuv_simulator/install/uuv_sensor_ros_plugins/share/uuv_sensor_ros_plugins//urdf/imu_snippets.xacro
-- Installing: /home/brenda/RBIM_ws/src/uuv_simulator/install/uuv_sensor_ros_plugins/share/uuv_sensor_ros_plugins//urdf/gps_sensor_snippets.xacro
-- Installing: /home/brenda/RBIM_ws/src/uuv_simulator/install/uuv_sensor_ros_plugins/share/uuv_sensor_ros_plugins//urdf/chemical_concentration_snippets.xacro
-- Installing: /home/brenda/RBIM_ws/src/uuv_simulator/install/uuv_sensor_ros_plugins/share/uuv_sensor_ros_plugins//urdf/dvl_snippets.xacro
