[0.054s] Invoking command in '/home/brenda/RBIM_ws/src/uuv_simulator/build/uuv_sensor_ros_plugins': AMENT_PREFIX_PATH=/home/brenda/RBIM_ws/src/uuv_simulator/install/uuv_gazebo_plugins:/home/brenda/RBIM_ws/src/uuv_simulator/install/uuv_sensor_ros_plugins_msgs:/home/brenda/RBIM_ws/src/uuv_simulator/install/uuv_gazebo_ros_plugins_msgs:${AMENT_PREFIX_PATH} CMAKE_PREFIX_PATH=/home/brenda/RBIM_ws/src/uuv_simulator/install/uuv_gazebo_plugins:/home/brenda/RBIM_ws/src/uuv_simulator/install/uuv_sensor_ros_plugins_msgs:/home/brenda/RBIM_ws/src/uuv_simulator/install/uuv_gazebo_ros_plugins_msgs:/opt/ros/foxy:${CMAKE_PREFIX_PATH} LD_LIBRARY_PATH=/home/brenda/RBIM_ws/src/uuv_simulator/install/uuv_gazebo_plugins/lib:/home/brenda/RBIM_ws/src/uuv_simulator/install/uuv_sensor_ros_plugins_msgs/lib:/home/brenda/RBIM_ws/src/uuv_simulator/install/uuv_gazebo_ros_plugins_msgs/lib:${LD_LIBRARY_PATH} PYTHONPATH=/home/brenda/RBIM_ws/src/uuv_simulator/install/uuv_sensor_ros_plugins_msgs/lib/python3.8/site-packages:/home/brenda/RBIM_ws/src/uuv_simulator/install/uuv_gazebo_ros_plugins_msgs/lib/python3.8/site-packages:${PYTHONPATH} /usr/bin/cmake /home/brenda/RBIM_ws/src/uuv_simulator/uuv_sensor_ros_plugins -DCMAKE_INSTALL_PREFIX=/home/brenda/RBIM_ws/src/uuv_simulator/install/uuv_sensor_ros_plugins
[0.873s] -- The C compiler identification is GNU 9.3.0
[0.943s] -- The CXX compiler identification is GNU 9.3.0
[0.982s] -- Check for working C compiler: /usr/bin/cc
[1.064s] -- Check for working C compiler: /usr/bin/cc -- works
[1.065s] -- Detecting C compiler ABI info
[1.120s] -- Detecting C compiler ABI info - done
[1.131s] -- Detecting C compile features
[1.131s] -- Detecting C compile features - done
[1.134s] -- Check for working CXX compiler: /usr/bin/c++
[1.201s] -- Check for working CXX compiler: /usr/bin/c++ -- works
[1.202s] -- Detecting CXX compiler ABI info
[1.273s] -- Detecting CXX compiler ABI info - done
[1.284s] -- Detecting CXX compile features
[1.284s] -- Detecting CXX compile features - done
[1.332s] -- Found ament_cmake: 0.9.6 (/opt/ros/foxy/share/ament_cmake/cmake)
[1.556s] -- Found PythonInterp: /usr/bin/python3 (found suitable version "3.8.5", minimum required is "3") 
[1.557s] -- Using PYTHON_EXECUTABLE: /usr/bin/python3
[7.461s] -- Found gazebo_dev: 3.5.0 (/opt/ros/foxy/share/gazebo_dev/cmake)
[7.543s] -- Found PkgConfig: /usr/bin/pkg-config (found version "0.29.1") 
[7.559s] -- Checking for module 'bullet>=2.82'
[7.738s] --   Found bullet, version 2.88
[7.958s] -- Found ccd: /usr/include (found suitable version "2.0", minimum required is "2.0") 
[8.099s] -- Found fcl: /usr/include (found suitable version "0.5.0", minimum required is "0.3.2") 
[8.280s] -- Found assimp: /usr/include (found version "5.0.0") 
[8.453s] -- Found DART: /usr/include (Required is at least version "6.6") found components: dart 
[9.307s] -- Found Boost: /usr/lib/x86_64-linux-gnu/cmake/Boost-1.71.0/BoostConfig.cmake (found suitable version "1.71.0", minimum required is "1.40.0") found components: thread system filesystem program_options regex iostreams date_time 
[9.639s] -- Found Protobuf: /usr/lib/x86_64-linux-gnu/libprotobuf.so;-lpthread (found version "3.6.1") 
[9.680s] -- Looking for ignition-math6 -- found version 6.4.0
[9.839s] -- Searching for dependencies of ignition-math6
[9.843s] -- Looking for OGRE...
[9.843s] -- OGRE_PREFIX_WATCH changed.
[9.851s] -- Checking for module 'OGRE'
[9.877s] --   Found OGRE, version 1.9.0
[9.939s] -- Found Ogre Ghadamon (1.9.0)
[9.955s] -- Found OGRE: optimized;/usr/lib/x86_64-linux-gnu/libOgreMain.so;debug;/usr/lib/x86_64-linux-gnu/libOgreMain.so
[9.968s] -- Looking for OGRE_Paging...
[9.980s] -- Found OGRE_Paging: optimized;/usr/lib/x86_64-linux-gnu/libOgrePaging.so;debug;/usr/lib/x86_64-linux-gnu/libOgrePaging.so
[9.980s] -- Looking for OGRE_Terrain...
[9.990s] -- Found OGRE_Terrain: optimized;/usr/lib/x86_64-linux-gnu/libOgreTerrain.so;debug;/usr/lib/x86_64-linux-gnu/libOgreTerrain.so
[9.990s] -- Looking for OGRE_Property...
[10.003s] -- Found OGRE_Property: optimized;/usr/lib/x86_64-linux-gnu/libOgreProperty.so;debug;/usr/lib/x86_64-linux-gnu/libOgreProperty.so
[10.003s] -- Looking for OGRE_RTShaderSystem...
[10.014s] -- Found OGRE_RTShaderSystem: optimized;/usr/lib/x86_64-linux-gnu/libOgreRTShaderSystem.so;debug;/usr/lib/x86_64-linux-gnu/libOgreRTShaderSystem.so
[10.014s] -- Looking for OGRE_Volume...
[10.024s] -- Found OGRE_Volume: optimized;/usr/lib/x86_64-linux-gnu/libOgreVolume.so;debug;/usr/lib/x86_64-linux-gnu/libOgreVolume.so
[10.024s] -- Looking for OGRE_Overlay...
[10.036s] -- Found OGRE_Overlay: optimized;/usr/lib/x86_64-linux-gnu/libOgreOverlay.so;debug;/usr/lib/x86_64-linux-gnu/libOgreOverlay.so
[10.269s] -- Looking for ignition-math6 -- found version 6.4.0
[10.354s] -- Looking for ignition-transport8 -- found version 8.1.0
[10.357s] -- Searching for dependencies of ignition-transport8
[10.423s] -- Found Protobuf: /usr/lib/x86_64-linux-gnu/libprotobuf.so;-lpthread (found suitable version "3.6.1", minimum required is "3") 
[10.458s] -- Config-file not installed for ZeroMQ -- checking for pkg-config
[10.464s] -- Checking for module 'libzmq >= 4'
[10.598s] --   Found libzmq , version 4.3.2
[10.768s] -- Found ZeroMQ: TRUE (Required is at least version "4") 
[10.782s] -- Checking for module 'uuid'
[10.818s] --   Found uuid, version 2.34.0
[10.854s] -- Found UUID: TRUE  
[10.872s] -- Looking for ignition-msgs5 -- found version 5.3.0
[10.873s] -- Searching for dependencies of ignition-msgs5
[10.894s] -- Looking for ignition-math6 -- found version 6.4.0
[10.899s] -- Checking for module 'tinyxml2'
[10.922s] --   Found tinyxml2, version 6.2.0
[10.961s] -- Looking for ignition-msgs5 -- found version 5.3.0
[10.983s] -- Looking for ignition-common3 -- found version 3.6.0
[10.984s] -- Searching for dependencies of ignition-common3
[10.984s] -- Looking for dlfcn.h - found
[10.986s] -- Looking for libdl - found
[10.988s] -- Found DL: TRUE  
[10.996s] -- Searching for <ignition-common3> component [graphics]
[10.999s] -- Looking for ignition-common3-graphics -- found version 3.6.0
[11.000s] -- Searching for dependencies of ignition-common3-graphics
[11.000s] -- Looking for ignition-math6 -- found version 6.4.0
[11.026s] -- Looking for ignition-fuel_tools4 -- found version 4.2.1
[11.027s] -- Searching for dependencies of ignition-fuel_tools4
[11.343s] -- Found CURL: /usr/lib/x86_64-linux-gnu/libcurl.so (found version "7.68.0")  
[11.377s] -- Checking for module 'jsoncpp'
[11.434s] --   Found jsoncpp, version 1.7.4
[11.498s] -- Found JSONCPP: TRUE  
[11.525s] -- Checking for module 'libzip'
[11.564s] --   Found libzip, version 1.5.1
[11.613s] -- Found ZIP: TRUE  
[11.614s] -- Looking for ignition-common3 -- found version 3.6.0
[11.614s] -- Looking for ignition-msgs5 -- found version 5.3.0
[11.663s] -- Gazebo version: 11.1
[11.665s] -- Found uuv_gazebo_plugins: 0.0.1 (/home/brenda/RBIM_ws/src/uuv_simulator/install/uuv_gazebo_plugins/share/uuv_gazebo_plugins/cmake)
[11.936s] -- Using all available rosidl_typesupport_c: rosidl_typesupport_fastrtps_c;rosidl_typesupport_introspection_c
[11.984s] -- Found rosidl_adapter: 1.1.0 (/opt/ros/foxy/share/rosidl_adapter/cmake)
[12.238s] -- Found OpenSSL: /usr/lib/x86_64-linux-gnu/libcrypto.so (found version "1.1.1f")  
[12.263s] -- Found FastRTPS: /opt/ros/foxy/include  
[12.438s] -- Using all available rosidl_typesupport_cpp: rosidl_typesupport_fastrtps_cpp;rosidl_typesupport_introspection_cpp
[12.605s] -- Found sensor_msgs: 2.0.3 (/opt/ros/foxy/share/sensor_msgs/cmake)
[12.717s] -- Found image_transport: 2.3.0 (/opt/ros/foxy/share/image_transport/cmake)
[12.829s] -- Found rmw_implementation_cmake: 1.0.1 (/opt/ros/foxy/share/rmw_implementation_cmake/cmake)
[12.831s] -- Using RMW implementation 'rmw_fastrtps_cpp' as default
[12.833s] -- Found Threads: TRUE  
[13.168s] -- Found gazebo_plugins: 3.5.0 (/opt/ros/foxy/share/gazebo_plugins/cmake)
[14.142s] -- Found uuv_sensor_ros_plugins_msgs: 0.0.1 (/home/brenda/RBIM_ws/src/uuv_simulator/install/uuv_sensor_ros_plugins_msgs/share/uuv_sensor_ros_plugins_msgs/cmake)
[14.210s] -- Found tf2_ros: 0.13.5 (/opt/ros/foxy/share/tf2_ros/cmake)
[14.654s] -- Found laser_geometry: 2.2.0 (/opt/ros/foxy/share/laser_geometry/cmake)
[14.679s] -- Found Eigen3: TRUE (found version "3.3.7") 
[14.680s] -- Looking for OGRE...
[14.686s] -- Found Ogre Ghadamon (1.9.0)
[14.698s] -- Looking for OGRE_Paging...
[14.698s] -- Looking for OGRE_Terrain...
[14.698s] -- Looking for OGRE_Property...
[14.698s] -- Looking for OGRE_RTShaderSystem...
[14.698s] -- Looking for OGRE_Volume...
[14.698s] -- Looking for OGRE_Overlay...
[15.247s] -- Found OpenCV: /usr (found version "4.2.0") 
[15.262s] -- Found Protobuf: /usr/lib/x86_64-linux-gnu/libprotobuf.so;-lpthread (found version "3.6.1") 
[15.272s] -- Found Boost: /usr/lib/x86_64-linux-gnu/cmake/Boost-1.71.0/BoostConfig.cmake (found version "1.71.0")  
[15.274s] -- Looking for ignition-common3 -- found version 3.6.0
[15.274s] -- PROTOBUF_IMPORT_DIRS = /usr/include/gazebo-11/gazebo/msgs/proto
[15.275s] -- GAZEBO_MSG_INCLUDE_DIRS = /usr/include/gazebo-11/gazebo/msgs
[15.394s] -- Configuring done
[15.401s] -- Generating done
[15.407s] -- Build files have been written to: /home/brenda/RBIM_ws/src/uuv_simulator/build/uuv_sensor_ros_plugins
[15.423s] Invoked command in '/home/brenda/RBIM_ws/src/uuv_simulator/build/uuv_sensor_ros_plugins' returned '0': AMENT_PREFIX_PATH=/home/brenda/RBIM_ws/src/uuv_simulator/install/uuv_gazebo_plugins:/home/brenda/RBIM_ws/src/uuv_simulator/install/uuv_sensor_ros_plugins_msgs:/home/brenda/RBIM_ws/src/uuv_simulator/install/uuv_gazebo_ros_plugins_msgs:${AMENT_PREFIX_PATH} CMAKE_PREFIX_PATH=/home/brenda/RBIM_ws/src/uuv_simulator/install/uuv_gazebo_plugins:/home/brenda/RBIM_ws/src/uuv_simulator/install/uuv_sensor_ros_plugins_msgs:/home/brenda/RBIM_ws/src/uuv_simulator/install/uuv_gazebo_ros_plugins_msgs:/opt/ros/foxy:${CMAKE_PREFIX_PATH} LD_LIBRARY_PATH=/home/brenda/RBIM_ws/src/uuv_simulator/install/uuv_gazebo_plugins/lib:/home/brenda/RBIM_ws/src/uuv_simulator/install/uuv_sensor_ros_plugins_msgs/lib:/home/brenda/RBIM_ws/src/uuv_simulator/install/uuv_gazebo_ros_plugins_msgs/lib:${LD_LIBRARY_PATH} PYTHONPATH=/home/brenda/RBIM_ws/src/uuv_simulator/install/uuv_sensor_ros_plugins_msgs/lib/python3.8/site-packages:/home/brenda/RBIM_ws/src/uuv_simulator/install/uuv_gazebo_ros_plugins_msgs/lib/python3.8/site-packages:${PYTHONPATH} /usr/bin/cmake /home/brenda/RBIM_ws/src/uuv_simulator/uuv_sensor_ros_plugins -DCMAKE_INSTALL_PREFIX=/home/brenda/RBIM_ws/src/uuv_simulator/install/uuv_sensor_ros_plugins
[15.427s] Invoking command in '/home/brenda/RBIM_ws/src/uuv_simulator/build/uuv_sensor_ros_plugins': AMENT_PREFIX_PATH=/home/brenda/RBIM_ws/src/uuv_simulator/install/uuv_gazebo_plugins:/home/brenda/RBIM_ws/src/uuv_simulator/install/uuv_sensor_ros_plugins_msgs:/home/brenda/RBIM_ws/src/uuv_simulator/install/uuv_gazebo_ros_plugins_msgs:${AMENT_PREFIX_PATH} CMAKE_PREFIX_PATH=/home/brenda/RBIM_ws/src/uuv_simulator/install/uuv_gazebo_plugins:/home/brenda/RBIM_ws/src/uuv_simulator/install/uuv_sensor_ros_plugins_msgs:/home/brenda/RBIM_ws/src/uuv_simulator/install/uuv_gazebo_ros_plugins_msgs:/opt/ros/foxy:${CMAKE_PREFIX_PATH} LD_LIBRARY_PATH=/home/brenda/RBIM_ws/src/uuv_simulator/install/uuv_gazebo_plugins/lib:/home/brenda/RBIM_ws/src/uuv_simulator/install/uuv_sensor_ros_plugins_msgs/lib:/home/brenda/RBIM_ws/src/uuv_simulator/install/uuv_gazebo_ros_plugins_msgs/lib:${LD_LIBRARY_PATH} PYTHONPATH=/home/brenda/RBIM_ws/src/uuv_simulator/install/uuv_sensor_ros_plugins_msgs/lib/python3.8/site-packages:/home/brenda/RBIM_ws/src/uuv_simulator/install/uuv_gazebo_ros_plugins_msgs/lib/python3.8/site-packages:${PYTHONPATH} /usr/bin/cmake --build /home/brenda/RBIM_ws/src/uuv_simulator/build/uuv_sensor_ros_plugins -- -j8 -l8
[15.484s] Invoked command in '/home/brenda/RBIM_ws/src/uuv_simulator/build/uuv_sensor_ros_plugins' returned '0': AMENT_PREFIX_PATH=/home/brenda/RBIM_ws/src/uuv_simulator/install/uuv_gazebo_plugins:/home/brenda/RBIM_ws/src/uuv_simulator/install/uuv_sensor_ros_plugins_msgs:/home/brenda/RBIM_ws/src/uuv_simulator/install/uuv_gazebo_ros_plugins_msgs:${AMENT_PREFIX_PATH} CMAKE_PREFIX_PATH=/home/brenda/RBIM_ws/src/uuv_simulator/install/uuv_gazebo_plugins:/home/brenda/RBIM_ws/src/uuv_simulator/install/uuv_sensor_ros_plugins_msgs:/home/brenda/RBIM_ws/src/uuv_simulator/install/uuv_gazebo_ros_plugins_msgs:/opt/ros/foxy:${CMAKE_PREFIX_PATH} LD_LIBRARY_PATH=/home/brenda/RBIM_ws/src/uuv_simulator/install/uuv_gazebo_plugins/lib:/home/brenda/RBIM_ws/src/uuv_simulator/install/uuv_sensor_ros_plugins_msgs/lib:/home/brenda/RBIM_ws/src/uuv_simulator/install/uuv_gazebo_ros_plugins_msgs/lib:${LD_LIBRARY_PATH} PYTHONPATH=/home/brenda/RBIM_ws/src/uuv_simulator/install/uuv_sensor_ros_plugins_msgs/lib/python3.8/site-packages:/home/brenda/RBIM_ws/src/uuv_simulator/install/uuv_gazebo_ros_plugins_msgs/lib/python3.8/site-packages:${PYTHONPATH} /usr/bin/cmake --build /home/brenda/RBIM_ws/src/uuv_simulator/build/uuv_sensor_ros_plugins -- -j8 -l8
[15.513s] Invoking command in '/home/brenda/RBIM_ws/src/uuv_simulator/build/uuv_sensor_ros_plugins': AMENT_PREFIX_PATH=/home/brenda/RBIM_ws/src/uuv_simulator/install/uuv_gazebo_plugins:/home/brenda/RBIM_ws/src/uuv_simulator/install/uuv_sensor_ros_plugins_msgs:/home/brenda/RBIM_ws/src/uuv_simulator/install/uuv_gazebo_ros_plugins_msgs:${AMENT_PREFIX_PATH} CMAKE_PREFIX_PATH=/home/brenda/RBIM_ws/src/uuv_simulator/install/uuv_gazebo_plugins:/home/brenda/RBIM_ws/src/uuv_simulator/install/uuv_sensor_ros_plugins_msgs:/home/brenda/RBIM_ws/src/uuv_simulator/install/uuv_gazebo_ros_plugins_msgs:/opt/ros/foxy:${CMAKE_PREFIX_PATH} LD_LIBRARY_PATH=/home/brenda/RBIM_ws/src/uuv_simulator/install/uuv_gazebo_plugins/lib:/home/brenda/RBIM_ws/src/uuv_simulator/install/uuv_sensor_ros_plugins_msgs/lib:/home/brenda/RBIM_ws/src/uuv_simulator/install/uuv_gazebo_ros_plugins_msgs/lib:${LD_LIBRARY_PATH} PYTHONPATH=/home/brenda/RBIM_ws/src/uuv_simulator/install/uuv_sensor_ros_plugins_msgs/lib/python3.8/site-packages:/home/brenda/RBIM_ws/src/uuv_simulator/install/uuv_gazebo_ros_plugins_msgs/lib/python3.8/site-packages:${PYTHONPATH} /usr/bin/cmake --install /home/brenda/RBIM_ws/src/uuv_simulator/build/uuv_sensor_ros_plugins
[15.522s] -- Install configuration: ""
[15.522s] -- Installing: /home/brenda/RBIM_ws/src/uuv_simulator/install/uuv_sensor_ros_plugins/share/ament_index/resource_index/package_run_dependencies/uuv_sensor_ros_plugins
[15.523s] -- Installing: /home/brenda/RBIM_ws/src/uuv_simulator/install/uuv_sensor_ros_plugins/share/ament_index/resource_index/parent_prefix_path/uuv_sensor_ros_plugins
[15.523s] -- Installing: /home/brenda/RBIM_ws/src/uuv_simulator/install/uuv_sensor_ros_plugins/share/uuv_sensor_ros_plugins/environment/ament_prefix_path.sh
[15.523s] -- Installing: /home/brenda/RBIM_ws/src/uuv_simulator/install/uuv_sensor_ros_plugins/share/uuv_sensor_ros_plugins/environment/ament_prefix_path.dsv
[15.523s] -- Installing: /home/brenda/RBIM_ws/src/uuv_simulator/install/uuv_sensor_ros_plugins/share/uuv_sensor_ros_plugins/environment/path.sh
[15.523s] -- Installing: /home/brenda/RBIM_ws/src/uuv_simulator/install/uuv_sensor_ros_plugins/share/uuv_sensor_ros_plugins/environment/path.dsv
[15.524s] -- Installing: /home/brenda/RBIM_ws/src/uuv_simulator/install/uuv_sensor_ros_plugins/share/uuv_sensor_ros_plugins/local_setup.bash
[15.524s] -- Installing: /home/brenda/RBIM_ws/src/uuv_simulator/install/uuv_sensor_ros_plugins/share/uuv_sensor_ros_plugins/local_setup.sh
[15.524s] -- Installing: /home/brenda/RBIM_ws/src/uuv_simulator/install/uuv_sensor_ros_plugins/share/uuv_sensor_ros_plugins/local_setup.zsh
[15.524s] -- Installing: /home/brenda/RBIM_ws/src/uuv_simulator/install/uuv_sensor_ros_plugins/share/uuv_sensor_ros_plugins/local_setup.dsv
[15.524s] -- Installing: /home/brenda/RBIM_ws/src/uuv_simulator/install/uuv_sensor_ros_plugins/share/uuv_sensor_ros_plugins/package.dsv
[15.524s] -- Installing: /home/brenda/RBIM_ws/src/uuv_simulator/install/uuv_sensor_ros_plugins/share/ament_index/resource_index/packages/uuv_sensor_ros_plugins
[15.524s] -- Installing: /home/brenda/RBIM_ws/src/uuv_simulator/install/uuv_sensor_ros_plugins/share/uuv_sensor_ros_plugins/cmake/ament_cmake_export_include_directories-extras.cmake
[15.524s] -- Installing: /home/brenda/RBIM_ws/src/uuv_simulator/install/uuv_sensor_ros_plugins/share/uuv_sensor_ros_plugins/cmake/ament_cmake_export_dependencies-extras.cmake
[15.525s] -- Installing: /home/brenda/RBIM_ws/src/uuv_simulator/install/uuv_sensor_ros_plugins/share/uuv_sensor_ros_plugins/cmake/uuv_sensor_ros_pluginsConfig.cmake
[15.525s] -- Installing: /home/brenda/RBIM_ws/src/uuv_simulator/install/uuv_sensor_ros_plugins/share/uuv_sensor_ros_plugins/cmake/uuv_sensor_ros_pluginsConfig-version.cmake
[15.525s] -- Installing: /home/brenda/RBIM_ws/src/uuv_simulator/install/uuv_sensor_ros_plugins/share/uuv_sensor_ros_plugins/package.xml
[15.525s] -- Installing: /home/brenda/RBIM_ws/src/uuv_simulator/install/uuv_sensor_ros_plugins/include/
[15.525s] -- Installing: /home/brenda/RBIM_ws/src/uuv_simulator/install/uuv_sensor_ros_plugins/include//uuv_sensor_ros_plugins
[15.525s] -- Installing: /home/brenda/RBIM_ws/src/uuv_simulator/install/uuv_sensor_ros_plugins/include//uuv_sensor_ros_plugins/ROSBaseSensorPlugin.hh
[15.525s] -- Installing: /home/brenda/RBIM_ws/src/uuv_simulator/install/uuv_sensor_ros_plugins/include//uuv_sensor_ros_plugins/gazebo_ros_image_sonar.hh
[15.525s] -- Installing: /home/brenda/RBIM_ws/src/uuv_simulator/install/uuv_sensor_ros_plugins/include//uuv_sensor_ros_plugins/PoseGTROSPlugin.hh
[15.525s] -- Installing: /home/brenda/RBIM_ws/src/uuv_simulator/install/uuv_sensor_ros_plugins/include//uuv_sensor_ros_plugins/RPTROSPlugin.hh
[15.526s] -- Installing: /home/brenda/RBIM_ws/src/uuv_simulator/install/uuv_sensor_ros_plugins/include//uuv_sensor_ros_plugins/MagnetometerROSPlugin.hh
[15.526s] -- Installing: /home/brenda/RBIM_ws/src/uuv_simulator/install/uuv_sensor_ros_plugins/include//uuv_sensor_ros_plugins/ROSBasePlugin.hh
[15.526s] -- Installing: /home/brenda/RBIM_ws/src/uuv_simulator/install/uuv_sensor_ros_plugins/include//uuv_sensor_ros_plugins/IMUROSPlugin.hh
[15.526s] -- Installing: /home/brenda/RBIM_ws/src/uuv_simulator/install/uuv_sensor_ros_plugins/include//uuv_sensor_ros_plugins/Common.hh
[15.526s] -- Installing: /home/brenda/RBIM_ws/src/uuv_simulator/install/uuv_sensor_ros_plugins/include//uuv_sensor_ros_plugins/GPSROSPlugin.hh
[15.526s] -- Installing: /home/brenda/RBIM_ws/src/uuv_simulator/install/uuv_sensor_ros_plugins/include//uuv_sensor_ros_plugins/DVLROSPlugin.hh
[15.526s] -- Installing: /home/brenda/RBIM_ws/src/uuv_simulator/install/uuv_sensor_ros_plugins/include//uuv_sensor_ros_plugins/ROSBaseModelPlugin.hh
[15.526s] -- Installing: /home/brenda/RBIM_ws/src/uuv_simulator/install/uuv_sensor_ros_plugins/include//uuv_sensor_ros_plugins/UnderwaterCameraROSPlugin.hh
[15.527s] -- Installing: /home/brenda/RBIM_ws/src/uuv_simulator/install/uuv_sensor_ros_plugins/include//uuv_sensor_ros_plugins/CPCROSPlugin.hh
[15.527s] -- Installing: /home/brenda/RBIM_ws/src/uuv_simulator/install/uuv_sensor_ros_plugins/include//uuv_sensor_ros_plugins/SubseaPressureROSPlugin.hh
[15.527s] -- Installing: /home/brenda/RBIM_ws/src/uuv_simulator/install/uuv_sensor_ros_plugins/share/uuv_sensor_ros_plugins//meshes
[15.527s] -- Installing: /home/brenda/RBIM_ws/src/uuv_simulator/install/uuv_sensor_ros_plugins/share/uuv_sensor_ros_plugins//meshes/p900.stl
[15.528s] -- Installing: /home/brenda/RBIM_ws/src/uuv_simulator/install/uuv_sensor_ros_plugins/share/uuv_sensor_ros_plugins//meshes/dvl.blend
[15.528s] -- Installing: /home/brenda/RBIM_ws/src/uuv_simulator/install/uuv_sensor_ros_plugins/share/uuv_sensor_ros_plugins//meshes/p900.dae
[15.529s] -- Installing: /home/brenda/RBIM_ws/src/uuv_simulator/install/uuv_sensor_ros_plugins/share/uuv_sensor_ros_plugins//meshes/m450-130.dae
[15.530s] -- Installing: /home/brenda/RBIM_ws/src/uuv_simulator/install/uuv_sensor_ros_plugins/share/uuv_sensor_ros_plugins//meshes/rpt.blend
[15.550s] -- Installing: /home/brenda/RBIM_ws/src/uuv_simulator/install/uuv_sensor_ros_plugins/share/uuv_sensor_ros_plugins//meshes/oe14-372.blend
[15.569s] -- Installing: /home/brenda/RBIM_ws/src/uuv_simulator/install/uuv_sensor_ros_plugins/share/uuv_sensor_ros_plugins//meshes/pressure.dae
[15.569s] -- Installing: /home/brenda/RBIM_ws/src/uuv_simulator/install/uuv_sensor_ros_plugins/share/uuv_sensor_ros_plugins//meshes/duo3d.dae
[15.570s] -- Installing: /home/brenda/RBIM_ws/src/uuv_simulator/install/uuv_sensor_ros_plugins/share/uuv_sensor_ros_plugins//meshes/rpt.dae
[15.570s] -- Installing: /home/brenda/RBIM_ws/src/uuv_simulator/install/uuv_sensor_ros_plugins/share/uuv_sensor_ros_plugins//meshes/dvl.dae
[15.570s] -- Installing: /home/brenda/RBIM_ws/src/uuv_simulator/install/uuv_sensor_ros_plugins/share/uuv_sensor_ros_plugins//meshes/m450-130.blend
[15.609s] -- Installing: /home/brenda/RBIM_ws/src/uuv_simulator/install/uuv_sensor_ros_plugins/share/uuv_sensor_ros_plugins//meshes/oe14-372.dae
[15.610s] -- Installing: /home/brenda/RBIM_ws/src/uuv_simulator/install/uuv_sensor_ros_plugins/share/uuv_sensor_ros_plugins//meshes/p900.blend
[15.635s] -- Installing: /home/brenda/RBIM_ws/src/uuv_simulator/install/uuv_sensor_ros_plugins/share/uuv_sensor_ros_plugins//meshes/pressure.blend
[15.635s] -- Installing: /home/brenda/RBIM_ws/src/uuv_simulator/install/uuv_sensor_ros_plugins/share/uuv_sensor_ros_plugins//urdf
[15.635s] -- Installing: /home/brenda/RBIM_ws/src/uuv_simulator/install/uuv_sensor_ros_plugins/share/uuv_sensor_ros_plugins//urdf/magnetometer_snippets.xacro
[15.636s] -- Installing: /home/brenda/RBIM_ws/src/uuv_simulator/install/uuv_sensor_ros_plugins/share/uuv_sensor_ros_plugins//urdf/pose_3d_snippets.xacro
[15.636s] -- Installing: /home/brenda/RBIM_ws/src/uuv_simulator/install/uuv_sensor_ros_plugins/share/uuv_sensor_ros_plugins//urdf/camera_snippets.xacro
[15.636s] -- Installing: /home/brenda/RBIM_ws/src/uuv_simulator/install/uuv_sensor_ros_plugins/share/uuv_sensor_ros_plugins//urdf/sonar_snippets.xacro
[15.636s] -- Installing: /home/brenda/RBIM_ws/src/uuv_simulator/install/uuv_sensor_ros_plugins/share/uuv_sensor_ros_plugins//urdf/stereo_snippets.xacro
[15.636s] -- Installing: /home/brenda/RBIM_ws/src/uuv_simulator/install/uuv_sensor_ros_plugins/share/uuv_sensor_ros_plugins//urdf/sensor_snippets.xacro
[15.636s] -- Installing: /home/brenda/RBIM_ws/src/uuv_simulator/install/uuv_sensor_ros_plugins/share/uuv_sensor_ros_plugins//urdf/pressure_snippets.xacro
[15.636s] -- Installing: /home/brenda/RBIM_ws/src/uuv_simulator/install/uuv_sensor_ros_plugins/share/uuv_sensor_ros_plugins//urdf/rpt_snippets.xacro
[15.636s] -- Installing: /home/brenda/RBIM_ws/src/uuv_simulator/install/uuv_sensor_ros_plugins/share/uuv_sensor_ros_plugins//urdf/imu_snippets.xacro
[15.637s] -- Installing: /home/brenda/RBIM_ws/src/uuv_simulator/install/uuv_sensor_ros_plugins/share/uuv_sensor_ros_plugins//urdf/gps_sensor_snippets.xacro
[15.637s] -- Installing: /home/brenda/RBIM_ws/src/uuv_simulator/install/uuv_sensor_ros_plugins/share/uuv_sensor_ros_plugins//urdf/chemical_concentration_snippets.xacro
[15.637s] -- Installing: /home/brenda/RBIM_ws/src/uuv_simulator/install/uuv_sensor_ros_plugins/share/uuv_sensor_ros_plugins//urdf/dvl_snippets.xacro
[15.640s] Invoked command in '/home/brenda/RBIM_ws/src/uuv_simulator/build/uuv_sensor_ros_plugins' returned '0': AMENT_PREFIX_PATH=/home/brenda/RBIM_ws/src/uuv_simulator/install/uuv_gazebo_plugins:/home/brenda/RBIM_ws/src/uuv_simulator/install/uuv_sensor_ros_plugins_msgs:/home/brenda/RBIM_ws/src/uuv_simulator/install/uuv_gazebo_ros_plugins_msgs:${AMENT_PREFIX_PATH} CMAKE_PREFIX_PATH=/home/brenda/RBIM_ws/src/uuv_simulator/install/uuv_gazebo_plugins:/home/brenda/RBIM_ws/src/uuv_simulator/install/uuv_sensor_ros_plugins_msgs:/home/brenda/RBIM_ws/src/uuv_simulator/install/uuv_gazebo_ros_plugins_msgs:/opt/ros/foxy:${CMAKE_PREFIX_PATH} LD_LIBRARY_PATH=/home/brenda/RBIM_ws/src/uuv_simulator/install/uuv_gazebo_plugins/lib:/home/brenda/RBIM_ws/src/uuv_simulator/install/uuv_sensor_ros_plugins_msgs/lib:/home/brenda/RBIM_ws/src/uuv_simulator/install/uuv_gazebo_ros_plugins_msgs/lib:${LD_LIBRARY_PATH} PYTHONPATH=/home/brenda/RBIM_ws/src/uuv_simulator/install/uuv_sensor_ros_plugins_msgs/lib/python3.8/site-packages:/home/brenda/RBIM_ws/src/uuv_simulator/install/uuv_gazebo_ros_plugins_msgs/lib/python3.8/site-packages:${PYTHONPATH} /usr/bin/cmake --install /home/brenda/RBIM_ws/src/uuv_simulator/build/uuv_sensor_ros_plugins
