[0.404s] Invoking command in '/home/brenda/RBIM_ws/src/uuv_simulator/build/uuv_gazebo_ros_plugins_msgs': CMAKE_PREFIX_PATH=/opt/ros/foxy:${CMAKE_PREFIX_PATH} /usr/bin/cmake /home/brenda/RBIM_ws/src/uuv_simulator/uuv_gazebo_ros_plugins_msgs -DAMENT_CMAKE_SYMLINK_INSTALL=1 -DCMAKE_INSTALL_PREFIX=/home/brenda/RBIM_ws/src/uuv_simulator/install/uuv_gazebo_ros_plugins_msgs
[0.488s] -- Found ament_cmake: 0.9.6 (/opt/ros/foxy/share/ament_cmake/cmake)
[0.495s] -- Found PythonInterp: /usr/bin/python3 (found suitable version "3.8.5", minimum required is "3") 
[0.501s] -- Using PYTHON_EXECUTABLE: /usr/bin/python3
[0.732s] -- Override CMake install command with custom implementation using symlinks instead of copying resources
[0.743s] -- Found builtin_interfaces: 1.0.0 (/opt/ros/foxy/share/builtin_interfaces/cmake)
[0.757s] -- Using all available rosidl_typesupport_c: rosidl_typesupport_fastrtps_c;rosidl_typesupport_introspection_c
[0.759s] -- Found rosidl_adapter: 1.1.0 (/opt/ros/foxy/share/rosidl_adapter/cmake)
[0.938s] -- Using all available rosidl_typesupport_cpp: rosidl_typesupport_fastrtps_cpp;rosidl_typesupport_introspection_cpp
[1.031s] -- Found rosidl_default_generators: 1.0.0 (/opt/ros/foxy/share/rosidl_default_generators/cmake)
[1.124s] -- Found geometry_msgs: 2.0.3 (/opt/ros/foxy/share/geometry_msgs/cmake)
[1.228s] -- Found PythonInterp: /usr/bin/python3 (found version "3.8.5") 
[2.128s] -- Found ament_cmake_ros: 0.9.0 (/opt/ros/foxy/share/ament_cmake_ros/cmake)
[3.199s] -- Using all available rosidl_typesupport_c: rosidl_typesupport_fastrtps_c;rosidl_typesupport_introspection_c
[3.603s] -- Using all available rosidl_typesupport_cpp: rosidl_typesupport_fastrtps_cpp;rosidl_typesupport_introspection_cpp
[3.668s] -- Found PythonInterp: /usr/bin/python3 (found suitable version "3.8.5", minimum required is "3.5") 
[3.724s] -- Found python_cmake_module: 0.8.0 (/opt/ros/foxy/share/python_cmake_module/cmake)
[3.999s] -- Using PYTHON_EXECUTABLE: /usr/bin/python3
[4.000s] -- Using PYTHON_INCLUDE_DIRS: /usr/include/python3.8
[4.000s] -- Using PYTHON_LIBRARIES: /usr/lib/x86_64-linux-gnu/libpython3.8.so
[4.403s] -- Configuring done
[4.918s] -- Generating done
[4.945s] -- Build files have been written to: /home/brenda/RBIM_ws/src/uuv_simulator/build/uuv_gazebo_ros_plugins_msgs
[4.965s] Invoked command in '/home/brenda/RBIM_ws/src/uuv_simulator/build/uuv_gazebo_ros_plugins_msgs' returned '0': CMAKE_PREFIX_PATH=/opt/ros/foxy:${CMAKE_PREFIX_PATH} /usr/bin/cmake /home/brenda/RBIM_ws/src/uuv_simulator/uuv_gazebo_ros_plugins_msgs -DAMENT_CMAKE_SYMLINK_INSTALL=1 -DCMAKE_INSTALL_PREFIX=/home/brenda/RBIM_ws/src/uuv_simulator/install/uuv_gazebo_ros_plugins_msgs
[4.969s] Invoking command in '/home/brenda/RBIM_ws/src/uuv_simulator/build/uuv_gazebo_ros_plugins_msgs': CMAKE_PREFIX_PATH=/opt/ros/foxy:${CMAKE_PREFIX_PATH} /usr/bin/cmake --build /home/brenda/RBIM_ws/src/uuv_simulator/build/uuv_gazebo_ros_plugins_msgs -- -j8 -l8
[5.065s] [35m[1mScanning dependencies of target uuv_gazebo_ros_plugins_msgs__rosidl_generator_c[0m
[5.092s] [  0%] Built target uuv_gazebo_ros_plugins_msgs__cpp
[5.114s] [  1%] [32mBuilding C object CMakeFiles/uuv_gazebo_ros_plugins_msgs__rosidl_generator_c.dir/rosidl_generator_c/uuv_gazebo_ros_plugins_msgs/msg/detail/float_stamped__functions.c.o[0m
[5.125s] [  2%] [32mBuilding C object CMakeFiles/uuv_gazebo_ros_plugins_msgs__rosidl_generator_c.dir/rosidl_generator_c/uuv_gazebo_ros_plugins_msgs/msg/detail/thruster_conversion_fcn__functions.c.o[0m
[5.129s] [  2%] [32mBuilding C object CMakeFiles/uuv_gazebo_ros_plugins_msgs__rosidl_generator_c.dir/rosidl_generator_c/uuv_gazebo_ros_plugins_msgs/msg/detail/underwater_object_model__functions.c.o[0m
[5.142s] [  3%] [32mBuilding C object CMakeFiles/uuv_gazebo_ros_plugins_msgs__rosidl_generator_c.dir/rosidl_generator_c/uuv_gazebo_ros_plugins_msgs/srv/detail/set_thruster_efficiency__functions.c.o[0m
[5.142s] [35m[1mScanning dependencies of target uuv_gazebo_ros_plugins_msgs__rosidl_typesupport_fastrtps_cpp[0m
[5.159s] [  4%] [32mBuilding C object CMakeFiles/uuv_gazebo_ros_plugins_msgs__rosidl_generator_c.dir/rosidl_generator_c/uuv_gazebo_ros_plugins_msgs/srv/detail/set_thruster_state__functions.c.o[0m
[5.173s] [35m[1mScanning dependencies of target uuv_gazebo_ros_plugins_msgs__rosidl_typesupport_introspection_cpp[0m
[5.181s] [35m[1mScanning dependencies of target uuv_gazebo_ros_plugins_msgs__rosidl_typesupport_cpp[0m
[5.244s] [  5%] [32mBuilding CXX object CMakeFiles/uuv_gazebo_ros_plugins_msgs__rosidl_typesupport_fastrtps_cpp.dir/rosidl_typesupport_fastrtps_cpp/uuv_gazebo_ros_plugins_msgs/msg/detail/dds_fastrtps/float_stamped__type_support.cpp.o[0m
[5.249s] [  6%] [32mBuilding CXX object CMakeFiles/uuv_gazebo_ros_plugins_msgs__rosidl_typesupport_cpp.dir/rosidl_typesupport_cpp/uuv_gazebo_ros_plugins_msgs/msg/float_stamped__type_support.cpp.o[0m
[5.260s] [  7%] [32mBuilding CXX object CMakeFiles/uuv_gazebo_ros_plugins_msgs__rosidl_typesupport_introspection_cpp.dir/rosidl_typesupport_introspection_cpp/uuv_gazebo_ros_plugins_msgs/msg/detail/float_stamped__type_support.cpp.o[0m
[5.531s] [  8%] [32mBuilding CXX object CMakeFiles/uuv_gazebo_ros_plugins_msgs__rosidl_typesupport_cpp.dir/rosidl_typesupport_cpp/uuv_gazebo_ros_plugins_msgs/msg/underwater_object_model__type_support.cpp.o[0m
[5.533s] [  7%] [32mBuilding C object CMakeFiles/uuv_gazebo_ros_plugins_msgs__rosidl_generator_c.dir/rosidl_generator_c/uuv_gazebo_ros_plugins_msgs/srv/detail/get_thruster_state__functions.c.o[0m
[5.567s] [  9%] [32mBuilding C object CMakeFiles/uuv_gazebo_ros_plugins_msgs__rosidl_generator_c.dir/rosidl_generator_c/uuv_gazebo_ros_plugins_msgs/srv/detail/get_thruster_efficiency__functions.c.o[0m
[5.575s] [ 10%] [32mBuilding CXX object CMakeFiles/uuv_gazebo_ros_plugins_msgs__rosidl_typesupport_introspection_cpp.dir/rosidl_typesupport_introspection_cpp/uuv_gazebo_ros_plugins_msgs/msg/detail/underwater_object_model__type_support.cpp.o[0m
[5.585s] [ 11%] [32mBuilding CXX object CMakeFiles/uuv_gazebo_ros_plugins_msgs__rosidl_typesupport_introspection_cpp.dir/rosidl_typesupport_introspection_cpp/uuv_gazebo_ros_plugins_msgs/msg/detail/thruster_conversion_fcn__type_support.cpp.o[0m
[6.077s] [ 13%] [32mBuilding CXX object CMakeFiles/uuv_gazebo_ros_plugins_msgs__rosidl_typesupport_introspection_cpp.dir/rosidl_typesupport_introspection_cpp/uuv_gazebo_ros_plugins_msgs/srv/detail/set_thruster_efficiency__type_support.cpp.o[0m
[6.080s] [ 13%] [32mBuilding C object CMakeFiles/uuv_gazebo_ros_plugins_msgs__rosidl_generator_c.dir/rosidl_generator_c/uuv_gazebo_ros_plugins_msgs/srv/detail/set_use_global_current_vel__functions.c.o[0m
[6.340s] [ 13%] [32mBuilding CXX object CMakeFiles/uuv_gazebo_ros_plugins_msgs__rosidl_typesupport_cpp.dir/rosidl_typesupport_cpp/uuv_gazebo_ros_plugins_msgs/msg/thruster_conversion_fcn__type_support.cpp.o[0m
[6.563s] [ 14%] [32mBuilding C object CMakeFiles/uuv_gazebo_ros_plugins_msgs__rosidl_generator_c.dir/rosidl_generator_c/uuv_gazebo_ros_plugins_msgs/srv/detail/get_model_properties__functions.c.o[0m
[7.000s] [ 14%] [32mBuilding CXX object CMakeFiles/uuv_gazebo_ros_plugins_msgs__rosidl_typesupport_introspection_cpp.dir/rosidl_typesupport_introspection_cpp/uuv_gazebo_ros_plugins_msgs/srv/detail/set_thruster_state__type_support.cpp.o[0m
[7.061s] [ 15%] [32mBuilding C object CMakeFiles/uuv_gazebo_ros_plugins_msgs__rosidl_generator_c.dir/rosidl_generator_c/uuv_gazebo_ros_plugins_msgs/srv/detail/set_float__functions.c.o[0m
[7.458s] [ 16%] [32mBuilding C object CMakeFiles/uuv_gazebo_ros_plugins_msgs__rosidl_generator_c.dir/rosidl_generator_c/uuv_gazebo_ros_plugins_msgs/srv/detail/get_float__functions.c.o[0m
[7.589s] [ 17%] [32mBuilding CXX object CMakeFiles/uuv_gazebo_ros_plugins_msgs__rosidl_typesupport_cpp.dir/rosidl_typesupport_cpp/uuv_gazebo_ros_plugins_msgs/srv/set_thruster_efficiency__type_support.cpp.o[0m
[8.029s] [ 17%] [32mBuilding C object CMakeFiles/uuv_gazebo_ros_plugins_msgs__rosidl_generator_c.dir/rosidl_generator_c/uuv_gazebo_ros_plugins_msgs/srv/detail/get_list_param__functions.c.o[0m
[8.051s] [ 18%] [32mBuilding C object CMakeFiles/uuv_gazebo_ros_plugins_msgs__rosidl_generator_c.dir/rosidl_generator_c/uuv_gazebo_ros_plugins_msgs/srv/detail/get_thruster_conversion_fcn__functions.c.o[0m
[8.093s] [ 19%] [32mBuilding CXX object CMakeFiles/uuv_gazebo_ros_plugins_msgs__rosidl_typesupport_fastrtps_cpp.dir/rosidl_typesupport_fastrtps_cpp/uuv_gazebo_ros_plugins_msgs/msg/detail/dds_fastrtps/underwater_object_model__type_support.cpp.o[0m
[8.139s] [ 20%] [32mBuilding CXX object CMakeFiles/uuv_gazebo_ros_plugins_msgs__rosidl_typesupport_cpp.dir/rosidl_typesupport_cpp/uuv_gazebo_ros_plugins_msgs/srv/set_thruster_state__type_support.cpp.o[0m
[8.235s] [ 21%] [32mBuilding CXX object CMakeFiles/uuv_gazebo_ros_plugins_msgs__rosidl_typesupport_cpp.dir/rosidl_typesupport_cpp/uuv_gazebo_ros_plugins_msgs/srv/get_thruster_efficiency__type_support.cpp.o[0m
[8.443s] [ 22%] [32mBuilding CXX object CMakeFiles/uuv_gazebo_ros_plugins_msgs__rosidl_typesupport_cpp.dir/rosidl_typesupport_cpp/uuv_gazebo_ros_plugins_msgs/srv/get_thruster_state__type_support.cpp.o[0m
[8.555s] [ 23%] [32mBuilding CXX object CMakeFiles/uuv_gazebo_ros_plugins_msgs__rosidl_typesupport_cpp.dir/rosidl_typesupport_cpp/uuv_gazebo_ros_plugins_msgs/srv/set_use_global_current_vel__type_support.cpp.o[0m
[8.578s] [ 23%] [32m[1mLinking C shared library libuuv_gazebo_ros_plugins_msgs__rosidl_generator_c.so[0m
[8.866s] [ 24%] [32mBuilding CXX object CMakeFiles/uuv_gazebo_ros_plugins_msgs__rosidl_typesupport_introspection_cpp.dir/rosidl_typesupport_introspection_cpp/uuv_gazebo_ros_plugins_msgs/srv/detail/get_thruster_efficiency__type_support.cpp.o[0m
[8.900s] [ 25%] [32mBuilding CXX object CMakeFiles/uuv_gazebo_ros_plugins_msgs__rosidl_typesupport_cpp.dir/rosidl_typesupport_cpp/uuv_gazebo_ros_plugins_msgs/srv/get_model_properties__type_support.cpp.o[0m
[8.907s] [ 26%] Built target uuv_gazebo_ros_plugins_msgs__rosidl_generator_c
[9.037s] [ 27%] [32mBuilding CXX object CMakeFiles/uuv_gazebo_ros_plugins_msgs__rosidl_typesupport_cpp.dir/rosidl_typesupport_cpp/uuv_gazebo_ros_plugins_msgs/srv/set_float__type_support.cpp.o[0m
[9.573s] [35m[1mScanning dependencies of target uuv_gazebo_ros_plugins_msgs__rosidl_typesupport_introspection_c[0m
[9.869s] [ 28%] [32mBuilding C object CMakeFiles/uuv_gazebo_ros_plugins_msgs__rosidl_typesupport_introspection_c.dir/rosidl_typesupport_introspection_c/uuv_gazebo_ros_plugins_msgs/msg/detail/float_stamped__type_support.c.o[0m
[10.071s] [35m[1mScanning dependencies of target uuv_gazebo_ros_plugins_msgs__rosidl_typesupport_c[0m
[10.145s] [ 29%] [32mBuilding C object CMakeFiles/uuv_gazebo_ros_plugins_msgs__rosidl_typesupport_introspection_c.dir/rosidl_typesupport_introspection_c/uuv_gazebo_ros_plugins_msgs/msg/detail/underwater_object_model__type_support.c.o[0m
[10.216s] [ 29%] [32mBuilding CXX object CMakeFiles/uuv_gazebo_ros_plugins_msgs__rosidl_typesupport_c.dir/rosidl_typesupport_c/uuv_gazebo_ros_plugins_msgs/msg/float_stamped__type_support.cpp.o[0m
[10.216s] [ 30%] [32mBuilding CXX object CMakeFiles/uuv_gazebo_ros_plugins_msgs__rosidl_typesupport_introspection_cpp.dir/rosidl_typesupport_introspection_cpp/uuv_gazebo_ros_plugins_msgs/srv/detail/get_thruster_state__type_support.cpp.o[0m
[10.412s] [ 30%] [32mBuilding C object CMakeFiles/uuv_gazebo_ros_plugins_msgs__rosidl_typesupport_introspection_c.dir/rosidl_typesupport_introspection_c/uuv_gazebo_ros_plugins_msgs/msg/detail/thruster_conversion_fcn__type_support.c.o[0m
[10.418s] [ 31%] [32mBuilding CXX object CMakeFiles/uuv_gazebo_ros_plugins_msgs__rosidl_typesupport_c.dir/rosidl_typesupport_c/uuv_gazebo_ros_plugins_msgs/msg/underwater_object_model__type_support.cpp.o[0m
[10.461s] [ 32%] [32mBuilding C object CMakeFiles/uuv_gazebo_ros_plugins_msgs__rosidl_typesupport_introspection_c.dir/rosidl_typesupport_introspection_c/uuv_gazebo_ros_plugins_msgs/srv/detail/set_thruster_efficiency__type_support.c.o[0m
[10.510s] [ 33%] [32mBuilding CXX object CMakeFiles/uuv_gazebo_ros_plugins_msgs__rosidl_typesupport_c.dir/rosidl_typesupport_c/uuv_gazebo_ros_plugins_msgs/msg/thruster_conversion_fcn__type_support.cpp.o[0m
[10.643s] [ 34%] [32mBuilding C object CMakeFiles/uuv_gazebo_ros_plugins_msgs__rosidl_typesupport_introspection_c.dir/rosidl_typesupport_introspection_c/uuv_gazebo_ros_plugins_msgs/srv/detail/set_thruster_state__type_support.c.o[0m
[10.729s] [ 35%] [32mBuilding CXX object CMakeFiles/uuv_gazebo_ros_plugins_msgs__rosidl_typesupport_c.dir/rosidl_typesupport_c/uuv_gazebo_ros_plugins_msgs/srv/set_thruster_efficiency__type_support.cpp.o[0m
[10.783s] [ 36%] [32mBuilding C object CMakeFiles/uuv_gazebo_ros_plugins_msgs__rosidl_typesupport_introspection_c.dir/rosidl_typesupport_introspection_c/uuv_gazebo_ros_plugins_msgs/srv/detail/get_thruster_efficiency__type_support.c.o[0m
[10.803s] [ 37%] [32mBuilding C object CMakeFiles/uuv_gazebo_ros_plugins_msgs__rosidl_typesupport_introspection_c.dir/rosidl_typesupport_introspection_c/uuv_gazebo_ros_plugins_msgs/srv/detail/get_thruster_state__type_support.c.o[0m
[10.855s] [ 37%] [32mBuilding C object CMakeFiles/uuv_gazebo_ros_plugins_msgs__rosidl_typesupport_introspection_c.dir/rosidl_typesupport_introspection_c/uuv_gazebo_ros_plugins_msgs/srv/detail/set_use_global_current_vel__type_support.c.o[0m
[10.909s] [ 38%] [32mBuilding CXX object CMakeFiles/uuv_gazebo_ros_plugins_msgs__rosidl_typesupport_cpp.dir/rosidl_typesupport_cpp/uuv_gazebo_ros_plugins_msgs/srv/get_float__type_support.cpp.o[0m
[11.046s] [ 39%] [32mBuilding CXX object CMakeFiles/uuv_gazebo_ros_plugins_msgs__rosidl_typesupport_fastrtps_cpp.dir/rosidl_typesupport_fastrtps_cpp/uuv_gazebo_ros_plugins_msgs/msg/detail/dds_fastrtps/thruster_conversion_fcn__type_support.cpp.o[0m
[11.128s] [ 40%] [32mBuilding CXX object CMakeFiles/uuv_gazebo_ros_plugins_msgs__rosidl_typesupport_c.dir/rosidl_typesupport_c/uuv_gazebo_ros_plugins_msgs/srv/set_thruster_state__type_support.cpp.o[0m
[11.132s] [ 40%] [32mBuilding CXX object CMakeFiles/uuv_gazebo_ros_plugins_msgs__rosidl_typesupport_c.dir/rosidl_typesupport_c/uuv_gazebo_ros_plugins_msgs/srv/get_thruster_efficiency__type_support.cpp.o[0m
[11.153s] [ 41%] [32mBuilding C object CMakeFiles/uuv_gazebo_ros_plugins_msgs__rosidl_typesupport_introspection_c.dir/rosidl_typesupport_introspection_c/uuv_gazebo_ros_plugins_msgs/srv/detail/set_float__type_support.c.o[0m
[11.155s] [ 42%] [32mBuilding C object CMakeFiles/uuv_gazebo_ros_plugins_msgs__rosidl_typesupport_introspection_c.dir/rosidl_typesupport_introspection_c/uuv_gazebo_ros_plugins_msgs/srv/detail/get_model_properties__type_support.c.o[0m
[11.166s] [ 43%] [32mBuilding C object CMakeFiles/uuv_gazebo_ros_plugins_msgs__rosidl_typesupport_introspection_c.dir/rosidl_typesupport_introspection_c/uuv_gazebo_ros_plugins_msgs/srv/detail/get_float__type_support.c.o[0m
[11.403s] [ 44%] [32mBuilding CXX object CMakeFiles/uuv_gazebo_ros_plugins_msgs__rosidl_typesupport_c.dir/rosidl_typesupport_c/uuv_gazebo_ros_plugins_msgs/srv/get_thruster_state__type_support.cpp.o[0m
[11.440s] [ 45%] [32mBuilding C object CMakeFiles/uuv_gazebo_ros_plugins_msgs__rosidl_typesupport_introspection_c.dir/rosidl_typesupport_introspection_c/uuv_gazebo_ros_plugins_msgs/srv/detail/get_list_param__type_support.c.o[0m
[11.484s] [ 46%] [32mBuilding CXX object CMakeFiles/uuv_gazebo_ros_plugins_msgs__rosidl_typesupport_c.dir/rosidl_typesupport_c/uuv_gazebo_ros_plugins_msgs/srv/set_use_global_current_vel__type_support.cpp.o[0m
[11.497s] [ 46%] [32mBuilding C object CMakeFiles/uuv_gazebo_ros_plugins_msgs__rosidl_typesupport_introspection_c.dir/rosidl_typesupport_introspection_c/uuv_gazebo_ros_plugins_msgs/srv/detail/get_thruster_conversion_fcn__type_support.c.o[0m
[11.506s] [ 47%] [32mBuilding CXX object CMakeFiles/uuv_gazebo_ros_plugins_msgs__rosidl_typesupport_introspection_cpp.dir/rosidl_typesupport_introspection_cpp/uuv_gazebo_ros_plugins_msgs/srv/detail/set_use_global_current_vel__type_support.cpp.o[0m
[11.642s] [ 47%] [32mBuilding CXX object CMakeFiles/uuv_gazebo_ros_plugins_msgs__rosidl_typesupport_fastrtps_cpp.dir/rosidl_typesupport_fastrtps_cpp/uuv_gazebo_ros_plugins_msgs/srv/detail/dds_fastrtps/set_thruster_efficiency__type_support.cpp.o[0m
[11.788s] [ 48%] [32mBuilding CXX object CMakeFiles/uuv_gazebo_ros_plugins_msgs__rosidl_typesupport_introspection_cpp.dir/rosidl_typesupport_introspection_cpp/uuv_gazebo_ros_plugins_msgs/srv/detail/get_model_properties__type_support.cpp.o[0m
[11.804s] [ 49%] [32mBuilding CXX object CMakeFiles/uuv_gazebo_ros_plugins_msgs__rosidl_typesupport_c.dir/rosidl_typesupport_c/uuv_gazebo_ros_plugins_msgs/srv/get_model_properties__type_support.cpp.o[0m
[11.813s] [ 50%] [32m[1mLinking C shared library libuuv_gazebo_ros_plugins_msgs__rosidl_typesupport_introspection_c.so[0m
[12.060s] [ 50%] [32mBuilding CXX object CMakeFiles/uuv_gazebo_ros_plugins_msgs__rosidl_typesupport_introspection_cpp.dir/rosidl_typesupport_introspection_cpp/uuv_gazebo_ros_plugins_msgs/srv/detail/set_float__type_support.cpp.o[0m
[12.110s] [ 51%] [32mBuilding CXX object CMakeFiles/uuv_gazebo_ros_plugins_msgs__rosidl_typesupport_c.dir/rosidl_typesupport_c/uuv_gazebo_ros_plugins_msgs/srv/set_float__type_support.cpp.o[0m
[12.204s] [ 52%] Built target uuv_gazebo_ros_plugins_msgs__rosidl_typesupport_introspection_c
[12.339s] [ 52%] [32mBuilding CXX object CMakeFiles/uuv_gazebo_ros_plugins_msgs__rosidl_typesupport_c.dir/rosidl_typesupport_c/uuv_gazebo_ros_plugins_msgs/srv/get_float__type_support.cpp.o[0m
[12.355s] [ 53%] [32mBuilding CXX object CMakeFiles/uuv_gazebo_ros_plugins_msgs__rosidl_typesupport_fastrtps_cpp.dir/rosidl_typesupport_fastrtps_cpp/uuv_gazebo_ros_plugins_msgs/srv/detail/dds_fastrtps/set_thruster_state__type_support.cpp.o[0m
[12.582s] [ 54%] [32mBuilding CXX object CMakeFiles/uuv_gazebo_ros_plugins_msgs__rosidl_typesupport_c.dir/rosidl_typesupport_c/uuv_gazebo_ros_plugins_msgs/srv/get_list_param__type_support.cpp.o[0m
[12.748s] [ 55%] [32mBuilding CXX object CMakeFiles/uuv_gazebo_ros_plugins_msgs__rosidl_typesupport_cpp.dir/rosidl_typesupport_cpp/uuv_gazebo_ros_plugins_msgs/srv/get_list_param__type_support.cpp.o[0m
[12.762s] [ 57%] [32mBuilding CXX object CMakeFiles/uuv_gazebo_ros_plugins_msgs__rosidl_typesupport_introspection_cpp.dir/rosidl_typesupport_introspection_cpp/uuv_gazebo_ros_plugins_msgs/srv/detail/get_float__type_support.cpp.o[0m
[12.762s] [ 57%] [32mBuilding CXX object CMakeFiles/uuv_gazebo_ros_plugins_msgs__rosidl_typesupport_c.dir/rosidl_typesupport_c/uuv_gazebo_ros_plugins_msgs/srv/get_thruster_conversion_fcn__type_support.cpp.o[0m
[12.962s] [ 58%] [32m[1mLinking CXX shared library libuuv_gazebo_ros_plugins_msgs__rosidl_typesupport_c.so[0m
[13.309s] [ 59%] Built target uuv_gazebo_ros_plugins_msgs__rosidl_typesupport_c
[13.396s] [ 59%] [32mBuilding CXX object CMakeFiles/uuv_gazebo_ros_plugins_msgs__rosidl_typesupport_cpp.dir/rosidl_typesupport_cpp/uuv_gazebo_ros_plugins_msgs/srv/get_thruster_conversion_fcn__type_support.cpp.o[0m
[13.473s] [ 60%] [32mBuilding CXX object CMakeFiles/uuv_gazebo_ros_plugins_msgs__rosidl_typesupport_fastrtps_cpp.dir/rosidl_typesupport_fastrtps_cpp/uuv_gazebo_ros_plugins_msgs/srv/detail/dds_fastrtps/get_thruster_efficiency__type_support.cpp.o[0m
[13.532s] [ 61%] [32mBuilding CXX object CMakeFiles/uuv_gazebo_ros_plugins_msgs__rosidl_typesupport_introspection_cpp.dir/rosidl_typesupport_introspection_cpp/uuv_gazebo_ros_plugins_msgs/srv/detail/get_list_param__type_support.cpp.o[0m
[13.644s] [ 62%] [32mBuilding CXX object CMakeFiles/uuv_gazebo_ros_plugins_msgs__rosidl_typesupport_fastrtps_cpp.dir/rosidl_typesupport_fastrtps_cpp/uuv_gazebo_ros_plugins_msgs/srv/detail/dds_fastrtps/get_thruster_state__type_support.cpp.o[0m
[13.831s] [ 63%] [32mBuilding CXX object CMakeFiles/uuv_gazebo_ros_plugins_msgs__rosidl_typesupport_fastrtps_cpp.dir/rosidl_typesupport_fastrtps_cpp/uuv_gazebo_ros_plugins_msgs/srv/detail/dds_fastrtps/set_use_global_current_vel__type_support.cpp.o[0m
[14.291s] [ 64%] [32mBuilding CXX object CMakeFiles/uuv_gazebo_ros_plugins_msgs__rosidl_typesupport_introspection_cpp.dir/rosidl_typesupport_introspection_cpp/uuv_gazebo_ros_plugins_msgs/srv/detail/get_thruster_conversion_fcn__type_support.cpp.o[0m
[14.394s] [ 64%] [32mBuilding CXX object CMakeFiles/uuv_gazebo_ros_plugins_msgs__rosidl_typesupport_fastrtps_cpp.dir/rosidl_typesupport_fastrtps_cpp/uuv_gazebo_ros_plugins_msgs/srv/detail/dds_fastrtps/get_model_properties__type_support.cpp.o[0m
[14.574s] [ 65%] [32mBuilding CXX object CMakeFiles/uuv_gazebo_ros_plugins_msgs__rosidl_typesupport_fastrtps_cpp.dir/rosidl_typesupport_fastrtps_cpp/uuv_gazebo_ros_plugins_msgs/srv/detail/dds_fastrtps/set_float__type_support.cpp.o[0m
[14.591s] [ 66%] [32m[1mLinking CXX shared library libuuv_gazebo_ros_plugins_msgs__rosidl_typesupport_cpp.so[0m
[14.861s] [ 67%] Built target uuv_gazebo_ros_plugins_msgs__rosidl_typesupport_cpp
[14.927s] [ 68%] [32mBuilding CXX object CMakeFiles/uuv_gazebo_ros_plugins_msgs__rosidl_typesupport_fastrtps_cpp.dir/rosidl_typesupport_fastrtps_cpp/uuv_gazebo_ros_plugins_msgs/srv/detail/dds_fastrtps/get_float__type_support.cpp.o[0m
[15.155s] [ 69%] [32mBuilding CXX object CMakeFiles/uuv_gazebo_ros_plugins_msgs__rosidl_typesupport_fastrtps_cpp.dir/rosidl_typesupport_fastrtps_cpp/uuv_gazebo_ros_plugins_msgs/srv/detail/dds_fastrtps/get_list_param__type_support.cpp.o[0m
[15.170s] [ 70%] [32mBuilding CXX object CMakeFiles/uuv_gazebo_ros_plugins_msgs__rosidl_typesupport_fastrtps_cpp.dir/rosidl_typesupport_fastrtps_cpp/uuv_gazebo_ros_plugins_msgs/srv/detail/dds_fastrtps/get_thruster_conversion_fcn__type_support.cpp.o[0m
[15.508s] [ 71%] [32m[1mLinking CXX shared library libuuv_gazebo_ros_plugins_msgs__rosidl_typesupport_introspection_cpp.so[0m
[15.996s] [ 71%] Built target uuv_gazebo_ros_plugins_msgs__rosidl_typesupport_introspection_cpp
[16.436s] [ 71%] [32m[1mLinking CXX shared library libuuv_gazebo_ros_plugins_msgs__rosidl_typesupport_fastrtps_cpp.so[0m
[16.589s] [ 72%] Built target uuv_gazebo_ros_plugins_msgs__rosidl_typesupport_fastrtps_cpp
[16.614s] [35m[1mScanning dependencies of target uuv_gazebo_ros_plugins_msgs__rosidl_typesupport_fastrtps_c[0m
[16.657s] [ 73%] [32mBuilding CXX object CMakeFiles/uuv_gazebo_ros_plugins_msgs__rosidl_typesupport_fastrtps_c.dir/rosidl_typesupport_fastrtps_c/uuv_gazebo_ros_plugins_msgs/msg/detail/float_stamped__type_support_c.cpp.o[0m
[16.657s] [ 73%] [32mBuilding CXX object CMakeFiles/uuv_gazebo_ros_plugins_msgs__rosidl_typesupport_fastrtps_c.dir/rosidl_typesupport_fastrtps_c/uuv_gazebo_ros_plugins_msgs/msg/detail/underwater_object_model__type_support_c.cpp.o[0m
[16.660s] [ 74%] [32mBuilding CXX object CMakeFiles/uuv_gazebo_ros_plugins_msgs__rosidl_typesupport_fastrtps_c.dir/rosidl_typesupport_fastrtps_c/uuv_gazebo_ros_plugins_msgs/msg/detail/thruster_conversion_fcn__type_support_c.cpp.o[0m
[16.670s] [ 75%] [32mBuilding CXX object CMakeFiles/uuv_gazebo_ros_plugins_msgs__rosidl_typesupport_fastrtps_c.dir/rosidl_typesupport_fastrtps_c/uuv_gazebo_ros_plugins_msgs/srv/detail/set_thruster_efficiency__type_support_c.cpp.o[0m
[17.417s] [ 76%] [32mBuilding CXX object CMakeFiles/uuv_gazebo_ros_plugins_msgs__rosidl_typesupport_fastrtps_c.dir/rosidl_typesupport_fastrtps_c/uuv_gazebo_ros_plugins_msgs/srv/detail/set_use_global_current_vel__type_support_c.cpp.o[0m
[17.434s] [ 76%] [32mBuilding CXX object CMakeFiles/uuv_gazebo_ros_plugins_msgs__rosidl_typesupport_fastrtps_c.dir/rosidl_typesupport_fastrtps_c/uuv_gazebo_ros_plugins_msgs/srv/detail/get_thruster_state__type_support_c.cpp.o[0m
[17.463s] [ 77%] [32mBuilding CXX object CMakeFiles/uuv_gazebo_ros_plugins_msgs__rosidl_typesupport_fastrtps_c.dir/rosidl_typesupport_fastrtps_c/uuv_gazebo_ros_plugins_msgs/srv/detail/get_thruster_efficiency__type_support_c.cpp.o[0m
[17.495s] [ 78%] [32mBuilding CXX object CMakeFiles/uuv_gazebo_ros_plugins_msgs__rosidl_typesupport_fastrtps_c.dir/rosidl_typesupport_fastrtps_c/uuv_gazebo_ros_plugins_msgs/srv/detail/set_thruster_state__type_support_c.cpp.o[0m
[18.168s] [ 79%] [32mBuilding CXX object CMakeFiles/uuv_gazebo_ros_plugins_msgs__rosidl_typesupport_fastrtps_c.dir/rosidl_typesupport_fastrtps_c/uuv_gazebo_ros_plugins_msgs/srv/detail/get_list_param__type_support_c.cpp.o[0m
[18.169s] [ 79%] [32mBuilding CXX object CMakeFiles/uuv_gazebo_ros_plugins_msgs__rosidl_typesupport_fastrtps_c.dir/rosidl_typesupport_fastrtps_c/uuv_gazebo_ros_plugins_msgs/srv/detail/get_float__type_support_c.cpp.o[0m
[18.199s] [ 80%] [32mBuilding CXX object CMakeFiles/uuv_gazebo_ros_plugins_msgs__rosidl_typesupport_fastrtps_c.dir/rosidl_typesupport_fastrtps_c/uuv_gazebo_ros_plugins_msgs/srv/detail/get_thruster_conversion_fcn__type_support_c.cpp.o[0m
[18.250s] [ 81%] [32mBuilding CXX object CMakeFiles/uuv_gazebo_ros_plugins_msgs__rosidl_typesupport_fastrtps_c.dir/rosidl_typesupport_fastrtps_c/uuv_gazebo_ros_plugins_msgs/srv/detail/set_float__type_support_c.cpp.o[0m
[18.258s] [ 82%] [32mBuilding CXX object CMakeFiles/uuv_gazebo_ros_plugins_msgs__rosidl_typesupport_fastrtps_c.dir/rosidl_typesupport_fastrtps_c/uuv_gazebo_ros_plugins_msgs/srv/detail/get_model_properties__type_support_c.cpp.o[0m
[18.973s] [ 83%] [32m[1mLinking CXX shared library libuuv_gazebo_ros_plugins_msgs__rosidl_typesupport_fastrtps_c.so[0m
[19.134s] [ 84%] Built target uuv_gazebo_ros_plugins_msgs__rosidl_typesupport_fastrtps_c
[19.157s] [ 84%] Built target uuv_gazebo_ros_plugins_msgs
[19.184s] [ 85%] Built target uuv_gazebo_ros_plugins_msgs__py
[19.202s] [35m[1mScanning dependencies of target uuv_gazebo_ros_plugins_msgs__python[0m
[19.248s] [ 87%] [32mBuilding C object CMakeFiles/uuv_gazebo_ros_plugins_msgs__python.dir/rosidl_generator_py/uuv_gazebo_ros_plugins_msgs/msg/_float_stamped_s.c.o[0m
[19.249s] [ 87%] [32mBuilding C object CMakeFiles/uuv_gazebo_ros_plugins_msgs__python.dir/rosidl_generator_py/uuv_gazebo_ros_plugins_msgs/msg/_underwater_object_model_s.c.o[0m
[19.252s] [ 87%] [32mBuilding C object CMakeFiles/uuv_gazebo_ros_plugins_msgs__python.dir/rosidl_generator_py/uuv_gazebo_ros_plugins_msgs/msg/_thruster_conversion_fcn_s.c.o[0m
[19.252s] [ 88%] [32mBuilding C object CMakeFiles/uuv_gazebo_ros_plugins_msgs__python.dir/rosidl_generator_py/uuv_gazebo_ros_plugins_msgs/srv/_set_thruster_efficiency_s.c.o[0m
[19.426s] [ 89%] [32mBuilding C object CMakeFiles/uuv_gazebo_ros_plugins_msgs__python.dir/rosidl_generator_py/uuv_gazebo_ros_plugins_msgs/srv/_get_model_properties_s.c.o[0m
[19.434s] [ 90%] [32mBuilding C object CMakeFiles/uuv_gazebo_ros_plugins_msgs__python.dir/rosidl_generator_py/uuv_gazebo_ros_plugins_msgs/srv/_set_float_s.c.o[0m
[19.462s] [ 91%] [32mBuilding C object CMakeFiles/uuv_gazebo_ros_plugins_msgs__python.dir/rosidl_generator_py/uuv_gazebo_ros_plugins_msgs/srv/_get_float_s.c.o[0m
[19.596s] [ 92%] [32mBuilding C object CMakeFiles/uuv_gazebo_ros_plugins_msgs__python.dir/rosidl_generator_py/uuv_gazebo_ros_plugins_msgs/srv/_get_list_param_s.c.o[0m
[19.638s] [ 92%] [32mBuilding C object CMakeFiles/uuv_gazebo_ros_plugins_msgs__python.dir/rosidl_generator_py/uuv_gazebo_ros_plugins_msgs/srv/_get_thruster_conversion_fcn_s.c.o[0m
[19.643s] [ 92%] [32mBuilding C object CMakeFiles/uuv_gazebo_ros_plugins_msgs__python.dir/rosidl_generator_py/uuv_gazebo_ros_plugins_msgs/srv/_set_use_global_current_vel_s.c.o[0m
[19.823s] [ 93%] [32mBuilding C object CMakeFiles/uuv_gazebo_ros_plugins_msgs__python.dir/rosidl_generator_py/uuv_gazebo_ros_plugins_msgs/srv/_get_thruster_state_s.c.o[0m
[19.825s] [ 94%] [32mBuilding C object CMakeFiles/uuv_gazebo_ros_plugins_msgs__python.dir/rosidl_generator_py/uuv_gazebo_ros_plugins_msgs/srv/_get_thruster_efficiency_s.c.o[0m
[19.953s] [ 95%] [32mBuilding C object CMakeFiles/uuv_gazebo_ros_plugins_msgs__python.dir/rosidl_generator_py/uuv_gazebo_ros_plugins_msgs/srv/_set_thruster_state_s.c.o[0m
[20.090s] [ 96%] [32m[1mLinking C shared library rosidl_generator_py/uuv_gazebo_ros_plugins_msgs/libuuv_gazebo_ros_plugins_msgs__python.so[0m
[20.162s] [ 96%] Built target uuv_gazebo_ros_plugins_msgs__python
[20.174s] [35m[1mScanning dependencies of target uuv_gazebo_ros_plugins_msgs__rosidl_typesupport_fastrtps_c__pyext[0m
[20.176s] [35m[1mScanning dependencies of target uuv_gazebo_ros_plugins_msgs__rosidl_typesupport_introspection_c__pyext[0m
[20.180s] [35m[1mScanning dependencies of target uuv_gazebo_ros_plugins_msgs__rosidl_typesupport_c__pyext[0m
[20.249s] [ 98%] [32mBuilding C object CMakeFiles/uuv_gazebo_ros_plugins_msgs__rosidl_typesupport_fastrtps_c__pyext.dir/rosidl_generator_py/uuv_gazebo_ros_plugins_msgs/_uuv_gazebo_ros_plugins_msgs_s.ep.rosidl_typesupport_fastrtps_c.c.o[0m
[20.250s] [ 98%] [32mBuilding C object CMakeFiles/uuv_gazebo_ros_plugins_msgs__rosidl_typesupport_introspection_c__pyext.dir/rosidl_generator_py/uuv_gazebo_ros_plugins_msgs/_uuv_gazebo_ros_plugins_msgs_s.ep.rosidl_typesupport_introspection_c.c.o[0m
[20.260s] [ 99%] [32mBuilding C object CMakeFiles/uuv_gazebo_ros_plugins_msgs__rosidl_typesupport_c__pyext.dir/rosidl_generator_py/uuv_gazebo_ros_plugins_msgs/_uuv_gazebo_ros_plugins_msgs_s.ep.rosidl_typesupport_c.c.o[0m
[20.478s] [100%] [32m[1mLinking C shared library rosidl_generator_py/uuv_gazebo_ros_plugins_msgs/uuv_gazebo_ros_plugins_msgs_s__rosidl_typesupport_introspection_c.cpython-38-x86_64-linux-gnu.so[0m
[20.556s] [100%] [32m[1mLinking CXX shared library rosidl_generator_py/uuv_gazebo_ros_plugins_msgs/uuv_gazebo_ros_plugins_msgs_s__rosidl_typesupport_fastrtps_c.cpython-38-x86_64-linux-gnu.so[0m
[20.573s] [100%] [32m[1mLinking C shared library rosidl_generator_py/uuv_gazebo_ros_plugins_msgs/uuv_gazebo_ros_plugins_msgs_s__rosidl_typesupport_c.cpython-38-x86_64-linux-gnu.so[0m
[20.578s] [100%] Built target uuv_gazebo_ros_plugins_msgs__rosidl_typesupport_introspection_c__pyext
[20.639s] [100%] Built target uuv_gazebo_ros_plugins_msgs__rosidl_typesupport_c__pyext
[20.675s] [100%] Built target uuv_gazebo_ros_plugins_msgs__rosidl_typesupport_fastrtps_c__pyext
[20.693s] Invoked command in '/home/brenda/RBIM_ws/src/uuv_simulator/build/uuv_gazebo_ros_plugins_msgs' returned '0': CMAKE_PREFIX_PATH=/opt/ros/foxy:${CMAKE_PREFIX_PATH} /usr/bin/cmake --build /home/brenda/RBIM_ws/src/uuv_simulator/build/uuv_gazebo_ros_plugins_msgs -- -j8 -l8
[20.927s] Invoking command in '/home/brenda/RBIM_ws/src/uuv_simulator/build/uuv_gazebo_ros_plugins_msgs': CMAKE_PREFIX_PATH=/opt/ros/foxy:${CMAKE_PREFIX_PATH} /usr/bin/cmake --install /home/brenda/RBIM_ws/src/uuv_simulator/build/uuv_gazebo_ros_plugins_msgs
[20.934s] -- Install configuration: ""
[20.935s] -- Execute custom install script
[20.935s] -- Symlinking: /home/brenda/RBIM_ws/src/uuv_simulator/install/uuv_gazebo_ros_plugins_msgs/share/ament_index/resource_index/rosidl_interfaces/uuv_gazebo_ros_plugins_msgs
[20.944s] -- Symlinking: /home/brenda/RBIM_ws/src/uuv_simulator/install/uuv_gazebo_ros_plugins_msgs/include/uuv_gazebo_ros_plugins_msgs/msg/detail/float_stamped__functions.h
[20.952s] -- Symlinking: /home/brenda/RBIM_ws/src/uuv_simulator/install/uuv_gazebo_ros_plugins_msgs/include/uuv_gazebo_ros_plugins_msgs/msg/detail/float_stamped__struct.h
[20.964s] -- Symlinking: /home/brenda/RBIM_ws/src/uuv_simulator/install/uuv_gazebo_ros_plugins_msgs/include/uuv_gazebo_ros_plugins_msgs/msg/detail/float_stamped__type_support.h
[20.973s] -- Symlinking: /home/brenda/RBIM_ws/src/uuv_simulator/install/uuv_gazebo_ros_plugins_msgs/include/uuv_gazebo_ros_plugins_msgs/msg/detail/thruster_conversion_fcn__functions.h
[20.983s] -- Symlinking: /home/brenda/RBIM_ws/src/uuv_simulator/install/uuv_gazebo_ros_plugins_msgs/include/uuv_gazebo_ros_plugins_msgs/msg/detail/thruster_conversion_fcn__struct.h
[20.991s] -- Symlinking: /home/brenda/RBIM_ws/src/uuv_simulator/install/uuv_gazebo_ros_plugins_msgs/include/uuv_gazebo_ros_plugins_msgs/msg/detail/thruster_conversion_fcn__type_support.h
[21.000s] -- Symlinking: /home/brenda/RBIM_ws/src/uuv_simulator/install/uuv_gazebo_ros_plugins_msgs/include/uuv_gazebo_ros_plugins_msgs/msg/detail/underwater_object_model__functions.h
[21.010s] -- Symlinking: /home/brenda/RBIM_ws/src/uuv_simulator/install/uuv_gazebo_ros_plugins_msgs/include/uuv_gazebo_ros_plugins_msgs/msg/detail/underwater_object_model__struct.h
[21.024s] -- Symlinking: /home/brenda/RBIM_ws/src/uuv_simulator/install/uuv_gazebo_ros_plugins_msgs/include/uuv_gazebo_ros_plugins_msgs/msg/detail/underwater_object_model__type_support.h
[21.035s] -- Symlinking: /home/brenda/RBIM_ws/src/uuv_simulator/install/uuv_gazebo_ros_plugins_msgs/include/uuv_gazebo_ros_plugins_msgs/msg/float_stamped.h
[21.048s] -- Symlinking: /home/brenda/RBIM_ws/src/uuv_simulator/install/uuv_gazebo_ros_plugins_msgs/include/uuv_gazebo_ros_plugins_msgs/msg/rosidl_generator_c__visibility_control.h
[21.059s] -- Symlinking: /home/brenda/RBIM_ws/src/uuv_simulator/install/uuv_gazebo_ros_plugins_msgs/include/uuv_gazebo_ros_plugins_msgs/msg/thruster_conversion_fcn.h
[21.069s] -- Symlinking: /home/brenda/RBIM_ws/src/uuv_simulator/install/uuv_gazebo_ros_plugins_msgs/include/uuv_gazebo_ros_plugins_msgs/msg/underwater_object_model.h
[21.077s] -- Symlinking: /home/brenda/RBIM_ws/src/uuv_simulator/install/uuv_gazebo_ros_plugins_msgs/include/uuv_gazebo_ros_plugins_msgs/srv/detail/get_float__functions.h
[21.087s] -- Symlinking: /home/brenda/RBIM_ws/src/uuv_simulator/install/uuv_gazebo_ros_plugins_msgs/include/uuv_gazebo_ros_plugins_msgs/srv/detail/get_float__struct.h
[21.097s] -- Symlinking: /home/brenda/RBIM_ws/src/uuv_simulator/install/uuv_gazebo_ros_plugins_msgs/include/uuv_gazebo_ros_plugins_msgs/srv/detail/get_float__type_support.h
[21.106s] -- Symlinking: /home/brenda/RBIM_ws/src/uuv_simulator/install/uuv_gazebo_ros_plugins_msgs/include/uuv_gazebo_ros_plugins_msgs/srv/detail/get_list_param__functions.h
[21.116s] -- Symlinking: /home/brenda/RBIM_ws/src/uuv_simulator/install/uuv_gazebo_ros_plugins_msgs/include/uuv_gazebo_ros_plugins_msgs/srv/detail/get_list_param__struct.h
[21.126s] -- Symlinking: /home/brenda/RBIM_ws/src/uuv_simulator/install/uuv_gazebo_ros_plugins_msgs/include/uuv_gazebo_ros_plugins_msgs/srv/detail/get_list_param__type_support.h
[21.138s] -- Symlinking: /home/brenda/RBIM_ws/src/uuv_simulator/install/uuv_gazebo_ros_plugins_msgs/include/uuv_gazebo_ros_plugins_msgs/srv/detail/get_model_properties__functions.h
[21.149s] -- Symlinking: /home/brenda/RBIM_ws/src/uuv_simulator/install/uuv_gazebo_ros_plugins_msgs/include/uuv_gazebo_ros_plugins_msgs/srv/detail/get_model_properties__struct.h
[21.162s] -- Symlinking: /home/brenda/RBIM_ws/src/uuv_simulator/install/uuv_gazebo_ros_plugins_msgs/include/uuv_gazebo_ros_plugins_msgs/srv/detail/get_model_properties__type_support.h
[21.174s] -- Symlinking: /home/brenda/RBIM_ws/src/uuv_simulator/install/uuv_gazebo_ros_plugins_msgs/include/uuv_gazebo_ros_plugins_msgs/srv/detail/get_thruster_conversion_fcn__functions.h
[21.186s] -- Symlinking: /home/brenda/RBIM_ws/src/uuv_simulator/install/uuv_gazebo_ros_plugins_msgs/include/uuv_gazebo_ros_plugins_msgs/srv/detail/get_thruster_conversion_fcn__struct.h
[21.198s] -- Symlinking: /home/brenda/RBIM_ws/src/uuv_simulator/install/uuv_gazebo_ros_plugins_msgs/include/uuv_gazebo_ros_plugins_msgs/srv/detail/get_thruster_conversion_fcn__type_support.h
[21.209s] -- Symlinking: /home/brenda/RBIM_ws/src/uuv_simulator/install/uuv_gazebo_ros_plugins_msgs/include/uuv_gazebo_ros_plugins_msgs/srv/detail/get_thruster_efficiency__functions.h
[21.218s] -- Symlinking: /home/brenda/RBIM_ws/src/uuv_simulator/install/uuv_gazebo_ros_plugins_msgs/include/uuv_gazebo_ros_plugins_msgs/srv/detail/get_thruster_efficiency__struct.h
[21.227s] -- Symlinking: /home/brenda/RBIM_ws/src/uuv_simulator/install/uuv_gazebo_ros_plugins_msgs/include/uuv_gazebo_ros_plugins_msgs/srv/detail/get_thruster_efficiency__type_support.h
[21.236s] -- Symlinking: /home/brenda/RBIM_ws/src/uuv_simulator/install/uuv_gazebo_ros_plugins_msgs/include/uuv_gazebo_ros_plugins_msgs/srv/detail/get_thruster_state__functions.h
[21.245s] -- Symlinking: /home/brenda/RBIM_ws/src/uuv_simulator/install/uuv_gazebo_ros_plugins_msgs/include/uuv_gazebo_ros_plugins_msgs/srv/detail/get_thruster_state__struct.h
[21.254s] -- Symlinking: /home/brenda/RBIM_ws/src/uuv_simulator/install/uuv_gazebo_ros_plugins_msgs/include/uuv_gazebo_ros_plugins_msgs/srv/detail/get_thruster_state__type_support.h
[21.263s] -- Symlinking: /home/brenda/RBIM_ws/src/uuv_simulator/install/uuv_gazebo_ros_plugins_msgs/include/uuv_gazebo_ros_plugins_msgs/srv/detail/set_float__functions.h
[21.273s] -- Symlinking: /home/brenda/RBIM_ws/src/uuv_simulator/install/uuv_gazebo_ros_plugins_msgs/include/uuv_gazebo_ros_plugins_msgs/srv/detail/set_float__struct.h
[21.282s] -- Symlinking: /home/brenda/RBIM_ws/src/uuv_simulator/install/uuv_gazebo_ros_plugins_msgs/include/uuv_gazebo_ros_plugins_msgs/srv/detail/set_float__type_support.h
[21.294s] -- Symlinking: /home/brenda/RBIM_ws/src/uuv_simulator/install/uuv_gazebo_ros_plugins_msgs/include/uuv_gazebo_ros_plugins_msgs/srv/detail/set_thruster_efficiency__functions.h
[21.301s] -- Symlinking: /home/brenda/RBIM_ws/src/uuv_simulator/install/uuv_gazebo_ros_plugins_msgs/include/uuv_gazebo_ros_plugins_msgs/srv/detail/set_thruster_efficiency__struct.h
[21.313s] -- Symlinking: /home/brenda/RBIM_ws/src/uuv_simulator/install/uuv_gazebo_ros_plugins_msgs/include/uuv_gazebo_ros_plugins_msgs/srv/detail/set_thruster_efficiency__type_support.h
[21.318s] -- Symlinking: /home/brenda/RBIM_ws/src/uuv_simulator/install/uuv_gazebo_ros_plugins_msgs/include/uuv_gazebo_ros_plugins_msgs/srv/detail/set_thruster_state__functions.h
[21.329s] -- Symlinking: /home/brenda/RBIM_ws/src/uuv_simulator/install/uuv_gazebo_ros_plugins_msgs/include/uuv_gazebo_ros_plugins_msgs/srv/detail/set_thruster_state__struct.h
[21.338s] -- Symlinking: /home/brenda/RBIM_ws/src/uuv_simulator/install/uuv_gazebo_ros_plugins_msgs/include/uuv_gazebo_ros_plugins_msgs/srv/detail/set_thruster_state__type_support.h
[21.355s] -- Symlinking: /home/brenda/RBIM_ws/src/uuv_simulator/install/uuv_gazebo_ros_plugins_msgs/include/uuv_gazebo_ros_plugins_msgs/srv/detail/set_use_global_current_vel__functions.h
[21.365s] -- Symlinking: /home/brenda/RBIM_ws/src/uuv_simulator/install/uuv_gazebo_ros_plugins_msgs/include/uuv_gazebo_ros_plugins_msgs/srv/detail/set_use_global_current_vel__struct.h
[21.380s] -- Symlinking: /home/brenda/RBIM_ws/src/uuv_simulator/install/uuv_gazebo_ros_plugins_msgs/include/uuv_gazebo_ros_plugins_msgs/srv/detail/set_use_global_current_vel__type_support.h
[21.390s] -- Symlinking: /home/brenda/RBIM_ws/src/uuv_simulator/install/uuv_gazebo_ros_plugins_msgs/include/uuv_gazebo_ros_plugins_msgs/srv/get_float.h
[21.399s] -- Symlinking: /home/brenda/RBIM_ws/src/uuv_simulator/install/uuv_gazebo_ros_plugins_msgs/include/uuv_gazebo_ros_plugins_msgs/srv/get_list_param.h
[21.408s] -- Symlinking: /home/brenda/RBIM_ws/src/uuv_simulator/install/uuv_gazebo_ros_plugins_msgs/include/uuv_gazebo_ros_plugins_msgs/srv/get_model_properties.h
[21.417s] -- Symlinking: /home/brenda/RBIM_ws/src/uuv_simulator/install/uuv_gazebo_ros_plugins_msgs/include/uuv_gazebo_ros_plugins_msgs/srv/get_thruster_conversion_fcn.h
[21.426s] -- Symlinking: /home/brenda/RBIM_ws/src/uuv_simulator/install/uuv_gazebo_ros_plugins_msgs/include/uuv_gazebo_ros_plugins_msgs/srv/get_thruster_efficiency.h
[21.435s] -- Symlinking: /home/brenda/RBIM_ws/src/uuv_simulator/install/uuv_gazebo_ros_plugins_msgs/include/uuv_gazebo_ros_plugins_msgs/srv/get_thruster_state.h
[21.444s] -- Symlinking: /home/brenda/RBIM_ws/src/uuv_simulator/install/uuv_gazebo_ros_plugins_msgs/include/uuv_gazebo_ros_plugins_msgs/srv/set_float.h
[21.454s] -- Symlinking: /home/brenda/RBIM_ws/src/uuv_simulator/install/uuv_gazebo_ros_plugins_msgs/include/uuv_gazebo_ros_plugins_msgs/srv/set_thruster_efficiency.h
[21.463s] -- Symlinking: /home/brenda/RBIM_ws/src/uuv_simulator/install/uuv_gazebo_ros_plugins_msgs/include/uuv_gazebo_ros_plugins_msgs/srv/set_thruster_state.h
[21.472s] -- Symlinking: /home/brenda/RBIM_ws/src/uuv_simulator/install/uuv_gazebo_ros_plugins_msgs/include/uuv_gazebo_ros_plugins_msgs/srv/set_use_global_current_vel.h
[21.482s] -- Symlinking: /home/brenda/RBIM_ws/src/uuv_simulator/install/uuv_gazebo_ros_plugins_msgs/share/uuv_gazebo_ros_plugins_msgs/environment/library_path.sh
[21.491s] -- Symlinking: /home/brenda/RBIM_ws/src/uuv_simulator/install/uuv_gazebo_ros_plugins_msgs/share/uuv_gazebo_ros_plugins_msgs/environment/library_path.dsv
[21.502s] -- Symlinking: /home/brenda/RBIM_ws/src/uuv_simulator/install/uuv_gazebo_ros_plugins_msgs/include/uuv_gazebo_ros_plugins_msgs/msg/detail/float_stamped__rosidl_typesupport_fastrtps_c.h
[21.511s] -- Symlinking: /home/brenda/RBIM_ws/src/uuv_simulator/install/uuv_gazebo_ros_plugins_msgs/include/uuv_gazebo_ros_plugins_msgs/msg/detail/thruster_conversion_fcn__rosidl_typesupport_fastrtps_c.h
[21.520s] -- Symlinking: /home/brenda/RBIM_ws/src/uuv_simulator/install/uuv_gazebo_ros_plugins_msgs/include/uuv_gazebo_ros_plugins_msgs/msg/detail/underwater_object_model__rosidl_typesupport_fastrtps_c.h
[21.529s] -- Symlinking: /home/brenda/RBIM_ws/src/uuv_simulator/install/uuv_gazebo_ros_plugins_msgs/include/uuv_gazebo_ros_plugins_msgs/msg/rosidl_typesupport_fastrtps_c__visibility_control.h
[21.538s] -- Symlinking: /home/brenda/RBIM_ws/src/uuv_simulator/install/uuv_gazebo_ros_plugins_msgs/include/uuv_gazebo_ros_plugins_msgs/srv/detail/get_float__rosidl_typesupport_fastrtps_c.h
[21.548s] -- Symlinking: /home/brenda/RBIM_ws/src/uuv_simulator/install/uuv_gazebo_ros_plugins_msgs/include/uuv_gazebo_ros_plugins_msgs/srv/detail/get_list_param__rosidl_typesupport_fastrtps_c.h
[21.557s] -- Symlinking: /home/brenda/RBIM_ws/src/uuv_simulator/install/uuv_gazebo_ros_plugins_msgs/include/uuv_gazebo_ros_plugins_msgs/srv/detail/get_model_properties__rosidl_typesupport_fastrtps_c.h
[21.566s] -- Symlinking: /home/brenda/RBIM_ws/src/uuv_simulator/install/uuv_gazebo_ros_plugins_msgs/include/uuv_gazebo_ros_plugins_msgs/srv/detail/get_thruster_conversion_fcn__rosidl_typesupport_fastrtps_c.h
[21.576s] -- Symlinking: /home/brenda/RBIM_ws/src/uuv_simulator/install/uuv_gazebo_ros_plugins_msgs/include/uuv_gazebo_ros_plugins_msgs/srv/detail/get_thruster_efficiency__rosidl_typesupport_fastrtps_c.h
[21.585s] -- Symlinking: /home/brenda/RBIM_ws/src/uuv_simulator/install/uuv_gazebo_ros_plugins_msgs/include/uuv_gazebo_ros_plugins_msgs/srv/detail/get_thruster_state__rosidl_typesupport_fastrtps_c.h
[21.593s] -- Symlinking: /home/brenda/RBIM_ws/src/uuv_simulator/install/uuv_gazebo_ros_plugins_msgs/include/uuv_gazebo_ros_plugins_msgs/srv/detail/set_float__rosidl_typesupport_fastrtps_c.h
[21.602s] -- Symlinking: /home/brenda/RBIM_ws/src/uuv_simulator/install/uuv_gazebo_ros_plugins_msgs/include/uuv_gazebo_ros_plugins_msgs/srv/detail/set_thruster_efficiency__rosidl_typesupport_fastrtps_c.h
[21.611s] -- Symlinking: /home/brenda/RBIM_ws/src/uuv_simulator/install/uuv_gazebo_ros_plugins_msgs/include/uuv_gazebo_ros_plugins_msgs/srv/detail/set_thruster_state__rosidl_typesupport_fastrtps_c.h
[21.620s] -- Symlinking: /home/brenda/RBIM_ws/src/uuv_simulator/install/uuv_gazebo_ros_plugins_msgs/include/uuv_gazebo_ros_plugins_msgs/srv/detail/set_use_global_current_vel__rosidl_typesupport_fastrtps_c.h
[21.629s] -- Symlinking: /home/brenda/RBIM_ws/src/uuv_simulator/install/uuv_gazebo_ros_plugins_msgs/lib/libuuv_gazebo_ros_plugins_msgs__rosidl_typesupport_fastrtps_c.so
[21.639s] -- Symlinking: /home/brenda/RBIM_ws/src/uuv_simulator/install/uuv_gazebo_ros_plugins_msgs/include/uuv_gazebo_ros_plugins_msgs/msg/detail/float_stamped__rosidl_typesupport_fastrtps_cpp.hpp
[21.648s] -- Symlinking: /home/brenda/RBIM_ws/src/uuv_simulator/install/uuv_gazebo_ros_plugins_msgs/include/uuv_gazebo_ros_plugins_msgs/msg/detail/thruster_conversion_fcn__rosidl_typesupport_fastrtps_cpp.hpp
[21.657s] -- Symlinking: /home/brenda/RBIM_ws/src/uuv_simulator/install/uuv_gazebo_ros_plugins_msgs/include/uuv_gazebo_ros_plugins_msgs/msg/detail/underwater_object_model__rosidl_typesupport_fastrtps_cpp.hpp
[21.667s] -- Symlinking: /home/brenda/RBIM_ws/src/uuv_simulator/install/uuv_gazebo_ros_plugins_msgs/include/uuv_gazebo_ros_plugins_msgs/msg/rosidl_typesupport_fastrtps_cpp__visibility_control.h
[21.676s] -- Symlinking: /home/brenda/RBIM_ws/src/uuv_simulator/install/uuv_gazebo_ros_plugins_msgs/include/uuv_gazebo_ros_plugins_msgs/srv/detail/get_float__rosidl_typesupport_fastrtps_cpp.hpp
[21.686s] -- Symlinking: /home/brenda/RBIM_ws/src/uuv_simulator/install/uuv_gazebo_ros_plugins_msgs/include/uuv_gazebo_ros_plugins_msgs/srv/detail/get_list_param__rosidl_typesupport_fastrtps_cpp.hpp
[21.695s] -- Symlinking: /home/brenda/RBIM_ws/src/uuv_simulator/install/uuv_gazebo_ros_plugins_msgs/include/uuv_gazebo_ros_plugins_msgs/srv/detail/get_model_properties__rosidl_typesupport_fastrtps_cpp.hpp
[21.705s] -- Symlinking: /home/brenda/RBIM_ws/src/uuv_simulator/install/uuv_gazebo_ros_plugins_msgs/include/uuv_gazebo_ros_plugins_msgs/srv/detail/get_thruster_conversion_fcn__rosidl_typesupport_fastrtps_cpp.hpp
[21.714s] -- Symlinking: /home/brenda/RBIM_ws/src/uuv_simulator/install/uuv_gazebo_ros_plugins_msgs/include/uuv_gazebo_ros_plugins_msgs/srv/detail/get_thruster_efficiency__rosidl_typesupport_fastrtps_cpp.hpp
[21.723s] -- Symlinking: /home/brenda/RBIM_ws/src/uuv_simulator/install/uuv_gazebo_ros_plugins_msgs/include/uuv_gazebo_ros_plugins_msgs/srv/detail/get_thruster_state__rosidl_typesupport_fastrtps_cpp.hpp
[21.733s] -- Symlinking: /home/brenda/RBIM_ws/src/uuv_simulator/install/uuv_gazebo_ros_plugins_msgs/include/uuv_gazebo_ros_plugins_msgs/srv/detail/set_float__rosidl_typesupport_fastrtps_cpp.hpp
[21.744s] -- Symlinking: /home/brenda/RBIM_ws/src/uuv_simulator/install/uuv_gazebo_ros_plugins_msgs/include/uuv_gazebo_ros_plugins_msgs/srv/detail/set_thruster_efficiency__rosidl_typesupport_fastrtps_cpp.hpp
[21.755s] -- Symlinking: /home/brenda/RBIM_ws/src/uuv_simulator/install/uuv_gazebo_ros_plugins_msgs/include/uuv_gazebo_ros_plugins_msgs/srv/detail/set_thruster_state__rosidl_typesupport_fastrtps_cpp.hpp
[21.765s] -- Symlinking: /home/brenda/RBIM_ws/src/uuv_simulator/install/uuv_gazebo_ros_plugins_msgs/include/uuv_gazebo_ros_plugins_msgs/srv/detail/set_use_global_current_vel__rosidl_typesupport_fastrtps_cpp.hpp
[21.778s] -- Symlinking: /home/brenda/RBIM_ws/src/uuv_simulator/install/uuv_gazebo_ros_plugins_msgs/lib/libuuv_gazebo_ros_plugins_msgs__rosidl_typesupport_fastrtps_cpp.so
[21.791s] -- Symlinking: /home/brenda/RBIM_ws/src/uuv_simulator/install/uuv_gazebo_ros_plugins_msgs/include/uuv_gazebo_ros_plugins_msgs/msg/detail/float_stamped__rosidl_typesupport_introspection_c.h
[21.800s] -- Symlinking: /home/brenda/RBIM_ws/src/uuv_simulator/install/uuv_gazebo_ros_plugins_msgs/include/uuv_gazebo_ros_plugins_msgs/msg/detail/thruster_conversion_fcn__rosidl_typesupport_introspection_c.h
[21.809s] -- Symlinking: /home/brenda/RBIM_ws/src/uuv_simulator/install/uuv_gazebo_ros_plugins_msgs/include/uuv_gazebo_ros_plugins_msgs/msg/detail/underwater_object_model__rosidl_typesupport_introspection_c.h
[21.818s] -- Symlinking: /home/brenda/RBIM_ws/src/uuv_simulator/install/uuv_gazebo_ros_plugins_msgs/include/uuv_gazebo_ros_plugins_msgs/msg/rosidl_typesupport_introspection_c__visibility_control.h
[21.831s] -- Symlinking: /home/brenda/RBIM_ws/src/uuv_simulator/install/uuv_gazebo_ros_plugins_msgs/include/uuv_gazebo_ros_plugins_msgs/srv/detail/get_float__rosidl_typesupport_introspection_c.h
[21.840s] -- Symlinking: /home/brenda/RBIM_ws/src/uuv_simulator/install/uuv_gazebo_ros_plugins_msgs/include/uuv_gazebo_ros_plugins_msgs/srv/detail/get_list_param__rosidl_typesupport_introspection_c.h
[21.849s] -- Symlinking: /home/brenda/RBIM_ws/src/uuv_simulator/install/uuv_gazebo_ros_plugins_msgs/include/uuv_gazebo_ros_plugins_msgs/srv/detail/get_model_properties__rosidl_typesupport_introspection_c.h
[21.858s] -- Symlinking: /home/brenda/RBIM_ws/src/uuv_simulator/install/uuv_gazebo_ros_plugins_msgs/include/uuv_gazebo_ros_plugins_msgs/srv/detail/get_thruster_conversion_fcn__rosidl_typesupport_introspection_c.h
[21.866s] -- Symlinking: /home/brenda/RBIM_ws/src/uuv_simulator/install/uuv_gazebo_ros_plugins_msgs/include/uuv_gazebo_ros_plugins_msgs/srv/detail/get_thruster_efficiency__rosidl_typesupport_introspection_c.h
[21.875s] -- Symlinking: /home/brenda/RBIM_ws/src/uuv_simulator/install/uuv_gazebo_ros_plugins_msgs/include/uuv_gazebo_ros_plugins_msgs/srv/detail/get_thruster_state__rosidl_typesupport_introspection_c.h
[21.885s] -- Symlinking: /home/brenda/RBIM_ws/src/uuv_simulator/install/uuv_gazebo_ros_plugins_msgs/include/uuv_gazebo_ros_plugins_msgs/srv/detail/set_float__rosidl_typesupport_introspection_c.h
[21.893s] -- Symlinking: /home/brenda/RBIM_ws/src/uuv_simulator/install/uuv_gazebo_ros_plugins_msgs/include/uuv_gazebo_ros_plugins_msgs/srv/detail/set_thruster_efficiency__rosidl_typesupport_introspection_c.h
[21.903s] -- Symlinking: /home/brenda/RBIM_ws/src/uuv_simulator/install/uuv_gazebo_ros_plugins_msgs/include/uuv_gazebo_ros_plugins_msgs/srv/detail/set_thruster_state__rosidl_typesupport_introspection_c.h
[21.912s] -- Symlinking: /home/brenda/RBIM_ws/src/uuv_simulator/install/uuv_gazebo_ros_plugins_msgs/include/uuv_gazebo_ros_plugins_msgs/srv/detail/set_use_global_current_vel__rosidl_typesupport_introspection_c.h
[21.921s] -- Symlinking: /home/brenda/RBIM_ws/src/uuv_simulator/install/uuv_gazebo_ros_plugins_msgs/include/uuv_gazebo_ros_plugins_msgs/msg/detail/float_stamped__builder.hpp
[21.929s] -- Symlinking: /home/brenda/RBIM_ws/src/uuv_simulator/install/uuv_gazebo_ros_plugins_msgs/include/uuv_gazebo_ros_plugins_msgs/msg/detail/float_stamped__struct.hpp
[21.938s] -- Symlinking: /home/brenda/RBIM_ws/src/uuv_simulator/install/uuv_gazebo_ros_plugins_msgs/include/uuv_gazebo_ros_plugins_msgs/msg/detail/float_stamped__traits.hpp
[21.947s] -- Symlinking: /home/brenda/RBIM_ws/src/uuv_simulator/install/uuv_gazebo_ros_plugins_msgs/include/uuv_gazebo_ros_plugins_msgs/msg/detail/thruster_conversion_fcn__builder.hpp
[21.956s] -- Symlinking: /home/brenda/RBIM_ws/src/uuv_simulator/install/uuv_gazebo_ros_plugins_msgs/include/uuv_gazebo_ros_plugins_msgs/msg/detail/thruster_conversion_fcn__struct.hpp
[21.965s] -- Symlinking: /home/brenda/RBIM_ws/src/uuv_simulator/install/uuv_gazebo_ros_plugins_msgs/include/uuv_gazebo_ros_plugins_msgs/msg/detail/thruster_conversion_fcn__traits.hpp
[21.975s] -- Symlinking: /home/brenda/RBIM_ws/src/uuv_simulator/install/uuv_gazebo_ros_plugins_msgs/include/uuv_gazebo_ros_plugins_msgs/msg/detail/underwater_object_model__builder.hpp
[21.984s] -- Symlinking: /home/brenda/RBIM_ws/src/uuv_simulator/install/uuv_gazebo_ros_plugins_msgs/include/uuv_gazebo_ros_plugins_msgs/msg/detail/underwater_object_model__struct.hpp
[21.993s] -- Symlinking: /home/brenda/RBIM_ws/src/uuv_simulator/install/uuv_gazebo_ros_plugins_msgs/include/uuv_gazebo_ros_plugins_msgs/msg/detail/underwater_object_model__traits.hpp
[22.002s] -- Symlinking: /home/brenda/RBIM_ws/src/uuv_simulator/install/uuv_gazebo_ros_plugins_msgs/include/uuv_gazebo_ros_plugins_msgs/msg/float_stamped.hpp
[22.013s] -- Symlinking: /home/brenda/RBIM_ws/src/uuv_simulator/install/uuv_gazebo_ros_plugins_msgs/include/uuv_gazebo_ros_plugins_msgs/msg/thruster_conversion_fcn.hpp
[22.023s] -- Symlinking: /home/brenda/RBIM_ws/src/uuv_simulator/install/uuv_gazebo_ros_plugins_msgs/include/uuv_gazebo_ros_plugins_msgs/msg/underwater_object_model.hpp
[22.033s] -- Symlinking: /home/brenda/RBIM_ws/src/uuv_simulator/install/uuv_gazebo_ros_plugins_msgs/include/uuv_gazebo_ros_plugins_msgs/srv/detail/get_float__builder.hpp
[22.042s] -- Symlinking: /home/brenda/RBIM_ws/src/uuv_simulator/install/uuv_gazebo_ros_plugins_msgs/include/uuv_gazebo_ros_plugins_msgs/srv/detail/get_float__struct.hpp
[22.051s] -- Symlinking: /home/brenda/RBIM_ws/src/uuv_simulator/install/uuv_gazebo_ros_plugins_msgs/include/uuv_gazebo_ros_plugins_msgs/srv/detail/get_float__traits.hpp
[22.060s] -- Symlinking: /home/brenda/RBIM_ws/src/uuv_simulator/install/uuv_gazebo_ros_plugins_msgs/include/uuv_gazebo_ros_plugins_msgs/srv/detail/get_list_param__builder.hpp
[22.069s] -- Symlinking: /home/brenda/RBIM_ws/src/uuv_simulator/install/uuv_gazebo_ros_plugins_msgs/include/uuv_gazebo_ros_plugins_msgs/srv/detail/get_list_param__struct.hpp
[22.078s] -- Symlinking: /home/brenda/RBIM_ws/src/uuv_simulator/install/uuv_gazebo_ros_plugins_msgs/include/uuv_gazebo_ros_plugins_msgs/srv/detail/get_list_param__traits.hpp
[22.088s] -- Symlinking: /home/brenda/RBIM_ws/src/uuv_simulator/install/uuv_gazebo_ros_plugins_msgs/include/uuv_gazebo_ros_plugins_msgs/srv/detail/get_model_properties__builder.hpp
[22.097s] -- Symlinking: /home/brenda/RBIM_ws/src/uuv_simulator/install/uuv_gazebo_ros_plugins_msgs/include/uuv_gazebo_ros_plugins_msgs/srv/detail/get_model_properties__struct.hpp
[22.106s] -- Symlinking: /home/brenda/RBIM_ws/src/uuv_simulator/install/uuv_gazebo_ros_plugins_msgs/include/uuv_gazebo_ros_plugins_msgs/srv/detail/get_model_properties__traits.hpp
[22.115s] -- Symlinking: /home/brenda/RBIM_ws/src/uuv_simulator/install/uuv_gazebo_ros_plugins_msgs/include/uuv_gazebo_ros_plugins_msgs/srv/detail/get_thruster_conversion_fcn__builder.hpp
[22.124s] -- Symlinking: /home/brenda/RBIM_ws/src/uuv_simulator/install/uuv_gazebo_ros_plugins_msgs/include/uuv_gazebo_ros_plugins_msgs/srv/detail/get_thruster_conversion_fcn__struct.hpp
[22.134s] -- Symlinking: /home/brenda/RBIM_ws/src/uuv_simulator/install/uuv_gazebo_ros_plugins_msgs/include/uuv_gazebo_ros_plugins_msgs/srv/detail/get_thruster_conversion_fcn__traits.hpp
[22.143s] -- Symlinking: /home/brenda/RBIM_ws/src/uuv_simulator/install/uuv_gazebo_ros_plugins_msgs/include/uuv_gazebo_ros_plugins_msgs/srv/detail/get_thruster_efficiency__builder.hpp
[22.152s] -- Symlinking: /home/brenda/RBIM_ws/src/uuv_simulator/install/uuv_gazebo_ros_plugins_msgs/include/uuv_gazebo_ros_plugins_msgs/srv/detail/get_thruster_efficiency__struct.hpp
[22.161s] -- Symlinking: /home/brenda/RBIM_ws/src/uuv_simulator/install/uuv_gazebo_ros_plugins_msgs/include/uuv_gazebo_ros_plugins_msgs/srv/detail/get_thruster_efficiency__traits.hpp
[22.170s] -- Symlinking: /home/brenda/RBIM_ws/src/uuv_simulator/install/uuv_gazebo_ros_plugins_msgs/include/uuv_gazebo_ros_plugins_msgs/srv/detail/get_thruster_state__builder.hpp
[22.180s] -- Symlinking: /home/brenda/RBIM_ws/src/uuv_simulator/install/uuv_gazebo_ros_plugins_msgs/include/uuv_gazebo_ros_plugins_msgs/srv/detail/get_thruster_state__struct.hpp
[22.191s] -- Symlinking: /home/brenda/RBIM_ws/src/uuv_simulator/install/uuv_gazebo_ros_plugins_msgs/include/uuv_gazebo_ros_plugins_msgs/srv/detail/get_thruster_state__traits.hpp
[22.200s] -- Symlinking: /home/brenda/RBIM_ws/src/uuv_simulator/install/uuv_gazebo_ros_plugins_msgs/include/uuv_gazebo_ros_plugins_msgs/srv/detail/set_float__builder.hpp
[22.210s] -- Symlinking: /home/brenda/RBIM_ws/src/uuv_simulator/install/uuv_gazebo_ros_plugins_msgs/include/uuv_gazebo_ros_plugins_msgs/srv/detail/set_float__struct.hpp
[22.219s] -- Symlinking: /home/brenda/RBIM_ws/src/uuv_simulator/install/uuv_gazebo_ros_plugins_msgs/include/uuv_gazebo_ros_plugins_msgs/srv/detail/set_float__traits.hpp
[22.228s] -- Symlinking: /home/brenda/RBIM_ws/src/uuv_simulator/install/uuv_gazebo_ros_plugins_msgs/include/uuv_gazebo_ros_plugins_msgs/srv/detail/set_thruster_efficiency__builder.hpp
[22.237s] -- Symlinking: /home/brenda/RBIM_ws/src/uuv_simulator/install/uuv_gazebo_ros_plugins_msgs/include/uuv_gazebo_ros_plugins_msgs/srv/detail/set_thruster_efficiency__struct.hpp
[22.246s] -- Symlinking: /home/brenda/RBIM_ws/src/uuv_simulator/install/uuv_gazebo_ros_plugins_msgs/include/uuv_gazebo_ros_plugins_msgs/srv/detail/set_thruster_efficiency__traits.hpp
[22.255s] -- Symlinking: /home/brenda/RBIM_ws/src/uuv_simulator/install/uuv_gazebo_ros_plugins_msgs/include/uuv_gazebo_ros_plugins_msgs/srv/detail/set_thruster_state__builder.hpp
[22.265s] -- Symlinking: /home/brenda/RBIM_ws/src/uuv_simulator/install/uuv_gazebo_ros_plugins_msgs/include/uuv_gazebo_ros_plugins_msgs/srv/detail/set_thruster_state__struct.hpp
[22.274s] -- Symlinking: /home/brenda/RBIM_ws/src/uuv_simulator/install/uuv_gazebo_ros_plugins_msgs/include/uuv_gazebo_ros_plugins_msgs/srv/detail/set_thruster_state__traits.hpp
[22.283s] -- Symlinking: /home/brenda/RBIM_ws/src/uuv_simulator/install/uuv_gazebo_ros_plugins_msgs/include/uuv_gazebo_ros_plugins_msgs/srv/detail/set_use_global_current_vel__builder.hpp
[22.292s] -- Symlinking: /home/brenda/RBIM_ws/src/uuv_simulator/install/uuv_gazebo_ros_plugins_msgs/include/uuv_gazebo_ros_plugins_msgs/srv/detail/set_use_global_current_vel__struct.hpp
[22.302s] -- Symlinking: /home/brenda/RBIM_ws/src/uuv_simulator/install/uuv_gazebo_ros_plugins_msgs/include/uuv_gazebo_ros_plugins_msgs/srv/detail/set_use_global_current_vel__traits.hpp
[22.311s] -- Symlinking: /home/brenda/RBIM_ws/src/uuv_simulator/install/uuv_gazebo_ros_plugins_msgs/include/uuv_gazebo_ros_plugins_msgs/srv/get_float.hpp
[22.320s] -- Symlinking: /home/brenda/RBIM_ws/src/uuv_simulator/install/uuv_gazebo_ros_plugins_msgs/include/uuv_gazebo_ros_plugins_msgs/srv/get_list_param.hpp
[22.329s] -- Symlinking: /home/brenda/RBIM_ws/src/uuv_simulator/install/uuv_gazebo_ros_plugins_msgs/include/uuv_gazebo_ros_plugins_msgs/srv/get_model_properties.hpp
[22.338s] -- Symlinking: /home/brenda/RBIM_ws/src/uuv_simulator/install/uuv_gazebo_ros_plugins_msgs/include/uuv_gazebo_ros_plugins_msgs/srv/get_thruster_conversion_fcn.hpp
[22.347s] -- Symlinking: /home/brenda/RBIM_ws/src/uuv_simulator/install/uuv_gazebo_ros_plugins_msgs/include/uuv_gazebo_ros_plugins_msgs/srv/get_thruster_efficiency.hpp
[22.357s] -- Symlinking: /home/brenda/RBIM_ws/src/uuv_simulator/install/uuv_gazebo_ros_plugins_msgs/include/uuv_gazebo_ros_plugins_msgs/srv/get_thruster_state.hpp
[22.366s] -- Symlinking: /home/brenda/RBIM_ws/src/uuv_simulator/install/uuv_gazebo_ros_plugins_msgs/include/uuv_gazebo_ros_plugins_msgs/srv/set_float.hpp
[22.375s] -- Symlinking: /home/brenda/RBIM_ws/src/uuv_simulator/install/uuv_gazebo_ros_plugins_msgs/include/uuv_gazebo_ros_plugins_msgs/srv/set_thruster_efficiency.hpp
[22.384s] -- Symlinking: /home/brenda/RBIM_ws/src/uuv_simulator/install/uuv_gazebo_ros_plugins_msgs/include/uuv_gazebo_ros_plugins_msgs/srv/set_thruster_state.hpp
[22.394s] -- Symlinking: /home/brenda/RBIM_ws/src/uuv_simulator/install/uuv_gazebo_ros_plugins_msgs/include/uuv_gazebo_ros_plugins_msgs/srv/set_use_global_current_vel.hpp
[22.403s] -- Symlinking: /home/brenda/RBIM_ws/src/uuv_simulator/install/uuv_gazebo_ros_plugins_msgs/include/uuv_gazebo_ros_plugins_msgs/msg/detail/float_stamped__rosidl_typesupport_introspection_cpp.hpp
[22.413s] -- Symlinking: /home/brenda/RBIM_ws/src/uuv_simulator/install/uuv_gazebo_ros_plugins_msgs/include/uuv_gazebo_ros_plugins_msgs/msg/detail/thruster_conversion_fcn__rosidl_typesupport_introspection_cpp.hpp
[22.422s] -- Symlinking: /home/brenda/RBIM_ws/src/uuv_simulator/install/uuv_gazebo_ros_plugins_msgs/include/uuv_gazebo_ros_plugins_msgs/msg/detail/underwater_object_model__rosidl_typesupport_introspection_cpp.hpp
[22.431s] -- Symlinking: /home/brenda/RBIM_ws/src/uuv_simulator/install/uuv_gazebo_ros_plugins_msgs/include/uuv_gazebo_ros_plugins_msgs/srv/detail/get_float__rosidl_typesupport_introspection_cpp.hpp
[22.440s] -- Symlinking: /home/brenda/RBIM_ws/src/uuv_simulator/install/uuv_gazebo_ros_plugins_msgs/include/uuv_gazebo_ros_plugins_msgs/srv/detail/get_list_param__rosidl_typesupport_introspection_cpp.hpp
[22.450s] -- Symlinking: /home/brenda/RBIM_ws/src/uuv_simulator/install/uuv_gazebo_ros_plugins_msgs/include/uuv_gazebo_ros_plugins_msgs/srv/detail/get_model_properties__rosidl_typesupport_introspection_cpp.hpp
[22.460s] -- Symlinking: /home/brenda/RBIM_ws/src/uuv_simulator/install/uuv_gazebo_ros_plugins_msgs/include/uuv_gazebo_ros_plugins_msgs/srv/detail/get_thruster_conversion_fcn__rosidl_typesupport_introspection_cpp.hpp
[22.469s] -- Symlinking: /home/brenda/RBIM_ws/src/uuv_simulator/install/uuv_gazebo_ros_plugins_msgs/include/uuv_gazebo_ros_plugins_msgs/srv/detail/get_thruster_efficiency__rosidl_typesupport_introspection_cpp.hpp
[22.478s] -- Symlinking: /home/brenda/RBIM_ws/src/uuv_simulator/install/uuv_gazebo_ros_plugins_msgs/include/uuv_gazebo_ros_plugins_msgs/srv/detail/get_thruster_state__rosidl_typesupport_introspection_cpp.hpp
[22.488s] -- Symlinking: /home/brenda/RBIM_ws/src/uuv_simulator/install/uuv_gazebo_ros_plugins_msgs/include/uuv_gazebo_ros_plugins_msgs/srv/detail/set_float__rosidl_typesupport_introspection_cpp.hpp
[22.497s] -- Symlinking: /home/brenda/RBIM_ws/src/uuv_simulator/install/uuv_gazebo_ros_plugins_msgs/include/uuv_gazebo_ros_plugins_msgs/srv/detail/set_thruster_efficiency__rosidl_typesupport_introspection_cpp.hpp
[22.506s] -- Symlinking: /home/brenda/RBIM_ws/src/uuv_simulator/install/uuv_gazebo_ros_plugins_msgs/include/uuv_gazebo_ros_plugins_msgs/srv/detail/set_thruster_state__rosidl_typesupport_introspection_cpp.hpp
[22.516s] -- Symlinking: /home/brenda/RBIM_ws/src/uuv_simulator/install/uuv_gazebo_ros_plugins_msgs/include/uuv_gazebo_ros_plugins_msgs/srv/detail/set_use_global_current_vel__rosidl_typesupport_introspection_cpp.hpp
[22.526s] -- Symlinking: /home/brenda/RBIM_ws/src/uuv_simulator/install/uuv_gazebo_ros_plugins_msgs/share/uuv_gazebo_ros_plugins_msgs/environment/pythonpath.sh
[22.535s] -- Symlinking: /home/brenda/RBIM_ws/src/uuv_simulator/install/uuv_gazebo_ros_plugins_msgs/share/uuv_gazebo_ros_plugins_msgs/environment/pythonpath.dsv
[22.544s] -- Symlinking: /home/brenda/RBIM_ws/src/uuv_simulator/install/uuv_gazebo_ros_plugins_msgs/lib/python3.8/site-packages/uuv_gazebo_ros_plugins_msgs/__init__.py
[22.554s] -- Symlinking: /home/brenda/RBIM_ws/src/uuv_simulator/install/uuv_gazebo_ros_plugins_msgs/lib/python3.8/site-packages/uuv_gazebo_ros_plugins_msgs/msg/__init__.py
[22.563s] -- Symlinking: /home/brenda/RBIM_ws/src/uuv_simulator/install/uuv_gazebo_ros_plugins_msgs/lib/python3.8/site-packages/uuv_gazebo_ros_plugins_msgs/msg/_float_stamped.py
[22.571s] -- Symlinking: /home/brenda/RBIM_ws/src/uuv_simulator/install/uuv_gazebo_ros_plugins_msgs/lib/python3.8/site-packages/uuv_gazebo_ros_plugins_msgs/msg/_thruster_conversion_fcn.py
[22.580s] -- Symlinking: /home/brenda/RBIM_ws/src/uuv_simulator/install/uuv_gazebo_ros_plugins_msgs/lib/python3.8/site-packages/uuv_gazebo_ros_plugins_msgs/msg/_underwater_object_model.py
[22.590s] -- Symlinking: /home/brenda/RBIM_ws/src/uuv_simulator/install/uuv_gazebo_ros_plugins_msgs/lib/python3.8/site-packages/uuv_gazebo_ros_plugins_msgs/srv/__init__.py
[22.600s] -- Symlinking: /home/brenda/RBIM_ws/src/uuv_simulator/install/uuv_gazebo_ros_plugins_msgs/lib/python3.8/site-packages/uuv_gazebo_ros_plugins_msgs/srv/_get_float.py
[22.611s] -- Symlinking: /home/brenda/RBIM_ws/src/uuv_simulator/install/uuv_gazebo_ros_plugins_msgs/lib/python3.8/site-packages/uuv_gazebo_ros_plugins_msgs/srv/_get_list_param.py
[22.621s] -- Symlinking: /home/brenda/RBIM_ws/src/uuv_simulator/install/uuv_gazebo_ros_plugins_msgs/lib/python3.8/site-packages/uuv_gazebo_ros_plugins_msgs/srv/_get_model_properties.py
[22.631s] -- Symlinking: /home/brenda/RBIM_ws/src/uuv_simulator/install/uuv_gazebo_ros_plugins_msgs/lib/python3.8/site-packages/uuv_gazebo_ros_plugins_msgs/srv/_get_thruster_conversion_fcn.py
[22.640s] -- Symlinking: /home/brenda/RBIM_ws/src/uuv_simulator/install/uuv_gazebo_ros_plugins_msgs/lib/python3.8/site-packages/uuv_gazebo_ros_plugins_msgs/srv/_get_thruster_efficiency.py
[22.649s] -- Symlinking: /home/brenda/RBIM_ws/src/uuv_simulator/install/uuv_gazebo_ros_plugins_msgs/lib/python3.8/site-packages/uuv_gazebo_ros_plugins_msgs/srv/_get_thruster_state.py
[22.659s] -- Symlinking: /home/brenda/RBIM_ws/src/uuv_simulator/install/uuv_gazebo_ros_plugins_msgs/lib/python3.8/site-packages/uuv_gazebo_ros_plugins_msgs/srv/_set_float.py
[22.668s] -- Symlinking: /home/brenda/RBIM_ws/src/uuv_simulator/install/uuv_gazebo_ros_plugins_msgs/lib/python3.8/site-packages/uuv_gazebo_ros_plugins_msgs/srv/_set_thruster_efficiency.py
[22.677s] -- Symlinking: /home/brenda/RBIM_ws/src/uuv_simulator/install/uuv_gazebo_ros_plugins_msgs/lib/python3.8/site-packages/uuv_gazebo_ros_plugins_msgs/srv/_set_thruster_state.py
[22.686s] -- Symlinking: /home/brenda/RBIM_ws/src/uuv_simulator/install/uuv_gazebo_ros_plugins_msgs/lib/python3.8/site-packages/uuv_gazebo_ros_plugins_msgs/srv/_set_use_global_current_vel.py
[22.696s] -- Symlinking: /home/brenda/RBIM_ws/src/uuv_simulator/install/uuv_gazebo_ros_plugins_msgs/lib/python3.8/site-packages/uuv_gazebo_ros_plugins_msgs/uuv_gazebo_ros_plugins_msgs_s__rosidl_typesupport_fastrtps_c.cpython-38-x86_64-linux-gnu.so
[22.705s] -- Symlinking: /home/brenda/RBIM_ws/src/uuv_simulator/install/uuv_gazebo_ros_plugins_msgs/lib/python3.8/site-packages/uuv_gazebo_ros_plugins_msgs/uuv_gazebo_ros_plugins_msgs_s__rosidl_typesupport_introspection_c.cpython-38-x86_64-linux-gnu.so
[22.714s] -- Symlinking: /home/brenda/RBIM_ws/src/uuv_simulator/install/uuv_gazebo_ros_plugins_msgs/lib/python3.8/site-packages/uuv_gazebo_ros_plugins_msgs/uuv_gazebo_ros_plugins_msgs_s__rosidl_typesupport_c.cpython-38-x86_64-linux-gnu.so
[22.724s] -- Symlinking: /home/brenda/RBIM_ws/src/uuv_simulator/install/uuv_gazebo_ros_plugins_msgs/lib/libuuv_gazebo_ros_plugins_msgs__python.so
[22.733s] -- Symlinking: /home/brenda/RBIM_ws/src/uuv_simulator/install/uuv_gazebo_ros_plugins_msgs/share/uuv_gazebo_ros_plugins_msgs/msg/FloatStamped.idl
[22.742s] -- Symlinking: /home/brenda/RBIM_ws/src/uuv_simulator/install/uuv_gazebo_ros_plugins_msgs/share/uuv_gazebo_ros_plugins_msgs/msg/UnderwaterObjectModel.idl
[22.751s] -- Symlinking: /home/brenda/RBIM_ws/src/uuv_simulator/install/uuv_gazebo_ros_plugins_msgs/share/uuv_gazebo_ros_plugins_msgs/msg/ThrusterConversionFcn.idl
[22.760s] -- Symlinking: /home/brenda/RBIM_ws/src/uuv_simulator/install/uuv_gazebo_ros_plugins_msgs/share/uuv_gazebo_ros_plugins_msgs/srv/SetThrusterEfficiency.idl
[22.769s] -- Symlinking: /home/brenda/RBIM_ws/src/uuv_simulator/install/uuv_gazebo_ros_plugins_msgs/share/uuv_gazebo_ros_plugins_msgs/srv/SetThrusterState.idl
[22.778s] -- Symlinking: /home/brenda/RBIM_ws/src/uuv_simulator/install/uuv_gazebo_ros_plugins_msgs/share/uuv_gazebo_ros_plugins_msgs/srv/GetThrusterEfficiency.idl
[22.787s] -- Symlinking: /home/brenda/RBIM_ws/src/uuv_simulator/install/uuv_gazebo_ros_plugins_msgs/share/uuv_gazebo_ros_plugins_msgs/srv/GetThrusterState.idl
[22.797s] -- Symlinking: /home/brenda/RBIM_ws/src/uuv_simulator/install/uuv_gazebo_ros_plugins_msgs/share/uuv_gazebo_ros_plugins_msgs/srv/SetUseGlobalCurrentVel.idl
[22.807s] -- Symlinking: /home/brenda/RBIM_ws/src/uuv_simulator/install/uuv_gazebo_ros_plugins_msgs/share/uuv_gazebo_ros_plugins_msgs/srv/GetModelProperties.idl
[22.816s] -- Symlinking: /home/brenda/RBIM_ws/src/uuv_simulator/install/uuv_gazebo_ros_plugins_msgs/share/uuv_gazebo_ros_plugins_msgs/srv/SetFloat.idl
[22.827s] -- Symlinking: /home/brenda/RBIM_ws/src/uuv_simulator/install/uuv_gazebo_ros_plugins_msgs/share/uuv_gazebo_ros_plugins_msgs/srv/GetFloat.idl
[22.837s] -- Symlinking: /home/brenda/RBIM_ws/src/uuv_simulator/install/uuv_gazebo_ros_plugins_msgs/share/uuv_gazebo_ros_plugins_msgs/srv/GetListParam.idl
[22.847s] -- Symlinking: /home/brenda/RBIM_ws/src/uuv_simulator/install/uuv_gazebo_ros_plugins_msgs/share/uuv_gazebo_ros_plugins_msgs/srv/GetThrusterConversionFcn.idl
[22.860s] -- Symlinking: /home/brenda/RBIM_ws/src/uuv_simulator/install/uuv_gazebo_ros_plugins_msgs/share/uuv_gazebo_ros_plugins_msgs/msg/FloatStamped.msg
[22.870s] -- Symlinking: /home/brenda/RBIM_ws/src/uuv_simulator/install/uuv_gazebo_ros_plugins_msgs/share/uuv_gazebo_ros_plugins_msgs/msg/UnderwaterObjectModel.msg
[22.882s] -- Symlinking: /home/brenda/RBIM_ws/src/uuv_simulator/install/uuv_gazebo_ros_plugins_msgs/share/uuv_gazebo_ros_plugins_msgs/msg/ThrusterConversionFcn.msg
[22.894s] -- Symlinking: /home/brenda/RBIM_ws/src/uuv_simulator/install/uuv_gazebo_ros_plugins_msgs/share/uuv_gazebo_ros_plugins_msgs/srv/SetThrusterEfficiency.srv
[22.904s] -- Symlinking: /home/brenda/RBIM_ws/src/uuv_simulator/install/uuv_gazebo_ros_plugins_msgs/share/uuv_gazebo_ros_plugins_msgs/srv/SetThrusterEfficiency_Request.msg
[22.915s] -- Symlinking: /home/brenda/RBIM_ws/src/uuv_simulator/install/uuv_gazebo_ros_plugins_msgs/share/uuv_gazebo_ros_plugins_msgs/srv/SetThrusterEfficiency_Response.msg
[22.928s] -- Symlinking: /home/brenda/RBIM_ws/src/uuv_simulator/install/uuv_gazebo_ros_plugins_msgs/share/uuv_gazebo_ros_plugins_msgs/srv/SetThrusterState.srv
[22.939s] -- Symlinking: /home/brenda/RBIM_ws/src/uuv_simulator/install/uuv_gazebo_ros_plugins_msgs/share/uuv_gazebo_ros_plugins_msgs/srv/SetThrusterState_Request.msg
[22.950s] -- Symlinking: /home/brenda/RBIM_ws/src/uuv_simulator/install/uuv_gazebo_ros_plugins_msgs/share/uuv_gazebo_ros_plugins_msgs/srv/SetThrusterState_Response.msg
[22.962s] -- Symlinking: /home/brenda/RBIM_ws/src/uuv_simulator/install/uuv_gazebo_ros_plugins_msgs/share/uuv_gazebo_ros_plugins_msgs/srv/GetThrusterEfficiency.srv
[22.973s] -- Symlinking: /home/brenda/RBIM_ws/src/uuv_simulator/install/uuv_gazebo_ros_plugins_msgs/share/uuv_gazebo_ros_plugins_msgs/srv/GetThrusterEfficiency_Request.msg
[22.984s] -- Symlinking: /home/brenda/RBIM_ws/src/uuv_simulator/install/uuv_gazebo_ros_plugins_msgs/share/uuv_gazebo_ros_plugins_msgs/srv/GetThrusterEfficiency_Response.msg
[22.997s] -- Symlinking: /home/brenda/RBIM_ws/src/uuv_simulator/install/uuv_gazebo_ros_plugins_msgs/share/uuv_gazebo_ros_plugins_msgs/srv/GetThrusterState.srv
[23.009s] -- Symlinking: /home/brenda/RBIM_ws/src/uuv_simulator/install/uuv_gazebo_ros_plugins_msgs/share/uuv_gazebo_ros_plugins_msgs/srv/GetThrusterState_Request.msg
[23.018s] -- Symlinking: /home/brenda/RBIM_ws/src/uuv_simulator/install/uuv_gazebo_ros_plugins_msgs/share/uuv_gazebo_ros_plugins_msgs/srv/GetThrusterState_Response.msg
[23.029s] -- Symlinking: /home/brenda/RBIM_ws/src/uuv_simulator/install/uuv_gazebo_ros_plugins_msgs/share/uuv_gazebo_ros_plugins_msgs/srv/SetUseGlobalCurrentVel.srv
[23.039s] -- Symlinking: /home/brenda/RBIM_ws/src/uuv_simulator/install/uuv_gazebo_ros_plugins_msgs/share/uuv_gazebo_ros_plugins_msgs/srv/SetUseGlobalCurrentVel_Request.msg
[23.053s] -- Symlinking: /home/brenda/RBIM_ws/src/uuv_simulator/install/uuv_gazebo_ros_plugins_msgs/share/uuv_gazebo_ros_plugins_msgs/srv/SetUseGlobalCurrentVel_Response.msg
[23.068s] -- Symlinking: /home/brenda/RBIM_ws/src/uuv_simulator/install/uuv_gazebo_ros_plugins_msgs/share/uuv_gazebo_ros_plugins_msgs/srv/GetModelProperties.srv
[23.081s] -- Symlinking: /home/brenda/RBIM_ws/src/uuv_simulator/install/uuv_gazebo_ros_plugins_msgs/share/uuv_gazebo_ros_plugins_msgs/srv/GetModelProperties_Request.msg
[23.096s] -- Symlinking: /home/brenda/RBIM_ws/src/uuv_simulator/install/uuv_gazebo_ros_plugins_msgs/share/uuv_gazebo_ros_plugins_msgs/srv/GetModelProperties_Response.msg
[23.110s] -- Symlinking: /home/brenda/RBIM_ws/src/uuv_simulator/install/uuv_gazebo_ros_plugins_msgs/share/uuv_gazebo_ros_plugins_msgs/srv/SetFloat.srv
[23.125s] -- Symlinking: /home/brenda/RBIM_ws/src/uuv_simulator/install/uuv_gazebo_ros_plugins_msgs/share/uuv_gazebo_ros_plugins_msgs/srv/SetFloat_Request.msg
[23.135s] -- Symlinking: /home/brenda/RBIM_ws/src/uuv_simulator/install/uuv_gazebo_ros_plugins_msgs/share/uuv_gazebo_ros_plugins_msgs/srv/SetFloat_Response.msg
[23.147s] -- Symlinking: /home/brenda/RBIM_ws/src/uuv_simulator/install/uuv_gazebo_ros_plugins_msgs/share/uuv_gazebo_ros_plugins_msgs/srv/GetFloat.srv
[23.159s] -- Symlinking: /home/brenda/RBIM_ws/src/uuv_simulator/install/uuv_gazebo_ros_plugins_msgs/share/uuv_gazebo_ros_plugins_msgs/srv/GetFloat_Request.msg
[23.169s] -- Symlinking: /home/brenda/RBIM_ws/src/uuv_simulator/install/uuv_gazebo_ros_plugins_msgs/share/uuv_gazebo_ros_plugins_msgs/srv/GetFloat_Response.msg
[23.181s] -- Symlinking: /home/brenda/RBIM_ws/src/uuv_simulator/install/uuv_gazebo_ros_plugins_msgs/share/uuv_gazebo_ros_plugins_msgs/srv/GetListParam.srv
[23.194s] -- Symlinking: /home/brenda/RBIM_ws/src/uuv_simulator/install/uuv_gazebo_ros_plugins_msgs/share/uuv_gazebo_ros_plugins_msgs/srv/GetListParam_Request.msg
[23.206s] -- Symlinking: /home/brenda/RBIM_ws/src/uuv_simulator/install/uuv_gazebo_ros_plugins_msgs/share/uuv_gazebo_ros_plugins_msgs/srv/GetListParam_Response.msg
[23.217s] -- Symlinking: /home/brenda/RBIM_ws/src/uuv_simulator/install/uuv_gazebo_ros_plugins_msgs/share/uuv_gazebo_ros_plugins_msgs/srv/GetThrusterConversionFcn.srv
[23.230s] -- Symlinking: /home/brenda/RBIM_ws/src/uuv_simulator/install/uuv_gazebo_ros_plugins_msgs/share/uuv_gazebo_ros_plugins_msgs/srv/GetThrusterConversionFcn_Request.msg
[23.245s] -- Symlinking: /home/brenda/RBIM_ws/src/uuv_simulator/install/uuv_gazebo_ros_plugins_msgs/share/uuv_gazebo_ros_plugins_msgs/srv/GetThrusterConversionFcn_Response.msg
[23.261s] -- Symlinking: /home/brenda/RBIM_ws/src/uuv_simulator/install/uuv_gazebo_ros_plugins_msgs/share/ament_index/resource_index/package_run_dependencies/uuv_gazebo_ros_plugins_msgs
[23.276s] -- Symlinking: /home/brenda/RBIM_ws/src/uuv_simulator/install/uuv_gazebo_ros_plugins_msgs/share/ament_index/resource_index/parent_prefix_path/uuv_gazebo_ros_plugins_msgs
[23.297s] -- Symlinking: /home/brenda/RBIM_ws/src/uuv_simulator/install/uuv_gazebo_ros_plugins_msgs/share/uuv_gazebo_ros_plugins_msgs/environment/ament_prefix_path.sh
[23.313s] -- Symlinking: /home/brenda/RBIM_ws/src/uuv_simulator/install/uuv_gazebo_ros_plugins_msgs/share/uuv_gazebo_ros_plugins_msgs/environment/ament_prefix_path.dsv
[23.328s] -- Symlinking: /home/brenda/RBIM_ws/src/uuv_simulator/install/uuv_gazebo_ros_plugins_msgs/share/uuv_gazebo_ros_plugins_msgs/environment/path.sh
[23.344s] -- Symlinking: /home/brenda/RBIM_ws/src/uuv_simulator/install/uuv_gazebo_ros_plugins_msgs/share/uuv_gazebo_ros_plugins_msgs/environment/path.dsv
[23.357s] -- Symlinking: /home/brenda/RBIM_ws/src/uuv_simulator/install/uuv_gazebo_ros_plugins_msgs/share/uuv_gazebo_ros_plugins_msgs/local_setup.bash
[23.367s] -- Symlinking: /home/brenda/RBIM_ws/src/uuv_simulator/install/uuv_gazebo_ros_plugins_msgs/share/uuv_gazebo_ros_plugins_msgs/local_setup.sh
[23.379s] -- Symlinking: /home/brenda/RBIM_ws/src/uuv_simulator/install/uuv_gazebo_ros_plugins_msgs/share/uuv_gazebo_ros_plugins_msgs/local_setup.zsh
[23.390s] -- Symlinking: /home/brenda/RBIM_ws/src/uuv_simulator/install/uuv_gazebo_ros_plugins_msgs/share/uuv_gazebo_ros_plugins_msgs/local_setup.dsv
[23.401s] -- Symlinking: /home/brenda/RBIM_ws/src/uuv_simulator/install/uuv_gazebo_ros_plugins_msgs/share/uuv_gazebo_ros_plugins_msgs/package.dsv
[23.413s] -- Symlinking: /home/brenda/RBIM_ws/src/uuv_simulator/install/uuv_gazebo_ros_plugins_msgs/share/ament_index/resource_index/packages/uuv_gazebo_ros_plugins_msgs
[23.427s] -- Symlinking: /home/brenda/RBIM_ws/src/uuv_simulator/install/uuv_gazebo_ros_plugins_msgs/share/uuv_gazebo_ros_plugins_msgs/cmake/rosidl_cmake-extras.cmake
[23.446s] -- Symlinking: /home/brenda/RBIM_ws/src/uuv_simulator/install/uuv_gazebo_ros_plugins_msgs/share/uuv_gazebo_ros_plugins_msgs/cmake/ament_cmake_export_dependencies-extras.cmake
[23.461s] -- Symlinking: /home/brenda/RBIM_ws/src/uuv_simulator/install/uuv_gazebo_ros_plugins_msgs/share/uuv_gazebo_ros_plugins_msgs/cmake/ament_cmake_export_libraries-extras.cmake
[23.476s] -- Symlinking: /home/brenda/RBIM_ws/src/uuv_simulator/install/uuv_gazebo_ros_plugins_msgs/share/uuv_gazebo_ros_plugins_msgs/cmake/ament_cmake_export_targets-extras.cmake
[23.492s] -- Symlinking: /home/brenda/RBIM_ws/src/uuv_simulator/install/uuv_gazebo_ros_plugins_msgs/share/uuv_gazebo_ros_plugins_msgs/cmake/ament_cmake_export_include_directories-extras.cmake
[23.502s] -- Symlinking: /home/brenda/RBIM_ws/src/uuv_simulator/install/uuv_gazebo_ros_plugins_msgs/share/uuv_gazebo_ros_plugins_msgs/cmake/rosidl_cmake_export_typesupport_libraries-extras.cmake
[23.514s] -- Symlinking: /home/brenda/RBIM_ws/src/uuv_simulator/install/uuv_gazebo_ros_plugins_msgs/share/uuv_gazebo_ros_plugins_msgs/cmake/rosidl_cmake_export_typesupport_targets-extras.cmake
[23.526s] -- Symlinking: /home/brenda/RBIM_ws/src/uuv_simulator/install/uuv_gazebo_ros_plugins_msgs/share/uuv_gazebo_ros_plugins_msgs/cmake/uuv_gazebo_ros_plugins_msgsConfig.cmake
[23.538s] -- Symlinking: /home/brenda/RBIM_ws/src/uuv_simulator/install/uuv_gazebo_ros_plugins_msgs/share/uuv_gazebo_ros_plugins_msgs/cmake/uuv_gazebo_ros_plugins_msgsConfig-version.cmake
[23.549s] -- Symlinking: /home/brenda/RBIM_ws/src/uuv_simulator/install/uuv_gazebo_ros_plugins_msgs/share/uuv_gazebo_ros_plugins_msgs/package.xml
[23.561s] -- Installing: /home/brenda/RBIM_ws/src/uuv_simulator/install/uuv_gazebo_ros_plugins_msgs/lib/libuuv_gazebo_ros_plugins_msgs__rosidl_generator_c.so
[23.562s] -- Set runtime path of "/home/brenda/RBIM_ws/src/uuv_simulator/install/uuv_gazebo_ros_plugins_msgs/lib/libuuv_gazebo_ros_plugins_msgs__rosidl_generator_c.so" to ""
[23.562s] -- Installing: /home/brenda/RBIM_ws/src/uuv_simulator/install/uuv_gazebo_ros_plugins_msgs/lib/libuuv_gazebo_ros_plugins_msgs__rosidl_typesupport_introspection_c.so
[23.562s] -- Set runtime path of "/home/brenda/RBIM_ws/src/uuv_simulator/install/uuv_gazebo_ros_plugins_msgs/lib/libuuv_gazebo_ros_plugins_msgs__rosidl_typesupport_introspection_c.so" to ""
[23.563s] -- Installing: /home/brenda/RBIM_ws/src/uuv_simulator/install/uuv_gazebo_ros_plugins_msgs/lib/libuuv_gazebo_ros_plugins_msgs__rosidl_typesupport_c.so
[23.563s] -- Set runtime path of "/home/brenda/RBIM_ws/src/uuv_simulator/install/uuv_gazebo_ros_plugins_msgs/lib/libuuv_gazebo_ros_plugins_msgs__rosidl_typesupport_c.so" to ""
[23.563s] -- Installing: /home/brenda/RBIM_ws/src/uuv_simulator/install/uuv_gazebo_ros_plugins_msgs/lib/libuuv_gazebo_ros_plugins_msgs__rosidl_typesupport_introspection_cpp.so
[23.564s] -- Set runtime path of "/home/brenda/RBIM_ws/src/uuv_simulator/install/uuv_gazebo_ros_plugins_msgs/lib/libuuv_gazebo_ros_plugins_msgs__rosidl_typesupport_introspection_cpp.so" to ""
[23.564s] -- Installing: /home/brenda/RBIM_ws/src/uuv_simulator/install/uuv_gazebo_ros_plugins_msgs/lib/libuuv_gazebo_ros_plugins_msgs__rosidl_typesupport_cpp.so
[23.565s] -- Set runtime path of "/home/brenda/RBIM_ws/src/uuv_simulator/install/uuv_gazebo_ros_plugins_msgs/lib/libuuv_gazebo_ros_plugins_msgs__rosidl_typesupport_cpp.so" to ""
[23.601s] Compiling '/home/brenda/RBIM_ws/src/uuv_simulator/install/uuv_gazebo_ros_plugins_msgs/lib/python3.8/site-packages/uuv_gazebo_ros_plugins_msgs/__init__.py'...
[23.609s] -- Installing: /home/brenda/RBIM_ws/src/uuv_simulator/install/uuv_gazebo_ros_plugins_msgs/share/uuv_gazebo_ros_plugins_msgs/cmake/uuv_gazebo_ros_plugins_msgs__rosidl_generator_cExport.cmake
[23.609s] -- Installing: /home/brenda/RBIM_ws/src/uuv_simulator/install/uuv_gazebo_ros_plugins_msgs/share/uuv_gazebo_ros_plugins_msgs/cmake/uuv_gazebo_ros_plugins_msgs__rosidl_generator_cExport-noconfig.cmake
[23.610s] -- Installing: /home/brenda/RBIM_ws/src/uuv_simulator/install/uuv_gazebo_ros_plugins_msgs/share/uuv_gazebo_ros_plugins_msgs/cmake/uuv_gazebo_ros_plugins_msgs__rosidl_typesupport_introspection_cExport.cmake
[23.610s] -- Installing: /home/brenda/RBIM_ws/src/uuv_simulator/install/uuv_gazebo_ros_plugins_msgs/share/uuv_gazebo_ros_plugins_msgs/cmake/uuv_gazebo_ros_plugins_msgs__rosidl_typesupport_introspection_cExport-noconfig.cmake
[23.610s] -- Installing: /home/brenda/RBIM_ws/src/uuv_simulator/install/uuv_gazebo_ros_plugins_msgs/share/uuv_gazebo_ros_plugins_msgs/cmake/uuv_gazebo_ros_plugins_msgs__rosidl_typesupport_cExport.cmake
[23.610s] -- Installing: /home/brenda/RBIM_ws/src/uuv_simulator/install/uuv_gazebo_ros_plugins_msgs/share/uuv_gazebo_ros_plugins_msgs/cmake/uuv_gazebo_ros_plugins_msgs__rosidl_typesupport_cExport-noconfig.cmake
[23.610s] -- Installing: /home/brenda/RBIM_ws/src/uuv_simulator/install/uuv_gazebo_ros_plugins_msgs/share/uuv_gazebo_ros_plugins_msgs/cmake/uuv_gazebo_ros_plugins_msgs__rosidl_generator_cppExport.cmake
[23.610s] -- Installing: /home/brenda/RBIM_ws/src/uuv_simulator/install/uuv_gazebo_ros_plugins_msgs/share/uuv_gazebo_ros_plugins_msgs/cmake/uuv_gazebo_ros_plugins_msgs__rosidl_typesupport_introspection_cppExport.cmake
[23.611s] -- Installing: /home/brenda/RBIM_ws/src/uuv_simulator/install/uuv_gazebo_ros_plugins_msgs/share/uuv_gazebo_ros_plugins_msgs/cmake/uuv_gazebo_ros_plugins_msgs__rosidl_typesupport_introspection_cppExport-noconfig.cmake
[23.611s] -- Installing: /home/brenda/RBIM_ws/src/uuv_simulator/install/uuv_gazebo_ros_plugins_msgs/share/uuv_gazebo_ros_plugins_msgs/cmake/uuv_gazebo_ros_plugins_msgs__rosidl_typesupport_cppExport.cmake
[23.611s] -- Installing: /home/brenda/RBIM_ws/src/uuv_simulator/install/uuv_gazebo_ros_plugins_msgs/share/uuv_gazebo_ros_plugins_msgs/cmake/uuv_gazebo_ros_plugins_msgs__rosidl_typesupport_cppExport-noconfig.cmake
[23.615s] Invoked command in '/home/brenda/RBIM_ws/src/uuv_simulator/build/uuv_gazebo_ros_plugins_msgs' returned '0': CMAKE_PREFIX_PATH=/opt/ros/foxy:${CMAKE_PREFIX_PATH} /usr/bin/cmake --install /home/brenda/RBIM_ws/src/uuv_simulator/build/uuv_gazebo_ros_plugins_msgs
