-- Found ament_cmake: 0.9.6 (/opt/ros/foxy/share/ament_cmake/cmake)
-- Using PYTHON_EXECUTABLE: /usr/bin/python3
-- Override CMake install command with custom implementation using symlinks instead of copying resources
-- Found gazebo_dev: 3.5.0 (/opt/ros/foxy/share/gazebo_dev/cmake)
-- Found DART: /usr/include (Required is at least version "6.6") found components: dart 
-- Found Protobuf: /usr/lib/x86_64-linux-gnu/libprotobuf.so;-lpthread (found version "3.6.1") 
-- Looking for ignition-math6 -- found version 6.4.0
-- Searching for dependencies of ignition-math6
-- Looking for OGRE...
-- Found Ogre Ghadamon (1.9.0)
-- Found OGRE: optimized;/usr/lib/x86_64-linux-gnu/libOgreMain.so;debug;/usr/lib/x86_64-linux-gnu/libOgreMain.so
-- Looking for OGRE_Paging...
-- Found OGRE_Paging: optimized;/usr/lib/x86_64-linux-gnu/libOgrePaging.so;debug;/usr/lib/x86_64-linux-gnu/libOgrePaging.so
-- Looking for OGRE_Terrain...
-- Found OGRE_Terrain: optimized;/usr/lib/x86_64-linux-gnu/libOgreTerrain.so;debug;/usr/lib/x86_64-linux-gnu/libOgreTerrain.so
-- Looking for OGRE_Property...
-- Found OGRE_Property: optimized;/usr/lib/x86_64-linux-gnu/libOgreProperty.so;debug;/usr/lib/x86_64-linux-gnu/libOgreProperty.so
-- Looking for OGRE_RTShaderSystem...
-- Found OGRE_RTShaderSystem: optimized;/usr/lib/x86_64-linux-gnu/libOgreRTShaderSystem.so;debug;/usr/lib/x86_64-linux-gnu/libOgreRTShaderSystem.so
-- Looking for OGRE_Volume...
-- Found OGRE_Volume: optimized;/usr/lib/x86_64-linux-gnu/libOgreVolume.so;debug;/usr/lib/x86_64-linux-gnu/libOgreVolume.so
-- Looking for OGRE_Overlay...
-- Found OGRE_Overlay: optimized;/usr/lib/x86_64-linux-gnu/libOgreOverlay.so;debug;/usr/lib/x86_64-linux-gnu/libOgreOverlay.so
-- Looking for ignition-math6 -- found version 6.4.0
-- Looking for ignition-transport8 -- found version 8.1.0
-- Searching for dependencies of ignition-transport8
-- Found Protobuf: /usr/lib/x86_64-linux-gnu/libprotobuf.so;-lpthread (found suitable version "3.6.1", minimum required is "3") 
-- Config-file not installed for ZeroMQ -- checking for pkg-config
-- Checking for module 'libzmq >= 4'
--   Found libzmq , version 4.3.2
-- Checking for module 'uuid'
--   Found uuid, version 2.34.0
-- Looking for ignition-msgs5 -- found version 5.3.0
-- Searching for dependencies of ignition-msgs5
-- Looking for ignition-math6 -- found version 6.4.0
-- Checking for module 'tinyxml2'
--   Found tinyxml2, version 6.2.0
-- Looking for ignition-msgs5 -- found version 5.3.0
-- Looking for ignition-common3 -- found version 3.6.0
-- Searching for dependencies of ignition-common3
-- Looking for dlfcn.h - found
-- Looking for libdl - found
-- Searching for <ignition-common3> component [graphics]
-- Looking for ignition-common3-graphics -- found version 3.6.0
-- Searching for dependencies of ignition-common3-graphics
-- Looking for ignition-math6 -- found version 6.4.0
-- Looking for ignition-fuel_tools4 -- found version 4.2.1
-- Searching for dependencies of ignition-fuel_tools4
-- Checking for module 'jsoncpp'
--   Found jsoncpp, version 1.7.4
-- Checking for module 'libzip'
--   Found libzip, version 1.5.1
-- Looking for ignition-common3 -- found version 3.6.0
-- Looking for ignition-msgs5 -- found version 5.3.0
-- Gazebo version: 11.1
-- Found gazebo_ros: 3.5.0 (/opt/ros/foxy/share/gazebo_ros/cmake)
-- Using all available rosidl_typesupport_c: rosidl_typesupport_fastrtps_c;rosidl_typesupport_introspection_c
-- Found rosidl_adapter: 1.1.0 (/opt/ros/foxy/share/rosidl_adapter/cmake)
-- Using all available rosidl_typesupport_cpp: rosidl_typesupport_fastrtps_cpp;rosidl_typesupport_introspection_cpp
-- Found rmw_implementation_cmake: 1.0.1 (/opt/ros/foxy/share/rmw_implementation_cmake/cmake)
-- Using RMW implementation 'rmw_fastrtps_cpp' as default
-- Configuring done
-- Generating done
-- Build files have been written to: /home/brenda/RBIM_ws/src/uuv_simulator/build/uuv_gazebo_worlds
-- Install configuration: ""
-- Execute custom install script
-- Symlinking: /home/brenda/RBIM_ws/src/uuv_simulator/install/uuv_gazebo_worlds/share/uuv_gazebo_worlds/launch/empty_underwater_world.launch.py
-- Symlinking: /home/brenda/RBIM_ws/src/uuv_simulator/install/uuv_gazebo_worlds/share/uuv_gazebo_worlds/media/materials/programs/SimpleWaves.frag
-- Symlinking: /home/brenda/RBIM_ws/src/uuv_simulator/install/uuv_gazebo_worlds/share/uuv_gazebo_worlds/media/materials/programs/SimpleWaves.vert
-- Symlinking: /home/brenda/RBIM_ws/src/uuv_simulator/install/uuv_gazebo_worlds/share/uuv_gazebo_worlds/media/materials/scripts/fiducials.material
-- Symlinking: /home/brenda/RBIM_ws/src/uuv_simulator/install/uuv_gazebo_worlds/share/uuv_gazebo_worlds/media/materials/scripts/sand.material
-- Symlinking: /home/brenda/RBIM_ws/src/uuv_simulator/install/uuv_gazebo_worlds/share/uuv_gazebo_worlds/media/materials/scripts/water.material
-- Symlinking: /home/brenda/RBIM_ws/src/uuv_simulator/install/uuv_gazebo_worlds/share/uuv_gazebo_worlds/media/materials/scripts/waves.material
-- Symlinking: /home/brenda/RBIM_ws/src/uuv_simulator/install/uuv_gazebo_worlds/share/uuv_gazebo_worlds/media/materials/textures/License and source for textures.txt
-- Symlinking: /home/brenda/RBIM_ws/src/uuv_simulator/install/uuv_gazebo_worlds/share/uuv_gazebo_worlds/media/materials/textures/clouds.jpg
-- Symlinking: /home/brenda/RBIM_ws/src/uuv_simulator/install/uuv_gazebo_worlds/share/uuv_gazebo_worlds/media/materials/textures/clouds_bk.jpg
-- Symlinking: /home/brenda/RBIM_ws/src/uuv_simulator/install/uuv_gazebo_worlds/share/uuv_gazebo_worlds/media/materials/textures/clouds_dn.jpg
-- Symlinking: /home/brenda/RBIM_ws/src/uuv_simulator/install/uuv_gazebo_worlds/share/uuv_gazebo_worlds/media/materials/textures/clouds_fr.jpg
-- Symlinking: /home/brenda/RBIM_ws/src/uuv_simulator/install/uuv_gazebo_worlds/share/uuv_gazebo_worlds/media/materials/textures/clouds_lf.jpg
-- Symlinking: /home/brenda/RBIM_ws/src/uuv_simulator/install/uuv_gazebo_worlds/share/uuv_gazebo_worlds/media/materials/textures/clouds_rt.jpg
-- Symlinking: /home/brenda/RBIM_ws/src/uuv_simulator/install/uuv_gazebo_worlds/share/uuv_gazebo_worlds/media/materials/textures/clouds_up.jpg
-- Symlinking: /home/brenda/RBIM_ws/src/uuv_simulator/install/uuv_gazebo_worlds/share/uuv_gazebo_worlds/media/materials/textures/fiducials/License and source for textures.txt
-- Symlinking: /home/brenda/RBIM_ws/src/uuv_simulator/install/uuv_gazebo_worlds/share/uuv_gazebo_worlds/media/materials/textures/fiducials/aruco_1.png
-- Symlinking: /home/brenda/RBIM_ws/src/uuv_simulator/install/uuv_gazebo_worlds/share/uuv_gazebo_worlds/media/materials/textures/fiducials/aruco_2.png
-- Symlinking: /home/brenda/RBIM_ws/src/uuv_simulator/install/uuv_gazebo_worlds/share/uuv_gazebo_worlds/media/materials/textures/fiducials/aruco_3.png
-- Symlinking: /home/brenda/RBIM_ws/src/uuv_simulator/install/uuv_gazebo_worlds/share/uuv_gazebo_worlds/media/materials/textures/fiducials/aruco_4.png
-- Symlinking: /home/brenda/RBIM_ws/src/uuv_simulator/install/uuv_gazebo_worlds/share/uuv_gazebo_worlds/media/materials/textures/fiducials/aruco_5.png
-- Symlinking: /home/brenda/RBIM_ws/src/uuv_simulator/install/uuv_gazebo_worlds/share/uuv_gazebo_worlds/media/materials/textures/soil_sand_0045_01.jpg
-- Symlinking: /home/brenda/RBIM_ws/src/uuv_simulator/install/uuv_gazebo_worlds/share/uuv_gazebo_worlds/media/materials/textures/water_water_0046_01.jpg
-- Symlinking: /home/brenda/RBIM_ws/src/uuv_simulator/install/uuv_gazebo_worlds/share/uuv_gazebo_worlds/media/materials/textures/water_water_0051_01.jpg
-- Symlinking: /home/brenda/RBIM_ws/src/uuv_simulator/install/uuv_gazebo_worlds/share/uuv_gazebo_worlds/media/materials/textures/water_water_0076_03_s.jpg
-- Symlinking: /home/brenda/RBIM_ws/src/uuv_simulator/install/uuv_gazebo_worlds/share/uuv_gazebo_worlds/media/materials/textures/water_water_0093_01.jpg
-- Symlinking: /home/brenda/RBIM_ws/src/uuv_simulator/install/uuv_gazebo_worlds/share/uuv_gazebo_worlds/media/materials/textures/wave_normals.dds
-- Symlinking: /home/brenda/RBIM_ws/src/uuv_simulator/install/uuv_gazebo_worlds/share/uuv_gazebo_worlds/media/models/sea_surface_1000m_x_1000m.dae
-- Symlinking: /home/brenda/RBIM_ws/src/uuv_simulator/install/uuv_gazebo_worlds/share/uuv_gazebo_worlds/worlds/auv_underwater_world.world
-- Symlinking: /home/brenda/RBIM_ws/src/uuv_simulator/install/uuv_gazebo_worlds/share/uuv_gazebo_worlds/worlds/empty_underwater.world
-- Symlinking: /home/brenda/RBIM_ws/src/uuv_simulator/install/uuv_gazebo_worlds/share/uuv_gazebo_worlds/worlds/herkules_ship_wreck.world
-- Symlinking: /home/brenda/RBIM_ws/src/uuv_simulator/install/uuv_gazebo_worlds/share/uuv_gazebo_worlds/worlds/lake.world
-- Symlinking: /home/brenda/RBIM_ws/src/uuv_simulator/install/uuv_gazebo_worlds/share/uuv_gazebo_worlds/worlds/mangalia.world
-- Symlinking: /home/brenda/RBIM_ws/src/uuv_simulator/install/uuv_gazebo_worlds/share/uuv_gazebo_worlds/worlds/mangalia_manipulation.world
-- Symlinking: /home/brenda/RBIM_ws/src/uuv_simulator/install/uuv_gazebo_worlds/share/uuv_gazebo_worlds/worlds/munkholmen.world
-- Symlinking: /home/brenda/RBIM_ws/src/uuv_simulator/install/uuv_gazebo_worlds/share/uuv_gazebo_worlds/worlds/ocean_waves.world
-- Symlinking: /home/brenda/RBIM_ws/src/uuv_simulator/install/uuv_gazebo_worlds/share/uuv_gazebo_worlds/worlds/subsea_bop_panel.world
-- Symlinking: /home/brenda/RBIM_ws/src/uuv_simulator/install/uuv_gazebo_worlds/share/uuv_gazebo_worlds/worlds/underwater_heightmap.world
-- Symlinking: /home/brenda/RBIM_ws/src/uuv_simulator/install/uuv_gazebo_worlds/share/uuv_gazebo_worlds/models/april_tag_36_11_00000/model.config
-- Symlinking: /home/brenda/RBIM_ws/src/uuv_simulator/install/uuv_gazebo_worlds/share/uuv_gazebo_worlds/models/april_tag_36_11_00000/model.sdf
-- Symlinking: /home/brenda/RBIM_ws/src/uuv_simulator/install/uuv_gazebo_worlds/share/uuv_gazebo_worlds/models/aurora_static/meshes/aurora.dae
-- Symlinking: /home/brenda/RBIM_ws/src/uuv_simulator/install/uuv_gazebo_worlds/share/uuv_gazebo_worlds/models/aurora_static/meshes/aurora_collision.stl
-- Symlinking: /home/brenda/RBIM_ws/src/uuv_simulator/install/uuv_gazebo_worlds/share/uuv_gazebo_worlds/models/aurora_static/model.config
-- Symlinking: /home/brenda/RBIM_ws/src/uuv_simulator/install/uuv_gazebo_worlds/share/uuv_gazebo_worlds/models/aurora_static/model.sdf
-- Symlinking: /home/brenda/RBIM_ws/src/uuv_simulator/install/uuv_gazebo_worlds/share/uuv_gazebo_worlds/models/bop_panel/meshes/Valve.dae
-- Symlinking: /home/brenda/RBIM_ws/src/uuv_simulator/install/uuv_gazebo_worlds/share/uuv_gazebo_worlds/models/bop_panel/meshes/VentilBlock.mtl
-- Symlinking: /home/brenda/RBIM_ws/src/uuv_simulator/install/uuv_gazebo_worlds/share/uuv_gazebo_worlds/models/bop_panel/meshes/VentilBlock.obj
-- Symlinking: /home/brenda/RBIM_ws/src/uuv_simulator/install/uuv_gazebo_worlds/share/uuv_gazebo_worlds/models/bop_panel/meshes/VentilBlock.stl
-- Symlinking: /home/brenda/RBIM_ws/src/uuv_simulator/install/uuv_gazebo_worlds/share/uuv_gazebo_worlds/models/bop_panel/model.config
-- Symlinking: /home/brenda/RBIM_ws/src/uuv_simulator/install/uuv_gazebo_worlds/share/uuv_gazebo_worlds/models/bop_panel/model.sdf
-- Symlinking: /home/brenda/RBIM_ws/src/uuv_simulator/install/uuv_gazebo_worlds/share/uuv_gazebo_worlds/models/herkules_seabed/meshes/herkules_seabed.dae
-- Symlinking: /home/brenda/RBIM_ws/src/uuv_simulator/install/uuv_gazebo_worlds/share/uuv_gazebo_worlds/models/herkules_seabed/model.config
-- Symlinking: /home/brenda/RBIM_ws/src/uuv_simulator/install/uuv_gazebo_worlds/share/uuv_gazebo_worlds/models/herkules_seabed/model.sdf
-- Symlinking: /home/brenda/RBIM_ws/src/uuv_simulator/install/uuv_gazebo_worlds/share/uuv_gazebo_worlds/models/herkules_ship_wreck/meshes/herkules.dae
-- Symlinking: /home/brenda/RBIM_ws/src/uuv_simulator/install/uuv_gazebo_worlds/share/uuv_gazebo_worlds/models/herkules_ship_wreck/model.config
-- Symlinking: /home/brenda/RBIM_ws/src/uuv_simulator/install/uuv_gazebo_worlds/share/uuv_gazebo_worlds/models/herkules_ship_wreck/model.sdf
-- Symlinking: /home/brenda/RBIM_ws/src/uuv_simulator/install/uuv_gazebo_worlds/share/uuv_gazebo_worlds/models/hot_stab/meshes/HotStab.dae
-- Symlinking: /home/brenda/RBIM_ws/src/uuv_simulator/install/uuv_gazebo_worlds/share/uuv_gazebo_worlds/models/hot_stab/model.config
-- Symlinking: /home/brenda/RBIM_ws/src/uuv_simulator/install/uuv_gazebo_worlds/share/uuv_gazebo_worlds/models/hot_stab/model.sdf
-- Symlinking: /home/brenda/RBIM_ws/src/uuv_simulator/install/uuv_gazebo_worlds/share/uuv_gazebo_worlds/models/lake/meshes/LakeBottom.dae
-- Symlinking: /home/brenda/RBIM_ws/src/uuv_simulator/install/uuv_gazebo_worlds/share/uuv_gazebo_worlds/models/lake/meshes/WaterSurface.dae
-- Symlinking: /home/brenda/RBIM_ws/src/uuv_simulator/install/uuv_gazebo_worlds/share/uuv_gazebo_worlds/models/lake/model.config
-- Symlinking: /home/brenda/RBIM_ws/src/uuv_simulator/install/uuv_gazebo_worlds/share/uuv_gazebo_worlds/models/lake/model.sdf
-- Symlinking: /home/brenda/RBIM_ws/src/uuv_simulator/install/uuv_gazebo_worlds/share/uuv_gazebo_worlds/models/mangalia/meshes/170427_Seabed8_textured.blend
-- Symlinking: /home/brenda/RBIM_ws/src/uuv_simulator/install/uuv_gazebo_worlds/share/uuv_gazebo_worlds/models/mangalia/meshes/170427_Seabed8_textured.dae
-- Symlinking: /home/brenda/RBIM_ws/src/uuv_simulator/install/uuv_gazebo_worlds/share/uuv_gazebo_worlds/models/mangalia/meshes/License and source for textures.txt
-- Symlinking: /home/brenda/RBIM_ws/src/uuv_simulator/install/uuv_gazebo_worlds/share/uuv_gazebo_worlds/models/mangalia/meshes/MangaliaTerrain.dae
-- Symlinking: /home/brenda/RBIM_ws/src/uuv_simulator/install/uuv_gazebo_worlds/share/uuv_gazebo_worlds/models/mangalia/meshes/grass_grass_0101_02_tiled_s.jpg
-- Symlinking: /home/brenda/RBIM_ws/src/uuv_simulator/install/uuv_gazebo_worlds/share/uuv_gazebo_worlds/models/mangalia/meshes/ground_stone_ground_0029_02_tiled_s.jpg
-- Symlinking: /home/brenda/RBIM_ws/src/uuv_simulator/install/uuv_gazebo_worlds/share/uuv_gazebo_worlds/models/mangalia/model.config
-- Symlinking: /home/brenda/RBIM_ws/src/uuv_simulator/install/uuv_gazebo_worlds/share/uuv_gazebo_worlds/models/mangalia/model.sdf
-- Symlinking: /home/brenda/RBIM_ws/src/uuv_simulator/install/uuv_gazebo_worlds/share/uuv_gazebo_worlds/models/munkholmen/meshes/munkholmen.dae
-- Symlinking: /home/brenda/RBIM_ws/src/uuv_simulator/install/uuv_gazebo_worlds/share/uuv_gazebo_worlds/models/munkholmen/model.config
-- Symlinking: /home/brenda/RBIM_ws/src/uuv_simulator/install/uuv_gazebo_worlds/share/uuv_gazebo_worlds/models/munkholmen/model.sdf
-- Symlinking: /home/brenda/RBIM_ws/src/uuv_simulator/install/uuv_gazebo_worlds/share/uuv_gazebo_worlds/models/munkholmen_seabed/meshes/seabed.dae
-- Symlinking: /home/brenda/RBIM_ws/src/uuv_simulator/install/uuv_gazebo_worlds/share/uuv_gazebo_worlds/models/munkholmen_seabed/model.config
-- Symlinking: /home/brenda/RBIM_ws/src/uuv_simulator/install/uuv_gazebo_worlds/share/uuv_gazebo_worlds/models/munkholmen_seabed/model.sdf
-- Symlinking: /home/brenda/RBIM_ws/src/uuv_simulator/install/uuv_gazebo_worlds/share/uuv_gazebo_worlds/models/ned_frame/model.config
-- Symlinking: /home/brenda/RBIM_ws/src/uuv_simulator/install/uuv_gazebo_worlds/share/uuv_gazebo_worlds/models/ned_frame/model.sdf
-- Symlinking: /home/brenda/RBIM_ws/src/uuv_simulator/install/uuv_gazebo_worlds/share/uuv_gazebo_worlds/models/ocean/model.config
-- Symlinking: /home/brenda/RBIM_ws/src/uuv_simulator/install/uuv_gazebo_worlds/share/uuv_gazebo_worlds/models/ocean/model.sdf
-- Symlinking: /home/brenda/RBIM_ws/src/uuv_simulator/install/uuv_gazebo_worlds/share/uuv_gazebo_worlds/models/ocean_box/model.config
-- Symlinking: /home/brenda/RBIM_ws/src/uuv_simulator/install/uuv_gazebo_worlds/share/uuv_gazebo_worlds/models/ocean_box/model.sdf
-- Symlinking: /home/brenda/RBIM_ws/src/uuv_simulator/install/uuv_gazebo_worlds/share/uuv_gazebo_worlds/models/rov_bop_panel/meshes/BOP_Panel.dae
-- Symlinking: /home/brenda/RBIM_ws/src/uuv_simulator/install/uuv_gazebo_worlds/share/uuv_gazebo_worlds/models/rov_bop_panel/meshes/License and source texture.txt
-- Symlinking: /home/brenda/RBIM_ws/src/uuv_simulator/install/uuv_gazebo_worlds/share/uuv_gazebo_worlds/models/rov_bop_panel/meshes/SmallValve.dae
-- Symlinking: /home/brenda/RBIM_ws/src/uuv_simulator/install/uuv_gazebo_worlds/share/uuv_gazebo_worlds/models/rov_bop_panel/meshes/Valve.dae
-- Symlinking: /home/brenda/RBIM_ws/src/uuv_simulator/install/uuv_gazebo_worlds/share/uuv_gazebo_worlds/models/rov_bop_panel/meshes/metal_bare_0045_01.jpg
-- Symlinking: /home/brenda/RBIM_ws/src/uuv_simulator/install/uuv_gazebo_worlds/share/uuv_gazebo_worlds/models/rov_bop_panel/model.config
-- Symlinking: /home/brenda/RBIM_ws/src/uuv_simulator/install/uuv_gazebo_worlds/share/uuv_gazebo_worlds/models/rov_bop_panel/model.sdf
-- Symlinking: /home/brenda/RBIM_ws/src/uuv_simulator/install/uuv_gazebo_worlds/share/uuv_gazebo_worlds/models/sand_heightmap/meshes/License and source for textures.txt
-- Symlinking: /home/brenda/RBIM_ws/src/uuv_simulator/install/uuv_gazebo_worlds/share/uuv_gazebo_worlds/models/sand_heightmap/meshes/heightmap.dae
-- Symlinking: /home/brenda/RBIM_ws/src/uuv_simulator/install/uuv_gazebo_worlds/share/uuv_gazebo_worlds/models/sand_heightmap/meshes/soil_sand_0045_01.jpg
-- Symlinking: /home/brenda/RBIM_ws/src/uuv_simulator/install/uuv_gazebo_worlds/share/uuv_gazebo_worlds/models/sand_heightmap/model.config
-- Symlinking: /home/brenda/RBIM_ws/src/uuv_simulator/install/uuv_gazebo_worlds/share/uuv_gazebo_worlds/models/sand_heightmap/model.sdf
-- Symlinking: /home/brenda/RBIM_ws/src/uuv_simulator/install/uuv_gazebo_worlds/share/uuv_gazebo_worlds/models/sea_bottom/model.config
-- Symlinking: /home/brenda/RBIM_ws/src/uuv_simulator/install/uuv_gazebo_worlds/share/uuv_gazebo_worlds/models/sea_bottom/model.sdf
-- Symlinking: /home/brenda/RBIM_ws/src/uuv_simulator/install/uuv_gazebo_worlds/share/uuv_gazebo_worlds/models/sea_surface/model.config
-- Symlinking: /home/brenda/RBIM_ws/src/uuv_simulator/install/uuv_gazebo_worlds/share/uuv_gazebo_worlds/models/sea_surface/model.sdf
-- Symlinking: /home/brenda/RBIM_ws/src/uuv_simulator/install/uuv_gazebo_worlds/share/uuv_gazebo_worlds/models/t_bar_fork_tool/meshes/TBarForkTool.dae
-- Symlinking: /home/brenda/RBIM_ws/src/uuv_simulator/install/uuv_gazebo_worlds/share/uuv_gazebo_worlds/models/t_bar_fork_tool/model.config
-- Symlinking: /home/brenda/RBIM_ws/src/uuv_simulator/install/uuv_gazebo_worlds/share/uuv_gazebo_worlds/models/t_bar_fork_tool/model.sdf
-- Symlinking: /home/brenda/RBIM_ws/src/uuv_simulator/install/uuv_gazebo_worlds/share/uuv_gazebo_worlds/models/torque_tool/meshes/TorqueTool.dae
-- Symlinking: /home/brenda/RBIM_ws/src/uuv_simulator/install/uuv_gazebo_worlds/share/uuv_gazebo_worlds/models/torque_tool/model.config
-- Symlinking: /home/brenda/RBIM_ws/src/uuv_simulator/install/uuv_gazebo_worlds/share/uuv_gazebo_worlds/models/torque_tool/model.sdf
-- Symlinking: /home/brenda/RBIM_ws/src/uuv_simulator/install/uuv_gazebo_worlds/share/uuv_gazebo_worlds/models/tree/meshes/Tree.dae
-- Symlinking: /home/brenda/RBIM_ws/src/uuv_simulator/install/uuv_gazebo_worlds/share/uuv_gazebo_worlds/models/tree/model.config
-- Symlinking: /home/brenda/RBIM_ws/src/uuv_simulator/install/uuv_gazebo_worlds/share/uuv_gazebo_worlds/models/tree/model.sdf
-- Symlinking: /home/brenda/RBIM_ws/src/uuv_simulator/install/uuv_gazebo_worlds/share/uuv_gazebo_worlds/models/umbilical/model.config
-- Symlinking: /home/brenda/RBIM_ws/src/uuv_simulator/install/uuv_gazebo_worlds/share/uuv_gazebo_worlds/models/umbilical/model.sdf
-- Symlinking: /home/brenda/RBIM_ws/src/uuv_simulator/install/uuv_gazebo_worlds/share/uuv_gazebo_worlds/environment/uuv_gazebo_worlds.sh
-- Symlinking: /home/brenda/RBIM_ws/src/uuv_simulator/install/uuv_gazebo_worlds/share/uuv_gazebo_worlds/environment/uuv_gazebo_worlds.dsv
-- Symlinking: /home/brenda/RBIM_ws/src/uuv_simulator/install/uuv_gazebo_worlds/share/ament_index/resource_index/package_run_dependencies/uuv_gazebo_worlds
-- Symlinking: /home/brenda/RBIM_ws/src/uuv_simulator/install/uuv_gazebo_worlds/share/ament_index/resource_index/parent_prefix_path/uuv_gazebo_worlds
-- Symlinking: /home/brenda/RBIM_ws/src/uuv_simulator/install/uuv_gazebo_worlds/share/uuv_gazebo_worlds/environment/ament_prefix_path.sh
-- Symlinking: /home/brenda/RBIM_ws/src/uuv_simulator/install/uuv_gazebo_worlds/share/uuv_gazebo_worlds/environment/ament_prefix_path.dsv
-- Symlinking: /home/brenda/RBIM_ws/src/uuv_simulator/install/uuv_gazebo_worlds/share/uuv_gazebo_worlds/environment/path.sh
-- Symlinking: /home/brenda/RBIM_ws/src/uuv_simulator/install/uuv_gazebo_worlds/share/uuv_gazebo_worlds/environment/path.dsv
-- Symlinking: /home/brenda/RBIM_ws/src/uuv_simulator/install/uuv_gazebo_worlds/share/uuv_gazebo_worlds/local_setup.bash
-- Symlinking: /home/brenda/RBIM_ws/src/uuv_simulator/install/uuv_gazebo_worlds/share/uuv_gazebo_worlds/local_setup.sh
-- Symlinking: /home/brenda/RBIM_ws/src/uuv_simulator/install/uuv_gazebo_worlds/share/uuv_gazebo_worlds/local_setup.zsh
-- Symlinking: /home/brenda/RBIM_ws/src/uuv_simulator/install/uuv_gazebo_worlds/share/uuv_gazebo_worlds/local_setup.dsv
-- Symlinking: /home/brenda/RBIM_ws/src/uuv_simulator/install/uuv_gazebo_worlds/share/uuv_gazebo_worlds/package.dsv
-- Symlinking: /home/brenda/RBIM_ws/src/uuv_simulator/install/uuv_gazebo_worlds/share/ament_index/resource_index/packages/uuv_gazebo_worlds
-- Symlinking: /home/brenda/RBIM_ws/src/uuv_simulator/install/uuv_gazebo_worlds/share/uuv_gazebo_worlds/cmake/uuv_gazebo_worldsConfig.cmake
-- Symlinking: /home/brenda/RBIM_ws/src/uuv_simulator/install/uuv_gazebo_worlds/share/uuv_gazebo_worlds/cmake/uuv_gazebo_worldsConfig-version.cmake
-- Symlinking: /home/brenda/RBIM_ws/src/uuv_simulator/install/uuv_gazebo_worlds/share/uuv_gazebo_worlds/package.xml
