-- Install configuration: ""
-- Execute custom install script
-- Up-to-date symlink: /home/brenda/RBIM_ws/src/uuv_simulator/install/rbim_description/share/rbim_description/meshes/README.md
-- Up-to-date symlink: /home/brenda/RBIM_ws/src/uuv_simulator/install/rbim_description/share/rbim_description/meshes/base.dae
-- Up-to-date symlink: /home/brenda/RBIM_ws/src/uuv_simulator/install/rbim_description/share/rbim_description/meshes/wheel.STL
-- Up-to-date symlink: /home/brenda/RBIM_ws/src/uuv_simulator/install/rbim_description/share/rbim_description/urdf/actuators.xacro
-- Up-to-date symlink: /home/brenda/RBIM_ws/src/uuv_simulator/install/rbim_description/share/rbim_description/urdf/ball.xacro
-- Up-to-date symlink: /home/brenda/RBIM_ws/src/uuv_simulator/install/rbim_description/share/rbim_description/urdf/base.xacro
-- Up-to-date symlink: /home/brenda/RBIM_ws/src/uuv_simulator/install/rbim_description/share/rbim_description/urdf/default.xacro
-- Up-to-date symlink: /home/brenda/RBIM_ws/src/uuv_simulator/install/rbim_description/share/rbim_description/urdf/gazebo.xacro
-- Up-to-date symlink: /home/brenda/RBIM_ws/src/uuv_simulator/install/rbim_description/share/rbim_description/urdf/sensors.xacro
-- Up-to-date symlink: /home/brenda/RBIM_ws/src/uuv_simulator/install/rbim_description/share/rbim_description/urdf/snippets.xacro
-- Up-to-date symlink: /home/brenda/RBIM_ws/src/uuv_simulator/install/rbim_description/share/rbim_description/launch/spawn_ball.launch.py
-- Up-to-date symlink: /home/brenda/RBIM_ws/src/uuv_simulator/install/rbim_description/share/rbim_description/launch/spawn_rbim.launch.py
-- Up-to-date symlink: /home/brenda/RBIM_ws/src/uuv_simulator/install/rbim_description/share/ament_index/resource_index/package_run_dependencies/rbim_description
-- Up-to-date symlink: /home/brenda/RBIM_ws/src/uuv_simulator/install/rbim_description/share/ament_index/resource_index/parent_prefix_path/rbim_description
-- Up-to-date symlink: /home/brenda/RBIM_ws/src/uuv_simulator/install/rbim_description/share/rbim_description/environment/ament_prefix_path.sh
-- Up-to-date symlink: /home/brenda/RBIM_ws/src/uuv_simulator/install/rbim_description/share/rbim_description/environment/ament_prefix_path.dsv
-- Up-to-date symlink: /home/brenda/RBIM_ws/src/uuv_simulator/install/rbim_description/share/rbim_description/environment/path.sh
-- Up-to-date symlink: /home/brenda/RBIM_ws/src/uuv_simulator/install/rbim_description/share/rbim_description/environment/path.dsv
-- Up-to-date symlink: /home/brenda/RBIM_ws/src/uuv_simulator/install/rbim_description/share/rbim_description/local_setup.bash
-- Up-to-date symlink: /home/brenda/RBIM_ws/src/uuv_simulator/install/rbim_description/share/rbim_description/local_setup.sh
-- Up-to-date symlink: /home/brenda/RBIM_ws/src/uuv_simulator/install/rbim_description/share/rbim_description/local_setup.zsh
-- Up-to-date symlink: /home/brenda/RBIM_ws/src/uuv_simulator/install/rbim_description/share/rbim_description/local_setup.dsv
-- Symlinking: /home/brenda/RBIM_ws/src/uuv_simulator/install/rbim_description/share/rbim_description/package.dsv
-- Up-to-date symlink: /home/brenda/RBIM_ws/src/uuv_simulator/install/rbim_description/share/ament_index/resource_index/packages/rbim_description
-- Up-to-date symlink: /home/brenda/RBIM_ws/src/uuv_simulator/install/rbim_description/share/rbim_description/cmake/rbim_descriptionConfig.cmake
-- Up-to-date symlink: /home/brenda/RBIM_ws/src/uuv_simulator/install/rbim_description/share/rbim_description/cmake/rbim_descriptionConfig-version.cmake
-- Up-to-date symlink: /home/brenda/RBIM_ws/src/uuv_simulator/install/rbim_description/share/rbim_description/package.xml
