[0.045s] Invoking command in '/home/brenda/RBIM_ws/src/uuv_simulator/build/rbim_description': CMAKE_PREFIX_PATH=/opt/ros/foxy:${CMAKE_PREFIX_PATH} /usr/bin/cmake /home/brenda/RBIM_ws/src/uuv_simulator/rbim_description -DCMAKE_INSTALL_PREFIX=/home/brenda/RBIM_ws/src/uuv_simulator/install/rbim_description
[1.590s] -- The C compiler identification is GNU 9.3.0
[2.786s] -- The CXX compiler identification is GNU 9.3.0
[2.857s] -- Check for working C compiler: /usr/bin/cc
[3.005s] -- Check for working C compiler: /usr/bin/cc -- works
[3.005s] -- Detecting C compiler ABI info
[3.119s] -- Detecting C compiler ABI info - done
[3.144s] -- Detecting C compile features
[3.155s] -- Detecting C compile features - done
[3.159s] -- Check for working CXX compiler: /usr/bin/c++
[3.306s] -- Check for working CXX compiler: /usr/bin/c++ -- works
[3.308s] -- Detecting CXX compiler ABI info
[3.445s] -- Detecting CXX compiler ABI info - done
[3.473s] -- Detecting CXX compile features
[3.474s] -- Detecting CXX compile features - done
[3.476s] -- Found ament_cmake: 0.9.6 (/opt/ros/foxy/share/ament_cmake/cmake)
[3.519s] -- Found PythonInterp: /usr/bin/python3 (found suitable version "3.8.5", minimum required is "3") 
[3.520s] -- Using PYTHON_EXECUTABLE: /usr/bin/python3
[3.839s] -- Found urdf: 2.4.0 (/opt/ros/foxy/share/urdf/cmake)
[3.980s] -- Configuring done
[3.982s] -- Generating done
[3.983s] -- Build files have been written to: /home/brenda/RBIM_ws/src/uuv_simulator/build/rbim_description
[4.007s] Invoked command in '/home/brenda/RBIM_ws/src/uuv_simulator/build/rbim_description' returned '0': CMAKE_PREFIX_PATH=/opt/ros/foxy:${CMAKE_PREFIX_PATH} /usr/bin/cmake /home/brenda/RBIM_ws/src/uuv_simulator/rbim_description -DCMAKE_INSTALL_PREFIX=/home/brenda/RBIM_ws/src/uuv_simulator/install/rbim_description
[4.008s] Invoking command in '/home/brenda/RBIM_ws/src/uuv_simulator/build/rbim_description': CMAKE_PREFIX_PATH=/opt/ros/foxy:${CMAKE_PREFIX_PATH} /usr/bin/cmake --build /home/brenda/RBIM_ws/src/uuv_simulator/build/rbim_description -- -j8 -l8
[4.085s] Invoked command in '/home/brenda/RBIM_ws/src/uuv_simulator/build/rbim_description' returned '0': CMAKE_PREFIX_PATH=/opt/ros/foxy:${CMAKE_PREFIX_PATH} /usr/bin/cmake --build /home/brenda/RBIM_ws/src/uuv_simulator/build/rbim_description -- -j8 -l8
[4.134s] Invoking command in '/home/brenda/RBIM_ws/src/uuv_simulator/build/rbim_description': CMAKE_PREFIX_PATH=/opt/ros/foxy:${CMAKE_PREFIX_PATH} /usr/bin/cmake --install /home/brenda/RBIM_ws/src/uuv_simulator/build/rbim_description
[4.166s] -- Install configuration: ""
[4.166s] -- Installing: /home/brenda/RBIM_ws/src/uuv_simulator/install/rbim_description/share/rbim_description/meshes
[4.166s] -- Installing: /home/brenda/RBIM_ws/src/uuv_simulator/install/rbim_description/share/rbim_description/meshes/README.md
[4.166s] -- Installing: /home/brenda/RBIM_ws/src/uuv_simulator/install/rbim_description/share/rbim_description/meshes/wheel.STL
[4.167s] -- Installing: /home/brenda/RBIM_ws/src/uuv_simulator/install/rbim_description/share/rbim_description/meshes/base.dae
[4.214s] -- Installing: /home/brenda/RBIM_ws/src/uuv_simulator/install/rbim_description/share/rbim_description/urdf
[4.214s] -- Installing: /home/brenda/RBIM_ws/src/uuv_simulator/install/rbim_description/share/rbim_description/urdf/actuators.xacro
[4.214s] -- Installing: /home/brenda/RBIM_ws/src/uuv_simulator/install/rbim_description/share/rbim_description/urdf/ball.xacro
[4.214s] -- Installing: /home/brenda/RBIM_ws/src/uuv_simulator/install/rbim_description/share/rbim_description/urdf/default.xacro
[4.214s] -- Installing: /home/brenda/RBIM_ws/src/uuv_simulator/install/rbim_description/share/rbim_description/urdf/sensors.xacro
[4.214s] -- Installing: /home/brenda/RBIM_ws/src/uuv_simulator/install/rbim_description/share/rbim_description/urdf/gazebo.xacro
[4.214s] -- Installing: /home/brenda/RBIM_ws/src/uuv_simulator/install/rbim_description/share/rbim_description/urdf/snippets.xacro
[4.215s] -- Installing: /home/brenda/RBIM_ws/src/uuv_simulator/install/rbim_description/share/rbim_description/urdf/base.xacro
[4.215s] -- Installing: /home/brenda/RBIM_ws/src/uuv_simulator/install/rbim_description/share/rbim_description/launch
[4.215s] -- Installing: /home/brenda/RBIM_ws/src/uuv_simulator/install/rbim_description/share/rbim_description/launch/spawn_rbim.launch.py
[4.215s] -- Installing: /home/brenda/RBIM_ws/src/uuv_simulator/install/rbim_description/share/rbim_description/launch/spawn_ball.launch.py
[4.215s] -- Installing: /home/brenda/RBIM_ws/src/uuv_simulator/install/rbim_description/share/ament_index/resource_index/package_run_dependencies/rbim_description
[4.215s] -- Installing: /home/brenda/RBIM_ws/src/uuv_simulator/install/rbim_description/share/ament_index/resource_index/parent_prefix_path/rbim_description
[4.215s] -- Installing: /home/brenda/RBIM_ws/src/uuv_simulator/install/rbim_description/share/rbim_description/environment/ament_prefix_path.sh
[4.216s] -- Installing: /home/brenda/RBIM_ws/src/uuv_simulator/install/rbim_description/share/rbim_description/environment/ament_prefix_path.dsv
[4.216s] -- Installing: /home/brenda/RBIM_ws/src/uuv_simulator/install/rbim_description/share/rbim_description/environment/path.sh
[4.216s] -- Installing: /home/brenda/RBIM_ws/src/uuv_simulator/install/rbim_description/share/rbim_description/environment/path.dsv
[4.216s] -- Installing: /home/brenda/RBIM_ws/src/uuv_simulator/install/rbim_description/share/rbim_description/local_setup.bash
[4.216s] -- Installing: /home/brenda/RBIM_ws/src/uuv_simulator/install/rbim_description/share/rbim_description/local_setup.sh
[4.216s] -- Installing: /home/brenda/RBIM_ws/src/uuv_simulator/install/rbim_description/share/rbim_description/local_setup.zsh
[4.216s] -- Installing: /home/brenda/RBIM_ws/src/uuv_simulator/install/rbim_description/share/rbim_description/local_setup.dsv
[4.216s] -- Installing: /home/brenda/RBIM_ws/src/uuv_simulator/install/rbim_description/share/rbim_description/package.dsv
[4.217s] -- Installing: /home/brenda/RBIM_ws/src/uuv_simulator/install/rbim_description/share/ament_index/resource_index/packages/rbim_description
[4.217s] -- Installing: /home/brenda/RBIM_ws/src/uuv_simulator/install/rbim_description/share/rbim_description/cmake/rbim_descriptionConfig.cmake
[4.217s] -- Installing: /home/brenda/RBIM_ws/src/uuv_simulator/install/rbim_description/share/rbim_description/cmake/rbim_descriptionConfig-version.cmake
[4.217s] -- Installing: /home/brenda/RBIM_ws/src/uuv_simulator/install/rbim_description/share/rbim_description/package.xml
[4.221s] Invoked command in '/home/brenda/RBIM_ws/src/uuv_simulator/build/rbim_description' returned '0': CMAKE_PREFIX_PATH=/opt/ros/foxy:${CMAKE_PREFIX_PATH} /usr/bin/cmake --install /home/brenda/RBIM_ws/src/uuv_simulator/build/rbim_description
