-- The C compiler identification is GNU 9.3.0
-- The CXX compiler identification is GNU 9.3.0
-- Check for working C compiler: /usr/bin/cc
-- Check for working C compiler: /usr/bin/cc -- works
-- Detecting C compiler ABI info
-- Detecting C compiler ABI info - done
-- Detecting C compile features
-- Detecting C compile features - done
-- Check for working CXX compiler: /usr/bin/c++
-- Check for working CXX compiler: /usr/bin/c++ -- works
-- Detecting CXX compiler ABI info
-- Detecting CXX compiler ABI info - done
-- Detecting CXX compile features
-- Detecting CXX compile features - done
-- Found ament_cmake: 0.9.6 (/opt/ros/foxy/share/ament_cmake/cmake)
-- Found PythonInterp: /usr/bin/python3 (found suitable version "3.8.5", minimum required is "3") 
-- Using PYTHON_EXECUTABLE: /usr/bin/python3
-- Found gazebo_dev: 3.5.0 (/opt/ros/foxy/share/gazebo_dev/cmake)
-- Found PkgConfig: /usr/bin/pkg-config (found version "0.29.1") 
-- Checking for module 'bullet>=2.82'
--   Found bullet, version 2.88
-- Found ccd: /usr/include (found suitable version "2.0", minimum required is "2.0") 
-- Found fcl: /usr/include (found suitable version "0.5.0", minimum required is "0.3.2") 
-- Found assimp: /usr/include (found version "5.0.0") 
-- Found DART: /usr/include (Required is at least version "6.6") found components: dart 
-- Found Boost: /usr/lib/x86_64-linux-gnu/cmake/Boost-1.71.0/BoostConfig.cmake (found suitable version "1.71.0", minimum required is "1.40.0") found components: thread system filesystem program_options regex iostreams date_time 
-- Found Protobuf: /usr/lib/x86_64-linux-gnu/libprotobuf.so;-lpthread (found version "3.6.1") 
-- Looking for ignition-math6 -- found version 6.4.0
-- Searching for dependencies of ignition-math6
-- Looking for OGRE...
-- OGRE_PREFIX_WATCH changed.
-- Checking for module 'OGRE'
--   Found OGRE, version 1.9.0
-- Found Ogre Ghadamon (1.9.0)
-- Found OGRE: optimized;/usr/lib/x86_64-linux-gnu/libOgreMain.so;debug;/usr/lib/x86_64-linux-gnu/libOgreMain.so
-- Looking for OGRE_Paging...
-- Found OGRE_Paging: optimized;/usr/lib/x86_64-linux-gnu/libOgrePaging.so;debug;/usr/lib/x86_64-linux-gnu/libOgrePaging.so
-- Looking for OGRE_Terrain...
-- Found OGRE_Terrain: optimized;/usr/lib/x86_64-linux-gnu/libOgreTerrain.so;debug;/usr/lib/x86_64-linux-gnu/libOgreTerrain.so
-- Looking for OGRE_Property...
-- Found OGRE_Property: optimized;/usr/lib/x86_64-linux-gnu/libOgreProperty.so;debug;/usr/lib/x86_64-linux-gnu/libOgreProperty.so
-- Looking for OGRE_RTShaderSystem...
-- Found OGRE_RTShaderSystem: optimized;/usr/lib/x86_64-linux-gnu/libOgreRTShaderSystem.so;debug;/usr/lib/x86_64-linux-gnu/libOgreRTShaderSystem.so
-- Looking for OGRE_Volume...
-- Found OGRE_Volume: optimized;/usr/lib/x86_64-linux-gnu/libOgreVolume.so;debug;/usr/lib/x86_64-linux-gnu/libOgreVolume.so
-- Looking for OGRE_Overlay...
-- Found OGRE_Overlay: optimized;/usr/lib/x86_64-linux-gnu/libOgreOverlay.so;debug;/usr/lib/x86_64-linux-gnu/libOgreOverlay.so
-- Looking for ignition-math6 -- found version 6.4.0
-- Looking for ignition-transport8 -- found version 8.1.0
-- Searching for dependencies of ignition-transport8
-- Found Protobuf: /usr/lib/x86_64-linux-gnu/libprotobuf.so;-lpthread (found suitable version "3.6.1", minimum required is "3") 
-- Config-file not installed for ZeroMQ -- checking for pkg-config
-- Checking for module 'libzmq >= 4'
--   Found libzmq , version 4.3.2
-- Found ZeroMQ: TRUE (Required is at least version "4") 
-- Checking for module 'uuid'
--   Found uuid, version 2.34.0
-- Found UUID: TRUE  
-- Looking for ignition-msgs5 -- found version 5.3.0
-- Searching for dependencies of ignition-msgs5
-- Looking for ignition-math6 -- found version 6.4.0
-- Checking for module 'tinyxml2'
--   Found tinyxml2, version 6.2.0
-- Looking for ignition-msgs5 -- found version 5.3.0
-- Looking for ignition-common3 -- found version 3.6.0
-- Searching for dependencies of ignition-common3
-- Looking for dlfcn.h - found
-- Looking for libdl - found
-- Found DL: TRUE  
-- Searching for <ignition-common3> component [graphics]
-- Looking for ignition-common3-graphics -- found version 3.6.0
-- Searching for dependencies of ignition-common3-graphics
-- Looking for ignition-math6 -- found version 6.4.0
-- Looking for ignition-fuel_tools4 -- found version 4.2.1
-- Searching for dependencies of ignition-fuel_tools4
-- Found CURL: /usr/lib/x86_64-linux-gnu/libcurl.so (found version "7.68.0")  
-- Checking for module 'jsoncpp'
--   Found jsoncpp, version 1.7.4
-- Found JSONCPP: TRUE  
-- Checking for module 'libzip'
--   Found libzip, version 1.5.1
-- Found ZIP: TRUE  
-- Looking for ignition-common3 -- found version 3.6.0
-- Looking for ignition-msgs5 -- found version 5.3.0
-- Gazebo version: 11.1
-- Found gazebo_ros: 3.5.0 (/opt/ros/foxy/share/gazebo_ros/cmake)
-- Using all available rosidl_typesupport_c: rosidl_typesupport_fastrtps_c;rosidl_typesupport_introspection_c
-- Found rosidl_adapter: 1.1.0 (/opt/ros/foxy/share/rosidl_adapter/cmake)
-- Found OpenSSL: /usr/lib/x86_64-linux-gnu/libcrypto.so (found version "1.1.1f")  
-- Found FastRTPS: /opt/ros/foxy/include  
-- Using all available rosidl_typesupport_cpp: rosidl_typesupport_fastrtps_cpp;rosidl_typesupport_introspection_cpp
-- Found rmw_implementation_cmake: 1.0.1 (/opt/ros/foxy/share/rmw_implementation_cmake/cmake)
-- Using RMW implementation 'rmw_fastrtps_cpp' as default
-- Found Threads: TRUE  
-- Configuring done
-- Generating done
-- Build files have been written to: /home/brenda/RBIM_ws/src/uuv_simulator/build/uuv_gazebo_worlds
-- Install configuration: ""
-- Installing: /home/brenda/RBIM_ws/src/uuv_simulator/install/uuv_gazebo_worlds/share/uuv_gazebo_worlds/launch
-- Installing: /home/brenda/RBIM_ws/src/uuv_simulator/install/uuv_gazebo_worlds/share/uuv_gazebo_worlds/launch/empty_underwater_world.launch.py
-- Installing: /home/brenda/RBIM_ws/src/uuv_simulator/install/uuv_gazebo_worlds/share/uuv_gazebo_worlds/media
-- Installing: /home/brenda/RBIM_ws/src/uuv_simulator/install/uuv_gazebo_worlds/share/uuv_gazebo_worlds/media/materials
-- Installing: /home/brenda/RBIM_ws/src/uuv_simulator/install/uuv_gazebo_worlds/share/uuv_gazebo_worlds/media/materials/scripts
-- Installing: /home/brenda/RBIM_ws/src/uuv_simulator/install/uuv_gazebo_worlds/share/uuv_gazebo_worlds/media/materials/scripts/waves.material
-- Installing: /home/brenda/RBIM_ws/src/uuv_simulator/install/uuv_gazebo_worlds/share/uuv_gazebo_worlds/media/materials/scripts/water.material
-- Installing: /home/brenda/RBIM_ws/src/uuv_simulator/install/uuv_gazebo_worlds/share/uuv_gazebo_worlds/media/materials/scripts/fiducials.material
-- Installing: /home/brenda/RBIM_ws/src/uuv_simulator/install/uuv_gazebo_worlds/share/uuv_gazebo_worlds/media/materials/scripts/sand.material
-- Installing: /home/brenda/RBIM_ws/src/uuv_simulator/install/uuv_gazebo_worlds/share/uuv_gazebo_worlds/media/materials/programs
-- Installing: /home/brenda/RBIM_ws/src/uuv_simulator/install/uuv_gazebo_worlds/share/uuv_gazebo_worlds/media/materials/programs/SimpleWaves.frag
-- Installing: /home/brenda/RBIM_ws/src/uuv_simulator/install/uuv_gazebo_worlds/share/uuv_gazebo_worlds/media/materials/programs/SimpleWaves.vert
-- Installing: /home/brenda/RBIM_ws/src/uuv_simulator/install/uuv_gazebo_worlds/share/uuv_gazebo_worlds/media/materials/textures
-- Installing: /home/brenda/RBIM_ws/src/uuv_simulator/install/uuv_gazebo_worlds/share/uuv_gazebo_worlds/media/materials/textures/clouds_rt.jpg
-- Installing: /home/brenda/RBIM_ws/src/uuv_simulator/install/uuv_gazebo_worlds/share/uuv_gazebo_worlds/media/materials/textures/clouds_fr.jpg
-- Installing: /home/brenda/RBIM_ws/src/uuv_simulator/install/uuv_gazebo_worlds/share/uuv_gazebo_worlds/media/materials/textures/clouds_lf.jpg
-- Installing: /home/brenda/RBIM_ws/src/uuv_simulator/install/uuv_gazebo_worlds/share/uuv_gazebo_worlds/media/materials/textures/clouds_dn.jpg
-- Installing: /home/brenda/RBIM_ws/src/uuv_simulator/install/uuv_gazebo_worlds/share/uuv_gazebo_worlds/media/materials/textures/water_water_0076_03_s.jpg
-- Installing: /home/brenda/RBIM_ws/src/uuv_simulator/install/uuv_gazebo_worlds/share/uuv_gazebo_worlds/media/materials/textures/clouds.jpg
-- Installing: /home/brenda/RBIM_ws/src/uuv_simulator/install/uuv_gazebo_worlds/share/uuv_gazebo_worlds/media/materials/textures/clouds_bk.jpg
-- Installing: /home/brenda/RBIM_ws/src/uuv_simulator/install/uuv_gazebo_worlds/share/uuv_gazebo_worlds/media/materials/textures/fiducials
-- Installing: /home/brenda/RBIM_ws/src/uuv_simulator/install/uuv_gazebo_worlds/share/uuv_gazebo_worlds/media/materials/textures/fiducials/aruco_4.png
-- Installing: /home/brenda/RBIM_ws/src/uuv_simulator/install/uuv_gazebo_worlds/share/uuv_gazebo_worlds/media/materials/textures/fiducials/aruco_5.png
-- Installing: /home/brenda/RBIM_ws/src/uuv_simulator/install/uuv_gazebo_worlds/share/uuv_gazebo_worlds/media/materials/textures/fiducials/aruco_3.png
-- Installing: /home/brenda/RBIM_ws/src/uuv_simulator/install/uuv_gazebo_worlds/share/uuv_gazebo_worlds/media/materials/textures/fiducials/aruco_1.png
-- Installing: /home/brenda/RBIM_ws/src/uuv_simulator/install/uuv_gazebo_worlds/share/uuv_gazebo_worlds/media/materials/textures/fiducials/License and source for textures.txt
-- Installing: /home/brenda/RBIM_ws/src/uuv_simulator/install/uuv_gazebo_worlds/share/uuv_gazebo_worlds/media/materials/textures/fiducials/aruco_2.png
-- Installing: /home/brenda/RBIM_ws/src/uuv_simulator/install/uuv_gazebo_worlds/share/uuv_gazebo_worlds/media/materials/textures/water_water_0051_01.jpg
-- Installing: /home/brenda/RBIM_ws/src/uuv_simulator/install/uuv_gazebo_worlds/share/uuv_gazebo_worlds/media/materials/textures/soil_sand_0045_01.jpg
-- Installing: /home/brenda/RBIM_ws/src/uuv_simulator/install/uuv_gazebo_worlds/share/uuv_gazebo_worlds/media/materials/textures/water_water_0046_01.jpg
-- Installing: /home/brenda/RBIM_ws/src/uuv_simulator/install/uuv_gazebo_worlds/share/uuv_gazebo_worlds/media/materials/textures/License and source for textures.txt
-- Installing: /home/brenda/RBIM_ws/src/uuv_simulator/install/uuv_gazebo_worlds/share/uuv_gazebo_worlds/media/materials/textures/wave_normals.dds
-- Installing: /home/brenda/RBIM_ws/src/uuv_simulator/install/uuv_gazebo_worlds/share/uuv_gazebo_worlds/media/materials/textures/clouds_up.jpg
-- Installing: /home/brenda/RBIM_ws/src/uuv_simulator/install/uuv_gazebo_worlds/share/uuv_gazebo_worlds/media/materials/textures/water_water_0093_01.jpg
-- Installing: /home/brenda/RBIM_ws/src/uuv_simulator/install/uuv_gazebo_worlds/share/uuv_gazebo_worlds/media/models
-- Installing: /home/brenda/RBIM_ws/src/uuv_simulator/install/uuv_gazebo_worlds/share/uuv_gazebo_worlds/media/models/sea_surface_1000m_x_1000m.dae
-- Installing: /home/brenda/RBIM_ws/src/uuv_simulator/install/uuv_gazebo_worlds/share/uuv_gazebo_worlds/worlds
-- Installing: /home/brenda/RBIM_ws/src/uuv_simulator/install/uuv_gazebo_worlds/share/uuv_gazebo_worlds/worlds/ocean_waves.world
-- Installing: /home/brenda/RBIM_ws/src/uuv_simulator/install/uuv_gazebo_worlds/share/uuv_gazebo_worlds/worlds/herkules_ship_wreck.world
-- Installing: /home/brenda/RBIM_ws/src/uuv_simulator/install/uuv_gazebo_worlds/share/uuv_gazebo_worlds/worlds/subsea_bop_panel.world
-- Installing: /home/brenda/RBIM_ws/src/uuv_simulator/install/uuv_gazebo_worlds/share/uuv_gazebo_worlds/worlds/mangalia_manipulation.world
-- Installing: /home/brenda/RBIM_ws/src/uuv_simulator/install/uuv_gazebo_worlds/share/uuv_gazebo_worlds/worlds/auv_underwater_world.world
-- Installing: /home/brenda/RBIM_ws/src/uuv_simulator/install/uuv_gazebo_worlds/share/uuv_gazebo_worlds/worlds/munkholmen.world
-- Installing: /home/brenda/RBIM_ws/src/uuv_simulator/install/uuv_gazebo_worlds/share/uuv_gazebo_worlds/worlds/underwater_heightmap.world
-- Installing: /home/brenda/RBIM_ws/src/uuv_simulator/install/uuv_gazebo_worlds/share/uuv_gazebo_worlds/worlds/lake.world
-- Installing: /home/brenda/RBIM_ws/src/uuv_simulator/install/uuv_gazebo_worlds/share/uuv_gazebo_worlds/worlds/empty_underwater.world
-- Installing: /home/brenda/RBIM_ws/src/uuv_simulator/install/uuv_gazebo_worlds/share/uuv_gazebo_worlds/worlds/mangalia.world
-- Installing: /home/brenda/RBIM_ws/src/uuv_simulator/install/uuv_gazebo_worlds/share/uuv_gazebo_worlds/models
-- Installing: /home/brenda/RBIM_ws/src/uuv_simulator/install/uuv_gazebo_worlds/share/uuv_gazebo_worlds/models/rov_bop_panel
-- Installing: /home/brenda/RBIM_ws/src/uuv_simulator/install/uuv_gazebo_worlds/share/uuv_gazebo_worlds/models/rov_bop_panel/meshes
-- Installing: /home/brenda/RBIM_ws/src/uuv_simulator/install/uuv_gazebo_worlds/share/uuv_gazebo_worlds/models/rov_bop_panel/meshes/Valve.dae
-- Installing: /home/brenda/RBIM_ws/src/uuv_simulator/install/uuv_gazebo_worlds/share/uuv_gazebo_worlds/models/rov_bop_panel/meshes/License and source texture.txt
-- Installing: /home/brenda/RBIM_ws/src/uuv_simulator/install/uuv_gazebo_worlds/share/uuv_gazebo_worlds/models/rov_bop_panel/meshes/SmallValve.dae
-- Installing: /home/brenda/RBIM_ws/src/uuv_simulator/install/uuv_gazebo_worlds/share/uuv_gazebo_worlds/models/rov_bop_panel/meshes/metal_bare_0045_01.jpg
-- Installing: /home/brenda/RBIM_ws/src/uuv_simulator/install/uuv_gazebo_worlds/share/uuv_gazebo_worlds/models/rov_bop_panel/meshes/BOP_Panel.dae
-- Installing: /home/brenda/RBIM_ws/src/uuv_simulator/install/uuv_gazebo_worlds/share/uuv_gazebo_worlds/models/rov_bop_panel/model.config
-- Installing: /home/brenda/RBIM_ws/src/uuv_simulator/install/uuv_gazebo_worlds/share/uuv_gazebo_worlds/models/rov_bop_panel/model.sdf
-- Installing: /home/brenda/RBIM_ws/src/uuv_simulator/install/uuv_gazebo_worlds/share/uuv_gazebo_worlds/models/ocean
-- Installing: /home/brenda/RBIM_ws/src/uuv_simulator/install/uuv_gazebo_worlds/share/uuv_gazebo_worlds/models/ocean/model.config
-- Installing: /home/brenda/RBIM_ws/src/uuv_simulator/install/uuv_gazebo_worlds/share/uuv_gazebo_worlds/models/ocean/model.sdf
-- Installing: /home/brenda/RBIM_ws/src/uuv_simulator/install/uuv_gazebo_worlds/share/uuv_gazebo_worlds/models/lake
-- Installing: /home/brenda/RBIM_ws/src/uuv_simulator/install/uuv_gazebo_worlds/share/uuv_gazebo_worlds/models/lake/meshes
-- Installing: /home/brenda/RBIM_ws/src/uuv_simulator/install/uuv_gazebo_worlds/share/uuv_gazebo_worlds/models/lake/meshes/LakeBottom.dae
-- Installing: /home/brenda/RBIM_ws/src/uuv_simulator/install/uuv_gazebo_worlds/share/uuv_gazebo_worlds/models/lake/meshes/WaterSurface.dae
-- Installing: /home/brenda/RBIM_ws/src/uuv_simulator/install/uuv_gazebo_worlds/share/uuv_gazebo_worlds/models/lake/model.config
-- Installing: /home/brenda/RBIM_ws/src/uuv_simulator/install/uuv_gazebo_worlds/share/uuv_gazebo_worlds/models/lake/model.sdf
-- Installing: /home/brenda/RBIM_ws/src/uuv_simulator/install/uuv_gazebo_worlds/share/uuv_gazebo_worlds/models/munkholmen
-- Installing: /home/brenda/RBIM_ws/src/uuv_simulator/install/uuv_gazebo_worlds/share/uuv_gazebo_worlds/models/munkholmen/meshes
-- Installing: /home/brenda/RBIM_ws/src/uuv_simulator/install/uuv_gazebo_worlds/share/uuv_gazebo_worlds/models/munkholmen/meshes/munkholmen.dae
-- Installing: /home/brenda/RBIM_ws/src/uuv_simulator/install/uuv_gazebo_worlds/share/uuv_gazebo_worlds/models/munkholmen/model.config
-- Installing: /home/brenda/RBIM_ws/src/uuv_simulator/install/uuv_gazebo_worlds/share/uuv_gazebo_worlds/models/munkholmen/model.sdf
-- Installing: /home/brenda/RBIM_ws/src/uuv_simulator/install/uuv_gazebo_worlds/share/uuv_gazebo_worlds/models/ned_frame
-- Installing: /home/brenda/RBIM_ws/src/uuv_simulator/install/uuv_gazebo_worlds/share/uuv_gazebo_worlds/models/ned_frame/model.config
-- Installing: /home/brenda/RBIM_ws/src/uuv_simulator/install/uuv_gazebo_worlds/share/uuv_gazebo_worlds/models/ned_frame/model.sdf
-- Installing: /home/brenda/RBIM_ws/src/uuv_simulator/install/uuv_gazebo_worlds/share/uuv_gazebo_worlds/models/t_bar_fork_tool
-- Installing: /home/brenda/RBIM_ws/src/uuv_simulator/install/uuv_gazebo_worlds/share/uuv_gazebo_worlds/models/t_bar_fork_tool/meshes
-- Installing: /home/brenda/RBIM_ws/src/uuv_simulator/install/uuv_gazebo_worlds/share/uuv_gazebo_worlds/models/t_bar_fork_tool/meshes/TBarForkTool.dae
-- Installing: /home/brenda/RBIM_ws/src/uuv_simulator/install/uuv_gazebo_worlds/share/uuv_gazebo_worlds/models/t_bar_fork_tool/model.config
-- Installing: /home/brenda/RBIM_ws/src/uuv_simulator/install/uuv_gazebo_worlds/share/uuv_gazebo_worlds/models/t_bar_fork_tool/model.sdf
-- Installing: /home/brenda/RBIM_ws/src/uuv_simulator/install/uuv_gazebo_worlds/share/uuv_gazebo_worlds/models/ocean_box
-- Installing: /home/brenda/RBIM_ws/src/uuv_simulator/install/uuv_gazebo_worlds/share/uuv_gazebo_worlds/models/ocean_box/model.config
-- Installing: /home/brenda/RBIM_ws/src/uuv_simulator/install/uuv_gazebo_worlds/share/uuv_gazebo_worlds/models/ocean_box/model.sdf
-- Installing: /home/brenda/RBIM_ws/src/uuv_simulator/install/uuv_gazebo_worlds/share/uuv_gazebo_worlds/models/sea_surface
-- Installing: /home/brenda/RBIM_ws/src/uuv_simulator/install/uuv_gazebo_worlds/share/uuv_gazebo_worlds/models/sea_surface/model.config
-- Installing: /home/brenda/RBIM_ws/src/uuv_simulator/install/uuv_gazebo_worlds/share/uuv_gazebo_worlds/models/sea_surface/model.sdf
-- Installing: /home/brenda/RBIM_ws/src/uuv_simulator/install/uuv_gazebo_worlds/share/uuv_gazebo_worlds/models/sand_heightmap
-- Installing: /home/brenda/RBIM_ws/src/uuv_simulator/install/uuv_gazebo_worlds/share/uuv_gazebo_worlds/models/sand_heightmap/meshes
-- Installing: /home/brenda/RBIM_ws/src/uuv_simulator/install/uuv_gazebo_worlds/share/uuv_gazebo_worlds/models/sand_heightmap/meshes/heightmap.dae
-- Installing: /home/brenda/RBIM_ws/src/uuv_simulator/install/uuv_gazebo_worlds/share/uuv_gazebo_worlds/models/sand_heightmap/meshes/soil_sand_0045_01.jpg
-- Installing: /home/brenda/RBIM_ws/src/uuv_simulator/install/uuv_gazebo_worlds/share/uuv_gazebo_worlds/models/sand_heightmap/meshes/License and source for textures.txt
-- Installing: /home/brenda/RBIM_ws/src/uuv_simulator/install/uuv_gazebo_worlds/share/uuv_gazebo_worlds/models/sand_heightmap/model.config
-- Installing: /home/brenda/RBIM_ws/src/uuv_simulator/install/uuv_gazebo_worlds/share/uuv_gazebo_worlds/models/sand_heightmap/model.sdf
-- Installing: /home/brenda/RBIM_ws/src/uuv_simulator/install/uuv_gazebo_worlds/share/uuv_gazebo_worlds/models/umbilical
-- Installing: /home/brenda/RBIM_ws/src/uuv_simulator/install/uuv_gazebo_worlds/share/uuv_gazebo_worlds/models/umbilical/model.config
-- Installing: /home/brenda/RBIM_ws/src/uuv_simulator/install/uuv_gazebo_worlds/share/uuv_gazebo_worlds/models/umbilical/model.sdf
-- Installing: /home/brenda/RBIM_ws/src/uuv_simulator/install/uuv_gazebo_worlds/share/uuv_gazebo_worlds/models/sea_bottom
-- Installing: /home/brenda/RBIM_ws/src/uuv_simulator/install/uuv_gazebo_worlds/share/uuv_gazebo_worlds/models/sea_bottom/model.config
-- Installing: /home/brenda/RBIM_ws/src/uuv_simulator/install/uuv_gazebo_worlds/share/uuv_gazebo_worlds/models/sea_bottom/model.sdf
-- Installing: /home/brenda/RBIM_ws/src/uuv_simulator/install/uuv_gazebo_worlds/share/uuv_gazebo_worlds/models/torque_tool
-- Installing: /home/brenda/RBIM_ws/src/uuv_simulator/install/uuv_gazebo_worlds/share/uuv_gazebo_worlds/models/torque_tool/meshes
-- Installing: /home/brenda/RBIM_ws/src/uuv_simulator/install/uuv_gazebo_worlds/share/uuv_gazebo_worlds/models/torque_tool/meshes/TorqueTool.dae
-- Installing: /home/brenda/RBIM_ws/src/uuv_simulator/install/uuv_gazebo_worlds/share/uuv_gazebo_worlds/models/torque_tool/model.config
-- Installing: /home/brenda/RBIM_ws/src/uuv_simulator/install/uuv_gazebo_worlds/share/uuv_gazebo_worlds/models/torque_tool/model.sdf
-- Installing: /home/brenda/RBIM_ws/src/uuv_simulator/install/uuv_gazebo_worlds/share/uuv_gazebo_worlds/models/tree
-- Installing: /home/brenda/RBIM_ws/src/uuv_simulator/install/uuv_gazebo_worlds/share/uuv_gazebo_worlds/models/tree/meshes
-- Installing: /home/brenda/RBIM_ws/src/uuv_simulator/install/uuv_gazebo_worlds/share/uuv_gazebo_worlds/models/tree/meshes/Tree.dae
-- Installing: /home/brenda/RBIM_ws/src/uuv_simulator/install/uuv_gazebo_worlds/share/uuv_gazebo_worlds/models/tree/model.config
-- Installing: /home/brenda/RBIM_ws/src/uuv_simulator/install/uuv_gazebo_worlds/share/uuv_gazebo_worlds/models/tree/model.sdf
-- Installing: /home/brenda/RBIM_ws/src/uuv_simulator/install/uuv_gazebo_worlds/share/uuv_gazebo_worlds/models/mangalia
-- Installing: /home/brenda/RBIM_ws/src/uuv_simulator/install/uuv_gazebo_worlds/share/uuv_gazebo_worlds/models/mangalia/meshes
-- Installing: /home/brenda/RBIM_ws/src/uuv_simulator/install/uuv_gazebo_worlds/share/uuv_gazebo_worlds/models/mangalia/meshes/ground_stone_ground_0029_02_tiled_s.jpg
-- Installing: /home/brenda/RBIM_ws/src/uuv_simulator/install/uuv_gazebo_worlds/share/uuv_gazebo_worlds/models/mangalia/meshes/MangaliaTerrain.dae
-- Installing: /home/brenda/RBIM_ws/src/uuv_simulator/install/uuv_gazebo_worlds/share/uuv_gazebo_worlds/models/mangalia/meshes/170427_Seabed8_textured.blend
-- Installing: /home/brenda/RBIM_ws/src/uuv_simulator/install/uuv_gazebo_worlds/share/uuv_gazebo_worlds/models/mangalia/meshes/grass_grass_0101_02_tiled_s.jpg
-- Installing: /home/brenda/RBIM_ws/src/uuv_simulator/install/uuv_gazebo_worlds/share/uuv_gazebo_worlds/models/mangalia/meshes/License and source for textures.txt
-- Installing: /home/brenda/RBIM_ws/src/uuv_simulator/install/uuv_gazebo_worlds/share/uuv_gazebo_worlds/models/mangalia/meshes/170427_Seabed8_textured.dae
-- Installing: /home/brenda/RBIM_ws/src/uuv_simulator/install/uuv_gazebo_worlds/share/uuv_gazebo_worlds/models/mangalia/model.config
-- Installing: /home/brenda/RBIM_ws/src/uuv_simulator/install/uuv_gazebo_worlds/share/uuv_gazebo_worlds/models/mangalia/model.sdf
-- Installing: /home/brenda/RBIM_ws/src/uuv_simulator/install/uuv_gazebo_worlds/share/uuv_gazebo_worlds/models/herkules_seabed
-- Installing: /home/brenda/RBIM_ws/src/uuv_simulator/install/uuv_gazebo_worlds/share/uuv_gazebo_worlds/models/herkules_seabed/meshes
-- Installing: /home/brenda/RBIM_ws/src/uuv_simulator/install/uuv_gazebo_worlds/share/uuv_gazebo_worlds/models/herkules_seabed/meshes/herkules_seabed.dae
-- Installing: /home/brenda/RBIM_ws/src/uuv_simulator/install/uuv_gazebo_worlds/share/uuv_gazebo_worlds/models/herkules_seabed/model.config
-- Installing: /home/brenda/RBIM_ws/src/uuv_simulator/install/uuv_gazebo_worlds/share/uuv_gazebo_worlds/models/herkules_seabed/model.sdf
-- Installing: /home/brenda/RBIM_ws/src/uuv_simulator/install/uuv_gazebo_worlds/share/uuv_gazebo_worlds/models/munkholmen_seabed
-- Installing: /home/brenda/RBIM_ws/src/uuv_simulator/install/uuv_gazebo_worlds/share/uuv_gazebo_worlds/models/munkholmen_seabed/meshes
-- Installing: /home/brenda/RBIM_ws/src/uuv_simulator/install/uuv_gazebo_worlds/share/uuv_gazebo_worlds/models/munkholmen_seabed/meshes/seabed.dae
-- Installing: /home/brenda/RBIM_ws/src/uuv_simulator/install/uuv_gazebo_worlds/share/uuv_gazebo_worlds/models/munkholmen_seabed/model.config
-- Installing: /home/brenda/RBIM_ws/src/uuv_simulator/install/uuv_gazebo_worlds/share/uuv_gazebo_worlds/models/munkholmen_seabed/model.sdf
-- Installing: /home/brenda/RBIM_ws/src/uuv_simulator/install/uuv_gazebo_worlds/share/uuv_gazebo_worlds/models/herkules_ship_wreck
-- Installing: /home/brenda/RBIM_ws/src/uuv_simulator/install/uuv_gazebo_worlds/share/uuv_gazebo_worlds/models/herkules_ship_wreck/meshes
-- Installing: /home/brenda/RBIM_ws/src/uuv_simulator/install/uuv_gazebo_worlds/share/uuv_gazebo_worlds/models/herkules_ship_wreck/meshes/herkules.dae
-- Installing: /home/brenda/RBIM_ws/src/uuv_simulator/install/uuv_gazebo_worlds/share/uuv_gazebo_worlds/models/herkules_ship_wreck/model.config
-- Installing: /home/brenda/RBIM_ws/src/uuv_simulator/install/uuv_gazebo_worlds/share/uuv_gazebo_worlds/models/herkules_ship_wreck/model.sdf
-- Installing: /home/brenda/RBIM_ws/src/uuv_simulator/install/uuv_gazebo_worlds/share/uuv_gazebo_worlds/models/hot_stab
-- Installing: /home/brenda/RBIM_ws/src/uuv_simulator/install/uuv_gazebo_worlds/share/uuv_gazebo_worlds/models/hot_stab/meshes
-- Installing: /home/brenda/RBIM_ws/src/uuv_simulator/install/uuv_gazebo_worlds/share/uuv_gazebo_worlds/models/hot_stab/meshes/HotStab.dae
-- Installing: /home/brenda/RBIM_ws/src/uuv_simulator/install/uuv_gazebo_worlds/share/uuv_gazebo_worlds/models/hot_stab/model.config
-- Installing: /home/brenda/RBIM_ws/src/uuv_simulator/install/uuv_gazebo_worlds/share/uuv_gazebo_worlds/models/hot_stab/model.sdf
-- Installing: /home/brenda/RBIM_ws/src/uuv_simulator/install/uuv_gazebo_worlds/share/uuv_gazebo_worlds/models/bop_panel
-- Installing: /home/brenda/RBIM_ws/src/uuv_simulator/install/uuv_gazebo_worlds/share/uuv_gazebo_worlds/models/bop_panel/meshes
-- Installing: /home/brenda/RBIM_ws/src/uuv_simulator/install/uuv_gazebo_worlds/share/uuv_gazebo_worlds/models/bop_panel/meshes/Valve.dae
-- Installing: /home/brenda/RBIM_ws/src/uuv_simulator/install/uuv_gazebo_worlds/share/uuv_gazebo_worlds/models/bop_panel/meshes/VentilBlock.stl
-- Installing: /home/brenda/RBIM_ws/src/uuv_simulator/install/uuv_gazebo_worlds/share/uuv_gazebo_worlds/models/bop_panel/meshes/VentilBlock.obj
-- Installing: /home/brenda/RBIM_ws/src/uuv_simulator/install/uuv_gazebo_worlds/share/uuv_gazebo_worlds/models/bop_panel/meshes/VentilBlock.mtl
-- Installing: /home/brenda/RBIM_ws/src/uuv_simulator/install/uuv_gazebo_worlds/share/uuv_gazebo_worlds/models/bop_panel/model.config
-- Installing: /home/brenda/RBIM_ws/src/uuv_simulator/install/uuv_gazebo_worlds/share/uuv_gazebo_worlds/models/bop_panel/model.sdf
-- Installing: /home/brenda/RBIM_ws/src/uuv_simulator/install/uuv_gazebo_worlds/share/uuv_gazebo_worlds/models/april_tag_36_11_00000
-- Installing: /home/brenda/RBIM_ws/src/uuv_simulator/install/uuv_gazebo_worlds/share/uuv_gazebo_worlds/models/april_tag_36_11_00000/model.config
-- Installing: /home/brenda/RBIM_ws/src/uuv_simulator/install/uuv_gazebo_worlds/share/uuv_gazebo_worlds/models/april_tag_36_11_00000/model.sdf
-- Installing: /home/brenda/RBIM_ws/src/uuv_simulator/install/uuv_gazebo_worlds/share/uuv_gazebo_worlds/models/aurora_static
-- Installing: /home/brenda/RBIM_ws/src/uuv_simulator/install/uuv_gazebo_worlds/share/uuv_gazebo_worlds/models/aurora_static/meshes
-- Installing: /home/brenda/RBIM_ws/src/uuv_simulator/install/uuv_gazebo_worlds/share/uuv_gazebo_worlds/models/aurora_static/meshes/aurora.dae
-- Installing: /home/brenda/RBIM_ws/src/uuv_simulator/install/uuv_gazebo_worlds/share/uuv_gazebo_worlds/models/aurora_static/meshes/aurora_collision.stl
-- Installing: /home/brenda/RBIM_ws/src/uuv_simulator/install/uuv_gazebo_worlds/share/uuv_gazebo_worlds/models/aurora_static/model.config
-- Installing: /home/brenda/RBIM_ws/src/uuv_simulator/install/uuv_gazebo_worlds/share/uuv_gazebo_worlds/models/aurora_static/model.sdf
-- Installing: /home/brenda/RBIM_ws/src/uuv_simulator/install/uuv_gazebo_worlds/share/uuv_gazebo_worlds/environment/uuv_gazebo_worlds.sh
-- Installing: /home/brenda/RBIM_ws/src/uuv_simulator/install/uuv_gazebo_worlds/share/uuv_gazebo_worlds/environment/uuv_gazebo_worlds.dsv
-- Installing: /home/brenda/RBIM_ws/src/uuv_simulator/install/uuv_gazebo_worlds/share/ament_index/resource_index/package_run_dependencies/uuv_gazebo_worlds
-- Installing: /home/brenda/RBIM_ws/src/uuv_simulator/install/uuv_gazebo_worlds/share/ament_index/resource_index/parent_prefix_path/uuv_gazebo_worlds
-- Installing: /home/brenda/RBIM_ws/src/uuv_simulator/install/uuv_gazebo_worlds/share/uuv_gazebo_worlds/environment/ament_prefix_path.sh
-- Installing: /home/brenda/RBIM_ws/src/uuv_simulator/install/uuv_gazebo_worlds/share/uuv_gazebo_worlds/environment/ament_prefix_path.dsv
-- Installing: /home/brenda/RBIM_ws/src/uuv_simulator/install/uuv_gazebo_worlds/share/uuv_gazebo_worlds/environment/path.sh
-- Installing: /home/brenda/RBIM_ws/src/uuv_simulator/install/uuv_gazebo_worlds/share/uuv_gazebo_worlds/environment/path.dsv
-- Installing: /home/brenda/RBIM_ws/src/uuv_simulator/install/uuv_gazebo_worlds/share/uuv_gazebo_worlds/local_setup.bash
-- Installing: /home/brenda/RBIM_ws/src/uuv_simulator/install/uuv_gazebo_worlds/share/uuv_gazebo_worlds/local_setup.sh
-- Installing: /home/brenda/RBIM_ws/src/uuv_simulator/install/uuv_gazebo_worlds/share/uuv_gazebo_worlds/local_setup.zsh
-- Installing: /home/brenda/RBIM_ws/src/uuv_simulator/install/uuv_gazebo_worlds/share/uuv_gazebo_worlds/local_setup.dsv
-- Installing: /home/brenda/RBIM_ws/src/uuv_simulator/install/uuv_gazebo_worlds/share/uuv_gazebo_worlds/package.dsv
-- Installing: /home/brenda/RBIM_ws/src/uuv_simulator/install/uuv_gazebo_worlds/share/ament_index/resource_index/packages/uuv_gazebo_worlds
-- Installing: /home/brenda/RBIM_ws/src/uuv_simulator/install/uuv_gazebo_worlds/share/uuv_gazebo_worlds/cmake/uuv_gazebo_worldsConfig.cmake
-- Installing: /home/brenda/RBIM_ws/src/uuv_simulator/install/uuv_gazebo_worlds/share/uuv_gazebo_worlds/cmake/uuv_gazebo_worldsConfig-version.cmake
-- Installing: /home/brenda/RBIM_ws/src/uuv_simulator/install/uuv_gazebo_worlds/share/uuv_gazebo_worlds/package.xml
