[0.034s] Invoking command in '/home/brenda/RBIM_ws/src/uuv_simulator/build/uuv_gazebo_worlds': CMAKE_PREFIX_PATH=/opt/ros/foxy:${CMAKE_PREFIX_PATH} /usr/bin/cmake /home/brenda/RBIM_ws/src/uuv_simulator/uuv_gazebo_worlds -DCMAKE_INSTALL_PREFIX=/home/brenda/RBIM_ws/src/uuv_simulator/install/uuv_gazebo_worlds
[3.959s] -- The C compiler identification is GNU 9.3.0
[3.959s] -- The CXX compiler identification is GNU 9.3.0
[3.960s] -- Check for working C compiler: /usr/bin/cc
[3.960s] -- Check for working C compiler: /usr/bin/cc -- works
[3.960s] -- Detecting C compiler ABI info
[3.960s] -- Detecting C compiler ABI info - done
[3.960s] -- Detecting C compile features
[3.960s] -- Detecting C compile features - done
[3.960s] -- Check for working CXX compiler: /usr/bin/c++
[3.961s] -- Check for working CXX compiler: /usr/bin/c++ -- works
[3.961s] -- Detecting CXX compiler ABI info
[3.961s] -- Detecting CXX compiler ABI info - done
[3.961s] -- Detecting CXX compile features
[3.961s] -- Detecting CXX compile features - done
[3.961s] -- Found ament_cmake: 0.9.6 (/opt/ros/foxy/share/ament_cmake/cmake)
[3.961s] -- Found PythonInterp: /usr/bin/python3 (found suitable version "3.8.5", minimum required is "3") 
[3.962s] -- Using PYTHON_EXECUTABLE: /usr/bin/python3
[3.962s] -- Found gazebo_dev: 3.5.0 (/opt/ros/foxy/share/gazebo_dev/cmake)
[3.962s] -- Found PkgConfig: /usr/bin/pkg-config (found version "0.29.1") 
[3.962s] -- Checking for module 'bullet>=2.82'
[3.962s] --   Found bullet, version 2.88
[4.164s] -- Found ccd: /usr/include (found suitable version "2.0", minimum required is "2.0") 
[4.293s] -- Found fcl: /usr/include (found suitable version "0.5.0", minimum required is "0.3.2") 
[4.405s] -- Found assimp: /usr/include (found version "5.0.0") 
[4.673s] -- Found DART: /usr/include (Required is at least version "6.6") found components: dart 
[5.261s] -- Found Boost: /usr/lib/x86_64-linux-gnu/cmake/Boost-1.71.0/BoostConfig.cmake (found suitable version "1.71.0", minimum required is "1.40.0") found components: thread system filesystem program_options regex iostreams date_time 
[5.307s] -- Found Protobuf: /usr/lib/x86_64-linux-gnu/libprotobuf.so;-lpthread (found version "3.6.1") 
[5.318s] -- Looking for ignition-math6 -- found version 6.4.0
[5.330s] -- Searching for dependencies of ignition-math6
[5.334s] -- Looking for OGRE...
[5.335s] -- OGRE_PREFIX_WATCH changed.
[5.343s] -- Checking for module 'OGRE'
[5.378s] --   Found OGRE, version 1.9.0
[5.437s] -- Found Ogre Ghadamon (1.9.0)
[5.459s] -- Found OGRE: optimized;/usr/lib/x86_64-linux-gnu/libOgreMain.so;debug;/usr/lib/x86_64-linux-gnu/libOgreMain.so
[5.479s] -- Looking for OGRE_Paging...
[5.497s] -- Found OGRE_Paging: optimized;/usr/lib/x86_64-linux-gnu/libOgrePaging.so;debug;/usr/lib/x86_64-linux-gnu/libOgrePaging.so
[5.497s] -- Looking for OGRE_Terrain...
[5.510s] -- Found OGRE_Terrain: optimized;/usr/lib/x86_64-linux-gnu/libOgreTerrain.so;debug;/usr/lib/x86_64-linux-gnu/libOgreTerrain.so
[5.510s] -- Looking for OGRE_Property...
[5.575s] -- Found OGRE_Property: optimized;/usr/lib/x86_64-linux-gnu/libOgreProperty.so;debug;/usr/lib/x86_64-linux-gnu/libOgreProperty.so
[5.575s] -- Looking for OGRE_RTShaderSystem...
[5.623s] -- Found OGRE_RTShaderSystem: optimized;/usr/lib/x86_64-linux-gnu/libOgreRTShaderSystem.so;debug;/usr/lib/x86_64-linux-gnu/libOgreRTShaderSystem.so
[5.623s] -- Looking for OGRE_Volume...
[5.661s] -- Found OGRE_Volume: optimized;/usr/lib/x86_64-linux-gnu/libOgreVolume.so;debug;/usr/lib/x86_64-linux-gnu/libOgreVolume.so
[5.661s] -- Looking for OGRE_Overlay...
[5.683s] -- Found OGRE_Overlay: optimized;/usr/lib/x86_64-linux-gnu/libOgreOverlay.so;debug;/usr/lib/x86_64-linux-gnu/libOgreOverlay.so
[6.137s] -- Looking for ignition-math6 -- found version 6.4.0
[6.143s] -- Looking for ignition-transport8 -- found version 8.1.0
[6.145s] -- Searching for dependencies of ignition-transport8
[6.212s] -- Found Protobuf: /usr/lib/x86_64-linux-gnu/libprotobuf.so;-lpthread (found suitable version "3.6.1", minimum required is "3") 
[6.256s] -- Config-file not installed for ZeroMQ -- checking for pkg-config
[6.284s] -- Checking for module 'libzmq >= 4'
[6.363s] --   Found libzmq , version 4.3.2
[6.602s] -- Found ZeroMQ: TRUE (Required is at least version "4") 
[6.622s] -- Checking for module 'uuid'
[6.681s] --   Found uuid, version 2.34.0
[6.914s] -- Found UUID: TRUE  
[6.925s] -- Looking for ignition-msgs5 -- found version 5.3.0
[6.927s] -- Searching for dependencies of ignition-msgs5
[6.996s] -- Looking for ignition-math6 -- found version 6.4.0
[7.012s] -- Checking for module 'tinyxml2'
[7.070s] --   Found tinyxml2, version 6.2.0
[7.244s] -- Looking for ignition-msgs5 -- found version 5.3.0
[7.248s] -- Looking for ignition-common3 -- found version 3.6.0
[7.250s] -- Searching for dependencies of ignition-common3
[7.250s] -- Looking for dlfcn.h - found
[7.253s] -- Looking for libdl - found
[7.256s] -- Found DL: TRUE  
[7.274s] -- Searching for <ignition-common3> component [graphics]
[7.279s] -- Looking for ignition-common3-graphics -- found version 3.6.0
[7.280s] -- Searching for dependencies of ignition-common3-graphics
[7.281s] -- Looking for ignition-math6 -- found version 6.4.0
[7.288s] -- Looking for ignition-fuel_tools4 -- found version 4.2.1
[7.289s] -- Searching for dependencies of ignition-fuel_tools4
[7.531s] -- Found CURL: /usr/lib/x86_64-linux-gnu/libcurl.so (found version "7.68.0")  
[7.544s] -- Checking for module 'jsoncpp'
[7.574s] --   Found jsoncpp, version 1.7.4
[7.663s] -- Found JSONCPP: TRUE  
[7.687s] -- Checking for module 'libzip'
[7.737s] --   Found libzip, version 1.5.1
[7.841s] -- Found ZIP: TRUE  
[7.848s] -- Looking for ignition-common3 -- found version 3.6.0
[7.851s] -- Looking for ignition-msgs5 -- found version 5.3.0
[7.854s] -- Gazebo version: 11.1
[7.857s] -- Found gazebo_ros: 3.5.0 (/opt/ros/foxy/share/gazebo_ros/cmake)
[7.925s] -- Using all available rosidl_typesupport_c: rosidl_typesupport_fastrtps_c;rosidl_typesupport_introspection_c
[7.938s] -- Found rosidl_adapter: 1.1.0 (/opt/ros/foxy/share/rosidl_adapter/cmake)
[8.174s] -- Found OpenSSL: /usr/lib/x86_64-linux-gnu/libcrypto.so (found version "1.1.1f")  
[8.242s] -- Found FastRTPS: /opt/ros/foxy/include  
[8.511s] -- Using all available rosidl_typesupport_cpp: rosidl_typesupport_fastrtps_cpp;rosidl_typesupport_introspection_cpp
[8.673s] -- Found rmw_implementation_cmake: 1.0.1 (/opt/ros/foxy/share/rmw_implementation_cmake/cmake)
[8.678s] -- Using RMW implementation 'rmw_fastrtps_cpp' as default
[8.681s] -- Found Threads: TRUE  
[9.316s] -- Configuring done
[9.325s] -- Generating done
[9.330s] -- Build files have been written to: /home/brenda/RBIM_ws/src/uuv_simulator/build/uuv_gazebo_worlds
[9.375s] Invoked command in '/home/brenda/RBIM_ws/src/uuv_simulator/build/uuv_gazebo_worlds' returned '0': CMAKE_PREFIX_PATH=/opt/ros/foxy:${CMAKE_PREFIX_PATH} /usr/bin/cmake /home/brenda/RBIM_ws/src/uuv_simulator/uuv_gazebo_worlds -DCMAKE_INSTALL_PREFIX=/home/brenda/RBIM_ws/src/uuv_simulator/install/uuv_gazebo_worlds
[9.376s] Invoking command in '/home/brenda/RBIM_ws/src/uuv_simulator/build/uuv_gazebo_worlds': CMAKE_PREFIX_PATH=/opt/ros/foxy:${CMAKE_PREFIX_PATH} /usr/bin/cmake --build /home/brenda/RBIM_ws/src/uuv_simulator/build/uuv_gazebo_worlds -- -j8 -l8
[9.644s] Invoked command in '/home/brenda/RBIM_ws/src/uuv_simulator/build/uuv_gazebo_worlds' returned '0': CMAKE_PREFIX_PATH=/opt/ros/foxy:${CMAKE_PREFIX_PATH} /usr/bin/cmake --build /home/brenda/RBIM_ws/src/uuv_simulator/build/uuv_gazebo_worlds -- -j8 -l8
[10.013s] Invoking command in '/home/brenda/RBIM_ws/src/uuv_simulator/build/uuv_gazebo_worlds': CMAKE_PREFIX_PATH=/opt/ros/foxy:${CMAKE_PREFIX_PATH} /usr/bin/cmake --install /home/brenda/RBIM_ws/src/uuv_simulator/build/uuv_gazebo_worlds
[10.130s] -- Install configuration: ""
[10.130s] -- Installing: /home/brenda/RBIM_ws/src/uuv_simulator/install/uuv_gazebo_worlds/share/uuv_gazebo_worlds/launch
[10.130s] -- Installing: /home/brenda/RBIM_ws/src/uuv_simulator/install/uuv_gazebo_worlds/share/uuv_gazebo_worlds/launch/empty_underwater_world.launch.py
[10.130s] -- Installing: /home/brenda/RBIM_ws/src/uuv_simulator/install/uuv_gazebo_worlds/share/uuv_gazebo_worlds/media
[10.131s] -- Installing: /home/brenda/RBIM_ws/src/uuv_simulator/install/uuv_gazebo_worlds/share/uuv_gazebo_worlds/media/materials
[10.131s] -- Installing: /home/brenda/RBIM_ws/src/uuv_simulator/install/uuv_gazebo_worlds/share/uuv_gazebo_worlds/media/materials/scripts
[10.131s] -- Installing: /home/brenda/RBIM_ws/src/uuv_simulator/install/uuv_gazebo_worlds/share/uuv_gazebo_worlds/media/materials/scripts/waves.material
[10.131s] -- Installing: /home/brenda/RBIM_ws/src/uuv_simulator/install/uuv_gazebo_worlds/share/uuv_gazebo_worlds/media/materials/scripts/water.material
[10.131s] -- Installing: /home/brenda/RBIM_ws/src/uuv_simulator/install/uuv_gazebo_worlds/share/uuv_gazebo_worlds/media/materials/scripts/fiducials.material
[10.131s] -- Installing: /home/brenda/RBIM_ws/src/uuv_simulator/install/uuv_gazebo_worlds/share/uuv_gazebo_worlds/media/materials/scripts/sand.material
[10.132s] -- Installing: /home/brenda/RBIM_ws/src/uuv_simulator/install/uuv_gazebo_worlds/share/uuv_gazebo_worlds/media/materials/programs
[10.132s] -- Installing: /home/brenda/RBIM_ws/src/uuv_simulator/install/uuv_gazebo_worlds/share/uuv_gazebo_worlds/media/materials/programs/SimpleWaves.frag
[10.132s] -- Installing: /home/brenda/RBIM_ws/src/uuv_simulator/install/uuv_gazebo_worlds/share/uuv_gazebo_worlds/media/materials/programs/SimpleWaves.vert
[10.132s] -- Installing: /home/brenda/RBIM_ws/src/uuv_simulator/install/uuv_gazebo_worlds/share/uuv_gazebo_worlds/media/materials/textures
[10.132s] -- Installing: /home/brenda/RBIM_ws/src/uuv_simulator/install/uuv_gazebo_worlds/share/uuv_gazebo_worlds/media/materials/textures/clouds_rt.jpg
[10.133s] -- Installing: /home/brenda/RBIM_ws/src/uuv_simulator/install/uuv_gazebo_worlds/share/uuv_gazebo_worlds/media/materials/textures/clouds_fr.jpg
[10.133s] -- Installing: /home/brenda/RBIM_ws/src/uuv_simulator/install/uuv_gazebo_worlds/share/uuv_gazebo_worlds/media/materials/textures/clouds_lf.jpg
[10.133s] -- Installing: /home/brenda/RBIM_ws/src/uuv_simulator/install/uuv_gazebo_worlds/share/uuv_gazebo_worlds/media/materials/textures/clouds_dn.jpg
[10.133s] -- Installing: /home/brenda/RBIM_ws/src/uuv_simulator/install/uuv_gazebo_worlds/share/uuv_gazebo_worlds/media/materials/textures/water_water_0076_03_s.jpg
[10.135s] -- Installing: /home/brenda/RBIM_ws/src/uuv_simulator/install/uuv_gazebo_worlds/share/uuv_gazebo_worlds/media/materials/textures/clouds.jpg
[10.135s] -- Installing: /home/brenda/RBIM_ws/src/uuv_simulator/install/uuv_gazebo_worlds/share/uuv_gazebo_worlds/media/materials/textures/clouds_bk.jpg
[10.136s] -- Installing: /home/brenda/RBIM_ws/src/uuv_simulator/install/uuv_gazebo_worlds/share/uuv_gazebo_worlds/media/materials/textures/fiducials
[10.136s] -- Installing: /home/brenda/RBIM_ws/src/uuv_simulator/install/uuv_gazebo_worlds/share/uuv_gazebo_worlds/media/materials/textures/fiducials/aruco_4.png
[10.136s] -- Installing: /home/brenda/RBIM_ws/src/uuv_simulator/install/uuv_gazebo_worlds/share/uuv_gazebo_worlds/media/materials/textures/fiducials/aruco_5.png
[10.136s] -- Installing: /home/brenda/RBIM_ws/src/uuv_simulator/install/uuv_gazebo_worlds/share/uuv_gazebo_worlds/media/materials/textures/fiducials/aruco_3.png
[10.137s] -- Installing: /home/brenda/RBIM_ws/src/uuv_simulator/install/uuv_gazebo_worlds/share/uuv_gazebo_worlds/media/materials/textures/fiducials/aruco_1.png
[10.137s] -- Installing: /home/brenda/RBIM_ws/src/uuv_simulator/install/uuv_gazebo_worlds/share/uuv_gazebo_worlds/media/materials/textures/fiducials/License and source for textures.txt
[10.145s] -- Installing: /home/brenda/RBIM_ws/src/uuv_simulator/install/uuv_gazebo_worlds/share/uuv_gazebo_worlds/media/materials/textures/fiducials/aruco_2.png
[10.145s] -- Installing: /home/brenda/RBIM_ws/src/uuv_simulator/install/uuv_gazebo_worlds/share/uuv_gazebo_worlds/media/materials/textures/water_water_0051_01.jpg
[10.225s] -- Installing: /home/brenda/RBIM_ws/src/uuv_simulator/install/uuv_gazebo_worlds/share/uuv_gazebo_worlds/media/materials/textures/soil_sand_0045_01.jpg
[10.299s] -- Installing: /home/brenda/RBIM_ws/src/uuv_simulator/install/uuv_gazebo_worlds/share/uuv_gazebo_worlds/media/materials/textures/water_water_0046_01.jpg
[10.316s] -- Installing: /home/brenda/RBIM_ws/src/uuv_simulator/install/uuv_gazebo_worlds/share/uuv_gazebo_worlds/media/materials/textures/License and source for textures.txt
[10.316s] -- Installing: /home/brenda/RBIM_ws/src/uuv_simulator/install/uuv_gazebo_worlds/share/uuv_gazebo_worlds/media/materials/textures/wave_normals.dds
[10.316s] -- Installing: /home/brenda/RBIM_ws/src/uuv_simulator/install/uuv_gazebo_worlds/share/uuv_gazebo_worlds/media/materials/textures/clouds_up.jpg
[10.316s] -- Installing: /home/brenda/RBIM_ws/src/uuv_simulator/install/uuv_gazebo_worlds/share/uuv_gazebo_worlds/media/materials/textures/water_water_0093_01.jpg
[10.360s] -- Installing: /home/brenda/RBIM_ws/src/uuv_simulator/install/uuv_gazebo_worlds/share/uuv_gazebo_worlds/media/models
[10.360s] -- Installing: /home/brenda/RBIM_ws/src/uuv_simulator/install/uuv_gazebo_worlds/share/uuv_gazebo_worlds/media/models/sea_surface_1000m_x_1000m.dae
[10.361s] -- Installing: /home/brenda/RBIM_ws/src/uuv_simulator/install/uuv_gazebo_worlds/share/uuv_gazebo_worlds/worlds
[10.361s] -- Installing: /home/brenda/RBIM_ws/src/uuv_simulator/install/uuv_gazebo_worlds/share/uuv_gazebo_worlds/worlds/ocean_waves.world
[10.361s] -- Installing: /home/brenda/RBIM_ws/src/uuv_simulator/install/uuv_gazebo_worlds/share/uuv_gazebo_worlds/worlds/herkules_ship_wreck.world
[10.361s] -- Installing: /home/brenda/RBIM_ws/src/uuv_simulator/install/uuv_gazebo_worlds/share/uuv_gazebo_worlds/worlds/subsea_bop_panel.world
[10.362s] -- Installing: /home/brenda/RBIM_ws/src/uuv_simulator/install/uuv_gazebo_worlds/share/uuv_gazebo_worlds/worlds/mangalia_manipulation.world
[10.362s] -- Installing: /home/brenda/RBIM_ws/src/uuv_simulator/install/uuv_gazebo_worlds/share/uuv_gazebo_worlds/worlds/auv_underwater_world.world
[10.362s] -- Installing: /home/brenda/RBIM_ws/src/uuv_simulator/install/uuv_gazebo_worlds/share/uuv_gazebo_worlds/worlds/munkholmen.world
[10.362s] -- Installing: /home/brenda/RBIM_ws/src/uuv_simulator/install/uuv_gazebo_worlds/share/uuv_gazebo_worlds/worlds/underwater_heightmap.world
[10.362s] -- Installing: /home/brenda/RBIM_ws/src/uuv_simulator/install/uuv_gazebo_worlds/share/uuv_gazebo_worlds/worlds/lake.world
[10.363s] -- Installing: /home/brenda/RBIM_ws/src/uuv_simulator/install/uuv_gazebo_worlds/share/uuv_gazebo_worlds/worlds/empty_underwater.world
[10.363s] -- Installing: /home/brenda/RBIM_ws/src/uuv_simulator/install/uuv_gazebo_worlds/share/uuv_gazebo_worlds/worlds/mangalia.world
[10.363s] -- Installing: /home/brenda/RBIM_ws/src/uuv_simulator/install/uuv_gazebo_worlds/share/uuv_gazebo_worlds/models
[10.363s] -- Installing: /home/brenda/RBIM_ws/src/uuv_simulator/install/uuv_gazebo_worlds/share/uuv_gazebo_worlds/models/rov_bop_panel
[10.363s] -- Installing: /home/brenda/RBIM_ws/src/uuv_simulator/install/uuv_gazebo_worlds/share/uuv_gazebo_worlds/models/rov_bop_panel/meshes
[10.363s] -- Installing: /home/brenda/RBIM_ws/src/uuv_simulator/install/uuv_gazebo_worlds/share/uuv_gazebo_worlds/models/rov_bop_panel/meshes/Valve.dae
[10.364s] -- Installing: /home/brenda/RBIM_ws/src/uuv_simulator/install/uuv_gazebo_worlds/share/uuv_gazebo_worlds/models/rov_bop_panel/meshes/License and source texture.txt
[10.364s] -- Installing: /home/brenda/RBIM_ws/src/uuv_simulator/install/uuv_gazebo_worlds/share/uuv_gazebo_worlds/models/rov_bop_panel/meshes/SmallValve.dae
[10.364s] -- Installing: /home/brenda/RBIM_ws/src/uuv_simulator/install/uuv_gazebo_worlds/share/uuv_gazebo_worlds/models/rov_bop_panel/meshes/metal_bare_0045_01.jpg
[10.408s] -- Installing: /home/brenda/RBIM_ws/src/uuv_simulator/install/uuv_gazebo_worlds/share/uuv_gazebo_worlds/models/rov_bop_panel/meshes/BOP_Panel.dae
[10.409s] -- Installing: /home/brenda/RBIM_ws/src/uuv_simulator/install/uuv_gazebo_worlds/share/uuv_gazebo_worlds/models/rov_bop_panel/model.config
[10.409s] -- Installing: /home/brenda/RBIM_ws/src/uuv_simulator/install/uuv_gazebo_worlds/share/uuv_gazebo_worlds/models/rov_bop_panel/model.sdf
[10.409s] -- Installing: /home/brenda/RBIM_ws/src/uuv_simulator/install/uuv_gazebo_worlds/share/uuv_gazebo_worlds/models/ocean
[10.409s] -- Installing: /home/brenda/RBIM_ws/src/uuv_simulator/install/uuv_gazebo_worlds/share/uuv_gazebo_worlds/models/ocean/model.config
[10.410s] -- Installing: /home/brenda/RBIM_ws/src/uuv_simulator/install/uuv_gazebo_worlds/share/uuv_gazebo_worlds/models/ocean/model.sdf
[10.410s] -- Installing: /home/brenda/RBIM_ws/src/uuv_simulator/install/uuv_gazebo_worlds/share/uuv_gazebo_worlds/models/lake
[10.412s] -- Installing: /home/brenda/RBIM_ws/src/uuv_simulator/install/uuv_gazebo_worlds/share/uuv_gazebo_worlds/models/lake/meshes
[10.412s] -- Installing: /home/brenda/RBIM_ws/src/uuv_simulator/install/uuv_gazebo_worlds/share/uuv_gazebo_worlds/models/lake/meshes/LakeBottom.dae
[10.413s] -- Installing: /home/brenda/RBIM_ws/src/uuv_simulator/install/uuv_gazebo_worlds/share/uuv_gazebo_worlds/models/lake/meshes/WaterSurface.dae
[10.413s] -- Installing: /home/brenda/RBIM_ws/src/uuv_simulator/install/uuv_gazebo_worlds/share/uuv_gazebo_worlds/models/lake/model.config
[10.414s] -- Installing: /home/brenda/RBIM_ws/src/uuv_simulator/install/uuv_gazebo_worlds/share/uuv_gazebo_worlds/models/lake/model.sdf
[10.414s] -- Installing: /home/brenda/RBIM_ws/src/uuv_simulator/install/uuv_gazebo_worlds/share/uuv_gazebo_worlds/models/munkholmen
[10.415s] -- Installing: /home/brenda/RBIM_ws/src/uuv_simulator/install/uuv_gazebo_worlds/share/uuv_gazebo_worlds/models/munkholmen/meshes
[10.415s] -- Installing: /home/brenda/RBIM_ws/src/uuv_simulator/install/uuv_gazebo_worlds/share/uuv_gazebo_worlds/models/munkholmen/meshes/munkholmen.dae
[10.416s] -- Installing: /home/brenda/RBIM_ws/src/uuv_simulator/install/uuv_gazebo_worlds/share/uuv_gazebo_worlds/models/munkholmen/model.config
[10.416s] -- Installing: /home/brenda/RBIM_ws/src/uuv_simulator/install/uuv_gazebo_worlds/share/uuv_gazebo_worlds/models/munkholmen/model.sdf
[10.416s] -- Installing: /home/brenda/RBIM_ws/src/uuv_simulator/install/uuv_gazebo_worlds/share/uuv_gazebo_worlds/models/ned_frame
[10.417s] -- Installing: /home/brenda/RBIM_ws/src/uuv_simulator/install/uuv_gazebo_worlds/share/uuv_gazebo_worlds/models/ned_frame/model.config
[10.417s] -- Installing: /home/brenda/RBIM_ws/src/uuv_simulator/install/uuv_gazebo_worlds/share/uuv_gazebo_worlds/models/ned_frame/model.sdf
[10.418s] -- Installing: /home/brenda/RBIM_ws/src/uuv_simulator/install/uuv_gazebo_worlds/share/uuv_gazebo_worlds/models/t_bar_fork_tool
[10.418s] -- Installing: /home/brenda/RBIM_ws/src/uuv_simulator/install/uuv_gazebo_worlds/share/uuv_gazebo_worlds/models/t_bar_fork_tool/meshes
[10.418s] -- Installing: /home/brenda/RBIM_ws/src/uuv_simulator/install/uuv_gazebo_worlds/share/uuv_gazebo_worlds/models/t_bar_fork_tool/meshes/TBarForkTool.dae
[10.419s] -- Installing: /home/brenda/RBIM_ws/src/uuv_simulator/install/uuv_gazebo_worlds/share/uuv_gazebo_worlds/models/t_bar_fork_tool/model.config
[10.419s] -- Installing: /home/brenda/RBIM_ws/src/uuv_simulator/install/uuv_gazebo_worlds/share/uuv_gazebo_worlds/models/t_bar_fork_tool/model.sdf
[10.420s] -- Installing: /home/brenda/RBIM_ws/src/uuv_simulator/install/uuv_gazebo_worlds/share/uuv_gazebo_worlds/models/ocean_box
[10.420s] -- Installing: /home/brenda/RBIM_ws/src/uuv_simulator/install/uuv_gazebo_worlds/share/uuv_gazebo_worlds/models/ocean_box/model.config
[10.421s] -- Installing: /home/brenda/RBIM_ws/src/uuv_simulator/install/uuv_gazebo_worlds/share/uuv_gazebo_worlds/models/ocean_box/model.sdf
[10.421s] -- Installing: /home/brenda/RBIM_ws/src/uuv_simulator/install/uuv_gazebo_worlds/share/uuv_gazebo_worlds/models/sea_surface
[10.421s] -- Installing: /home/brenda/RBIM_ws/src/uuv_simulator/install/uuv_gazebo_worlds/share/uuv_gazebo_worlds/models/sea_surface/model.config
[10.422s] -- Installing: /home/brenda/RBIM_ws/src/uuv_simulator/install/uuv_gazebo_worlds/share/uuv_gazebo_worlds/models/sea_surface/model.sdf
[10.422s] -- Installing: /home/brenda/RBIM_ws/src/uuv_simulator/install/uuv_gazebo_worlds/share/uuv_gazebo_worlds/models/sand_heightmap
[10.422s] -- Installing: /home/brenda/RBIM_ws/src/uuv_simulator/install/uuv_gazebo_worlds/share/uuv_gazebo_worlds/models/sand_heightmap/meshes
[10.423s] -- Installing: /home/brenda/RBIM_ws/src/uuv_simulator/install/uuv_gazebo_worlds/share/uuv_gazebo_worlds/models/sand_heightmap/meshes/heightmap.dae
[10.437s] -- Installing: /home/brenda/RBIM_ws/src/uuv_simulator/install/uuv_gazebo_worlds/share/uuv_gazebo_worlds/models/sand_heightmap/meshes/soil_sand_0045_01.jpg
[10.476s] -- Installing: /home/brenda/RBIM_ws/src/uuv_simulator/install/uuv_gazebo_worlds/share/uuv_gazebo_worlds/models/sand_heightmap/meshes/License and source for textures.txt
[10.476s] -- Installing: /home/brenda/RBIM_ws/src/uuv_simulator/install/uuv_gazebo_worlds/share/uuv_gazebo_worlds/models/sand_heightmap/model.config
[10.476s] -- Installing: /home/brenda/RBIM_ws/src/uuv_simulator/install/uuv_gazebo_worlds/share/uuv_gazebo_worlds/models/sand_heightmap/model.sdf
[10.476s] -- Installing: /home/brenda/RBIM_ws/src/uuv_simulator/install/uuv_gazebo_worlds/share/uuv_gazebo_worlds/models/umbilical
[10.476s] -- Installing: /home/brenda/RBIM_ws/src/uuv_simulator/install/uuv_gazebo_worlds/share/uuv_gazebo_worlds/models/umbilical/model.config
[10.476s] -- Installing: /home/brenda/RBIM_ws/src/uuv_simulator/install/uuv_gazebo_worlds/share/uuv_gazebo_worlds/models/umbilical/model.sdf
[10.477s] -- Installing: /home/brenda/RBIM_ws/src/uuv_simulator/install/uuv_gazebo_worlds/share/uuv_gazebo_worlds/models/sea_bottom
[10.477s] -- Installing: /home/brenda/RBIM_ws/src/uuv_simulator/install/uuv_gazebo_worlds/share/uuv_gazebo_worlds/models/sea_bottom/model.config
[10.477s] -- Installing: /home/brenda/RBIM_ws/src/uuv_simulator/install/uuv_gazebo_worlds/share/uuv_gazebo_worlds/models/sea_bottom/model.sdf
[10.481s] -- Installing: /home/brenda/RBIM_ws/src/uuv_simulator/install/uuv_gazebo_worlds/share/uuv_gazebo_worlds/models/torque_tool
[10.481s] -- Installing: /home/brenda/RBIM_ws/src/uuv_simulator/install/uuv_gazebo_worlds/share/uuv_gazebo_worlds/models/torque_tool/meshes
[10.481s] -- Installing: /home/brenda/RBIM_ws/src/uuv_simulator/install/uuv_gazebo_worlds/share/uuv_gazebo_worlds/models/torque_tool/meshes/TorqueTool.dae
[10.481s] -- Installing: /home/brenda/RBIM_ws/src/uuv_simulator/install/uuv_gazebo_worlds/share/uuv_gazebo_worlds/models/torque_tool/model.config
[10.481s] -- Installing: /home/brenda/RBIM_ws/src/uuv_simulator/install/uuv_gazebo_worlds/share/uuv_gazebo_worlds/models/torque_tool/model.sdf
[10.483s] -- Installing: /home/brenda/RBIM_ws/src/uuv_simulator/install/uuv_gazebo_worlds/share/uuv_gazebo_worlds/models/tree
[10.484s] -- Installing: /home/brenda/RBIM_ws/src/uuv_simulator/install/uuv_gazebo_worlds/share/uuv_gazebo_worlds/models/tree/meshes
[10.484s] -- Installing: /home/brenda/RBIM_ws/src/uuv_simulator/install/uuv_gazebo_worlds/share/uuv_gazebo_worlds/models/tree/meshes/Tree.dae
[10.484s] -- Installing: /home/brenda/RBIM_ws/src/uuv_simulator/install/uuv_gazebo_worlds/share/uuv_gazebo_worlds/models/tree/model.config
[10.484s] -- Installing: /home/brenda/RBIM_ws/src/uuv_simulator/install/uuv_gazebo_worlds/share/uuv_gazebo_worlds/models/tree/model.sdf
[10.484s] -- Installing: /home/brenda/RBIM_ws/src/uuv_simulator/install/uuv_gazebo_worlds/share/uuv_gazebo_worlds/models/mangalia
[10.484s] -- Installing: /home/brenda/RBIM_ws/src/uuv_simulator/install/uuv_gazebo_worlds/share/uuv_gazebo_worlds/models/mangalia/meshes
[10.485s] -- Installing: /home/brenda/RBIM_ws/src/uuv_simulator/install/uuv_gazebo_worlds/share/uuv_gazebo_worlds/models/mangalia/meshes/ground_stone_ground_0029_02_tiled_s.jpg
[10.598s] -- Installing: /home/brenda/RBIM_ws/src/uuv_simulator/install/uuv_gazebo_worlds/share/uuv_gazebo_worlds/models/mangalia/meshes/MangaliaTerrain.dae
[10.599s] -- Installing: /home/brenda/RBIM_ws/src/uuv_simulator/install/uuv_gazebo_worlds/share/uuv_gazebo_worlds/models/mangalia/meshes/170427_Seabed8_textured.blend
[10.612s] -- Installing: /home/brenda/RBIM_ws/src/uuv_simulator/install/uuv_gazebo_worlds/share/uuv_gazebo_worlds/models/mangalia/meshes/grass_grass_0101_02_tiled_s.jpg
[10.820s] -- Installing: /home/brenda/RBIM_ws/src/uuv_simulator/install/uuv_gazebo_worlds/share/uuv_gazebo_worlds/models/mangalia/meshes/License and source for textures.txt
[10.821s] -- Installing: /home/brenda/RBIM_ws/src/uuv_simulator/install/uuv_gazebo_worlds/share/uuv_gazebo_worlds/models/mangalia/meshes/170427_Seabed8_textured.dae
[10.821s] -- Installing: /home/brenda/RBIM_ws/src/uuv_simulator/install/uuv_gazebo_worlds/share/uuv_gazebo_worlds/models/mangalia/model.config
[10.822s] -- Installing: /home/brenda/RBIM_ws/src/uuv_simulator/install/uuv_gazebo_worlds/share/uuv_gazebo_worlds/models/mangalia/model.sdf
[10.822s] -- Installing: /home/brenda/RBIM_ws/src/uuv_simulator/install/uuv_gazebo_worlds/share/uuv_gazebo_worlds/models/herkules_seabed
[10.823s] -- Installing: /home/brenda/RBIM_ws/src/uuv_simulator/install/uuv_gazebo_worlds/share/uuv_gazebo_worlds/models/herkules_seabed/meshes
[10.823s] -- Installing: /home/brenda/RBIM_ws/src/uuv_simulator/install/uuv_gazebo_worlds/share/uuv_gazebo_worlds/models/herkules_seabed/meshes/herkules_seabed.dae
[10.824s] -- Installing: /home/brenda/RBIM_ws/src/uuv_simulator/install/uuv_gazebo_worlds/share/uuv_gazebo_worlds/models/herkules_seabed/model.config
[10.824s] -- Installing: /home/brenda/RBIM_ws/src/uuv_simulator/install/uuv_gazebo_worlds/share/uuv_gazebo_worlds/models/herkules_seabed/model.sdf
[10.824s] -- Installing: /home/brenda/RBIM_ws/src/uuv_simulator/install/uuv_gazebo_worlds/share/uuv_gazebo_worlds/models/munkholmen_seabed
[10.825s] -- Installing: /home/brenda/RBIM_ws/src/uuv_simulator/install/uuv_gazebo_worlds/share/uuv_gazebo_worlds/models/munkholmen_seabed/meshes
[10.825s] -- Installing: /home/brenda/RBIM_ws/src/uuv_simulator/install/uuv_gazebo_worlds/share/uuv_gazebo_worlds/models/munkholmen_seabed/meshes/seabed.dae
[10.826s] -- Installing: /home/brenda/RBIM_ws/src/uuv_simulator/install/uuv_gazebo_worlds/share/uuv_gazebo_worlds/models/munkholmen_seabed/model.config
[10.827s] -- Installing: /home/brenda/RBIM_ws/src/uuv_simulator/install/uuv_gazebo_worlds/share/uuv_gazebo_worlds/models/munkholmen_seabed/model.sdf
[10.827s] -- Installing: /home/brenda/RBIM_ws/src/uuv_simulator/install/uuv_gazebo_worlds/share/uuv_gazebo_worlds/models/herkules_ship_wreck
[10.827s] -- Installing: /home/brenda/RBIM_ws/src/uuv_simulator/install/uuv_gazebo_worlds/share/uuv_gazebo_worlds/models/herkules_ship_wreck/meshes
[10.828s] -- Installing: /home/brenda/RBIM_ws/src/uuv_simulator/install/uuv_gazebo_worlds/share/uuv_gazebo_worlds/models/herkules_ship_wreck/meshes/herkules.dae
[10.845s] -- Installing: /home/brenda/RBIM_ws/src/uuv_simulator/install/uuv_gazebo_worlds/share/uuv_gazebo_worlds/models/herkules_ship_wreck/model.config
[10.846s] -- Installing: /home/brenda/RBIM_ws/src/uuv_simulator/install/uuv_gazebo_worlds/share/uuv_gazebo_worlds/models/herkules_ship_wreck/model.sdf
[10.847s] -- Installing: /home/brenda/RBIM_ws/src/uuv_simulator/install/uuv_gazebo_worlds/share/uuv_gazebo_worlds/models/hot_stab
[10.847s] -- Installing: /home/brenda/RBIM_ws/src/uuv_simulator/install/uuv_gazebo_worlds/share/uuv_gazebo_worlds/models/hot_stab/meshes
[10.848s] -- Installing: /home/brenda/RBIM_ws/src/uuv_simulator/install/uuv_gazebo_worlds/share/uuv_gazebo_worlds/models/hot_stab/meshes/HotStab.dae
[10.849s] -- Installing: /home/brenda/RBIM_ws/src/uuv_simulator/install/uuv_gazebo_worlds/share/uuv_gazebo_worlds/models/hot_stab/model.config
[10.849s] -- Installing: /home/brenda/RBIM_ws/src/uuv_simulator/install/uuv_gazebo_worlds/share/uuv_gazebo_worlds/models/hot_stab/model.sdf
[10.849s] -- Installing: /home/brenda/RBIM_ws/src/uuv_simulator/install/uuv_gazebo_worlds/share/uuv_gazebo_worlds/models/bop_panel
[10.850s] -- Installing: /home/brenda/RBIM_ws/src/uuv_simulator/install/uuv_gazebo_worlds/share/uuv_gazebo_worlds/models/bop_panel/meshes
[10.851s] -- Installing: /home/brenda/RBIM_ws/src/uuv_simulator/install/uuv_gazebo_worlds/share/uuv_gazebo_worlds/models/bop_panel/meshes/Valve.dae
[10.851s] -- Installing: /home/brenda/RBIM_ws/src/uuv_simulator/install/uuv_gazebo_worlds/share/uuv_gazebo_worlds/models/bop_panel/meshes/VentilBlock.stl
[10.886s] -- Installing: /home/brenda/RBIM_ws/src/uuv_simulator/install/uuv_gazebo_worlds/share/uuv_gazebo_worlds/models/bop_panel/meshes/VentilBlock.obj
[10.960s] -- Installing: /home/brenda/RBIM_ws/src/uuv_simulator/install/uuv_gazebo_worlds/share/uuv_gazebo_worlds/models/bop_panel/meshes/VentilBlock.mtl
[10.961s] -- Installing: /home/brenda/RBIM_ws/src/uuv_simulator/install/uuv_gazebo_worlds/share/uuv_gazebo_worlds/models/bop_panel/model.config
[10.961s] -- Installing: /home/brenda/RBIM_ws/src/uuv_simulator/install/uuv_gazebo_worlds/share/uuv_gazebo_worlds/models/bop_panel/model.sdf
[10.961s] -- Installing: /home/brenda/RBIM_ws/src/uuv_simulator/install/uuv_gazebo_worlds/share/uuv_gazebo_worlds/models/april_tag_36_11_00000
[10.961s] -- Installing: /home/brenda/RBIM_ws/src/uuv_simulator/install/uuv_gazebo_worlds/share/uuv_gazebo_worlds/models/april_tag_36_11_00000/model.config
[10.961s] -- Installing: /home/brenda/RBIM_ws/src/uuv_simulator/install/uuv_gazebo_worlds/share/uuv_gazebo_worlds/models/april_tag_36_11_00000/model.sdf
[10.962s] -- Installing: /home/brenda/RBIM_ws/src/uuv_simulator/install/uuv_gazebo_worlds/share/uuv_gazebo_worlds/models/aurora_static
[10.962s] -- Installing: /home/brenda/RBIM_ws/src/uuv_simulator/install/uuv_gazebo_worlds/share/uuv_gazebo_worlds/models/aurora_static/meshes
[10.962s] -- Installing: /home/brenda/RBIM_ws/src/uuv_simulator/install/uuv_gazebo_worlds/share/uuv_gazebo_worlds/models/aurora_static/meshes/aurora.dae
[10.964s] -- Installing: /home/brenda/RBIM_ws/src/uuv_simulator/install/uuv_gazebo_worlds/share/uuv_gazebo_worlds/models/aurora_static/meshes/aurora_collision.stl
[10.966s] -- Installing: /home/brenda/RBIM_ws/src/uuv_simulator/install/uuv_gazebo_worlds/share/uuv_gazebo_worlds/models/aurora_static/model.config
[10.966s] -- Installing: /home/brenda/RBIM_ws/src/uuv_simulator/install/uuv_gazebo_worlds/share/uuv_gazebo_worlds/models/aurora_static/model.sdf
[10.967s] -- Installing: /home/brenda/RBIM_ws/src/uuv_simulator/install/uuv_gazebo_worlds/share/uuv_gazebo_worlds/environment/uuv_gazebo_worlds.sh
[10.967s] -- Installing: /home/brenda/RBIM_ws/src/uuv_simulator/install/uuv_gazebo_worlds/share/uuv_gazebo_worlds/environment/uuv_gazebo_worlds.dsv
[10.967s] -- Installing: /home/brenda/RBIM_ws/src/uuv_simulator/install/uuv_gazebo_worlds/share/ament_index/resource_index/package_run_dependencies/uuv_gazebo_worlds
[10.967s] -- Installing: /home/brenda/RBIM_ws/src/uuv_simulator/install/uuv_gazebo_worlds/share/ament_index/resource_index/parent_prefix_path/uuv_gazebo_worlds
[10.968s] -- Installing: /home/brenda/RBIM_ws/src/uuv_simulator/install/uuv_gazebo_worlds/share/uuv_gazebo_worlds/environment/ament_prefix_path.sh
[10.968s] -- Installing: /home/brenda/RBIM_ws/src/uuv_simulator/install/uuv_gazebo_worlds/share/uuv_gazebo_worlds/environment/ament_prefix_path.dsv
[10.968s] -- Installing: /home/brenda/RBIM_ws/src/uuv_simulator/install/uuv_gazebo_worlds/share/uuv_gazebo_worlds/environment/path.sh
[10.968s] -- Installing: /home/brenda/RBIM_ws/src/uuv_simulator/install/uuv_gazebo_worlds/share/uuv_gazebo_worlds/environment/path.dsv
[10.968s] -- Installing: /home/brenda/RBIM_ws/src/uuv_simulator/install/uuv_gazebo_worlds/share/uuv_gazebo_worlds/local_setup.bash
[10.969s] -- Installing: /home/brenda/RBIM_ws/src/uuv_simulator/install/uuv_gazebo_worlds/share/uuv_gazebo_worlds/local_setup.sh
[10.981s] -- Installing: /home/brenda/RBIM_ws/src/uuv_simulator/install/uuv_gazebo_worlds/share/uuv_gazebo_worlds/local_setup.zsh
[10.982s] -- Installing: /home/brenda/RBIM_ws/src/uuv_simulator/install/uuv_gazebo_worlds/share/uuv_gazebo_worlds/local_setup.dsv
[10.982s] -- Installing: /home/brenda/RBIM_ws/src/uuv_simulator/install/uuv_gazebo_worlds/share/uuv_gazebo_worlds/package.dsv
[10.982s] -- Installing: /home/brenda/RBIM_ws/src/uuv_simulator/install/uuv_gazebo_worlds/share/ament_index/resource_index/packages/uuv_gazebo_worlds
[10.986s] -- Installing: /home/brenda/RBIM_ws/src/uuv_simulator/install/uuv_gazebo_worlds/share/uuv_gazebo_worlds/cmake/uuv_gazebo_worldsConfig.cmake
[10.986s] -- Installing: /home/brenda/RBIM_ws/src/uuv_simulator/install/uuv_gazebo_worlds/share/uuv_gazebo_worlds/cmake/uuv_gazebo_worldsConfig-version.cmake
[10.986s] -- Installing: /home/brenda/RBIM_ws/src/uuv_simulator/install/uuv_gazebo_worlds/share/uuv_gazebo_worlds/package.xml
[11.021s] Invoked command in '/home/brenda/RBIM_ws/src/uuv_simulator/build/uuv_gazebo_worlds' returned '0': CMAKE_PREFIX_PATH=/opt/ros/foxy:${CMAKE_PREFIX_PATH} /usr/bin/cmake --install /home/brenda/RBIM_ws/src/uuv_simulator/build/uuv_gazebo_worlds
