[0.056s] Invoking command in '/home/brenda/RBIM_ws/src/uuv_simulator/build/rbim_simulation': AMENT_PREFIX_PATH=/home/brenda/RBIM_ws/src/uuv_simulator/install/rbim_description:${AMENT_PREFIX_PATH} CMAKE_PREFIX_PATH=/home/brenda/RBIM_ws/src/uuv_simulator/install/rbim_description:/opt/ros/foxy:${CMAKE_PREFIX_PATH} /usr/bin/cmake --build /home/brenda/RBIM_ws/src/uuv_simulator/build/rbim_simulation -- -j8 -l8
[0.147s] Invoked command in '/home/brenda/RBIM_ws/src/uuv_simulator/build/rbim_simulation' returned '0': AMENT_PREFIX_PATH=/home/brenda/RBIM_ws/src/uuv_simulator/install/rbim_description:${AMENT_PREFIX_PATH} CMAKE_PREFIX_PATH=/home/brenda/RBIM_ws/src/uuv_simulator/install/rbim_description:/opt/ros/foxy:${CMAKE_PREFIX_PATH} /usr/bin/cmake --build /home/brenda/RBIM_ws/src/uuv_simulator/build/rbim_simulation -- -j8 -l8
[0.184s] Invoking command in '/home/brenda/RBIM_ws/src/uuv_simulator/build/rbim_simulation': AMENT_PREFIX_PATH=/home/brenda/RBIM_ws/src/uuv_simulator/install/rbim_description:${AMENT_PREFIX_PATH} CMAKE_PREFIX_PATH=/home/brenda/RBIM_ws/src/uuv_simulator/install/rbim_description:/opt/ros/foxy:${CMAKE_PREFIX_PATH} /usr/bin/cmake --install /home/brenda/RBIM_ws/src/uuv_simulator/build/rbim_simulation
[0.192s] -- Install configuration: ""
[0.192s] -- Execute custom install script
[0.193s] -- Up-to-date symlink: /home/brenda/RBIM_ws/src/uuv_simulator/install/rbim_simulation/share/rbim_simulation/launch/rbim_simulation.launch.py
[0.193s] -- Up-to-date symlink: /home/brenda/RBIM_ws/src/uuv_simulator/install/rbim_simulation/share/ament_index/resource_index/package_run_dependencies/rbim_simulation
[0.193s] -- Up-to-date symlink: /home/brenda/RBIM_ws/src/uuv_simulator/install/rbim_simulation/share/ament_index/resource_index/parent_prefix_path/rbim_simulation
[0.194s] -- Up-to-date symlink: /home/brenda/RBIM_ws/src/uuv_simulator/install/rbim_simulation/share/rbim_simulation/environment/ament_prefix_path.sh
[0.194s] -- Up-to-date symlink: /home/brenda/RBIM_ws/src/uuv_simulator/install/rbim_simulation/share/rbim_simulation/environment/ament_prefix_path.dsv
[0.194s] -- Up-to-date symlink: /home/brenda/RBIM_ws/src/uuv_simulator/install/rbim_simulation/share/rbim_simulation/environment/path.sh
[0.195s] -- Up-to-date symlink: /home/brenda/RBIM_ws/src/uuv_simulator/install/rbim_simulation/share/rbim_simulation/environment/path.dsv
[0.195s] -- Up-to-date symlink: /home/brenda/RBIM_ws/src/uuv_simulator/install/rbim_simulation/share/rbim_simulation/local_setup.bash
[0.195s] -- Up-to-date symlink: /home/brenda/RBIM_ws/src/uuv_simulator/install/rbim_simulation/share/rbim_simulation/local_setup.sh
[0.196s] -- Up-to-date symlink: /home/brenda/RBIM_ws/src/uuv_simulator/install/rbim_simulation/share/rbim_simulation/local_setup.zsh
[0.196s] -- Up-to-date symlink: /home/brenda/RBIM_ws/src/uuv_simulator/install/rbim_simulation/share/rbim_simulation/local_setup.dsv
[0.196s] -- Symlinking: /home/brenda/RBIM_ws/src/uuv_simulator/install/rbim_simulation/share/rbim_simulation/package.dsv
[0.207s] -- Up-to-date symlink: /home/brenda/RBIM_ws/src/uuv_simulator/install/rbim_simulation/share/ament_index/resource_index/packages/rbim_simulation
[0.208s] -- Up-to-date symlink: /home/brenda/RBIM_ws/src/uuv_simulator/install/rbim_simulation/share/rbim_simulation/cmake/rbim_simulationConfig.cmake
[0.208s] -- Up-to-date symlink: /home/brenda/RBIM_ws/src/uuv_simulator/install/rbim_simulation/share/rbim_simulation/cmake/rbim_simulationConfig-version.cmake
[0.208s] -- Up-to-date symlink: /home/brenda/RBIM_ws/src/uuv_simulator/install/rbim_simulation/share/rbim_simulation/package.xml
[0.211s] Invoked command in '/home/brenda/RBIM_ws/src/uuv_simulator/build/rbim_simulation' returned '0': AMENT_PREFIX_PATH=/home/brenda/RBIM_ws/src/uuv_simulator/install/rbim_description:${AMENT_PREFIX_PATH} CMAKE_PREFIX_PATH=/home/brenda/RBIM_ws/src/uuv_simulator/install/rbim_description:/opt/ros/foxy:${CMAKE_PREFIX_PATH} /usr/bin/cmake --install /home/brenda/RBIM_ws/src/uuv_simulator/build/rbim_simulation
