[0.036s] Invoking command in '/home/brenda/RBIM_ws/src/uuv_simulator/build/uuv_descriptions': CMAKE_PREFIX_PATH=/opt/ros/foxy:${CMAKE_PREFIX_PATH} /usr/bin/cmake /home/brenda/RBIM_ws/src/uuv_simulator/uuv_descriptions -DCMAKE_INSTALL_PREFIX=/home/brenda/RBIM_ws/src/uuv_simulator/install/uuv_descriptions
[1.563s] -- The C compiler identification is GNU 9.3.0
[2.770s] -- The CXX compiler identification is GNU 9.3.0
[2.831s] -- Check for working C compiler: /usr/bin/cc
[2.989s] -- Check for working C compiler: /usr/bin/cc -- works
[2.990s] -- Detecting C compiler ABI info
[3.090s] -- Detecting C compiler ABI info - done
[3.115s] -- Detecting C compile features
[3.129s] -- Detecting C compile features - done
[3.133s] -- Check for working CXX compiler: /usr/bin/c++
[3.274s] -- Check for working CXX compiler: /usr/bin/c++ -- works
[3.275s] -- Detecting CXX compiler ABI info
[3.396s] -- Detecting CXX compiler ABI info - done
[3.420s] -- Detecting CXX compile features
[3.421s] -- Detecting CXX compile features - done
[3.424s] -- Found ament_cmake: 0.9.6 (/opt/ros/foxy/share/ament_cmake/cmake)
[3.458s] -- Found PythonInterp: /usr/bin/python3 (found suitable version "3.8.5", minimum required is "3") 
[3.458s] -- Using PYTHON_EXECUTABLE: /usr/bin/python3
[3.809s] -- Found urdf: 2.4.0 (/opt/ros/foxy/share/urdf/cmake)
[3.952s] -- Configuring done
[3.955s] -- Generating done
[3.956s] -- Build files have been written to: /home/brenda/RBIM_ws/src/uuv_simulator/build/uuv_descriptions
[3.968s] Invoked command in '/home/brenda/RBIM_ws/src/uuv_simulator/build/uuv_descriptions' returned '0': CMAKE_PREFIX_PATH=/opt/ros/foxy:${CMAKE_PREFIX_PATH} /usr/bin/cmake /home/brenda/RBIM_ws/src/uuv_simulator/uuv_descriptions -DCMAKE_INSTALL_PREFIX=/home/brenda/RBIM_ws/src/uuv_simulator/install/uuv_descriptions
[3.973s] Invoking command in '/home/brenda/RBIM_ws/src/uuv_simulator/build/uuv_descriptions': CMAKE_PREFIX_PATH=/opt/ros/foxy:${CMAKE_PREFIX_PATH} /usr/bin/cmake --build /home/brenda/RBIM_ws/src/uuv_simulator/build/uuv_descriptions -- -j8 -l8
[4.053s] Invoked command in '/home/brenda/RBIM_ws/src/uuv_simulator/build/uuv_descriptions' returned '0': CMAKE_PREFIX_PATH=/opt/ros/foxy:${CMAKE_PREFIX_PATH} /usr/bin/cmake --build /home/brenda/RBIM_ws/src/uuv_simulator/build/uuv_descriptions -- -j8 -l8
[4.100s] Invoking command in '/home/brenda/RBIM_ws/src/uuv_simulator/build/uuv_descriptions': CMAKE_PREFIX_PATH=/opt/ros/foxy:${CMAKE_PREFIX_PATH} /usr/bin/cmake --install /home/brenda/RBIM_ws/src/uuv_simulator/build/uuv_descriptions
[4.116s] -- Install configuration: ""
[4.116s] -- Installing: /home/brenda/RBIM_ws/src/uuv_simulator/install/uuv_descriptions/share/uuv_descriptions/launch
[4.117s] -- Installing: /home/brenda/RBIM_ws/src/uuv_simulator/install/uuv_descriptions/share/uuv_descriptions/launch/upload_rexrov.launch.py
[4.117s] -- Installing: /home/brenda/RBIM_ws/src/uuv_simulator/install/uuv_descriptions/share/uuv_descriptions/meshes
[4.117s] -- Installing: /home/brenda/RBIM_ws/src/uuv_simulator/install/uuv_descriptions/share/uuv_descriptions/meshes/prop.dae
[4.117s] -- Installing: /home/brenda/RBIM_ws/src/uuv_simulator/install/uuv_descriptions/share/uuv_descriptions/meshes/collision.blend
[4.119s] -- Installing: /home/brenda/RBIM_ws/src/uuv_simulator/install/uuv_descriptions/share/uuv_descriptions/meshes/RexROV_no_props.stl
[4.119s] -- Installing: /home/brenda/RBIM_ws/src/uuv_simulator/install/uuv_descriptions/share/uuv_descriptions/meshes/RexROV_no_props.dae
[4.133s] -- Installing: /home/brenda/RBIM_ws/src/uuv_simulator/install/uuv_descriptions/share/uuv_descriptions/robots
[4.133s] -- Installing: /home/brenda/RBIM_ws/src/uuv_simulator/install/uuv_descriptions/share/uuv_descriptions/robots/rexrov_oberon_arms.xacro
[4.133s] -- Installing: /home/brenda/RBIM_ws/src/uuv_simulator/install/uuv_descriptions/share/uuv_descriptions/robots/rexrov_oberon4.xacro
[4.133s] -- Installing: /home/brenda/RBIM_ws/src/uuv_simulator/install/uuv_descriptions/share/uuv_descriptions/robots/rexrov_default_noisy_pose.xacro
[4.133s] -- Installing: /home/brenda/RBIM_ws/src/uuv_simulator/install/uuv_descriptions/share/uuv_descriptions/robots/rexrov_default.xacro
[4.134s] -- Installing: /home/brenda/RBIM_ws/src/uuv_simulator/install/uuv_descriptions/share/uuv_descriptions/robots/rexrov_sonar.xacro
[4.134s] -- Installing: /home/brenda/RBIM_ws/src/uuv_simulator/install/uuv_descriptions/share/uuv_descriptions/robots/rexrov_oberon7.xacro
[4.134s] -- Installing: /home/brenda/RBIM_ws/src/uuv_simulator/install/uuv_descriptions/share/uuv_descriptions/urdf
[4.134s] -- Installing: /home/brenda/RBIM_ws/src/uuv_simulator/install/uuv_descriptions/share/uuv_descriptions/urdf/rexrov_sensors.xacro
[4.134s] -- Installing: /home/brenda/RBIM_ws/src/uuv_simulator/install/uuv_descriptions/share/uuv_descriptions/urdf/rexrov.gazebo.xacro
[4.134s] -- Installing: /home/brenda/RBIM_ws/src/uuv_simulator/install/uuv_descriptions/share/uuv_descriptions/urdf/rexrov_base.xacro
[4.134s] -- Installing: /home/brenda/RBIM_ws/src/uuv_simulator/install/uuv_descriptions/share/uuv_descriptions/urdf/rexrov_actuators.xacro
[4.134s] -- Installing: /home/brenda/RBIM_ws/src/uuv_simulator/install/uuv_descriptions/share/uuv_descriptions/urdf/common.urdf.xacro
[4.134s] -- Installing: /home/brenda/RBIM_ws/src/uuv_simulator/install/uuv_descriptions/share/ament_index/resource_index/package_run_dependencies/uuv_descriptions
[4.134s] -- Installing: /home/brenda/RBIM_ws/src/uuv_simulator/install/uuv_descriptions/share/ament_index/resource_index/parent_prefix_path/uuv_descriptions
[4.135s] -- Installing: /home/brenda/RBIM_ws/src/uuv_simulator/install/uuv_descriptions/share/uuv_descriptions/environment/ament_prefix_path.sh
[4.135s] -- Installing: /home/brenda/RBIM_ws/src/uuv_simulator/install/uuv_descriptions/share/uuv_descriptions/environment/ament_prefix_path.dsv
[4.135s] -- Installing: /home/brenda/RBIM_ws/src/uuv_simulator/install/uuv_descriptions/share/uuv_descriptions/environment/path.sh
[4.135s] -- Installing: /home/brenda/RBIM_ws/src/uuv_simulator/install/uuv_descriptions/share/uuv_descriptions/environment/path.dsv
[4.135s] -- Installing: /home/brenda/RBIM_ws/src/uuv_simulator/install/uuv_descriptions/share/uuv_descriptions/local_setup.bash
[4.136s] -- Installing: /home/brenda/RBIM_ws/src/uuv_simulator/install/uuv_descriptions/share/uuv_descriptions/local_setup.sh
[4.136s] -- Installing: /home/brenda/RBIM_ws/src/uuv_simulator/install/uuv_descriptions/share/uuv_descriptions/local_setup.zsh
[4.136s] -- Installing: /home/brenda/RBIM_ws/src/uuv_simulator/install/uuv_descriptions/share/uuv_descriptions/local_setup.dsv
[4.136s] -- Installing: /home/brenda/RBIM_ws/src/uuv_simulator/install/uuv_descriptions/share/uuv_descriptions/package.dsv
[4.136s] -- Installing: /home/brenda/RBIM_ws/src/uuv_simulator/install/uuv_descriptions/share/ament_index/resource_index/packages/uuv_descriptions
[4.136s] -- Installing: /home/brenda/RBIM_ws/src/uuv_simulator/install/uuv_descriptions/share/uuv_descriptions/cmake/uuv_descriptionsConfig.cmake
[4.137s] -- Installing: /home/brenda/RBIM_ws/src/uuv_simulator/install/uuv_descriptions/share/uuv_descriptions/cmake/uuv_descriptionsConfig-version.cmake
[4.137s] -- Installing: /home/brenda/RBIM_ws/src/uuv_simulator/install/uuv_descriptions/share/uuv_descriptions/package.xml
[4.155s] Invoked command in '/home/brenda/RBIM_ws/src/uuv_simulator/build/uuv_descriptions' returned '0': CMAKE_PREFIX_PATH=/opt/ros/foxy:${CMAKE_PREFIX_PATH} /usr/bin/cmake --install /home/brenda/RBIM_ws/src/uuv_simulator/build/uuv_descriptions
