-- The C compiler identification is GNU 9.3.0
-- The CXX compiler identification is GNU 9.3.0
-- Check for working C compiler: /usr/bin/cc
-- Check for working C compiler: /usr/bin/cc -- works
-- Detecting C compiler ABI info
-- Detecting C compiler ABI info - done
-- Detecting C compile features
-- Detecting C compile features - done
-- Check for working CXX compiler: /usr/bin/c++
-- Check for working CXX compiler: /usr/bin/c++ -- works
-- Detecting CXX compiler ABI info
-- Detecting CXX compiler ABI info - done
-- Detecting CXX compile features
-- Detecting CXX compile features - done
-- Found ament_cmake: 0.9.6 (/opt/ros/foxy/share/ament_cmake/cmake)
-- Found PythonInterp: /usr/bin/python3 (found suitable version "3.8.5", minimum required is "3") 
-- Using PYTHON_EXECUTABLE: /usr/bin/python3
-- Found rbim_description: 0.0.1 (/home/brenda/RBIM_ws/src/uuv_simulator/install/rbim_description/share/rbim_description/cmake)
-- Configuring done
-- Generating done
-- Build files have been written to: /home/brenda/RBIM_ws/src/uuv_simulator/build/rbim_simulation
-- Install configuration: ""
-- Installing: /home/brenda/RBIM_ws/src/uuv_simulator/install/rbim_simulation/share/rbim_simulation/launch
-- Installing: /home/brenda/RBIM_ws/src/uuv_simulator/install/rbim_simulation/share/rbim_simulation/launch/rbim_simulation.launch.py
-- Installing: /home/brenda/RBIM_ws/src/uuv_simulator/install/rbim_simulation/share/ament_index/resource_index/package_run_dependencies/rbim_simulation
-- Installing: /home/brenda/RBIM_ws/src/uuv_simulator/install/rbim_simulation/share/ament_index/resource_index/parent_prefix_path/rbim_simulation
-- Installing: /home/brenda/RBIM_ws/src/uuv_simulator/install/rbim_simulation/share/rbim_simulation/environment/ament_prefix_path.sh
-- Installing: /home/brenda/RBIM_ws/src/uuv_simulator/install/rbim_simulation/share/rbim_simulation/environment/ament_prefix_path.dsv
-- Installing: /home/brenda/RBIM_ws/src/uuv_simulator/install/rbim_simulation/share/rbim_simulation/environment/path.sh
-- Installing: /home/brenda/RBIM_ws/src/uuv_simulator/install/rbim_simulation/share/rbim_simulation/environment/path.dsv
-- Installing: /home/brenda/RBIM_ws/src/uuv_simulator/install/rbim_simulation/share/rbim_simulation/local_setup.bash
-- Installing: /home/brenda/RBIM_ws/src/uuv_simulator/install/rbim_simulation/share/rbim_simulation/local_setup.sh
-- Installing: /home/brenda/RBIM_ws/src/uuv_simulator/install/rbim_simulation/share/rbim_simulation/local_setup.zsh
-- Installing: /home/brenda/RBIM_ws/src/uuv_simulator/install/rbim_simulation/share/rbim_simulation/local_setup.dsv
-- Installing: /home/brenda/RBIM_ws/src/uuv_simulator/install/rbim_simulation/share/rbim_simulation/package.dsv
-- Installing: /home/brenda/RBIM_ws/src/uuv_simulator/install/rbim_simulation/share/ament_index/resource_index/packages/rbim_simulation
-- Installing: /home/brenda/RBIM_ws/src/uuv_simulator/install/rbim_simulation/share/rbim_simulation/cmake/rbim_simulationConfig.cmake
-- Installing: /home/brenda/RBIM_ws/src/uuv_simulator/install/rbim_simulation/share/rbim_simulation/cmake/rbim_simulationConfig-version.cmake
-- Installing: /home/brenda/RBIM_ws/src/uuv_simulator/install/rbim_simulation/share/rbim_simulation/package.xml
