[0.016s] Invoking command in '/home/brenda/RBIM_ws/src/uuv_simulator/build/rbim_simulation': AMENT_PREFIX_PATH=/home/brenda/RBIM_ws/src/uuv_simulator/install/rbim_description:${AMENT_PREFIX_PATH} CMAKE_PREFIX_PATH=/home/brenda/RBIM_ws/src/uuv_simulator/install/rbim_description:/opt/ros/foxy:${CMAKE_PREFIX_PATH} /usr/bin/cmake /home/brenda/RBIM_ws/src/uuv_simulator/rbim_simulation -DCMAKE_INSTALL_PREFIX=/home/brenda/RBIM_ws/src/uuv_simulator/install/rbim_simulation
[0.102s] -- The C compiler identification is GNU 9.3.0
[0.161s] -- The CXX compiler identification is GNU 9.3.0
[0.166s] -- Check for working C compiler: /usr/bin/cc
[0.240s] -- Check for working C compiler: /usr/bin/cc -- works
[0.241s] -- Detecting C compiler ABI info
[0.329s] -- Detecting C compiler ABI info - done
[0.346s] -- Detecting C compile features
[0.346s] -- Detecting C compile features - done
[0.349s] -- Check for working CXX compiler: /usr/bin/c++
[0.468s] -- Check for working CXX compiler: /usr/bin/c++ -- works
[0.468s] -- Detecting CXX compiler ABI info
[0.559s] -- Detecting CXX compiler ABI info - done
[0.572s] -- Detecting CXX compile features
[0.572s] -- Detecting CXX compile features - done
[0.574s] -- Found ament_cmake: 0.9.6 (/opt/ros/foxy/share/ament_cmake/cmake)
[0.603s] -- Found PythonInterp: /usr/bin/python3 (found suitable version "3.8.5", minimum required is "3") 
[0.603s] -- Using PYTHON_EXECUTABLE: /usr/bin/python3
[0.900s] -- Found rbim_description: 0.0.1 (/home/brenda/RBIM_ws/src/uuv_simulator/install/rbim_description/share/rbim_description/cmake)
[1.012s] -- Configuring done
[1.032s] -- Generating done
[1.033s] -- Build files have been written to: /home/brenda/RBIM_ws/src/uuv_simulator/build/rbim_simulation
[1.038s] Invoked command in '/home/brenda/RBIM_ws/src/uuv_simulator/build/rbim_simulation' returned '0': AMENT_PREFIX_PATH=/home/brenda/RBIM_ws/src/uuv_simulator/install/rbim_description:${AMENT_PREFIX_PATH} CMAKE_PREFIX_PATH=/home/brenda/RBIM_ws/src/uuv_simulator/install/rbim_description:/opt/ros/foxy:${CMAKE_PREFIX_PATH} /usr/bin/cmake /home/brenda/RBIM_ws/src/uuv_simulator/rbim_simulation -DCMAKE_INSTALL_PREFIX=/home/brenda/RBIM_ws/src/uuv_simulator/install/rbim_simulation
[1.044s] Invoking command in '/home/brenda/RBIM_ws/src/uuv_simulator/build/rbim_simulation': AMENT_PREFIX_PATH=/home/brenda/RBIM_ws/src/uuv_simulator/install/rbim_description:${AMENT_PREFIX_PATH} CMAKE_PREFIX_PATH=/home/brenda/RBIM_ws/src/uuv_simulator/install/rbim_description:/opt/ros/foxy:${CMAKE_PREFIX_PATH} /usr/bin/cmake --build /home/brenda/RBIM_ws/src/uuv_simulator/build/rbim_simulation -- -j8 -l8
[1.110s] Invoked command in '/home/brenda/RBIM_ws/src/uuv_simulator/build/rbim_simulation' returned '0': AMENT_PREFIX_PATH=/home/brenda/RBIM_ws/src/uuv_simulator/install/rbim_description:${AMENT_PREFIX_PATH} CMAKE_PREFIX_PATH=/home/brenda/RBIM_ws/src/uuv_simulator/install/rbim_description:/opt/ros/foxy:${CMAKE_PREFIX_PATH} /usr/bin/cmake --build /home/brenda/RBIM_ws/src/uuv_simulator/build/rbim_simulation -- -j8 -l8
[1.149s] Invoking command in '/home/brenda/RBIM_ws/src/uuv_simulator/build/rbim_simulation': AMENT_PREFIX_PATH=/home/brenda/RBIM_ws/src/uuv_simulator/install/rbim_description:${AMENT_PREFIX_PATH} CMAKE_PREFIX_PATH=/home/brenda/RBIM_ws/src/uuv_simulator/install/rbim_description:/opt/ros/foxy:${CMAKE_PREFIX_PATH} /usr/bin/cmake --install /home/brenda/RBIM_ws/src/uuv_simulator/build/rbim_simulation
[1.163s] -- Install configuration: ""
[1.164s] -- Installing: /home/brenda/RBIM_ws/src/uuv_simulator/install/rbim_simulation/share/rbim_simulation/launch
[1.164s] -- Installing: /home/brenda/RBIM_ws/src/uuv_simulator/install/rbim_simulation/share/rbim_simulation/launch/rbim_simulation.launch.py
[1.164s] -- Installing: /home/brenda/RBIM_ws/src/uuv_simulator/install/rbim_simulation/share/ament_index/resource_index/package_run_dependencies/rbim_simulation
[1.164s] -- Installing: /home/brenda/RBIM_ws/src/uuv_simulator/install/rbim_simulation/share/ament_index/resource_index/parent_prefix_path/rbim_simulation
[1.165s] -- Installing: /home/brenda/RBIM_ws/src/uuv_simulator/install/rbim_simulation/share/rbim_simulation/environment/ament_prefix_path.sh
[1.165s] -- Installing: /home/brenda/RBIM_ws/src/uuv_simulator/install/rbim_simulation/share/rbim_simulation/environment/ament_prefix_path.dsv
[1.165s] -- Installing: /home/brenda/RBIM_ws/src/uuv_simulator/install/rbim_simulation/share/rbim_simulation/environment/path.sh
[1.165s] -- Installing: /home/brenda/RBIM_ws/src/uuv_simulator/install/rbim_simulation/share/rbim_simulation/environment/path.dsv
[1.166s] -- Installing: /home/brenda/RBIM_ws/src/uuv_simulator/install/rbim_simulation/share/rbim_simulation/local_setup.bash
[1.166s] -- Installing: /home/brenda/RBIM_ws/src/uuv_simulator/install/rbim_simulation/share/rbim_simulation/local_setup.sh
[1.166s] -- Installing: /home/brenda/RBIM_ws/src/uuv_simulator/install/rbim_simulation/share/rbim_simulation/local_setup.zsh
[1.166s] -- Installing: /home/brenda/RBIM_ws/src/uuv_simulator/install/rbim_simulation/share/rbim_simulation/local_setup.dsv
[1.166s] -- Installing: /home/brenda/RBIM_ws/src/uuv_simulator/install/rbim_simulation/share/rbim_simulation/package.dsv
[1.167s] -- Installing: /home/brenda/RBIM_ws/src/uuv_simulator/install/rbim_simulation/share/ament_index/resource_index/packages/rbim_simulation
[1.167s] -- Installing: /home/brenda/RBIM_ws/src/uuv_simulator/install/rbim_simulation/share/rbim_simulation/cmake/rbim_simulationConfig.cmake
[1.167s] -- Installing: /home/brenda/RBIM_ws/src/uuv_simulator/install/rbim_simulation/share/rbim_simulation/cmake/rbim_simulationConfig-version.cmake
[1.167s] -- Installing: /home/brenda/RBIM_ws/src/uuv_simulator/install/rbim_simulation/share/rbim_simulation/package.xml
[1.173s] Invoked command in '/home/brenda/RBIM_ws/src/uuv_simulator/build/rbim_simulation' returned '0': AMENT_PREFIX_PATH=/home/brenda/RBIM_ws/src/uuv_simulator/install/rbim_description:${AMENT_PREFIX_PATH} CMAKE_PREFIX_PATH=/home/brenda/RBIM_ws/src/uuv_simulator/install/rbim_description:/opt/ros/foxy:${CMAKE_PREFIX_PATH} /usr/bin/cmake --install /home/brenda/RBIM_ws/src/uuv_simulator/build/rbim_simulation
