[0.135s] Invoking command in '/home/brenda/RBIM_ws/src/uuv_simulator/build/rbim_simulation': AMENT_PREFIX_PATH=/home/brenda/RBIM_ws/src/uuv_simulator/install/rbim_description:${AMENT_PREFIX_PATH} CMAKE_PREFIX_PATH=/home/brenda/RBIM_ws/src/uuv_simulator/install/rbim_description:/opt/ros/foxy:${CMAKE_PREFIX_PATH} /usr/bin/cmake --build /home/brenda/RBIM_ws/src/uuv_simulator/build/rbim_simulation -- -j8 -l8
[0.262s] Invoked command in '/home/brenda/RBIM_ws/src/uuv_simulator/build/rbim_simulation' returned '0': AMENT_PREFIX_PATH=/home/brenda/RBIM_ws/src/uuv_simulator/install/rbim_description:${AMENT_PREFIX_PATH} CMAKE_PREFIX_PATH=/home/brenda/RBIM_ws/src/uuv_simulator/install/rbim_description:/opt/ros/foxy:${CMAKE_PREFIX_PATH} /usr/bin/cmake --build /home/brenda/RBIM_ws/src/uuv_simulator/build/rbim_simulation -- -j8 -l8
[0.305s] Invoking command in '/home/brenda/RBIM_ws/src/uuv_simulator/build/rbim_simulation': AMENT_PREFIX_PATH=/home/brenda/RBIM_ws/src/uuv_simulator/install/rbim_description:${AMENT_PREFIX_PATH} CMAKE_PREFIX_PATH=/home/brenda/RBIM_ws/src/uuv_simulator/install/rbim_description:/opt/ros/foxy:${CMAKE_PREFIX_PATH} /usr/bin/cmake --install /home/brenda/RBIM_ws/src/uuv_simulator/build/rbim_simulation
[0.324s] -- Install configuration: ""
[0.325s] -- Execute custom install script
[0.326s] -- Up-to-date symlink: /home/brenda/RBIM_ws/src/uuv_simulator/install/rbim_simulation/share/rbim_simulation/launch/rbim_simulation.launch.py
[0.328s] -- Up-to-date symlink: /home/brenda/RBIM_ws/src/uuv_simulator/install/rbim_simulation/share/ament_index/resource_index/package_run_dependencies/rbim_simulation
[0.328s] -- Up-to-date symlink: /home/brenda/RBIM_ws/src/uuv_simulator/install/rbim_simulation/share/ament_index/resource_index/parent_prefix_path/rbim_simulation
[0.329s] -- Up-to-date symlink: /home/brenda/RBIM_ws/src/uuv_simulator/install/rbim_simulation/share/rbim_simulation/environment/ament_prefix_path.sh
[0.330s] -- Up-to-date symlink: /home/brenda/RBIM_ws/src/uuv_simulator/install/rbim_simulation/share/rbim_simulation/environment/ament_prefix_path.dsv
[0.330s] -- Up-to-date symlink: /home/brenda/RBIM_ws/src/uuv_simulator/install/rbim_simulation/share/rbim_simulation/environment/path.sh
[0.331s] -- Up-to-date symlink: /home/brenda/RBIM_ws/src/uuv_simulator/install/rbim_simulation/share/rbim_simulation/environment/path.dsv
[0.332s] -- Up-to-date symlink: /home/brenda/RBIM_ws/src/uuv_simulator/install/rbim_simulation/share/rbim_simulation/local_setup.bash
[0.333s] -- Up-to-date symlink: /home/brenda/RBIM_ws/src/uuv_simulator/install/rbim_simulation/share/rbim_simulation/local_setup.sh
[0.333s] -- Up-to-date symlink: /home/brenda/RBIM_ws/src/uuv_simulator/install/rbim_simulation/share/rbim_simulation/local_setup.zsh
[0.334s] -- Up-to-date symlink: /home/brenda/RBIM_ws/src/uuv_simulator/install/rbim_simulation/share/rbim_simulation/local_setup.dsv
[0.334s] -- Symlinking: /home/brenda/RBIM_ws/src/uuv_simulator/install/rbim_simulation/share/rbim_simulation/package.dsv
[0.355s] -- Up-to-date symlink: /home/brenda/RBIM_ws/src/uuv_simulator/install/rbim_simulation/share/ament_index/resource_index/packages/rbim_simulation
[0.356s] -- Up-to-date symlink: /home/brenda/RBIM_ws/src/uuv_simulator/install/rbim_simulation/share/rbim_simulation/cmake/rbim_simulationConfig.cmake
[0.356s] -- Up-to-date symlink: /home/brenda/RBIM_ws/src/uuv_simulator/install/rbim_simulation/share/rbim_simulation/cmake/rbim_simulationConfig-version.cmake
[0.357s] -- Up-to-date symlink: /home/brenda/RBIM_ws/src/uuv_simulator/install/rbim_simulation/share/rbim_simulation/package.xml
[0.362s] Invoked command in '/home/brenda/RBIM_ws/src/uuv_simulator/build/rbim_simulation' returned '0': AMENT_PREFIX_PATH=/home/brenda/RBIM_ws/src/uuv_simulator/install/rbim_description:${AMENT_PREFIX_PATH} CMAKE_PREFIX_PATH=/home/brenda/RBIM_ws/src/uuv_simulator/install/rbim_description:/opt/ros/foxy:${CMAKE_PREFIX_PATH} /usr/bin/cmake --install /home/brenda/RBIM_ws/src/uuv_simulator/build/rbim_simulation
