[0.067s] Invoking command in '/home/brenda/RBIM_ws/src/uuv_simulator/build/rbim_description': CMAKE_PREFIX_PATH=/opt/ros/foxy:${CMAKE_PREFIX_PATH} /usr/bin/cmake /home/brenda/RBIM_ws/src/uuv_simulator/rbim_description -DAMENT_CMAKE_SYMLINK_INSTALL=1 -DCMAKE_INSTALL_PREFIX=/home/brenda/RBIM_ws/src/uuv_simulator/install/rbim_description
[0.172s] -- Found ament_cmake: 0.9.6 (/opt/ros/foxy/share/ament_cmake/cmake)
[0.177s] -- Using PYTHON_EXECUTABLE: /usr/bin/python3
[0.347s] -- Override CMake install command with custom implementation using symlinks instead of copying resources
[0.433s] -- Found urdf: 2.4.0 (/opt/ros/foxy/share/urdf/cmake)
[0.731s] -- Configuring done
[0.738s] -- Generating done
[0.739s] -- Build files have been written to: /home/brenda/RBIM_ws/src/uuv_simulator/build/rbim_description
[0.748s] Invoked command in '/home/brenda/RBIM_ws/src/uuv_simulator/build/rbim_description' returned '0': CMAKE_PREFIX_PATH=/opt/ros/foxy:${CMAKE_PREFIX_PATH} /usr/bin/cmake /home/brenda/RBIM_ws/src/uuv_simulator/rbim_description -DAMENT_CMAKE_SYMLINK_INSTALL=1 -DCMAKE_INSTALL_PREFIX=/home/brenda/RBIM_ws/src/uuv_simulator/install/rbim_description
[0.748s] Invoking command in '/home/brenda/RBIM_ws/src/uuv_simulator/build/rbim_description': CMAKE_PREFIX_PATH=/opt/ros/foxy:${CMAKE_PREFIX_PATH} /usr/bin/cmake --build /home/brenda/RBIM_ws/src/uuv_simulator/build/rbim_description -- -j8 -l8
[0.801s] Invoked command in '/home/brenda/RBIM_ws/src/uuv_simulator/build/rbim_description' returned '0': CMAKE_PREFIX_PATH=/opt/ros/foxy:${CMAKE_PREFIX_PATH} /usr/bin/cmake --build /home/brenda/RBIM_ws/src/uuv_simulator/build/rbim_description -- -j8 -l8
[0.845s] Invoking command in '/home/brenda/RBIM_ws/src/uuv_simulator/build/rbim_description': CMAKE_PREFIX_PATH=/opt/ros/foxy:${CMAKE_PREFIX_PATH} /usr/bin/cmake --install /home/brenda/RBIM_ws/src/uuv_simulator/build/rbim_description
[1.561s] -- Install configuration: ""
[1.561s] -- Execute custom install script
[1.561s] -- Symlinking: /home/brenda/RBIM_ws/src/uuv_simulator/install/rbim_description/share/rbim_description/meshes/README.md
[1.562s] -- Symlinking: /home/brenda/RBIM_ws/src/uuv_simulator/install/rbim_description/share/rbim_description/meshes/base.dae
[1.562s] -- Symlinking: /home/brenda/RBIM_ws/src/uuv_simulator/install/rbim_description/share/rbim_description/meshes/wheel.STL
[1.562s] -- Symlinking: /home/brenda/RBIM_ws/src/uuv_simulator/install/rbim_description/share/rbim_description/urdf/actuators.xacro
[1.562s] -- Symlinking: /home/brenda/RBIM_ws/src/uuv_simulator/install/rbim_description/share/rbim_description/urdf/ball.xacro
[1.562s] -- Symlinking: /home/brenda/RBIM_ws/src/uuv_simulator/install/rbim_description/share/rbim_description/urdf/base.xacro
[1.563s] -- Symlinking: /home/brenda/RBIM_ws/src/uuv_simulator/install/rbim_description/share/rbim_description/urdf/default.xacro
[1.563s] -- Symlinking: /home/brenda/RBIM_ws/src/uuv_simulator/install/rbim_description/share/rbim_description/urdf/gazebo.xacro
[1.563s] -- Symlinking: /home/brenda/RBIM_ws/src/uuv_simulator/install/rbim_description/share/rbim_description/urdf/sensors.xacro
[1.563s] -- Symlinking: /home/brenda/RBIM_ws/src/uuv_simulator/install/rbim_description/share/rbim_description/urdf/snippets.xacro
[1.563s] -- Symlinking: /home/brenda/RBIM_ws/src/uuv_simulator/install/rbim_description/share/rbim_description/launch/spawn_ball.launch.py
[1.564s] -- Symlinking: /home/brenda/RBIM_ws/src/uuv_simulator/install/rbim_description/share/rbim_description/launch/spawn_rbim.launch.py
[1.564s] -- Symlinking: /home/brenda/RBIM_ws/src/uuv_simulator/install/rbim_description/share/ament_index/resource_index/package_run_dependencies/rbim_description
[1.564s] -- Symlinking: /home/brenda/RBIM_ws/src/uuv_simulator/install/rbim_description/share/ament_index/resource_index/parent_prefix_path/rbim_description
[1.565s] -- Symlinking: /home/brenda/RBIM_ws/src/uuv_simulator/install/rbim_description/share/rbim_description/environment/ament_prefix_path.sh
[1.565s] -- Symlinking: /home/brenda/RBIM_ws/src/uuv_simulator/install/rbim_description/share/rbim_description/environment/ament_prefix_path.dsv
[1.565s] -- Symlinking: /home/brenda/RBIM_ws/src/uuv_simulator/install/rbim_description/share/rbim_description/environment/path.sh
[1.565s] -- Symlinking: /home/brenda/RBIM_ws/src/uuv_simulator/install/rbim_description/share/rbim_description/environment/path.dsv
[1.566s] -- Symlinking: /home/brenda/RBIM_ws/src/uuv_simulator/install/rbim_description/share/rbim_description/local_setup.bash
[1.566s] -- Symlinking: /home/brenda/RBIM_ws/src/uuv_simulator/install/rbim_description/share/rbim_description/local_setup.sh
[1.566s] -- Symlinking: /home/brenda/RBIM_ws/src/uuv_simulator/install/rbim_description/share/rbim_description/local_setup.zsh
[1.566s] -- Symlinking: /home/brenda/RBIM_ws/src/uuv_simulator/install/rbim_description/share/rbim_description/local_setup.dsv
[1.567s] -- Symlinking: /home/brenda/RBIM_ws/src/uuv_simulator/install/rbim_description/share/rbim_description/package.dsv
[1.567s] -- Symlinking: /home/brenda/RBIM_ws/src/uuv_simulator/install/rbim_description/share/ament_index/resource_index/packages/rbim_description
[1.567s] -- Symlinking: /home/brenda/RBIM_ws/src/uuv_simulator/install/rbim_description/share/rbim_description/cmake/rbim_descriptionConfig.cmake
[1.567s] -- Symlinking: /home/brenda/RBIM_ws/src/uuv_simulator/install/rbim_description/share/rbim_description/cmake/rbim_descriptionConfig-version.cmake
[1.568s] -- Symlinking: /home/brenda/RBIM_ws/src/uuv_simulator/install/rbim_description/share/rbim_description/package.xml
[1.850s] Invoked command in '/home/brenda/RBIM_ws/src/uuv_simulator/build/rbim_description' returned '0': CMAKE_PREFIX_PATH=/opt/ros/foxy:${CMAKE_PREFIX_PATH} /usr/bin/cmake --install /home/brenda/RBIM_ws/src/uuv_simulator/build/rbim_description
