[0.054s] Invoking command in '/home/brenda/RBIM_ws/src/uuv_simulator/build/uuv_sensor_ros_plugins_msgs': CMAKE_PREFIX_PATH=/opt/ros/foxy:${CMAKE_PREFIX_PATH} /usr/bin/cmake /home/brenda/RBIM_ws/src/uuv_simulator/uuv_sensor_plugins/uuv_sensor_ros_plugins_msgs -DAMENT_CMAKE_SYMLINK_INSTALL=1 -DCMAKE_INSTALL_PREFIX=/home/brenda/RBIM_ws/src/uuv_simulator/install/uuv_sensor_ros_plugins_msgs
[0.173s] -- Found ament_cmake: 0.9.6 (/opt/ros/foxy/share/ament_cmake/cmake)
[0.178s] -- Found PythonInterp: /usr/bin/python3 (found suitable version "3.8.5", minimum required is "3") 
[0.179s] -- Using PYTHON_EXECUTABLE: /usr/bin/python3
[0.388s] -- Override CMake install command with custom implementation using symlinks instead of copying resources
[0.398s] -- Found builtin_interfaces: 1.0.0 (/opt/ros/foxy/share/builtin_interfaces/cmake)
[0.413s] -- Using all available rosidl_typesupport_c: rosidl_typesupport_fastrtps_c;rosidl_typesupport_introspection_c
[0.419s] -- Found rosidl_adapter: 1.1.0 (/opt/ros/foxy/share/rosidl_adapter/cmake)
[0.613s] -- Using all available rosidl_typesupport_cpp: rosidl_typesupport_fastrtps_cpp;rosidl_typesupport_introspection_cpp
[0.666s] -- Found rosidl_default_generators: 1.0.0 (/opt/ros/foxy/share/rosidl_default_generators/cmake)
[0.760s] -- Found geometry_msgs: 2.0.3 (/opt/ros/foxy/share/geometry_msgs/cmake)
[0.893s] -- Found PythonInterp: /usr/bin/python3 (found version "3.8.5") 
[1.764s] -- Found ament_cmake_ros: 0.9.0 (/opt/ros/foxy/share/ament_cmake_ros/cmake)
[2.861s] -- Using all available rosidl_typesupport_c: rosidl_typesupport_fastrtps_c;rosidl_typesupport_introspection_c
[3.265s] -- Using all available rosidl_typesupport_cpp: rosidl_typesupport_fastrtps_cpp;rosidl_typesupport_introspection_cpp
[3.326s] -- Found PythonInterp: /usr/bin/python3 (found suitable version "3.8.5", minimum required is "3.5") 
[3.359s] -- Found python_cmake_module: 0.8.0 (/opt/ros/foxy/share/python_cmake_module/cmake)
[3.632s] -- Using PYTHON_EXECUTABLE: /usr/bin/python3
[3.632s] -- Using PYTHON_INCLUDE_DIRS: /usr/include/python3.8
[3.632s] -- Using PYTHON_LIBRARIES: /usr/lib/x86_64-linux-gnu/libpython3.8.so
[4.033s] -- Configuring done
[4.581s] -- Generating done
[4.585s] -- Build files have been written to: /home/brenda/RBIM_ws/src/uuv_simulator/build/uuv_sensor_ros_plugins_msgs
[4.615s] Invoked command in '/home/brenda/RBIM_ws/src/uuv_simulator/build/uuv_sensor_ros_plugins_msgs' returned '0': CMAKE_PREFIX_PATH=/opt/ros/foxy:${CMAKE_PREFIX_PATH} /usr/bin/cmake /home/brenda/RBIM_ws/src/uuv_simulator/uuv_sensor_plugins/uuv_sensor_ros_plugins_msgs -DAMENT_CMAKE_SYMLINK_INSTALL=1 -DCMAKE_INSTALL_PREFIX=/home/brenda/RBIM_ws/src/uuv_simulator/install/uuv_sensor_ros_plugins_msgs
[4.619s] Invoking command in '/home/brenda/RBIM_ws/src/uuv_simulator/build/uuv_sensor_ros_plugins_msgs': CMAKE_PREFIX_PATH=/opt/ros/foxy:${CMAKE_PREFIX_PATH} /usr/bin/cmake --build /home/brenda/RBIM_ws/src/uuv_simulator/build/uuv_sensor_ros_plugins_msgs -- -j8 -l8
[4.692s] [35m[1mScanning dependencies of target uuv_sensor_ros_plugins_msgs__rosidl_generator_c[0m
[4.715s] [  1%] Built target uuv_sensor_ros_plugins_msgs__cpp
[4.728s] [  2%] [32mBuilding C object CMakeFiles/uuv_sensor_ros_plugins_msgs__rosidl_generator_c.dir/rosidl_generator_c/uuv_sensor_ros_plugins_msgs/msg/detail/dvl__functions.c.o[0m
[4.732s] [  3%] [32mBuilding C object CMakeFiles/uuv_sensor_ros_plugins_msgs__rosidl_generator_c.dir/rosidl_generator_c/uuv_sensor_ros_plugins_msgs/msg/detail/dvl_beam__functions.c.o[0m
[4.744s] [  5%] [32mBuilding C object CMakeFiles/uuv_sensor_ros_plugins_msgs__rosidl_generator_c.dir/rosidl_generator_c/uuv_sensor_ros_plugins_msgs/msg/detail/position_with_covariance__functions.c.o[0m
[4.763s] [  6%] [32mBuilding C object CMakeFiles/uuv_sensor_ros_plugins_msgs__rosidl_generator_c.dir/rosidl_generator_c/uuv_sensor_ros_plugins_msgs/msg/detail/chemical_particle_concentration__functions.c.o[0m
[4.773s] [  7%] [32mBuilding C object CMakeFiles/uuv_sensor_ros_plugins_msgs__rosidl_generator_c.dir/rosidl_generator_c/uuv_sensor_ros_plugins_msgs/msg/detail/position_with_covariance_stamped__functions.c.o[0m
[4.781s] [35m[1mScanning dependencies of target uuv_sensor_ros_plugins_msgs__rosidl_typesupport_cpp[0m
[4.783s] [35m[1mScanning dependencies of target uuv_sensor_ros_plugins_msgs__rosidl_typesupport_fastrtps_cpp[0m
[4.866s] [35m[1mScanning dependencies of target uuv_sensor_ros_plugins_msgs__rosidl_typesupport_introspection_cpp[0m
[4.887s] [  8%] [32mBuilding CXX object CMakeFiles/uuv_sensor_ros_plugins_msgs__rosidl_typesupport_cpp.dir/rosidl_typesupport_cpp/uuv_sensor_ros_plugins_msgs/msg/dvl__type_support.cpp.o[0m
[4.889s] [ 10%] [32mBuilding CXX object CMakeFiles/uuv_sensor_ros_plugins_msgs__rosidl_typesupport_fastrtps_cpp.dir/rosidl_typesupport_fastrtps_cpp/uuv_sensor_ros_plugins_msgs/msg/detail/dds_fastrtps/dvl__type_support.cpp.o[0m
[4.913s] [ 11%] [32mBuilding CXX object CMakeFiles/uuv_sensor_ros_plugins_msgs__rosidl_typesupport_introspection_cpp.dir/rosidl_typesupport_introspection_cpp/uuv_sensor_ros_plugins_msgs/msg/detail/dvl__type_support.cpp.o[0m
[5.103s] [ 12%] [32mBuilding C object CMakeFiles/uuv_sensor_ros_plugins_msgs__rosidl_generator_c.dir/rosidl_generator_c/uuv_sensor_ros_plugins_msgs/msg/detail/salinity__functions.c.o[0m
[5.118s] [ 13%] [32mBuilding CXX object CMakeFiles/uuv_sensor_ros_plugins_msgs__rosidl_typesupport_fastrtps_cpp.dir/rosidl_typesupport_fastrtps_cpp/uuv_sensor_ros_plugins_msgs/msg/detail/dds_fastrtps/dvl_beam__type_support.cpp.o[0m
[5.153s] [ 15%] [32mBuilding C object CMakeFiles/uuv_sensor_ros_plugins_msgs__rosidl_generator_c.dir/rosidl_generator_c/uuv_sensor_ros_plugins_msgs/srv/detail/change_sensor_state__functions.c.o[0m
[5.201s] [ 16%] [32mBuilding CXX object CMakeFiles/uuv_sensor_ros_plugins_msgs__rosidl_typesupport_fastrtps_cpp.dir/rosidl_typesupport_fastrtps_cpp/uuv_sensor_ros_plugins_msgs/msg/detail/dds_fastrtps/position_with_covariance__type_support.cpp.o[0m
[5.204s] [ 17%] [32mBuilding CXX object CMakeFiles/uuv_sensor_ros_plugins_msgs__rosidl_typesupport_introspection_cpp.dir/rosidl_typesupport_introspection_cpp/uuv_sensor_ros_plugins_msgs/msg/detail/dvl_beam__type_support.cpp.o[0m
[5.437s] [ 18%] [32mBuilding CXX object CMakeFiles/uuv_sensor_ros_plugins_msgs__rosidl_typesupport_fastrtps_cpp.dir/rosidl_typesupport_fastrtps_cpp/uuv_sensor_ros_plugins_msgs/msg/detail/dds_fastrtps/position_with_covariance_stamped__type_support.cpp.o[0m
[5.558s] [ 20%] [32m[1mLinking C shared library libuuv_sensor_ros_plugins_msgs__rosidl_generator_c.so[0m
[5.864s] [ 21%] Built target uuv_sensor_ros_plugins_msgs__rosidl_generator_c
[5.975s] [ 22%] [32mBuilding CXX object CMakeFiles/uuv_sensor_ros_plugins_msgs__rosidl_typesupport_fastrtps_cpp.dir/rosidl_typesupport_fastrtps_cpp/uuv_sensor_ros_plugins_msgs/msg/detail/dds_fastrtps/chemical_particle_concentration__type_support.cpp.o[0m
[6.689s] [ 24%] [32mBuilding CXX object CMakeFiles/uuv_sensor_ros_plugins_msgs__rosidl_typesupport_cpp.dir/rosidl_typesupport_cpp/uuv_sensor_ros_plugins_msgs/msg/dvl_beam__type_support.cpp.o[0m
[7.346s] [ 25%] [32mBuilding CXX object CMakeFiles/uuv_sensor_ros_plugins_msgs__rosidl_typesupport_introspection_cpp.dir/rosidl_typesupport_introspection_cpp/uuv_sensor_ros_plugins_msgs/msg/detail/position_with_covariance__type_support.cpp.o[0m
[7.685s] [ 26%] [32mBuilding CXX object CMakeFiles/uuv_sensor_ros_plugins_msgs__rosidl_typesupport_introspection_cpp.dir/rosidl_typesupport_introspection_cpp/uuv_sensor_ros_plugins_msgs/msg/detail/position_with_covariance_stamped__type_support.cpp.o[0m
[8.198s] [ 27%] [32mBuilding CXX object CMakeFiles/uuv_sensor_ros_plugins_msgs__rosidl_typesupport_fastrtps_cpp.dir/rosidl_typesupport_fastrtps_cpp/uuv_sensor_ros_plugins_msgs/msg/detail/dds_fastrtps/salinity__type_support.cpp.o[0m
[8.205s] [35m[1mScanning dependencies of target uuv_sensor_ros_plugins_msgs__rosidl_typesupport_introspection_c[0m
[8.239s] [35m[1mScanning dependencies of target uuv_sensor_ros_plugins_msgs__rosidl_typesupport_c[0m
[8.257s] [ 29%] [32mBuilding CXX object CMakeFiles/uuv_sensor_ros_plugins_msgs__rosidl_typesupport_fastrtps_cpp.dir/rosidl_typesupport_fastrtps_cpp/uuv_sensor_ros_plugins_msgs/srv/detail/dds_fastrtps/change_sensor_state__type_support.cpp.o[0m
[8.417s] [ 30%] [32mBuilding CXX object CMakeFiles/uuv_sensor_ros_plugins_msgs__rosidl_typesupport_cpp.dir/rosidl_typesupport_cpp/uuv_sensor_ros_plugins_msgs/msg/position_with_covariance__type_support.cpp.o[0m
[8.537s] [ 31%] [32mBuilding CXX object CMakeFiles/uuv_sensor_ros_plugins_msgs__rosidl_typesupport_c.dir/rosidl_typesupport_c/uuv_sensor_ros_plugins_msgs/msg/dvl__type_support.cpp.o[0m
[8.538s] [ 32%] [32mBuilding C object CMakeFiles/uuv_sensor_ros_plugins_msgs__rosidl_typesupport_introspection_c.dir/rosidl_typesupport_introspection_c/uuv_sensor_ros_plugins_msgs/msg/detail/dvl__type_support.c.o[0m
[8.538s] [ 34%] [32mBuilding CXX object CMakeFiles/uuv_sensor_ros_plugins_msgs__rosidl_typesupport_introspection_cpp.dir/rosidl_typesupport_introspection_cpp/uuv_sensor_ros_plugins_msgs/msg/detail/chemical_particle_concentration__type_support.cpp.o[0m
[8.873s] [ 35%] [32mBuilding CXX object CMakeFiles/uuv_sensor_ros_plugins_msgs__rosidl_typesupport_c.dir/rosidl_typesupport_c/uuv_sensor_ros_plugins_msgs/msg/dvl_beam__type_support.cpp.o[0m
[8.927s] [ 36%] [32mBuilding C object CMakeFiles/uuv_sensor_ros_plugins_msgs__rosidl_typesupport_introspection_c.dir/rosidl_typesupport_introspection_c/uuv_sensor_ros_plugins_msgs/msg/detail/dvl_beam__type_support.c.o[0m
[9.181s] [ 37%] [32mBuilding CXX object CMakeFiles/uuv_sensor_ros_plugins_msgs__rosidl_typesupport_c.dir/rosidl_typesupport_c/uuv_sensor_ros_plugins_msgs/msg/position_with_covariance__type_support.cpp.o[0m
[9.214s] [ 39%] [32mBuilding C object CMakeFiles/uuv_sensor_ros_plugins_msgs__rosidl_typesupport_introspection_c.dir/rosidl_typesupport_introspection_c/uuv_sensor_ros_plugins_msgs/msg/detail/position_with_covariance__type_support.c.o[0m
[9.396s] [ 40%] [32mBuilding CXX object CMakeFiles/uuv_sensor_ros_plugins_msgs__rosidl_typesupport_c.dir/rosidl_typesupport_c/uuv_sensor_ros_plugins_msgs/msg/position_with_covariance_stamped__type_support.cpp.o[0m
[9.533s] [ 41%] [32mBuilding CXX object CMakeFiles/uuv_sensor_ros_plugins_msgs__rosidl_typesupport_introspection_cpp.dir/rosidl_typesupport_introspection_cpp/uuv_sensor_ros_plugins_msgs/msg/detail/salinity__type_support.cpp.o[0m
[9.581s] [ 43%] [32mBuilding CXX object CMakeFiles/uuv_sensor_ros_plugins_msgs__rosidl_typesupport_c.dir/rosidl_typesupport_c/uuv_sensor_ros_plugins_msgs/msg/chemical_particle_concentration__type_support.cpp.o[0m
[9.624s] [ 44%] [32mBuilding C object CMakeFiles/uuv_sensor_ros_plugins_msgs__rosidl_typesupport_introspection_c.dir/rosidl_typesupport_introspection_c/uuv_sensor_ros_plugins_msgs/msg/detail/position_with_covariance_stamped__type_support.c.o[0m
[9.628s] [ 45%] [32mBuilding CXX object CMakeFiles/uuv_sensor_ros_plugins_msgs__rosidl_typesupport_introspection_cpp.dir/rosidl_typesupport_introspection_cpp/uuv_sensor_ros_plugins_msgs/srv/detail/change_sensor_state__type_support.cpp.o[0m
[9.651s] [ 46%] [32mBuilding CXX object CMakeFiles/uuv_sensor_ros_plugins_msgs__rosidl_typesupport_c.dir/rosidl_typesupport_c/uuv_sensor_ros_plugins_msgs/msg/salinity__type_support.cpp.o[0m
[9.896s] [ 48%] [32mBuilding CXX object CMakeFiles/uuv_sensor_ros_plugins_msgs__rosidl_typesupport_c.dir/rosidl_typesupport_c/uuv_sensor_ros_plugins_msgs/srv/change_sensor_state__type_support.cpp.o[0m
[9.912s] [ 49%] [32mBuilding C object CMakeFiles/uuv_sensor_ros_plugins_msgs__rosidl_typesupport_introspection_c.dir/rosidl_typesupport_introspection_c/uuv_sensor_ros_plugins_msgs/msg/detail/chemical_particle_concentration__type_support.c.o[0m
[10.010s] [ 50%] [32mBuilding CXX object CMakeFiles/uuv_sensor_ros_plugins_msgs__rosidl_typesupport_cpp.dir/rosidl_typesupport_cpp/uuv_sensor_ros_plugins_msgs/msg/chemical_particle_concentration__type_support.cpp.o[0m
[10.077s] [ 51%] [32mBuilding CXX object CMakeFiles/uuv_sensor_ros_plugins_msgs__rosidl_typesupport_cpp.dir/rosidl_typesupport_cpp/uuv_sensor_ros_plugins_msgs/msg/position_with_covariance_stamped__type_support.cpp.o[0m
[10.088s] [ 53%] [32m[1mLinking CXX shared library libuuv_sensor_ros_plugins_msgs__rosidl_typesupport_c.so[0m
[10.315s] [ 54%] [32mBuilding C object CMakeFiles/uuv_sensor_ros_plugins_msgs__rosidl_typesupport_introspection_c.dir/rosidl_typesupport_introspection_c/uuv_sensor_ros_plugins_msgs/msg/detail/salinity__type_support.c.o[0m
[10.488s] [ 55%] Built target uuv_sensor_ros_plugins_msgs__rosidl_typesupport_c
[10.538s] [ 56%] [32mBuilding C object CMakeFiles/uuv_sensor_ros_plugins_msgs__rosidl_typesupport_introspection_c.dir/rosidl_typesupport_introspection_c/uuv_sensor_ros_plugins_msgs/srv/detail/change_sensor_state__type_support.c.o[0m
[10.586s] [ 58%] [32mBuilding CXX object CMakeFiles/uuv_sensor_ros_plugins_msgs__rosidl_typesupport_cpp.dir/rosidl_typesupport_cpp/uuv_sensor_ros_plugins_msgs/msg/salinity__type_support.cpp.o[0m
[10.896s] [ 59%] [32m[1mLinking C shared library libuuv_sensor_ros_plugins_msgs__rosidl_typesupport_introspection_c.so[0m
[11.121s] [ 60%] [32mBuilding CXX object CMakeFiles/uuv_sensor_ros_plugins_msgs__rosidl_typesupport_cpp.dir/rosidl_typesupport_cpp/uuv_sensor_ros_plugins_msgs/srv/change_sensor_state__type_support.cpp.o[0m
[11.197s] [ 62%] Built target uuv_sensor_ros_plugins_msgs__rosidl_typesupport_introspection_c
[11.288s] [ 63%] [32m[1mLinking CXX shared library libuuv_sensor_ros_plugins_msgs__rosidl_typesupport_fastrtps_cpp.so[0m
[11.471s] [ 64%] [32m[1mLinking CXX shared library libuuv_sensor_ros_plugins_msgs__rosidl_typesupport_introspection_cpp.so[0m
[12.042s] [ 65%] Built target uuv_sensor_ros_plugins_msgs__rosidl_typesupport_fastrtps_cpp
[12.184s] [35m[1mScanning dependencies of target uuv_sensor_ros_plugins_msgs__rosidl_typesupport_fastrtps_c[0m
[12.218s] [ 67%] Built target uuv_sensor_ros_plugins_msgs__rosidl_typesupport_introspection_cpp
[12.344s] [ 68%] [32mBuilding CXX object CMakeFiles/uuv_sensor_ros_plugins_msgs__rosidl_typesupport_fastrtps_c.dir/rosidl_typesupport_fastrtps_c/uuv_sensor_ros_plugins_msgs/msg/detail/dvl__type_support_c.cpp.o[0m
[12.351s] [ 69%] [32mBuilding CXX object CMakeFiles/uuv_sensor_ros_plugins_msgs__rosidl_typesupport_fastrtps_c.dir/rosidl_typesupport_fastrtps_c/uuv_sensor_ros_plugins_msgs/msg/detail/dvl_beam__type_support_c.cpp.o[0m
[12.370s] [ 70%] [32mBuilding CXX object CMakeFiles/uuv_sensor_ros_plugins_msgs__rosidl_typesupport_fastrtps_c.dir/rosidl_typesupport_fastrtps_c/uuv_sensor_ros_plugins_msgs/msg/detail/position_with_covariance__type_support_c.cpp.o[0m
[12.387s] [ 72%] [32mBuilding CXX object CMakeFiles/uuv_sensor_ros_plugins_msgs__rosidl_typesupport_fastrtps_c.dir/rosidl_typesupport_fastrtps_c/uuv_sensor_ros_plugins_msgs/msg/detail/position_with_covariance_stamped__type_support_c.cpp.o[0m
[12.398s] [ 73%] [32mBuilding CXX object CMakeFiles/uuv_sensor_ros_plugins_msgs__rosidl_typesupport_fastrtps_c.dir/rosidl_typesupport_fastrtps_c/uuv_sensor_ros_plugins_msgs/msg/detail/chemical_particle_concentration__type_support_c.cpp.o[0m
[12.400s] [ 74%] [32m[1mLinking CXX shared library libuuv_sensor_ros_plugins_msgs__rosidl_typesupport_cpp.so[0m
[12.452s] [ 75%] [32mBuilding CXX object CMakeFiles/uuv_sensor_ros_plugins_msgs__rosidl_typesupport_fastrtps_c.dir/rosidl_typesupport_fastrtps_c/uuv_sensor_ros_plugins_msgs/msg/detail/salinity__type_support_c.cpp.o[0m
[12.542s] [ 77%] [32mBuilding CXX object CMakeFiles/uuv_sensor_ros_plugins_msgs__rosidl_typesupport_fastrtps_c.dir/rosidl_typesupport_fastrtps_c/uuv_sensor_ros_plugins_msgs/srv/detail/change_sensor_state__type_support_c.cpp.o[0m
[12.732s] [ 78%] Built target uuv_sensor_ros_plugins_msgs__rosidl_typesupport_cpp
[14.282s] [ 79%] [32m[1mLinking CXX shared library libuuv_sensor_ros_plugins_msgs__rosidl_typesupport_fastrtps_c.so[0m
[14.750s] [ 81%] Built target uuv_sensor_ros_plugins_msgs__rosidl_typesupport_fastrtps_c
[14.886s] [ 81%] Built target uuv_sensor_ros_plugins_msgs
[15.025s] [ 82%] Built target uuv_sensor_ros_plugins_msgs__py
[15.112s] [35m[1mScanning dependencies of target uuv_sensor_ros_plugins_msgs__python[0m
[15.300s] [ 83%] [32mBuilding C object CMakeFiles/uuv_sensor_ros_plugins_msgs__python.dir/rosidl_generator_py/uuv_sensor_ros_plugins_msgs/msg/_dvl_s.c.o[0m
[15.311s] [ 84%] [32mBuilding C object CMakeFiles/uuv_sensor_ros_plugins_msgs__python.dir/rosidl_generator_py/uuv_sensor_ros_plugins_msgs/msg/_dvl_beam_s.c.o[0m
[15.337s] [ 86%] [32mBuilding C object CMakeFiles/uuv_sensor_ros_plugins_msgs__python.dir/rosidl_generator_py/uuv_sensor_ros_plugins_msgs/msg/_position_with_covariance_stamped_s.c.o[0m
[15.345s] [ 87%] [32mBuilding C object CMakeFiles/uuv_sensor_ros_plugins_msgs__python.dir/rosidl_generator_py/uuv_sensor_ros_plugins_msgs/msg/_position_with_covariance_s.c.o[0m
[16.245s] [ 88%] [32mBuilding C object CMakeFiles/uuv_sensor_ros_plugins_msgs__python.dir/rosidl_generator_py/uuv_sensor_ros_plugins_msgs/msg/_salinity_s.c.o[0m
[16.248s] [ 89%] [32mBuilding C object CMakeFiles/uuv_sensor_ros_plugins_msgs__python.dir/rosidl_generator_py/uuv_sensor_ros_plugins_msgs/srv/_change_sensor_state_s.c.o[0m
[16.255s] [ 91%] [32mBuilding C object CMakeFiles/uuv_sensor_ros_plugins_msgs__python.dir/rosidl_generator_py/uuv_sensor_ros_plugins_msgs/msg/_chemical_particle_concentration_s.c.o[0m
[16.427s] [ 92%] [32m[1mLinking C shared library rosidl_generator_py/uuv_sensor_ros_plugins_msgs/libuuv_sensor_ros_plugins_msgs__python.so[0m
[16.581s] [ 92%] Built target uuv_sensor_ros_plugins_msgs__python
[16.686s] [35m[1mScanning dependencies of target uuv_sensor_ros_plugins_msgs__rosidl_typesupport_fastrtps_c__pyext[0m
[16.697s] [35m[1mScanning dependencies of target uuv_sensor_ros_plugins_msgs__rosidl_typesupport_introspection_c__pyext[0m
[16.720s] [35m[1mScanning dependencies of target uuv_sensor_ros_plugins_msgs__rosidl_typesupport_c__pyext[0m
[16.787s] [ 93%] [32mBuilding C object CMakeFiles/uuv_sensor_ros_plugins_msgs__rosidl_typesupport_introspection_c__pyext.dir/rosidl_generator_py/uuv_sensor_ros_plugins_msgs/_uuv_sensor_ros_plugins_msgs_s.ep.rosidl_typesupport_introspection_c.c.o[0m
[16.819s] [ 94%] [32mBuilding C object CMakeFiles/uuv_sensor_ros_plugins_msgs__rosidl_typesupport_fastrtps_c__pyext.dir/rosidl_generator_py/uuv_sensor_ros_plugins_msgs/_uuv_sensor_ros_plugins_msgs_s.ep.rosidl_typesupport_fastrtps_c.c.o[0m
[16.893s] [ 96%] [32mBuilding C object CMakeFiles/uuv_sensor_ros_plugins_msgs__rosidl_typesupport_c__pyext.dir/rosidl_generator_py/uuv_sensor_ros_plugins_msgs/_uuv_sensor_ros_plugins_msgs_s.ep.rosidl_typesupport_c.c.o[0m
[17.165s] [ 97%] [32m[1mLinking C shared library rosidl_generator_py/uuv_sensor_ros_plugins_msgs/uuv_sensor_ros_plugins_msgs_s__rosidl_typesupport_introspection_c.cpython-38-x86_64-linux-gnu.so[0m
[17.197s] [ 98%] [32m[1mLinking CXX shared library rosidl_generator_py/uuv_sensor_ros_plugins_msgs/uuv_sensor_ros_plugins_msgs_s__rosidl_typesupport_fastrtps_c.cpython-38-x86_64-linux-gnu.so[0m
[17.227s] [100%] [32m[1mLinking C shared library rosidl_generator_py/uuv_sensor_ros_plugins_msgs/uuv_sensor_ros_plugins_msgs_s__rosidl_typesupport_c.cpython-38-x86_64-linux-gnu.so[0m
[17.273s] [100%] Built target uuv_sensor_ros_plugins_msgs__rosidl_typesupport_introspection_c__pyext
[17.321s] [100%] Built target uuv_sensor_ros_plugins_msgs__rosidl_typesupport_c__pyext
[17.386s] [100%] Built target uuv_sensor_ros_plugins_msgs__rosidl_typesupport_fastrtps_c__pyext
[17.416s] Invoked command in '/home/brenda/RBIM_ws/src/uuv_simulator/build/uuv_sensor_ros_plugins_msgs' returned '0': CMAKE_PREFIX_PATH=/opt/ros/foxy:${CMAKE_PREFIX_PATH} /usr/bin/cmake --build /home/brenda/RBIM_ws/src/uuv_simulator/build/uuv_sensor_ros_plugins_msgs -- -j8 -l8
[17.980s] Invoking command in '/home/brenda/RBIM_ws/src/uuv_simulator/build/uuv_sensor_ros_plugins_msgs': CMAKE_PREFIX_PATH=/opt/ros/foxy:${CMAKE_PREFIX_PATH} /usr/bin/cmake --install /home/brenda/RBIM_ws/src/uuv_simulator/build/uuv_sensor_ros_plugins_msgs
[17.994s] -- Install configuration: ""
[17.995s] -- Execute custom install script
[17.996s] -- Symlinking: /home/brenda/RBIM_ws/src/uuv_simulator/install/uuv_sensor_ros_plugins_msgs/share/ament_index/resource_index/rosidl_interfaces/uuv_sensor_ros_plugins_msgs
[18.015s] -- Symlinking: /home/brenda/RBIM_ws/src/uuv_simulator/install/uuv_sensor_ros_plugins_msgs/include/uuv_sensor_ros_plugins_msgs/msg/chemical_particle_concentration.h
[18.037s] -- Symlinking: /home/brenda/RBIM_ws/src/uuv_simulator/install/uuv_sensor_ros_plugins_msgs/include/uuv_sensor_ros_plugins_msgs/msg/detail/chemical_particle_concentration__functions.h
[18.060s] -- Symlinking: /home/brenda/RBIM_ws/src/uuv_simulator/install/uuv_sensor_ros_plugins_msgs/include/uuv_sensor_ros_plugins_msgs/msg/detail/chemical_particle_concentration__struct.h
[18.080s] -- Symlinking: /home/brenda/RBIM_ws/src/uuv_simulator/install/uuv_sensor_ros_plugins_msgs/include/uuv_sensor_ros_plugins_msgs/msg/detail/chemical_particle_concentration__type_support.h
[18.103s] -- Symlinking: /home/brenda/RBIM_ws/src/uuv_simulator/install/uuv_sensor_ros_plugins_msgs/include/uuv_sensor_ros_plugins_msgs/msg/detail/dvl__functions.h
[18.123s] -- Symlinking: /home/brenda/RBIM_ws/src/uuv_simulator/install/uuv_sensor_ros_plugins_msgs/include/uuv_sensor_ros_plugins_msgs/msg/detail/dvl__struct.h
[18.140s] -- Symlinking: /home/brenda/RBIM_ws/src/uuv_simulator/install/uuv_sensor_ros_plugins_msgs/include/uuv_sensor_ros_plugins_msgs/msg/detail/dvl__type_support.h
[18.159s] -- Symlinking: /home/brenda/RBIM_ws/src/uuv_simulator/install/uuv_sensor_ros_plugins_msgs/include/uuv_sensor_ros_plugins_msgs/msg/detail/dvl_beam__functions.h
[18.178s] -- Symlinking: /home/brenda/RBIM_ws/src/uuv_simulator/install/uuv_sensor_ros_plugins_msgs/include/uuv_sensor_ros_plugins_msgs/msg/detail/dvl_beam__struct.h
[18.195s] -- Symlinking: /home/brenda/RBIM_ws/src/uuv_simulator/install/uuv_sensor_ros_plugins_msgs/include/uuv_sensor_ros_plugins_msgs/msg/detail/dvl_beam__type_support.h
[18.213s] -- Symlinking: /home/brenda/RBIM_ws/src/uuv_simulator/install/uuv_sensor_ros_plugins_msgs/include/uuv_sensor_ros_plugins_msgs/msg/detail/position_with_covariance__functions.h
[18.231s] -- Symlinking: /home/brenda/RBIM_ws/src/uuv_simulator/install/uuv_sensor_ros_plugins_msgs/include/uuv_sensor_ros_plugins_msgs/msg/detail/position_with_covariance__struct.h
[18.248s] -- Symlinking: /home/brenda/RBIM_ws/src/uuv_simulator/install/uuv_sensor_ros_plugins_msgs/include/uuv_sensor_ros_plugins_msgs/msg/detail/position_with_covariance__type_support.h
[18.270s] -- Symlinking: /home/brenda/RBIM_ws/src/uuv_simulator/install/uuv_sensor_ros_plugins_msgs/include/uuv_sensor_ros_plugins_msgs/msg/detail/position_with_covariance_stamped__functions.h
[18.289s] -- Symlinking: /home/brenda/RBIM_ws/src/uuv_simulator/install/uuv_sensor_ros_plugins_msgs/include/uuv_sensor_ros_plugins_msgs/msg/detail/position_with_covariance_stamped__struct.h
[18.306s] -- Symlinking: /home/brenda/RBIM_ws/src/uuv_simulator/install/uuv_sensor_ros_plugins_msgs/include/uuv_sensor_ros_plugins_msgs/msg/detail/position_with_covariance_stamped__type_support.h
[18.321s] -- Symlinking: /home/brenda/RBIM_ws/src/uuv_simulator/install/uuv_sensor_ros_plugins_msgs/include/uuv_sensor_ros_plugins_msgs/msg/detail/salinity__functions.h
[18.336s] -- Symlinking: /home/brenda/RBIM_ws/src/uuv_simulator/install/uuv_sensor_ros_plugins_msgs/include/uuv_sensor_ros_plugins_msgs/msg/detail/salinity__struct.h
[18.354s] -- Symlinking: /home/brenda/RBIM_ws/src/uuv_simulator/install/uuv_sensor_ros_plugins_msgs/include/uuv_sensor_ros_plugins_msgs/msg/detail/salinity__type_support.h
[18.371s] -- Symlinking: /home/brenda/RBIM_ws/src/uuv_simulator/install/uuv_sensor_ros_plugins_msgs/include/uuv_sensor_ros_plugins_msgs/msg/dvl.h
[18.387s] -- Symlinking: /home/brenda/RBIM_ws/src/uuv_simulator/install/uuv_sensor_ros_plugins_msgs/include/uuv_sensor_ros_plugins_msgs/msg/dvl_beam.h
[18.405s] -- Symlinking: /home/brenda/RBIM_ws/src/uuv_simulator/install/uuv_sensor_ros_plugins_msgs/include/uuv_sensor_ros_plugins_msgs/msg/position_with_covariance.h
[18.423s] -- Symlinking: /home/brenda/RBIM_ws/src/uuv_simulator/install/uuv_sensor_ros_plugins_msgs/include/uuv_sensor_ros_plugins_msgs/msg/position_with_covariance_stamped.h
[18.438s] -- Symlinking: /home/brenda/RBIM_ws/src/uuv_simulator/install/uuv_sensor_ros_plugins_msgs/include/uuv_sensor_ros_plugins_msgs/msg/rosidl_generator_c__visibility_control.h
[18.449s] -- Symlinking: /home/brenda/RBIM_ws/src/uuv_simulator/install/uuv_sensor_ros_plugins_msgs/include/uuv_sensor_ros_plugins_msgs/msg/salinity.h
[18.466s] -- Symlinking: /home/brenda/RBIM_ws/src/uuv_simulator/install/uuv_sensor_ros_plugins_msgs/include/uuv_sensor_ros_plugins_msgs/srv/change_sensor_state.h
[18.473s] -- Symlinking: /home/brenda/RBIM_ws/src/uuv_simulator/install/uuv_sensor_ros_plugins_msgs/include/uuv_sensor_ros_plugins_msgs/srv/detail/change_sensor_state__functions.h
[18.486s] -- Symlinking: /home/brenda/RBIM_ws/src/uuv_simulator/install/uuv_sensor_ros_plugins_msgs/include/uuv_sensor_ros_plugins_msgs/srv/detail/change_sensor_state__struct.h
[18.500s] -- Symlinking: /home/brenda/RBIM_ws/src/uuv_simulator/install/uuv_sensor_ros_plugins_msgs/include/uuv_sensor_ros_plugins_msgs/srv/detail/change_sensor_state__type_support.h
[18.514s] -- Symlinking: /home/brenda/RBIM_ws/src/uuv_simulator/install/uuv_sensor_ros_plugins_msgs/share/uuv_sensor_ros_plugins_msgs/environment/library_path.sh
[18.528s] -- Symlinking: /home/brenda/RBIM_ws/src/uuv_simulator/install/uuv_sensor_ros_plugins_msgs/share/uuv_sensor_ros_plugins_msgs/environment/library_path.dsv
[18.542s] -- Symlinking: /home/brenda/RBIM_ws/src/uuv_simulator/install/uuv_sensor_ros_plugins_msgs/include/uuv_sensor_ros_plugins_msgs/msg/detail/chemical_particle_concentration__rosidl_typesupport_fastrtps_c.h
[18.553s] -- Symlinking: /home/brenda/RBIM_ws/src/uuv_simulator/install/uuv_sensor_ros_plugins_msgs/include/uuv_sensor_ros_plugins_msgs/msg/detail/dvl__rosidl_typesupport_fastrtps_c.h
[18.563s] -- Symlinking: /home/brenda/RBIM_ws/src/uuv_simulator/install/uuv_sensor_ros_plugins_msgs/include/uuv_sensor_ros_plugins_msgs/msg/detail/dvl_beam__rosidl_typesupport_fastrtps_c.h
[18.577s] -- Symlinking: /home/brenda/RBIM_ws/src/uuv_simulator/install/uuv_sensor_ros_plugins_msgs/include/uuv_sensor_ros_plugins_msgs/msg/detail/position_with_covariance__rosidl_typesupport_fastrtps_c.h
[18.588s] -- Symlinking: /home/brenda/RBIM_ws/src/uuv_simulator/install/uuv_sensor_ros_plugins_msgs/include/uuv_sensor_ros_plugins_msgs/msg/detail/position_with_covariance_stamped__rosidl_typesupport_fastrtps_c.h
[18.600s] -- Symlinking: /home/brenda/RBIM_ws/src/uuv_simulator/install/uuv_sensor_ros_plugins_msgs/include/uuv_sensor_ros_plugins_msgs/msg/detail/salinity__rosidl_typesupport_fastrtps_c.h
[18.609s] -- Symlinking: /home/brenda/RBIM_ws/src/uuv_simulator/install/uuv_sensor_ros_plugins_msgs/include/uuv_sensor_ros_plugins_msgs/msg/rosidl_typesupport_fastrtps_c__visibility_control.h
[18.620s] -- Symlinking: /home/brenda/RBIM_ws/src/uuv_simulator/install/uuv_sensor_ros_plugins_msgs/include/uuv_sensor_ros_plugins_msgs/srv/detail/change_sensor_state__rosidl_typesupport_fastrtps_c.h
[18.630s] -- Symlinking: /home/brenda/RBIM_ws/src/uuv_simulator/install/uuv_sensor_ros_plugins_msgs/lib/libuuv_sensor_ros_plugins_msgs__rosidl_typesupport_fastrtps_c.so
[18.641s] -- Symlinking: /home/brenda/RBIM_ws/src/uuv_simulator/install/uuv_sensor_ros_plugins_msgs/include/uuv_sensor_ros_plugins_msgs/msg/detail/chemical_particle_concentration__rosidl_typesupport_fastrtps_cpp.hpp
[18.650s] -- Symlinking: /home/brenda/RBIM_ws/src/uuv_simulator/install/uuv_sensor_ros_plugins_msgs/include/uuv_sensor_ros_plugins_msgs/msg/detail/dvl__rosidl_typesupport_fastrtps_cpp.hpp
[18.660s] -- Symlinking: /home/brenda/RBIM_ws/src/uuv_simulator/install/uuv_sensor_ros_plugins_msgs/include/uuv_sensor_ros_plugins_msgs/msg/detail/dvl_beam__rosidl_typesupport_fastrtps_cpp.hpp
[18.670s] -- Symlinking: /home/brenda/RBIM_ws/src/uuv_simulator/install/uuv_sensor_ros_plugins_msgs/include/uuv_sensor_ros_plugins_msgs/msg/detail/position_with_covariance__rosidl_typesupport_fastrtps_cpp.hpp
[18.680s] -- Symlinking: /home/brenda/RBIM_ws/src/uuv_simulator/install/uuv_sensor_ros_plugins_msgs/include/uuv_sensor_ros_plugins_msgs/msg/detail/position_with_covariance_stamped__rosidl_typesupport_fastrtps_cpp.hpp
[18.691s] -- Symlinking: /home/brenda/RBIM_ws/src/uuv_simulator/install/uuv_sensor_ros_plugins_msgs/include/uuv_sensor_ros_plugins_msgs/msg/detail/salinity__rosidl_typesupport_fastrtps_cpp.hpp
[18.700s] -- Symlinking: /home/brenda/RBIM_ws/src/uuv_simulator/install/uuv_sensor_ros_plugins_msgs/include/uuv_sensor_ros_plugins_msgs/msg/rosidl_typesupport_fastrtps_cpp__visibility_control.h
[18.711s] -- Symlinking: /home/brenda/RBIM_ws/src/uuv_simulator/install/uuv_sensor_ros_plugins_msgs/include/uuv_sensor_ros_plugins_msgs/srv/detail/change_sensor_state__rosidl_typesupport_fastrtps_cpp.hpp
[18.722s] -- Symlinking: /home/brenda/RBIM_ws/src/uuv_simulator/install/uuv_sensor_ros_plugins_msgs/lib/libuuv_sensor_ros_plugins_msgs__rosidl_typesupport_fastrtps_cpp.so
[18.732s] -- Symlinking: /home/brenda/RBIM_ws/src/uuv_simulator/install/uuv_sensor_ros_plugins_msgs/include/uuv_sensor_ros_plugins_msgs/msg/detail/chemical_particle_concentration__rosidl_typesupport_introspection_c.h
[18.741s] -- Symlinking: /home/brenda/RBIM_ws/src/uuv_simulator/install/uuv_sensor_ros_plugins_msgs/include/uuv_sensor_ros_plugins_msgs/msg/detail/dvl__rosidl_typesupport_introspection_c.h
[18.751s] -- Symlinking: /home/brenda/RBIM_ws/src/uuv_simulator/install/uuv_sensor_ros_plugins_msgs/include/uuv_sensor_ros_plugins_msgs/msg/detail/dvl_beam__rosidl_typesupport_introspection_c.h
[18.763s] -- Symlinking: /home/brenda/RBIM_ws/src/uuv_simulator/install/uuv_sensor_ros_plugins_msgs/include/uuv_sensor_ros_plugins_msgs/msg/detail/position_with_covariance__rosidl_typesupport_introspection_c.h
[18.775s] -- Symlinking: /home/brenda/RBIM_ws/src/uuv_simulator/install/uuv_sensor_ros_plugins_msgs/include/uuv_sensor_ros_plugins_msgs/msg/detail/position_with_covariance_stamped__rosidl_typesupport_introspection_c.h
[18.788s] -- Symlinking: /home/brenda/RBIM_ws/src/uuv_simulator/install/uuv_sensor_ros_plugins_msgs/include/uuv_sensor_ros_plugins_msgs/msg/detail/salinity__rosidl_typesupport_introspection_c.h
[18.801s] -- Symlinking: /home/brenda/RBIM_ws/src/uuv_simulator/install/uuv_sensor_ros_plugins_msgs/include/uuv_sensor_ros_plugins_msgs/msg/rosidl_typesupport_introspection_c__visibility_control.h
[18.810s] -- Symlinking: /home/brenda/RBIM_ws/src/uuv_simulator/install/uuv_sensor_ros_plugins_msgs/include/uuv_sensor_ros_plugins_msgs/srv/detail/change_sensor_state__rosidl_typesupport_introspection_c.h
[18.821s] -- Symlinking: /home/brenda/RBIM_ws/src/uuv_simulator/install/uuv_sensor_ros_plugins_msgs/include/uuv_sensor_ros_plugins_msgs/msg/chemical_particle_concentration.hpp
[18.830s] -- Symlinking: /home/brenda/RBIM_ws/src/uuv_simulator/install/uuv_sensor_ros_plugins_msgs/include/uuv_sensor_ros_plugins_msgs/msg/detail/chemical_particle_concentration__builder.hpp
[18.841s] -- Symlinking: /home/brenda/RBIM_ws/src/uuv_simulator/install/uuv_sensor_ros_plugins_msgs/include/uuv_sensor_ros_plugins_msgs/msg/detail/chemical_particle_concentration__struct.hpp
[18.851s] -- Symlinking: /home/brenda/RBIM_ws/src/uuv_simulator/install/uuv_sensor_ros_plugins_msgs/include/uuv_sensor_ros_plugins_msgs/msg/detail/chemical_particle_concentration__traits.hpp
[18.861s] -- Symlinking: /home/brenda/RBIM_ws/src/uuv_simulator/install/uuv_sensor_ros_plugins_msgs/include/uuv_sensor_ros_plugins_msgs/msg/detail/dvl__builder.hpp
[18.871s] -- Symlinking: /home/brenda/RBIM_ws/src/uuv_simulator/install/uuv_sensor_ros_plugins_msgs/include/uuv_sensor_ros_plugins_msgs/msg/detail/dvl__struct.hpp
[18.885s] -- Symlinking: /home/brenda/RBIM_ws/src/uuv_simulator/install/uuv_sensor_ros_plugins_msgs/include/uuv_sensor_ros_plugins_msgs/msg/detail/dvl__traits.hpp
[18.899s] -- Symlinking: /home/brenda/RBIM_ws/src/uuv_simulator/install/uuv_sensor_ros_plugins_msgs/include/uuv_sensor_ros_plugins_msgs/msg/detail/dvl_beam__builder.hpp
[18.914s] -- Symlinking: /home/brenda/RBIM_ws/src/uuv_simulator/install/uuv_sensor_ros_plugins_msgs/include/uuv_sensor_ros_plugins_msgs/msg/detail/dvl_beam__struct.hpp
[18.927s] -- Symlinking: /home/brenda/RBIM_ws/src/uuv_simulator/install/uuv_sensor_ros_plugins_msgs/include/uuv_sensor_ros_plugins_msgs/msg/detail/dvl_beam__traits.hpp
[18.941s] -- Symlinking: /home/brenda/RBIM_ws/src/uuv_simulator/install/uuv_sensor_ros_plugins_msgs/include/uuv_sensor_ros_plugins_msgs/msg/detail/position_with_covariance__builder.hpp
[18.955s] -- Symlinking: /home/brenda/RBIM_ws/src/uuv_simulator/install/uuv_sensor_ros_plugins_msgs/include/uuv_sensor_ros_plugins_msgs/msg/detail/position_with_covariance__struct.hpp
[18.970s] -- Symlinking: /home/brenda/RBIM_ws/src/uuv_simulator/install/uuv_sensor_ros_plugins_msgs/include/uuv_sensor_ros_plugins_msgs/msg/detail/position_with_covariance__traits.hpp
[18.988s] -- Symlinking: /home/brenda/RBIM_ws/src/uuv_simulator/install/uuv_sensor_ros_plugins_msgs/include/uuv_sensor_ros_plugins_msgs/msg/detail/position_with_covariance_stamped__builder.hpp
[19.013s] -- Symlinking: /home/brenda/RBIM_ws/src/uuv_simulator/install/uuv_sensor_ros_plugins_msgs/include/uuv_sensor_ros_plugins_msgs/msg/detail/position_with_covariance_stamped__struct.hpp
[19.030s] -- Symlinking: /home/brenda/RBIM_ws/src/uuv_simulator/install/uuv_sensor_ros_plugins_msgs/include/uuv_sensor_ros_plugins_msgs/msg/detail/position_with_covariance_stamped__traits.hpp
[19.048s] -- Symlinking: /home/brenda/RBIM_ws/src/uuv_simulator/install/uuv_sensor_ros_plugins_msgs/include/uuv_sensor_ros_plugins_msgs/msg/detail/salinity__builder.hpp
[19.063s] -- Symlinking: /home/brenda/RBIM_ws/src/uuv_simulator/install/uuv_sensor_ros_plugins_msgs/include/uuv_sensor_ros_plugins_msgs/msg/detail/salinity__struct.hpp
[19.078s] -- Symlinking: /home/brenda/RBIM_ws/src/uuv_simulator/install/uuv_sensor_ros_plugins_msgs/include/uuv_sensor_ros_plugins_msgs/msg/detail/salinity__traits.hpp
[19.091s] -- Symlinking: /home/brenda/RBIM_ws/src/uuv_simulator/install/uuv_sensor_ros_plugins_msgs/include/uuv_sensor_ros_plugins_msgs/msg/dvl.hpp
[19.104s] -- Symlinking: /home/brenda/RBIM_ws/src/uuv_simulator/install/uuv_sensor_ros_plugins_msgs/include/uuv_sensor_ros_plugins_msgs/msg/dvl_beam.hpp
[19.120s] -- Symlinking: /home/brenda/RBIM_ws/src/uuv_simulator/install/uuv_sensor_ros_plugins_msgs/include/uuv_sensor_ros_plugins_msgs/msg/position_with_covariance.hpp
[19.134s] -- Symlinking: /home/brenda/RBIM_ws/src/uuv_simulator/install/uuv_sensor_ros_plugins_msgs/include/uuv_sensor_ros_plugins_msgs/msg/position_with_covariance_stamped.hpp
[19.152s] -- Symlinking: /home/brenda/RBIM_ws/src/uuv_simulator/install/uuv_sensor_ros_plugins_msgs/include/uuv_sensor_ros_plugins_msgs/msg/salinity.hpp
[19.167s] -- Symlinking: /home/brenda/RBIM_ws/src/uuv_simulator/install/uuv_sensor_ros_plugins_msgs/include/uuv_sensor_ros_plugins_msgs/srv/change_sensor_state.hpp
[19.180s] -- Symlinking: /home/brenda/RBIM_ws/src/uuv_simulator/install/uuv_sensor_ros_plugins_msgs/include/uuv_sensor_ros_plugins_msgs/srv/detail/change_sensor_state__builder.hpp
[19.199s] -- Symlinking: /home/brenda/RBIM_ws/src/uuv_simulator/install/uuv_sensor_ros_plugins_msgs/include/uuv_sensor_ros_plugins_msgs/srv/detail/change_sensor_state__struct.hpp
[19.213s] -- Symlinking: /home/brenda/RBIM_ws/src/uuv_simulator/install/uuv_sensor_ros_plugins_msgs/include/uuv_sensor_ros_plugins_msgs/srv/detail/change_sensor_state__traits.hpp
[19.225s] -- Symlinking: /home/brenda/RBIM_ws/src/uuv_simulator/install/uuv_sensor_ros_plugins_msgs/include/uuv_sensor_ros_plugins_msgs/msg/detail/chemical_particle_concentration__rosidl_typesupport_introspection_cpp.hpp
[19.241s] -- Symlinking: /home/brenda/RBIM_ws/src/uuv_simulator/install/uuv_sensor_ros_plugins_msgs/include/uuv_sensor_ros_plugins_msgs/msg/detail/dvl__rosidl_typesupport_introspection_cpp.hpp
[19.257s] -- Symlinking: /home/brenda/RBIM_ws/src/uuv_simulator/install/uuv_sensor_ros_plugins_msgs/include/uuv_sensor_ros_plugins_msgs/msg/detail/dvl_beam__rosidl_typesupport_introspection_cpp.hpp
[19.271s] -- Symlinking: /home/brenda/RBIM_ws/src/uuv_simulator/install/uuv_sensor_ros_plugins_msgs/include/uuv_sensor_ros_plugins_msgs/msg/detail/position_with_covariance__rosidl_typesupport_introspection_cpp.hpp
[19.297s] -- Symlinking: /home/brenda/RBIM_ws/src/uuv_simulator/install/uuv_sensor_ros_plugins_msgs/include/uuv_sensor_ros_plugins_msgs/msg/detail/position_with_covariance_stamped__rosidl_typesupport_introspection_cpp.hpp
[19.311s] -- Symlinking: /home/brenda/RBIM_ws/src/uuv_simulator/install/uuv_sensor_ros_plugins_msgs/include/uuv_sensor_ros_plugins_msgs/msg/detail/salinity__rosidl_typesupport_introspection_cpp.hpp
[19.325s] -- Symlinking: /home/brenda/RBIM_ws/src/uuv_simulator/install/uuv_sensor_ros_plugins_msgs/include/uuv_sensor_ros_plugins_msgs/srv/detail/change_sensor_state__rosidl_typesupport_introspection_cpp.hpp
[19.336s] -- Symlinking: /home/brenda/RBIM_ws/src/uuv_simulator/install/uuv_sensor_ros_plugins_msgs/share/uuv_sensor_ros_plugins_msgs/environment/pythonpath.sh
[19.353s] -- Symlinking: /home/brenda/RBIM_ws/src/uuv_simulator/install/uuv_sensor_ros_plugins_msgs/share/uuv_sensor_ros_plugins_msgs/environment/pythonpath.dsv
[19.365s] -- Symlinking: /home/brenda/RBIM_ws/src/uuv_simulator/install/uuv_sensor_ros_plugins_msgs/lib/python3.8/site-packages/uuv_sensor_ros_plugins_msgs/__init__.py
[19.377s] -- Symlinking: /home/brenda/RBIM_ws/src/uuv_simulator/install/uuv_sensor_ros_plugins_msgs/lib/python3.8/site-packages/uuv_sensor_ros_plugins_msgs/msg/__init__.py
[19.393s] -- Symlinking: /home/brenda/RBIM_ws/src/uuv_simulator/install/uuv_sensor_ros_plugins_msgs/lib/python3.8/site-packages/uuv_sensor_ros_plugins_msgs/msg/_chemical_particle_concentration.py
[19.407s] -- Symlinking: /home/brenda/RBIM_ws/src/uuv_simulator/install/uuv_sensor_ros_plugins_msgs/lib/python3.8/site-packages/uuv_sensor_ros_plugins_msgs/msg/_dvl.py
[19.422s] -- Symlinking: /home/brenda/RBIM_ws/src/uuv_simulator/install/uuv_sensor_ros_plugins_msgs/lib/python3.8/site-packages/uuv_sensor_ros_plugins_msgs/msg/_dvl_beam.py
[19.435s] -- Symlinking: /home/brenda/RBIM_ws/src/uuv_simulator/install/uuv_sensor_ros_plugins_msgs/lib/python3.8/site-packages/uuv_sensor_ros_plugins_msgs/msg/_position_with_covariance.py
[19.449s] -- Symlinking: /home/brenda/RBIM_ws/src/uuv_simulator/install/uuv_sensor_ros_plugins_msgs/lib/python3.8/site-packages/uuv_sensor_ros_plugins_msgs/msg/_position_with_covariance_stamped.py
[19.464s] -- Symlinking: /home/brenda/RBIM_ws/src/uuv_simulator/install/uuv_sensor_ros_plugins_msgs/lib/python3.8/site-packages/uuv_sensor_ros_plugins_msgs/msg/_salinity.py
[19.479s] -- Symlinking: /home/brenda/RBIM_ws/src/uuv_simulator/install/uuv_sensor_ros_plugins_msgs/lib/python3.8/site-packages/uuv_sensor_ros_plugins_msgs/srv/__init__.py
[19.502s] -- Symlinking: /home/brenda/RBIM_ws/src/uuv_simulator/install/uuv_sensor_ros_plugins_msgs/lib/python3.8/site-packages/uuv_sensor_ros_plugins_msgs/srv/_change_sensor_state.py
[19.518s] -- Symlinking: /home/brenda/RBIM_ws/src/uuv_simulator/install/uuv_sensor_ros_plugins_msgs/lib/python3.8/site-packages/uuv_sensor_ros_plugins_msgs/uuv_sensor_ros_plugins_msgs_s__rosidl_typesupport_fastrtps_c.cpython-38-x86_64-linux-gnu.so
[19.532s] -- Symlinking: /home/brenda/RBIM_ws/src/uuv_simulator/install/uuv_sensor_ros_plugins_msgs/lib/python3.8/site-packages/uuv_sensor_ros_plugins_msgs/uuv_sensor_ros_plugins_msgs_s__rosidl_typesupport_introspection_c.cpython-38-x86_64-linux-gnu.so
[19.547s] -- Symlinking: /home/brenda/RBIM_ws/src/uuv_simulator/install/uuv_sensor_ros_plugins_msgs/lib/python3.8/site-packages/uuv_sensor_ros_plugins_msgs/uuv_sensor_ros_plugins_msgs_s__rosidl_typesupport_c.cpython-38-x86_64-linux-gnu.so
[19.562s] -- Symlinking: /home/brenda/RBIM_ws/src/uuv_simulator/install/uuv_sensor_ros_plugins_msgs/lib/libuuv_sensor_ros_plugins_msgs__python.so
[19.578s] -- Symlinking: /home/brenda/RBIM_ws/src/uuv_simulator/install/uuv_sensor_ros_plugins_msgs/share/uuv_sensor_ros_plugins_msgs/msg/DVL.idl
[19.593s] -- Symlinking: /home/brenda/RBIM_ws/src/uuv_simulator/install/uuv_sensor_ros_plugins_msgs/share/uuv_sensor_ros_plugins_msgs/msg/DVLBeam.idl
[19.610s] -- Symlinking: /home/brenda/RBIM_ws/src/uuv_simulator/install/uuv_sensor_ros_plugins_msgs/share/uuv_sensor_ros_plugins_msgs/msg/PositionWithCovariance.idl
[19.623s] -- Symlinking: /home/brenda/RBIM_ws/src/uuv_simulator/install/uuv_sensor_ros_plugins_msgs/share/uuv_sensor_ros_plugins_msgs/msg/PositionWithCovarianceStamped.idl
[19.637s] -- Symlinking: /home/brenda/RBIM_ws/src/uuv_simulator/install/uuv_sensor_ros_plugins_msgs/share/uuv_sensor_ros_plugins_msgs/msg/ChemicalParticleConcentration.idl
[19.651s] -- Symlinking: /home/brenda/RBIM_ws/src/uuv_simulator/install/uuv_sensor_ros_plugins_msgs/share/uuv_sensor_ros_plugins_msgs/msg/Salinity.idl
[19.671s] -- Symlinking: /home/brenda/RBIM_ws/src/uuv_simulator/install/uuv_sensor_ros_plugins_msgs/share/uuv_sensor_ros_plugins_msgs/srv/ChangeSensorState.idl
[19.685s] -- Symlinking: /home/brenda/RBIM_ws/src/uuv_simulator/install/uuv_sensor_ros_plugins_msgs/share/uuv_sensor_ros_plugins_msgs/msg/DVL.msg
[19.698s] -- Symlinking: /home/brenda/RBIM_ws/src/uuv_simulator/install/uuv_sensor_ros_plugins_msgs/share/uuv_sensor_ros_plugins_msgs/msg/DVLBeam.msg
[19.708s] -- Symlinking: /home/brenda/RBIM_ws/src/uuv_simulator/install/uuv_sensor_ros_plugins_msgs/share/uuv_sensor_ros_plugins_msgs/msg/PositionWithCovariance.msg
[19.719s] -- Symlinking: /home/brenda/RBIM_ws/src/uuv_simulator/install/uuv_sensor_ros_plugins_msgs/share/uuv_sensor_ros_plugins_msgs/msg/PositionWithCovarianceStamped.msg
[19.729s] -- Symlinking: /home/brenda/RBIM_ws/src/uuv_simulator/install/uuv_sensor_ros_plugins_msgs/share/uuv_sensor_ros_plugins_msgs/msg/ChemicalParticleConcentration.msg
[19.739s] -- Symlinking: /home/brenda/RBIM_ws/src/uuv_simulator/install/uuv_sensor_ros_plugins_msgs/share/uuv_sensor_ros_plugins_msgs/msg/Salinity.msg
[19.751s] -- Symlinking: /home/brenda/RBIM_ws/src/uuv_simulator/install/uuv_sensor_ros_plugins_msgs/share/uuv_sensor_ros_plugins_msgs/srv/ChangeSensorState.srv
[19.765s] -- Symlinking: /home/brenda/RBIM_ws/src/uuv_simulator/install/uuv_sensor_ros_plugins_msgs/share/uuv_sensor_ros_plugins_msgs/srv/ChangeSensorState_Request.msg
[19.798s] -- Symlinking: /home/brenda/RBIM_ws/src/uuv_simulator/install/uuv_sensor_ros_plugins_msgs/share/uuv_sensor_ros_plugins_msgs/srv/ChangeSensorState_Response.msg
[19.810s] -- Symlinking: /home/brenda/RBIM_ws/src/uuv_simulator/install/uuv_sensor_ros_plugins_msgs/share/ament_index/resource_index/package_run_dependencies/uuv_sensor_ros_plugins_msgs
[19.823s] -- Symlinking: /home/brenda/RBIM_ws/src/uuv_simulator/install/uuv_sensor_ros_plugins_msgs/share/ament_index/resource_index/parent_prefix_path/uuv_sensor_ros_plugins_msgs
[19.832s] -- Symlinking: /home/brenda/RBIM_ws/src/uuv_simulator/install/uuv_sensor_ros_plugins_msgs/share/uuv_sensor_ros_plugins_msgs/environment/ament_prefix_path.sh
[19.841s] -- Symlinking: /home/brenda/RBIM_ws/src/uuv_simulator/install/uuv_sensor_ros_plugins_msgs/share/uuv_sensor_ros_plugins_msgs/environment/ament_prefix_path.dsv
[19.851s] -- Symlinking: /home/brenda/RBIM_ws/src/uuv_simulator/install/uuv_sensor_ros_plugins_msgs/share/uuv_sensor_ros_plugins_msgs/environment/path.sh
[19.860s] -- Symlinking: /home/brenda/RBIM_ws/src/uuv_simulator/install/uuv_sensor_ros_plugins_msgs/share/uuv_sensor_ros_plugins_msgs/environment/path.dsv
[19.875s] -- Symlinking: /home/brenda/RBIM_ws/src/uuv_simulator/install/uuv_sensor_ros_plugins_msgs/share/uuv_sensor_ros_plugins_msgs/local_setup.bash
[19.889s] -- Symlinking: /home/brenda/RBIM_ws/src/uuv_simulator/install/uuv_sensor_ros_plugins_msgs/share/uuv_sensor_ros_plugins_msgs/local_setup.sh
[19.902s] -- Symlinking: /home/brenda/RBIM_ws/src/uuv_simulator/install/uuv_sensor_ros_plugins_msgs/share/uuv_sensor_ros_plugins_msgs/local_setup.zsh
[19.915s] -- Symlinking: /home/brenda/RBIM_ws/src/uuv_simulator/install/uuv_sensor_ros_plugins_msgs/share/uuv_sensor_ros_plugins_msgs/local_setup.dsv
[19.936s] -- Symlinking: /home/brenda/RBIM_ws/src/uuv_simulator/install/uuv_sensor_ros_plugins_msgs/share/uuv_sensor_ros_plugins_msgs/package.dsv
[19.950s] -- Symlinking: /home/brenda/RBIM_ws/src/uuv_simulator/install/uuv_sensor_ros_plugins_msgs/share/ament_index/resource_index/packages/uuv_sensor_ros_plugins_msgs
[19.961s] -- Symlinking: /home/brenda/RBIM_ws/src/uuv_simulator/install/uuv_sensor_ros_plugins_msgs/share/uuv_sensor_ros_plugins_msgs/cmake/rosidl_cmake-extras.cmake
[19.973s] -- Symlinking: /home/brenda/RBIM_ws/src/uuv_simulator/install/uuv_sensor_ros_plugins_msgs/share/uuv_sensor_ros_plugins_msgs/cmake/ament_cmake_export_dependencies-extras.cmake
[19.984s] -- Symlinking: /home/brenda/RBIM_ws/src/uuv_simulator/install/uuv_sensor_ros_plugins_msgs/share/uuv_sensor_ros_plugins_msgs/cmake/ament_cmake_export_libraries-extras.cmake
[19.995s] -- Symlinking: /home/brenda/RBIM_ws/src/uuv_simulator/install/uuv_sensor_ros_plugins_msgs/share/uuv_sensor_ros_plugins_msgs/cmake/ament_cmake_export_targets-extras.cmake
[20.006s] -- Symlinking: /home/brenda/RBIM_ws/src/uuv_simulator/install/uuv_sensor_ros_plugins_msgs/share/uuv_sensor_ros_plugins_msgs/cmake/ament_cmake_export_include_directories-extras.cmake
[20.021s] -- Symlinking: /home/brenda/RBIM_ws/src/uuv_simulator/install/uuv_sensor_ros_plugins_msgs/share/uuv_sensor_ros_plugins_msgs/cmake/rosidl_cmake_export_typesupport_libraries-extras.cmake
[20.039s] -- Symlinking: /home/brenda/RBIM_ws/src/uuv_simulator/install/uuv_sensor_ros_plugins_msgs/share/uuv_sensor_ros_plugins_msgs/cmake/rosidl_cmake_export_typesupport_targets-extras.cmake
[20.055s] -- Symlinking: /home/brenda/RBIM_ws/src/uuv_simulator/install/uuv_sensor_ros_plugins_msgs/share/uuv_sensor_ros_plugins_msgs/cmake/uuv_sensor_ros_plugins_msgsConfig.cmake
[20.071s] -- Symlinking: /home/brenda/RBIM_ws/src/uuv_simulator/install/uuv_sensor_ros_plugins_msgs/share/uuv_sensor_ros_plugins_msgs/cmake/uuv_sensor_ros_plugins_msgsConfig-version.cmake
[20.088s] -- Symlinking: /home/brenda/RBIM_ws/src/uuv_simulator/install/uuv_sensor_ros_plugins_msgs/share/uuv_sensor_ros_plugins_msgs/package.xml
[20.104s] -- Installing: /home/brenda/RBIM_ws/src/uuv_simulator/install/uuv_sensor_ros_plugins_msgs/lib/libuuv_sensor_ros_plugins_msgs__rosidl_generator_c.so
[20.105s] -- Set runtime path of "/home/brenda/RBIM_ws/src/uuv_simulator/install/uuv_sensor_ros_plugins_msgs/lib/libuuv_sensor_ros_plugins_msgs__rosidl_generator_c.so" to ""
[20.105s] -- Installing: /home/brenda/RBIM_ws/src/uuv_simulator/install/uuv_sensor_ros_plugins_msgs/lib/libuuv_sensor_ros_plugins_msgs__rosidl_typesupport_introspection_c.so
[20.107s] -- Set runtime path of "/home/brenda/RBIM_ws/src/uuv_simulator/install/uuv_sensor_ros_plugins_msgs/lib/libuuv_sensor_ros_plugins_msgs__rosidl_typesupport_introspection_c.so" to ""
[20.107s] -- Installing: /home/brenda/RBIM_ws/src/uuv_simulator/install/uuv_sensor_ros_plugins_msgs/lib/libuuv_sensor_ros_plugins_msgs__rosidl_typesupport_c.so
[20.107s] -- Set runtime path of "/home/brenda/RBIM_ws/src/uuv_simulator/install/uuv_sensor_ros_plugins_msgs/lib/libuuv_sensor_ros_plugins_msgs__rosidl_typesupport_c.so" to ""
[20.108s] -- Installing: /home/brenda/RBIM_ws/src/uuv_simulator/install/uuv_sensor_ros_plugins_msgs/lib/libuuv_sensor_ros_plugins_msgs__rosidl_typesupport_introspection_cpp.so
[20.108s] -- Set runtime path of "/home/brenda/RBIM_ws/src/uuv_simulator/install/uuv_sensor_ros_plugins_msgs/lib/libuuv_sensor_ros_plugins_msgs__rosidl_typesupport_introspection_cpp.so" to ""
[20.109s] -- Installing: /home/brenda/RBIM_ws/src/uuv_simulator/install/uuv_sensor_ros_plugins_msgs/lib/libuuv_sensor_ros_plugins_msgs__rosidl_typesupport_cpp.so
[20.109s] -- Set runtime path of "/home/brenda/RBIM_ws/src/uuv_simulator/install/uuv_sensor_ros_plugins_msgs/lib/libuuv_sensor_ros_plugins_msgs__rosidl_typesupport_cpp.so" to ""
[20.188s] Compiling '/home/brenda/RBIM_ws/src/uuv_simulator/install/uuv_sensor_ros_plugins_msgs/lib/python3.8/site-packages/uuv_sensor_ros_plugins_msgs/__init__.py'...
[20.209s] -- Installing: /home/brenda/RBIM_ws/src/uuv_simulator/install/uuv_sensor_ros_plugins_msgs/share/uuv_sensor_ros_plugins_msgs/cmake/uuv_sensor_ros_plugins_msgs__rosidl_generator_cExport.cmake
[20.209s] -- Installing: /home/brenda/RBIM_ws/src/uuv_simulator/install/uuv_sensor_ros_plugins_msgs/share/uuv_sensor_ros_plugins_msgs/cmake/uuv_sensor_ros_plugins_msgs__rosidl_generator_cExport-noconfig.cmake
[20.210s] -- Installing: /home/brenda/RBIM_ws/src/uuv_simulator/install/uuv_sensor_ros_plugins_msgs/share/uuv_sensor_ros_plugins_msgs/cmake/uuv_sensor_ros_plugins_msgs__rosidl_typesupport_introspection_cExport.cmake
[20.210s] -- Installing: /home/brenda/RBIM_ws/src/uuv_simulator/install/uuv_sensor_ros_plugins_msgs/share/uuv_sensor_ros_plugins_msgs/cmake/uuv_sensor_ros_plugins_msgs__rosidl_typesupport_introspection_cExport-noconfig.cmake
[20.210s] -- Installing: /home/brenda/RBIM_ws/src/uuv_simulator/install/uuv_sensor_ros_plugins_msgs/share/uuv_sensor_ros_plugins_msgs/cmake/uuv_sensor_ros_plugins_msgs__rosidl_typesupport_cExport.cmake
[20.211s] -- Installing: /home/brenda/RBIM_ws/src/uuv_simulator/install/uuv_sensor_ros_plugins_msgs/share/uuv_sensor_ros_plugins_msgs/cmake/uuv_sensor_ros_plugins_msgs__rosidl_typesupport_cExport-noconfig.cmake
[20.211s] -- Installing: /home/brenda/RBIM_ws/src/uuv_simulator/install/uuv_sensor_ros_plugins_msgs/share/uuv_sensor_ros_plugins_msgs/cmake/uuv_sensor_ros_plugins_msgs__rosidl_generator_cppExport.cmake
[20.211s] -- Installing: /home/brenda/RBIM_ws/src/uuv_simulator/install/uuv_sensor_ros_plugins_msgs/share/uuv_sensor_ros_plugins_msgs/cmake/uuv_sensor_ros_plugins_msgs__rosidl_typesupport_introspection_cppExport.cmake
[20.211s] -- Installing: /home/brenda/RBIM_ws/src/uuv_simulator/install/uuv_sensor_ros_plugins_msgs/share/uuv_sensor_ros_plugins_msgs/cmake/uuv_sensor_ros_plugins_msgs__rosidl_typesupport_introspection_cppExport-noconfig.cmake
[20.211s] -- Installing: /home/brenda/RBIM_ws/src/uuv_simulator/install/uuv_sensor_ros_plugins_msgs/share/uuv_sensor_ros_plugins_msgs/cmake/uuv_sensor_ros_plugins_msgs__rosidl_typesupport_cppExport.cmake
[20.212s] -- Installing: /home/brenda/RBIM_ws/src/uuv_simulator/install/uuv_sensor_ros_plugins_msgs/share/uuv_sensor_ros_plugins_msgs/cmake/uuv_sensor_ros_plugins_msgs__rosidl_typesupport_cppExport-noconfig.cmake
[20.213s] Invoked command in '/home/brenda/RBIM_ws/src/uuv_simulator/build/uuv_sensor_ros_plugins_msgs' returned '0': CMAKE_PREFIX_PATH=/opt/ros/foxy:${CMAKE_PREFIX_PATH} /usr/bin/cmake --install /home/brenda/RBIM_ws/src/uuv_simulator/build/uuv_sensor_ros_plugins_msgs
