[0.015s] Invoking command in '/home/brenda/RBIM_ws/src/uuv_simulator/build/uuv_gazebo_plugins': AMENT_PREFIX_PATH=/home/brenda/RBIM_ws/src/uuv_simulator/install/uuv_gazebo_ros_plugins_msgs:${AMENT_PREFIX_PATH} CMAKE_PREFIX_PATH=/home/brenda/RBIM_ws/src/uuv_simulator/install/uuv_gazebo_ros_plugins_msgs:/opt/ros/foxy:${CMAKE_PREFIX_PATH} LD_LIBRARY_PATH=/home/brenda/RBIM_ws/src/uuv_simulator/install/uuv_gazebo_ros_plugins_msgs/lib:${LD_LIBRARY_PATH} PYTHONPATH=/home/brenda/RBIM_ws/src/uuv_simulator/install/uuv_gazebo_ros_plugins_msgs/lib/python3.8/site-packages:${PYTHONPATH} /usr/bin/cmake /home/brenda/RBIM_ws/src/uuv_simulator/uuv_gazebo_plugins -DAMENT_CMAKE_SYMLINK_INSTALL=1 -DCMAKE_INSTALL_PREFIX=/home/brenda/RBIM_ws/src/uuv_simulator/install/uuv_gazebo_plugins
[0.032s] -- Found ament_cmake: 0.9.6 (/opt/ros/foxy/share/ament_cmake/cmake)
[0.071s] -- Using PYTHON_EXECUTABLE: /usr/bin/python3
[0.293s] -- Override CMake install command with custom implementation using symlinks instead of copying resources
[0.365s] -- Found DART: /usr/include (Required is at least version "6.6") found components: dart 
[0.393s] -- Found Boost: /usr/lib/x86_64-linux-gnu/cmake/Boost-1.71.0/BoostConfig.cmake (found suitable version "1.71.0", minimum required is "1.40.0") found components: thread system filesystem program_options regex iostreams date_time 
[0.406s] -- Looking for ignition-math6 -- found version 6.4.0
[0.411s] -- Searching for dependencies of ignition-math6
[0.413s] -- Looking for OGRE...
[0.420s] -- Found Ogre Ghadamon (1.9.0)
[0.420s] -- Found OGRE: optimized;/usr/lib/x86_64-linux-gnu/libOgreMain.so;debug;/usr/lib/x86_64-linux-gnu/libOgreMain.so
[0.432s] -- Looking for OGRE_Paging...
[0.433s] -- Found OGRE_Paging: optimized;/usr/lib/x86_64-linux-gnu/libOgrePaging.so;debug;/usr/lib/x86_64-linux-gnu/libOgrePaging.so
[0.433s] -- Looking for OGRE_Terrain...
[0.433s] -- Found OGRE_Terrain: optimized;/usr/lib/x86_64-linux-gnu/libOgreTerrain.so;debug;/usr/lib/x86_64-linux-gnu/libOgreTerrain.so
[0.433s] -- Looking for OGRE_Property...
[0.433s] -- Found OGRE_Property: optimized;/usr/lib/x86_64-linux-gnu/libOgreProperty.so;debug;/usr/lib/x86_64-linux-gnu/libOgreProperty.so
[0.433s] -- Looking for OGRE_RTShaderSystem...
[0.433s] -- Found OGRE_RTShaderSystem: optimized;/usr/lib/x86_64-linux-gnu/libOgreRTShaderSystem.so;debug;/usr/lib/x86_64-linux-gnu/libOgreRTShaderSystem.so
[0.433s] -- Looking for OGRE_Volume...
[0.433s] -- Found OGRE_Volume: optimized;/usr/lib/x86_64-linux-gnu/libOgreVolume.so;debug;/usr/lib/x86_64-linux-gnu/libOgreVolume.so
[0.433s] -- Looking for OGRE_Overlay...
[0.433s] -- Found OGRE_Overlay: optimized;/usr/lib/x86_64-linux-gnu/libOgreOverlay.so;debug;/usr/lib/x86_64-linux-gnu/libOgreOverlay.so
[0.597s] -- Looking for ignition-math6 -- found version 6.4.0
[0.597s] -- Looking for ignition-transport8 -- found version 8.1.0
[0.598s] -- Searching for dependencies of ignition-transport8
[0.617s] -- Found Protobuf: /usr/lib/x86_64-linux-gnu/libprotobuf.so;-lpthread (found suitable version "3.6.1", minimum required is "3") 
[0.630s] -- Config-file not installed for ZeroMQ -- checking for pkg-config
[0.635s] -- Checking for module 'libzmq >= 4'
[0.650s] --   Found libzmq , version 4.3.2
[0.698s] -- Checking for module 'uuid'
[0.716s] --   Found uuid, version 2.34.0
[0.755s] -- Looking for ignition-msgs5 -- found version 5.3.0
[0.756s] -- Searching for dependencies of ignition-msgs5
[0.774s] -- Looking for ignition-math6 -- found version 6.4.0
[0.779s] -- Checking for module 'tinyxml2'
[0.794s] --   Found tinyxml2, version 6.2.0
[0.829s] -- Looking for ignition-msgs5 -- found version 5.3.0
[0.830s] -- Looking for ignition-common3 -- found version 3.6.0
[0.830s] -- Searching for dependencies of ignition-common3
[0.831s] -- Looking for dlfcn.h - found
[0.831s] -- Looking for libdl - found
[0.839s] -- Searching for <ignition-common3> component [graphics]
[0.839s] -- Looking for ignition-common3-graphics -- found version 3.6.0
[0.839s] -- Searching for dependencies of ignition-common3-graphics
[0.840s] -- Looking for ignition-math6 -- found version 6.4.0
[0.841s] -- Looking for ignition-fuel_tools4 -- found version 4.2.1
[0.842s] -- Searching for dependencies of ignition-fuel_tools4
[0.868s] -- Checking for module 'jsoncpp'
[0.885s] --   Found jsoncpp, version 1.7.4
[0.930s] -- Checking for module 'libzip'
[0.949s] --   Found libzip, version 1.5.1
[0.986s] -- Looking for ignition-common3 -- found version 3.6.0
[0.987s] -- Looking for ignition-msgs5 -- found version 5.3.0
[0.989s] -- Found gazebo_dev: 3.5.0 (/opt/ros/foxy/share/gazebo_dev/cmake)
[0.989s] -- Gazebo version: 11.1
[0.990s] -- Found gazebo_ros: 3.5.0 (/opt/ros/foxy/share/gazebo_ros/cmake)
[1.022s] -- Using all available rosidl_typesupport_c: rosidl_typesupport_fastrtps_c;rosidl_typesupport_introspection_c
[1.027s] -- Found rosidl_adapter: 1.1.0 (/opt/ros/foxy/share/rosidl_adapter/cmake)
[1.178s] -- Using all available rosidl_typesupport_cpp: rosidl_typesupport_fastrtps_cpp;rosidl_typesupport_introspection_cpp
[1.236s] -- Found rmw_implementation_cmake: 1.0.1 (/opt/ros/foxy/share/rmw_implementation_cmake/cmake)
[1.238s] -- Using RMW implementation 'rmw_fastrtps_cpp' as default
[1.438s] -- Found gazebo_msgs: 3.5.0 (/opt/ros/foxy/share/gazebo_msgs/cmake)
[1.797s] -- Found Boost: /usr/lib/x86_64-linux-gnu/cmake/Boost-1.71.0/BoostConfig.cmake (found version "1.71.0")  
[1.806s] -- Found Protobuf: /usr/lib/x86_64-linux-gnu/libprotobuf.so;-lpthread (found version "3.6.1") 
[1.807s] -- Looking for ignition-common3 -- found version 3.6.0
[1.807s] -- Found uuv_gazebo_ros_plugins_msgs: 0.0.1 (/home/brenda/RBIM_ws/src/uuv_simulator/install/uuv_gazebo_ros_plugins_msgs/share/uuv_gazebo_ros_plugins_msgs/cmake)
[1.904s] -- PROTOBUF_IMPORT_DIRS = /usr/include/gazebo-11/gazebo/msgs/proto
[1.904s] -- GAZEBO_MSG_INCLUDE_DIRS = /usr/include/gazebo-11/gazebo/msgs
[2.044s] -- Configuring done
[2.103s] -- Generating done
[2.106s] -- Build files have been written to: /home/brenda/RBIM_ws/src/uuv_simulator/build/uuv_gazebo_plugins
[2.120s] Invoked command in '/home/brenda/RBIM_ws/src/uuv_simulator/build/uuv_gazebo_plugins' returned '0': AMENT_PREFIX_PATH=/home/brenda/RBIM_ws/src/uuv_simulator/install/uuv_gazebo_ros_plugins_msgs:${AMENT_PREFIX_PATH} CMAKE_PREFIX_PATH=/home/brenda/RBIM_ws/src/uuv_simulator/install/uuv_gazebo_ros_plugins_msgs:/opt/ros/foxy:${CMAKE_PREFIX_PATH} LD_LIBRARY_PATH=/home/brenda/RBIM_ws/src/uuv_simulator/install/uuv_gazebo_ros_plugins_msgs/lib:${LD_LIBRARY_PATH} PYTHONPATH=/home/brenda/RBIM_ws/src/uuv_simulator/install/uuv_gazebo_ros_plugins_msgs/lib/python3.8/site-packages:${PYTHONPATH} /usr/bin/cmake /home/brenda/RBIM_ws/src/uuv_simulator/uuv_gazebo_plugins -DAMENT_CMAKE_SYMLINK_INSTALL=1 -DCMAKE_INSTALL_PREFIX=/home/brenda/RBIM_ws/src/uuv_simulator/install/uuv_gazebo_plugins
[2.123s] Invoking command in '/home/brenda/RBIM_ws/src/uuv_simulator/build/uuv_gazebo_plugins': AMENT_PREFIX_PATH=/home/brenda/RBIM_ws/src/uuv_simulator/install/uuv_gazebo_ros_plugins_msgs:${AMENT_PREFIX_PATH} CMAKE_PREFIX_PATH=/home/brenda/RBIM_ws/src/uuv_simulator/install/uuv_gazebo_ros_plugins_msgs:/opt/ros/foxy:${CMAKE_PREFIX_PATH} LD_LIBRARY_PATH=/home/brenda/RBIM_ws/src/uuv_simulator/install/uuv_gazebo_ros_plugins_msgs/lib:${LD_LIBRARY_PATH} PYTHONPATH=/home/brenda/RBIM_ws/src/uuv_simulator/install/uuv_gazebo_ros_plugins_msgs/lib/python3.8/site-packages:${PYTHONPATH} /usr/bin/cmake --build /home/brenda/RBIM_ws/src/uuv_simulator/build/uuv_gazebo_plugins -- -j8 -l8
[2.188s] [35m[1mScanning dependencies of target uuv_gazebo_plugins_msgs[0m
[2.210s] [  7%] [32mBuilding CXX object CMakeFiles/uuv_gazebo_plugins_msgs.dir/Double.pb.cc.o[0m
[2.211s] [ 15%] [32mBuilding CXX object CMakeFiles/uuv_gazebo_plugins_msgs.dir/Accel.pb.cc.o[0m
[2.223s] [ 23%] [32m[1mLinking CXX shared library libuuv_dynamics.so[0m
[2.239s] [ 46%] Built target uuv_underwater_object_plugin
[2.584s] [ 53%] Built target uuv_dynamics
[3.408s] [ 61%] [32m[1mLinking CXX shared library libuuv_gazebo_plugins_msgs.so[0m
[3.513s] [ 76%] Built target uuv_gazebo_plugins_msgs
[3.531s] [35m[1mScanning dependencies of target uuv_thruster_plugin[0m
[3.634s] [ 84%] [32mBuilding CXX object CMakeFiles/uuv_thruster_plugin.dir/src/ThrusterPlugin.cpp.o[0m
[21.555s] [ 92%] [32m[1mLinking CXX shared library libuuv_thruster_plugin.so[0m
[22.830s] [100%] Built target uuv_thruster_plugin
[22.840s] Invoked command in '/home/brenda/RBIM_ws/src/uuv_simulator/build/uuv_gazebo_plugins' returned '0': AMENT_PREFIX_PATH=/home/brenda/RBIM_ws/src/uuv_simulator/install/uuv_gazebo_ros_plugins_msgs:${AMENT_PREFIX_PATH} CMAKE_PREFIX_PATH=/home/brenda/RBIM_ws/src/uuv_simulator/install/uuv_gazebo_ros_plugins_msgs:/opt/ros/foxy:${CMAKE_PREFIX_PATH} LD_LIBRARY_PATH=/home/brenda/RBIM_ws/src/uuv_simulator/install/uuv_gazebo_ros_plugins_msgs/lib:${LD_LIBRARY_PATH} PYTHONPATH=/home/brenda/RBIM_ws/src/uuv_simulator/install/uuv_gazebo_ros_plugins_msgs/lib/python3.8/site-packages:${PYTHONPATH} /usr/bin/cmake --build /home/brenda/RBIM_ws/src/uuv_simulator/build/uuv_gazebo_plugins -- -j8 -l8
[22.870s] Invoking command in '/home/brenda/RBIM_ws/src/uuv_simulator/build/uuv_gazebo_plugins': AMENT_PREFIX_PATH=/home/brenda/RBIM_ws/src/uuv_simulator/install/uuv_gazebo_ros_plugins_msgs:${AMENT_PREFIX_PATH} CMAKE_PREFIX_PATH=/home/brenda/RBIM_ws/src/uuv_simulator/install/uuv_gazebo_ros_plugins_msgs:/opt/ros/foxy:${CMAKE_PREFIX_PATH} LD_LIBRARY_PATH=/home/brenda/RBIM_ws/src/uuv_simulator/install/uuv_gazebo_ros_plugins_msgs/lib:${LD_LIBRARY_PATH} PYTHONPATH=/home/brenda/RBIM_ws/src/uuv_simulator/install/uuv_gazebo_ros_plugins_msgs/lib/python3.8/site-packages:${PYTHONPATH} /usr/bin/cmake --install /home/brenda/RBIM_ws/src/uuv_simulator/build/uuv_gazebo_plugins
[22.876s] -- Install configuration: ""
[22.876s] -- Execute custom install script
[22.877s] -- Symlinking: /home/brenda/RBIM_ws/src/uuv_simulator/install/uuv_gazebo_plugins/share/uuv_gazebo_plugins/environment/library_path.sh
[22.884s] -- Symlinking: /home/brenda/RBIM_ws/src/uuv_simulator/install/uuv_gazebo_plugins/share/uuv_gazebo_plugins/environment/library_path.dsv
[22.891s] -- Symlinking: /home/brenda/RBIM_ws/src/uuv_simulator/install/uuv_gazebo_plugins/share/ament_index/resource_index/package_run_dependencies/uuv_gazebo_plugins
[22.899s] -- Symlinking: /home/brenda/RBIM_ws/src/uuv_simulator/install/uuv_gazebo_plugins/share/ament_index/resource_index/parent_prefix_path/uuv_gazebo_plugins
[22.906s] -- Symlinking: /home/brenda/RBIM_ws/src/uuv_simulator/install/uuv_gazebo_plugins/share/uuv_gazebo_plugins/environment/ament_prefix_path.sh
[22.914s] -- Symlinking: /home/brenda/RBIM_ws/src/uuv_simulator/install/uuv_gazebo_plugins/share/uuv_gazebo_plugins/environment/ament_prefix_path.dsv
[22.921s] -- Symlinking: /home/brenda/RBIM_ws/src/uuv_simulator/install/uuv_gazebo_plugins/share/uuv_gazebo_plugins/environment/path.sh
[22.929s] -- Symlinking: /home/brenda/RBIM_ws/src/uuv_simulator/install/uuv_gazebo_plugins/share/uuv_gazebo_plugins/environment/path.dsv
[22.936s] -- Symlinking: /home/brenda/RBIM_ws/src/uuv_simulator/install/uuv_gazebo_plugins/share/uuv_gazebo_plugins/local_setup.bash
[22.943s] -- Symlinking: /home/brenda/RBIM_ws/src/uuv_simulator/install/uuv_gazebo_plugins/share/uuv_gazebo_plugins/local_setup.sh
[22.951s] -- Symlinking: /home/brenda/RBIM_ws/src/uuv_simulator/install/uuv_gazebo_plugins/share/uuv_gazebo_plugins/local_setup.zsh
[22.958s] -- Symlinking: /home/brenda/RBIM_ws/src/uuv_simulator/install/uuv_gazebo_plugins/share/uuv_gazebo_plugins/local_setup.dsv
[22.966s] -- Symlinking: /home/brenda/RBIM_ws/src/uuv_simulator/install/uuv_gazebo_plugins/share/uuv_gazebo_plugins/package.dsv
[22.973s] -- Symlinking: /home/brenda/RBIM_ws/src/uuv_simulator/install/uuv_gazebo_plugins/share/ament_index/resource_index/packages/uuv_gazebo_plugins
[22.981s] -- Symlinking: /home/brenda/RBIM_ws/src/uuv_simulator/install/uuv_gazebo_plugins/share/uuv_gazebo_plugins/cmake/ament_cmake_export_libraries-extras.cmake
[22.988s] -- Symlinking: /home/brenda/RBIM_ws/src/uuv_simulator/install/uuv_gazebo_plugins/share/uuv_gazebo_plugins/cmake/ament_cmake_export_include_directories-extras.cmake
[22.996s] -- Symlinking: /home/brenda/RBIM_ws/src/uuv_simulator/install/uuv_gazebo_plugins/share/uuv_gazebo_plugins/cmake/ament_cmake_export_dependencies-extras.cmake
[23.004s] -- Symlinking: /home/brenda/RBIM_ws/src/uuv_simulator/install/uuv_gazebo_plugins/share/uuv_gazebo_plugins/cmake/uuv_gazebo_pluginsConfig.cmake
[23.012s] -- Symlinking: /home/brenda/RBIM_ws/src/uuv_simulator/install/uuv_gazebo_plugins/share/uuv_gazebo_plugins/cmake/uuv_gazebo_pluginsConfig-version.cmake
[23.019s] -- Symlinking: /home/brenda/RBIM_ws/src/uuv_simulator/install/uuv_gazebo_plugins/share/uuv_gazebo_plugins/package.xml
[23.027s] -- Symlinking: /home/brenda/RBIM_ws/src/uuv_simulator/install/uuv_gazebo_plugins/lib/libuuv_gazebo_plugins_msgs.so
[23.034s] -- Symlinking: /home/brenda/RBIM_ws/src/uuv_simulator/install/uuv_gazebo_plugins/lib/libuuv_dynamics.so
[23.041s] -- Symlinking: /home/brenda/RBIM_ws/src/uuv_simulator/install/uuv_gazebo_plugins/lib/libuuv_underwater_object_plugin.a
[23.049s] -- Symlinking: /home/brenda/RBIM_ws/src/uuv_simulator/install/uuv_gazebo_plugins/lib/libuuv_thruster_plugin.so
[23.056s] -- Up-to-date: /home/brenda/RBIM_ws/src/uuv_simulator/install/uuv_gazebo_plugins/include/uuv_gazebo_plugins/
[23.056s] -- Installing: /home/brenda/RBIM_ws/src/uuv_simulator/install/uuv_gazebo_plugins/include/uuv_gazebo_plugins//HydrodynamicModel.hh
[23.056s] -- Installing: /home/brenda/RBIM_ws/src/uuv_simulator/install/uuv_gazebo_plugins/include/uuv_gazebo_plugins//Def.hh
[23.056s] -- Installing: /home/brenda/RBIM_ws/src/uuv_simulator/install/uuv_gazebo_plugins/include/uuv_gazebo_plugins//BuoyantObject.hh
[23.057s] -- Installing: /home/brenda/RBIM_ws/src/uuv_simulator/install/uuv_gazebo_plugins/include/uuv_gazebo_plugins//ThrusterConversionFcn.hh
[23.057s] -- Installing: /home/brenda/RBIM_ws/src/uuv_simulator/install/uuv_gazebo_plugins/include/uuv_gazebo_plugins//FinPlugin.hh
[23.057s] -- Installing: /home/brenda/RBIM_ws/src/uuv_simulator/install/uuv_gazebo_plugins/include/uuv_gazebo_plugins//UmbilicalModel.hh
[23.057s] -- Installing: /home/brenda/RBIM_ws/src/uuv_simulator/install/uuv_gazebo_plugins/include/uuv_gazebo_plugins//Dynamics.hh
[23.057s] -- Installing: /home/brenda/RBIM_ws/src/uuv_simulator/install/uuv_gazebo_plugins/include/uuv_gazebo_plugins//LiftDragModel.hh
[23.057s] -- Installing: /home/brenda/RBIM_ws/src/uuv_simulator/install/uuv_gazebo_plugins/include/uuv_gazebo_plugins//UmbilicalPlugin.hh
[23.057s] -- Up-to-date: /home/brenda/RBIM_ws/src/uuv_simulator/install/uuv_gazebo_plugins/include/
[23.057s] -- Up-to-date: /home/brenda/RBIM_ws/src/uuv_simulator/install/uuv_gazebo_plugins/include//ament_cmake_export_dependencies
[23.057s] -- Up-to-date: /home/brenda/RBIM_ws/src/uuv_simulator/install/uuv_gazebo_plugins/include//ament_cmake_core
[23.057s] -- Up-to-date: /home/brenda/RBIM_ws/src/uuv_simulator/install/uuv_gazebo_plugins/include//ament_cmake_core/stamps
[23.058s] -- Up-to-date: /home/brenda/RBIM_ws/src/uuv_simulator/install/uuv_gazebo_plugins/include//ament_cmake_export_libraries
[23.058s] -- Installing: /home/brenda/RBIM_ws/src/uuv_simulator/install/uuv_gazebo_plugins/include//Accel.pb.h
[23.078s] -- Up-to-date: /home/brenda/RBIM_ws/src/uuv_simulator/install/uuv_gazebo_plugins/include//ament_cmake_export_include_directories
[23.079s] -- Up-to-date: /home/brenda/RBIM_ws/src/uuv_simulator/install/uuv_gazebo_plugins/include//ament_cmake_package_templates
[23.079s] -- Up-to-date: /home/brenda/RBIM_ws/src/uuv_simulator/install/uuv_gazebo_plugins/include//CMakeFiles
[23.079s] -- Up-to-date: /home/brenda/RBIM_ws/src/uuv_simulator/install/uuv_gazebo_plugins/include//CMakeFiles/uuv_underwater_object_plugin.dir
[23.079s] -- Up-to-date: /home/brenda/RBIM_ws/src/uuv_simulator/install/uuv_gazebo_plugins/include//CMakeFiles/uuv_underwater_object_plugin.dir/src
[23.079s] -- Up-to-date: /home/brenda/RBIM_ws/src/uuv_simulator/install/uuv_gazebo_plugins/include//CMakeFiles/3.16.3
[23.080s] -- Up-to-date: /home/brenda/RBIM_ws/src/uuv_simulator/install/uuv_gazebo_plugins/include//CMakeFiles/3.16.3/CompilerIdC
[23.080s] -- Up-to-date: /home/brenda/RBIM_ws/src/uuv_simulator/install/uuv_gazebo_plugins/include//CMakeFiles/3.16.3/CompilerIdC/tmp
[23.080s] -- Up-to-date: /home/brenda/RBIM_ws/src/uuv_simulator/install/uuv_gazebo_plugins/include//CMakeFiles/3.16.3/CompilerIdCXX
[23.080s] -- Up-to-date: /home/brenda/RBIM_ws/src/uuv_simulator/install/uuv_gazebo_plugins/include//CMakeFiles/3.16.3/CompilerIdCXX/tmp
[23.080s] -- Up-to-date: /home/brenda/RBIM_ws/src/uuv_simulator/install/uuv_gazebo_plugins/include//CMakeFiles/uninstall.dir
[23.080s] -- Up-to-date: /home/brenda/RBIM_ws/src/uuv_simulator/install/uuv_gazebo_plugins/include//CMakeFiles/uuv_thruster_plugin.dir
[23.080s] -- Up-to-date: /home/brenda/RBIM_ws/src/uuv_simulator/install/uuv_gazebo_plugins/include//CMakeFiles/uuv_thruster_plugin.dir/src
[23.081s] -- Up-to-date: /home/brenda/RBIM_ws/src/uuv_simulator/install/uuv_gazebo_plugins/include//CMakeFiles/uuv_dynamics.dir
[23.081s] -- Up-to-date: /home/brenda/RBIM_ws/src/uuv_simulator/install/uuv_gazebo_plugins/include//CMakeFiles/uuv_dynamics.dir/src
[23.081s] -- Up-to-date: /home/brenda/RBIM_ws/src/uuv_simulator/install/uuv_gazebo_plugins/include//CMakeFiles/uuv_gazebo_plugins_uninstall.dir
[23.081s] -- Up-to-date: /home/brenda/RBIM_ws/src/uuv_simulator/install/uuv_gazebo_plugins/include//CMakeFiles/uuv_gazebo_plugins_msgs.dir
[23.081s] -- Installing: /home/brenda/RBIM_ws/src/uuv_simulator/install/uuv_gazebo_plugins/include//CMakeFiles/uuv_gazebo_plugins_msgs.dir/Double.pb.cc.o
[23.081s] -- Installing: /home/brenda/RBIM_ws/src/uuv_simulator/install/uuv_gazebo_plugins/include//CMakeFiles/uuv_gazebo_plugins_msgs.dir/Accel.pb.cc.o
[23.082s] -- Up-to-date: /home/brenda/RBIM_ws/src/uuv_simulator/install/uuv_gazebo_plugins/include//CMakeFiles/CMakeTmp
[23.083s] -- Up-to-date: /home/brenda/RBIM_ws/src/uuv_simulator/install/uuv_gazebo_plugins/include//ament_cmake_environment_hooks
[23.084s] -- Installing: /home/brenda/RBIM_ws/src/uuv_simulator/install/uuv_gazebo_plugins/include//Double.pb.h
[23.084s] -- Up-to-date: /home/brenda/RBIM_ws/src/uuv_simulator/install/uuv_gazebo_plugins/include//msgs
[23.084s] -- Installing: /home/brenda/RBIM_ws/src/uuv_simulator/install/uuv_gazebo_plugins/include//Accel.pb.cc
[23.084s] -- Up-to-date: /home/brenda/RBIM_ws/src/uuv_simulator/install/uuv_gazebo_plugins/include//ament_cmake_uninstall_target
[23.084s] -- Installing: /home/brenda/RBIM_ws/src/uuv_simulator/install/uuv_gazebo_plugins/include//ament_cmake_symlink_install
[23.084s] -- Installing: /home/brenda/RBIM_ws/src/uuv_simulator/install/uuv_gazebo_plugins/include//Double.pb.cc
[23.085s] -- Up-to-date: /home/brenda/RBIM_ws/src/uuv_simulator/install/uuv_gazebo_plugins/include//ament_cmake_index
[23.085s] -- Up-to-date: /home/brenda/RBIM_ws/src/uuv_simulator/install/uuv_gazebo_plugins/include//ament_cmake_index/share
[23.085s] -- Up-to-date: /home/brenda/RBIM_ws/src/uuv_simulator/install/uuv_gazebo_plugins/include//ament_cmake_index/share/ament_index
[23.085s] -- Up-to-date: /home/brenda/RBIM_ws/src/uuv_simulator/install/uuv_gazebo_plugins/include//ament_cmake_index/share/ament_index/resource_index
[23.085s] -- Up-to-date: /home/brenda/RBIM_ws/src/uuv_simulator/install/uuv_gazebo_plugins/include//ament_cmake_index/share/ament_index/resource_index/package_run_dependencies
[23.085s] -- Up-to-date: /home/brenda/RBIM_ws/src/uuv_simulator/install/uuv_gazebo_plugins/include//ament_cmake_index/share/ament_index/resource_index/parent_prefix_path
[23.086s] -- Up-to-date: /home/brenda/RBIM_ws/src/uuv_simulator/install/uuv_gazebo_plugins/include//ament_cmake_index/share/ament_index/resource_index/packages
[23.086s] Invoked command in '/home/brenda/RBIM_ws/src/uuv_simulator/build/uuv_gazebo_plugins' returned '0': AMENT_PREFIX_PATH=/home/brenda/RBIM_ws/src/uuv_simulator/install/uuv_gazebo_ros_plugins_msgs:${AMENT_PREFIX_PATH} CMAKE_PREFIX_PATH=/home/brenda/RBIM_ws/src/uuv_simulator/install/uuv_gazebo_ros_plugins_msgs:/opt/ros/foxy:${CMAKE_PREFIX_PATH} LD_LIBRARY_PATH=/home/brenda/RBIM_ws/src/uuv_simulator/install/uuv_gazebo_ros_plugins_msgs/lib:${LD_LIBRARY_PATH} PYTHONPATH=/home/brenda/RBIM_ws/src/uuv_simulator/install/uuv_gazebo_ros_plugins_msgs/lib/python3.8/site-packages:${PYTHONPATH} /usr/bin/cmake --install /home/brenda/RBIM_ws/src/uuv_simulator/build/uuv_gazebo_plugins
