[0.010s] Invoking command in '/home/brenda/RBIM_ws/src/uuv_simulator/build/uuv_world_plugins': AMENT_PREFIX_PATH=/home/brenda/RBIM_ws/src/uuv_simulator/install/uuv_world_ros_plugins_msgs:${AMENT_PREFIX_PATH} CMAKE_PREFIX_PATH=/home/brenda/RBIM_ws/src/uuv_simulator/install/uuv_world_ros_plugins_msgs:${CMAKE_PREFIX_PATH} LD_LIBRARY_PATH=/home/brenda/RBIM_ws/src/uuv_simulator/install/uuv_world_ros_plugins_msgs/lib:${LD_LIBRARY_PATH} PYTHONPATH=/home/brenda/RBIM_ws/src/uuv_simulator/install/uuv_world_ros_plugins_msgs/lib/python3.8/site-packages:${PYTHONPATH} /usr/bin/cmake --build /home/brenda/RBIM_ws/src/uuv_simulator/build/uuv_world_plugins -- -j8 -l8
[0.076s] [ 40%] Built target uuv_spherical_coordinates_plugin
[0.081s] [100%] Built target uuv_underwater_current_plugin
[0.092s] Invoked command in '/home/brenda/RBIM_ws/src/uuv_simulator/build/uuv_world_plugins' returned '0': AMENT_PREFIX_PATH=/home/brenda/RBIM_ws/src/uuv_simulator/install/uuv_world_ros_plugins_msgs:${AMENT_PREFIX_PATH} CMAKE_PREFIX_PATH=/home/brenda/RBIM_ws/src/uuv_simulator/install/uuv_world_ros_plugins_msgs:${CMAKE_PREFIX_PATH} LD_LIBRARY_PATH=/home/brenda/RBIM_ws/src/uuv_simulator/install/uuv_world_ros_plugins_msgs/lib:${LD_LIBRARY_PATH} PYTHONPATH=/home/brenda/RBIM_ws/src/uuv_simulator/install/uuv_world_ros_plugins_msgs/lib/python3.8/site-packages:${PYTHONPATH} /usr/bin/cmake --build /home/brenda/RBIM_ws/src/uuv_simulator/build/uuv_world_plugins -- -j8 -l8
[0.144s] Invoking command in '/home/brenda/RBIM_ws/src/uuv_simulator/build/uuv_world_plugins': AMENT_PREFIX_PATH=/home/brenda/RBIM_ws/src/uuv_simulator/install/uuv_world_ros_plugins_msgs:${AMENT_PREFIX_PATH} CMAKE_PREFIX_PATH=/home/brenda/RBIM_ws/src/uuv_simulator/install/uuv_world_ros_plugins_msgs:${CMAKE_PREFIX_PATH} LD_LIBRARY_PATH=/home/brenda/RBIM_ws/src/uuv_simulator/install/uuv_world_ros_plugins_msgs/lib:${LD_LIBRARY_PATH} PYTHONPATH=/home/brenda/RBIM_ws/src/uuv_simulator/install/uuv_world_ros_plugins_msgs/lib/python3.8/site-packages:${PYTHONPATH} /usr/bin/cmake --install /home/brenda/RBIM_ws/src/uuv_simulator/build/uuv_world_plugins
[0.152s] -- Install configuration: ""
[0.153s] -- Up-to-date: /home/brenda/RBIM_ws/src/uuv_simulator/install/uuv_world_plugins/share/uuv_world_plugins/environment/library_path.sh
[0.153s] -- Up-to-date: /home/brenda/RBIM_ws/src/uuv_simulator/install/uuv_world_plugins/share/uuv_world_plugins/environment/library_path.dsv
[0.153s] -- Up-to-date: /home/brenda/RBIM_ws/src/uuv_simulator/install/uuv_world_plugins/share/ament_index/resource_index/package_run_dependencies/uuv_world_plugins
[0.153s] -- Up-to-date: /home/brenda/RBIM_ws/src/uuv_simulator/install/uuv_world_plugins/share/ament_index/resource_index/parent_prefix_path/uuv_world_plugins
[0.153s] -- Up-to-date: /home/brenda/RBIM_ws/src/uuv_simulator/install/uuv_world_plugins/share/uuv_world_plugins/environment/ament_prefix_path.sh
[0.153s] -- Up-to-date: /home/brenda/RBIM_ws/src/uuv_simulator/install/uuv_world_plugins/share/uuv_world_plugins/environment/ament_prefix_path.dsv
[0.153s] -- Up-to-date: /home/brenda/RBIM_ws/src/uuv_simulator/install/uuv_world_plugins/share/uuv_world_plugins/environment/path.sh
[0.153s] -- Up-to-date: /home/brenda/RBIM_ws/src/uuv_simulator/install/uuv_world_plugins/share/uuv_world_plugins/environment/path.dsv
[0.153s] -- Up-to-date: /home/brenda/RBIM_ws/src/uuv_simulator/install/uuv_world_plugins/share/uuv_world_plugins/local_setup.bash
[0.154s] -- Up-to-date: /home/brenda/RBIM_ws/src/uuv_simulator/install/uuv_world_plugins/share/uuv_world_plugins/local_setup.sh
[0.154s] -- Up-to-date: /home/brenda/RBIM_ws/src/uuv_simulator/install/uuv_world_plugins/share/uuv_world_plugins/local_setup.zsh
[0.154s] -- Up-to-date: /home/brenda/RBIM_ws/src/uuv_simulator/install/uuv_world_plugins/share/uuv_world_plugins/local_setup.dsv
[0.154s] -- Installing: /home/brenda/RBIM_ws/src/uuv_simulator/install/uuv_world_plugins/share/uuv_world_plugins/package.dsv
[0.154s] -- Up-to-date: /home/brenda/RBIM_ws/src/uuv_simulator/install/uuv_world_plugins/share/ament_index/resource_index/packages/uuv_world_plugins
[0.154s] -- Up-to-date: /home/brenda/RBIM_ws/src/uuv_simulator/install/uuv_world_plugins/share/uuv_world_plugins/cmake/ament_cmake_export_libraries-extras.cmake
[0.154s] -- Up-to-date: /home/brenda/RBIM_ws/src/uuv_simulator/install/uuv_world_plugins/share/uuv_world_plugins/cmake/ament_cmake_export_include_directories-extras.cmake
[0.154s] -- Up-to-date: /home/brenda/RBIM_ws/src/uuv_simulator/install/uuv_world_plugins/share/uuv_world_plugins/cmake/ament_cmake_export_dependencies-extras.cmake
[0.154s] -- Up-to-date: /home/brenda/RBIM_ws/src/uuv_simulator/install/uuv_world_plugins/share/uuv_world_plugins/cmake/uuv_world_pluginsConfig.cmake
[0.154s] -- Up-to-date: /home/brenda/RBIM_ws/src/uuv_simulator/install/uuv_world_plugins/share/uuv_world_plugins/cmake/uuv_world_pluginsConfig-version.cmake
[0.154s] -- Up-to-date: /home/brenda/RBIM_ws/src/uuv_simulator/install/uuv_world_plugins/share/uuv_world_plugins/package.xml
[0.155s] -- Up-to-date: /home/brenda/RBIM_ws/src/uuv_simulator/install/uuv_world_plugins/lib/libuuv_underwater_current_plugin.so
[0.157s] -- Up-to-date: /home/brenda/RBIM_ws/src/uuv_simulator/install/uuv_world_plugins/lib/libuuv_spherical_coordinates_plugin.so
[0.157s] -- Up-to-date: /home/brenda/RBIM_ws/src/uuv_simulator/install/uuv_world_plugins/include/
[0.157s] -- Up-to-date: /home/brenda/RBIM_ws/src/uuv_simulator/install/uuv_world_plugins/include//uuv_world_plugins_gauss_markov_process.hpp
[0.157s] -- Up-to-date: /home/brenda/RBIM_ws/src/uuv_simulator/install/uuv_world_plugins/include//uuv_world_plugins_underwater_current.hpp
[0.157s] -- Up-to-date: /home/brenda/RBIM_ws/src/uuv_simulator/install/uuv_world_plugins/include//uuv_world_plugins_spherical_coordinates.hpp
[0.171s] Invoked command in '/home/brenda/RBIM_ws/src/uuv_simulator/build/uuv_world_plugins' returned '0': AMENT_PREFIX_PATH=/home/brenda/RBIM_ws/src/uuv_simulator/install/uuv_world_ros_plugins_msgs:${AMENT_PREFIX_PATH} CMAKE_PREFIX_PATH=/home/brenda/RBIM_ws/src/uuv_simulator/install/uuv_world_ros_plugins_msgs:${CMAKE_PREFIX_PATH} LD_LIBRARY_PATH=/home/brenda/RBIM_ws/src/uuv_simulator/install/uuv_world_ros_plugins_msgs/lib:${LD_LIBRARY_PATH} PYTHONPATH=/home/brenda/RBIM_ws/src/uuv_simulator/install/uuv_world_ros_plugins_msgs/lib/python3.8/site-packages:${PYTHONPATH} /usr/bin/cmake --install /home/brenda/RBIM_ws/src/uuv_simulator/build/uuv_world_plugins
