-- Found ament_cmake: 0.9.6 (/opt/ros/foxy/share/ament_cmake/cmake)
-- Using PYTHON_EXECUTABLE: /usr/bin/python3
-- Override CMake install command with custom implementation using symlinks instead of copying resources
-- Found DART: /usr/include (Required is at least version "6.6") found components: dart 
-- Found Protobuf: /usr/lib/x86_64-linux-gnu/libprotobuf.so;-lpthread (found version "3.6.1") 
-- Looking for ignition-math6 -- found version 6.4.0
-- Searching for dependencies of ignition-math6
-- Looking for OGRE...
-- Found Ogre Ghadamon (1.9.0)
-- Found OGRE: optimized;/usr/lib/x86_64-linux-gnu/libOgreMain.so;debug;/usr/lib/x86_64-linux-gnu/libOgreMain.so
-- Looking for OGRE_Paging...
-- Found OGRE_Paging: optimized;/usr/lib/x86_64-linux-gnu/libOgrePaging.so;debug;/usr/lib/x86_64-linux-gnu/libOgrePaging.so
-- Looking for OGRE_Terrain...
-- Found OGRE_Terrain: optimized;/usr/lib/x86_64-linux-gnu/libOgreTerrain.so;debug;/usr/lib/x86_64-linux-gnu/libOgreTerrain.so
-- Looking for OGRE_Property...
-- Found OGRE_Property: optimized;/usr/lib/x86_64-linux-gnu/libOgreProperty.so;debug;/usr/lib/x86_64-linux-gnu/libOgreProperty.so
-- Looking for OGRE_RTShaderSystem...
-- Found OGRE_RTShaderSystem: optimized;/usr/lib/x86_64-linux-gnu/libOgreRTShaderSystem.so;debug;/usr/lib/x86_64-linux-gnu/libOgreRTShaderSystem.so
-- Looking for OGRE_Volume...
-- Found OGRE_Volume: optimized;/usr/lib/x86_64-linux-gnu/libOgreVolume.so;debug;/usr/lib/x86_64-linux-gnu/libOgreVolume.so
-- Looking for OGRE_Overlay...
-- Found OGRE_Overlay: optimized;/usr/lib/x86_64-linux-gnu/libOgreOverlay.so;debug;/usr/lib/x86_64-linux-gnu/libOgreOverlay.so
-- Looking for ignition-math6 -- found version 6.4.0
-- Looking for ignition-transport8 -- found version 8.1.0
-- Searching for dependencies of ignition-transport8
-- Found Protobuf: /usr/lib/x86_64-linux-gnu/libprotobuf.so;-lpthread (found suitable version "3.6.1", minimum required is "3") 
-- Config-file not installed for ZeroMQ -- checking for pkg-config
-- Checking for module 'libzmq >= 4'
--   Found libzmq , version 4.3.2
-- Checking for module 'uuid'
--   Found uuid, version 2.34.0
-- Looking for ignition-msgs5 -- found version 5.3.0
-- Searching for dependencies of ignition-msgs5
-- Looking for ignition-math6 -- found version 6.4.0
-- Checking for module 'tinyxml2'
--   Found tinyxml2, version 6.2.0
-- Looking for ignition-msgs5 -- found version 5.3.0
-- Looking for ignition-common3 -- found version 3.6.0
-- Searching for dependencies of ignition-common3
-- Looking for dlfcn.h - found
-- Looking for libdl - found
-- Searching for <ignition-common3> component [graphics]
-- Looking for ignition-common3-graphics -- found version 3.6.0
-- Searching for dependencies of ignition-common3-graphics
-- Looking for ignition-math6 -- found version 6.4.0
-- Looking for ignition-fuel_tools4 -- found version 4.2.1
-- Searching for dependencies of ignition-fuel_tools4
-- Checking for module 'jsoncpp'
--   Found jsoncpp, version 1.7.4
-- Checking for module 'libzip'
--   Found libzip, version 1.5.1
-- Looking for ignition-common3 -- found version 3.6.0
-- Looking for ignition-msgs5 -- found version 5.3.0
-- Found gazebo_dev: 3.5.0 (/opt/ros/foxy/share/gazebo_dev/cmake)
-- Gazebo version: 11.1
-- Found rclcpp: 2.1.0 (/opt/ros/foxy/share/rclcpp/cmake)
-- Using all available rosidl_typesupport_c: rosidl_typesupport_fastrtps_c;rosidl_typesupport_introspection_c
-- Found rosidl_adapter: 1.1.0 (/opt/ros/foxy/share/rosidl_adapter/cmake)
-- Using all available rosidl_typesupport_cpp: rosidl_typesupport_fastrtps_cpp;rosidl_typesupport_introspection_cpp
-- Found rmw_implementation_cmake: 1.0.1 (/opt/ros/foxy/share/rmw_implementation_cmake/cmake)
-- Using RMW implementation 'rmw_fastrtps_cpp' as default
-- Found sensor_msgs: 2.0.3 (/opt/ros/foxy/share/sensor_msgs/cmake)
-- Found visualization_msgs: 2.0.3 (/opt/ros/foxy/share/visualization_msgs/cmake)
-- Found tf2: 0.13.5 (/opt/ros/foxy/share/tf2/cmake)
-- Found tf2_geometry_msgs: 0.13.5 (/opt/ros/foxy/share/tf2_geometry_msgs/cmake)
-- Found eigen3_cmake_module: 0.1.1 (/opt/ros/foxy/share/eigen3_cmake_module/cmake)
-- Found uuv_gazebo_plugins: 0.0.1 (/home/brenda/RBIM_ws/src/uuv_simulator/install/uuv_gazebo_plugins/share/uuv_gazebo_plugins/cmake)
-- Found uuv_gazebo_ros_plugins_msgs: 0.0.1 (/home/brenda/RBIM_ws/src/uuv_simulator/install/uuv_gazebo_ros_plugins_msgs/share/uuv_gazebo_ros_plugins_msgs/cmake)
-- Looking for ignition-common3 -- found version 3.6.0
-- Configuring done
-- Generating done
-- Build files have been written to: /home/brenda/RBIM_ws/src/uuv_simulator/build/uuv_gazebo_ros_plugins
-- Install configuration: ""
-- Execute custom install script
-- Symlinking: /home/brenda/RBIM_ws/src/uuv_simulator/install/uuv_gazebo_ros_plugins/share/ament_index/resource_index/package_run_dependencies/uuv_gazebo_ros_plugins
-- Symlinking: /home/brenda/RBIM_ws/src/uuv_simulator/install/uuv_gazebo_ros_plugins/share/ament_index/resource_index/parent_prefix_path/uuv_gazebo_ros_plugins
-- Symlinking: /home/brenda/RBIM_ws/src/uuv_simulator/install/uuv_gazebo_ros_plugins/share/uuv_gazebo_ros_plugins/environment/ament_prefix_path.sh
-- Symlinking: /home/brenda/RBIM_ws/src/uuv_simulator/install/uuv_gazebo_ros_plugins/share/uuv_gazebo_ros_plugins/environment/ament_prefix_path.dsv
-- Symlinking: /home/brenda/RBIM_ws/src/uuv_simulator/install/uuv_gazebo_ros_plugins/share/uuv_gazebo_ros_plugins/environment/path.sh
-- Symlinking: /home/brenda/RBIM_ws/src/uuv_simulator/install/uuv_gazebo_ros_plugins/share/uuv_gazebo_ros_plugins/environment/path.dsv
-- Symlinking: /home/brenda/RBIM_ws/src/uuv_simulator/install/uuv_gazebo_ros_plugins/share/uuv_gazebo_ros_plugins/local_setup.bash
-- Symlinking: /home/brenda/RBIM_ws/src/uuv_simulator/install/uuv_gazebo_ros_plugins/share/uuv_gazebo_ros_plugins/local_setup.sh
-- Symlinking: /home/brenda/RBIM_ws/src/uuv_simulator/install/uuv_gazebo_ros_plugins/share/uuv_gazebo_ros_plugins/local_setup.zsh
-- Symlinking: /home/brenda/RBIM_ws/src/uuv_simulator/install/uuv_gazebo_ros_plugins/share/uuv_gazebo_ros_plugins/local_setup.dsv
-- Symlinking: /home/brenda/RBIM_ws/src/uuv_simulator/install/uuv_gazebo_ros_plugins/share/uuv_gazebo_ros_plugins/package.dsv
-- Symlinking: /home/brenda/RBIM_ws/src/uuv_simulator/install/uuv_gazebo_ros_plugins/share/ament_index/resource_index/packages/uuv_gazebo_ros_plugins
-- Symlinking: /home/brenda/RBIM_ws/src/uuv_simulator/install/uuv_gazebo_ros_plugins/share/uuv_gazebo_ros_plugins/cmake/ament_cmake_export_include_directories-extras.cmake
-- Symlinking: /home/brenda/RBIM_ws/src/uuv_simulator/install/uuv_gazebo_ros_plugins/share/uuv_gazebo_ros_plugins/cmake/uuv_gazebo_ros_pluginsConfig.cmake
-- Symlinking: /home/brenda/RBIM_ws/src/uuv_simulator/install/uuv_gazebo_ros_plugins/share/uuv_gazebo_ros_plugins/cmake/uuv_gazebo_ros_pluginsConfig-version.cmake
-- Symlinking: /home/brenda/RBIM_ws/src/uuv_simulator/install/uuv_gazebo_ros_plugins/share/uuv_gazebo_ros_plugins/package.xml
-- Symlinking: /home/brenda/RBIM_ws/src/uuv_simulator/install/uuv_gazebo_ros_plugins/share/uuv_gazebo_ros_plugins//urdf/battery_snippets.xacro
-- Symlinking: /home/brenda/RBIM_ws/src/uuv_simulator/install/uuv_gazebo_ros_plugins/share/uuv_gazebo_ros_plugins//urdf/fin_snippets.xacro
-- Symlinking: /home/brenda/RBIM_ws/src/uuv_simulator/install/uuv_gazebo_ros_plugins/share/uuv_gazebo_ros_plugins//urdf/misc.xacro
-- Symlinking: /home/brenda/RBIM_ws/src/uuv_simulator/install/uuv_gazebo_ros_plugins/share/uuv_gazebo_ros_plugins//urdf/snippets.xacro
-- Symlinking: /home/brenda/RBIM_ws/src/uuv_simulator/install/uuv_gazebo_ros_plugins/share/uuv_gazebo_ros_plugins//urdf/thruster_snippets.xacro
-- Up-to-date: /home/brenda/RBIM_ws/src/uuv_simulator/install/uuv_gazebo_ros_plugins/lib
-- Installing: /home/brenda/RBIM_ws/src/uuv_simulator/install/uuv_gazebo_ros_plugins/lib/FinROSPlugin.hh
-- Installing: /home/brenda/RBIM_ws/src/uuv_simulator/install/uuv_gazebo_ros_plugins/lib/UnderwaterObjectROSPlugin.hh
-- Installing: /home/brenda/RBIM_ws/src/uuv_simulator/install/uuv_gazebo_ros_plugins/lib/CustomBatteryConsumerROSPlugin.hh
-- Installing: /home/brenda/RBIM_ws/src/uuv_simulator/install/uuv_gazebo_ros_plugins/lib/LinearBatteryROSPlugin.hh
-- Installing: /home/brenda/RBIM_ws/src/uuv_simulator/install/uuv_gazebo_ros_plugins/lib/AccelerationsTestPlugin.hh
-- Installing: /home/brenda/RBIM_ws/src/uuv_simulator/install/uuv_gazebo_ros_plugins/lib/JointStatePublisher.hh
-- Installing: /home/brenda/RBIM_ws/src/uuv_simulator/install/uuv_gazebo_ros_plugins/lib/ThrusterROSPlugin.hh
