[0.019s] Invoking command in '/home/brenda/RBIM_ws/src/uuv_simulator/build/rbim_simulation': AMENT_PREFIX_PATH=/home/brenda/RBIM_ws/src/uuv_simulator/install/rbim_description:${AMENT_PREFIX_PATH} CMAKE_PREFIX_PATH=/home/brenda/RBIM_ws/src/uuv_simulator/install/rbim_description:/opt/ros/foxy:${CMAKE_PREFIX_PATH} /usr/bin/cmake /home/brenda/RBIM_ws/src/uuv_simulator/rbim_simulation -DAMENT_CMAKE_SYMLINK_INSTALL=1 -DCMAKE_INSTALL_PREFIX=/home/brenda/RBIM_ws/src/uuv_simulator/install/rbim_simulation
[0.045s] -- Found ament_cmake: 0.9.6 (/opt/ros/foxy/share/ament_cmake/cmake)
[0.089s] -- Using PYTHON_EXECUTABLE: /usr/bin/python3
[0.561s] -- Override CMake install command with custom implementation using symlinks instead of copying resources
[0.584s] -- Found rbim_description: 0.0.1 (/home/brenda/RBIM_ws/src/uuv_simulator/install/rbim_description/share/rbim_description/cmake)
[0.754s] -- Configuring done
[0.782s] -- Generating done
[0.784s] -- Build files have been written to: /home/brenda/RBIM_ws/src/uuv_simulator/build/rbim_simulation
[0.801s] Invoked command in '/home/brenda/RBIM_ws/src/uuv_simulator/build/rbim_simulation' returned '0': AMENT_PREFIX_PATH=/home/brenda/RBIM_ws/src/uuv_simulator/install/rbim_description:${AMENT_PREFIX_PATH} CMAKE_PREFIX_PATH=/home/brenda/RBIM_ws/src/uuv_simulator/install/rbim_description:/opt/ros/foxy:${CMAKE_PREFIX_PATH} /usr/bin/cmake /home/brenda/RBIM_ws/src/uuv_simulator/rbim_simulation -DAMENT_CMAKE_SYMLINK_INSTALL=1 -DCMAKE_INSTALL_PREFIX=/home/brenda/RBIM_ws/src/uuv_simulator/install/rbim_simulation
[0.802s] Invoking command in '/home/brenda/RBIM_ws/src/uuv_simulator/build/rbim_simulation': AMENT_PREFIX_PATH=/home/brenda/RBIM_ws/src/uuv_simulator/install/rbim_description:${AMENT_PREFIX_PATH} CMAKE_PREFIX_PATH=/home/brenda/RBIM_ws/src/uuv_simulator/install/rbim_description:/opt/ros/foxy:${CMAKE_PREFIX_PATH} /usr/bin/cmake --build /home/brenda/RBIM_ws/src/uuv_simulator/build/rbim_simulation -- -j8 -l8
[0.918s] Invoked command in '/home/brenda/RBIM_ws/src/uuv_simulator/build/rbim_simulation' returned '0': AMENT_PREFIX_PATH=/home/brenda/RBIM_ws/src/uuv_simulator/install/rbim_description:${AMENT_PREFIX_PATH} CMAKE_PREFIX_PATH=/home/brenda/RBIM_ws/src/uuv_simulator/install/rbim_description:/opt/ros/foxy:${CMAKE_PREFIX_PATH} /usr/bin/cmake --build /home/brenda/RBIM_ws/src/uuv_simulator/build/rbim_simulation -- -j8 -l8
[0.984s] Invoking command in '/home/brenda/RBIM_ws/src/uuv_simulator/build/rbim_simulation': AMENT_PREFIX_PATH=/home/brenda/RBIM_ws/src/uuv_simulator/install/rbim_description:${AMENT_PREFIX_PATH} CMAKE_PREFIX_PATH=/home/brenda/RBIM_ws/src/uuv_simulator/install/rbim_description:/opt/ros/foxy:${CMAKE_PREFIX_PATH} /usr/bin/cmake --install /home/brenda/RBIM_ws/src/uuv_simulator/build/rbim_simulation
[0.999s] -- Install configuration: ""
[1.000s] -- Execute custom install script
[1.001s] -- Symlinking: /home/brenda/RBIM_ws/src/uuv_simulator/install/rbim_simulation/share/rbim_simulation/launch/rbim_simulation.launch.py
[1.019s] -- Symlinking: /home/brenda/RBIM_ws/src/uuv_simulator/install/rbim_simulation/share/ament_index/resource_index/package_run_dependencies/rbim_simulation
[1.041s] -- Symlinking: /home/brenda/RBIM_ws/src/uuv_simulator/install/rbim_simulation/share/ament_index/resource_index/parent_prefix_path/rbim_simulation
[1.054s] -- Symlinking: /home/brenda/RBIM_ws/src/uuv_simulator/install/rbim_simulation/share/rbim_simulation/environment/ament_prefix_path.sh
[1.068s] -- Symlinking: /home/brenda/RBIM_ws/src/uuv_simulator/install/rbim_simulation/share/rbim_simulation/environment/ament_prefix_path.dsv
[1.081s] -- Symlinking: /home/brenda/RBIM_ws/src/uuv_simulator/install/rbim_simulation/share/rbim_simulation/environment/path.sh
[1.092s] -- Symlinking: /home/brenda/RBIM_ws/src/uuv_simulator/install/rbim_simulation/share/rbim_simulation/environment/path.dsv
[1.104s] -- Symlinking: /home/brenda/RBIM_ws/src/uuv_simulator/install/rbim_simulation/share/rbim_simulation/local_setup.bash
[1.117s] -- Symlinking: /home/brenda/RBIM_ws/src/uuv_simulator/install/rbim_simulation/share/rbim_simulation/local_setup.sh
[1.133s] -- Symlinking: /home/brenda/RBIM_ws/src/uuv_simulator/install/rbim_simulation/share/rbim_simulation/local_setup.zsh
[1.148s] -- Symlinking: /home/brenda/RBIM_ws/src/uuv_simulator/install/rbim_simulation/share/rbim_simulation/local_setup.dsv
[1.164s] -- Symlinking: /home/brenda/RBIM_ws/src/uuv_simulator/install/rbim_simulation/share/rbim_simulation/package.dsv
[1.181s] -- Symlinking: /home/brenda/RBIM_ws/src/uuv_simulator/install/rbim_simulation/share/ament_index/resource_index/packages/rbim_simulation
[1.196s] -- Symlinking: /home/brenda/RBIM_ws/src/uuv_simulator/install/rbim_simulation/share/rbim_simulation/cmake/rbim_simulationConfig.cmake
[1.207s] -- Symlinking: /home/brenda/RBIM_ws/src/uuv_simulator/install/rbim_simulation/share/rbim_simulation/cmake/rbim_simulationConfig-version.cmake
[1.221s] -- Symlinking: /home/brenda/RBIM_ws/src/uuv_simulator/install/rbim_simulation/share/rbim_simulation/package.xml
[1.240s] Invoked command in '/home/brenda/RBIM_ws/src/uuv_simulator/build/rbim_simulation' returned '0': AMENT_PREFIX_PATH=/home/brenda/RBIM_ws/src/uuv_simulator/install/rbim_description:${AMENT_PREFIX_PATH} CMAKE_PREFIX_PATH=/home/brenda/RBIM_ws/src/uuv_simulator/install/rbim_description:/opt/ros/foxy:${CMAKE_PREFIX_PATH} /usr/bin/cmake --install /home/brenda/RBIM_ws/src/uuv_simulator/build/rbim_simulation
