[0.029s] Invoking command in '/home/brenda/RBIM_ws/src/uuv_simulator/build/uuv_gazebo_plugins': AMENT_PREFIX_PATH=/home/brenda/RBIM_ws/src/uuv_simulator/install/uuv_gazebo_ros_plugins_msgs:${AMENT_PREFIX_PATH} CMAKE_PREFIX_PATH=/home/brenda/RBIM_ws/src/uuv_simulator/install/uuv_gazebo_ros_plugins_msgs:/opt/ros/foxy:${CMAKE_PREFIX_PATH} LD_LIBRARY_PATH=/home/brenda/RBIM_ws/src/uuv_simulator/install/uuv_gazebo_ros_plugins_msgs/lib:${LD_LIBRARY_PATH} PYTHONPATH=/home/brenda/RBIM_ws/src/uuv_simulator/install/uuv_gazebo_ros_plugins_msgs/lib/python3.8/site-packages:${PYTHONPATH} /usr/bin/cmake --build /home/brenda/RBIM_ws/src/uuv_simulator/build/uuv_gazebo_plugins -- -j8 -l8
[0.154s] [ 38%] Built target uuv_gazebo_plugins_msgs
[0.160s] [ 53%] Built target uuv_dynamics
[0.170s] [ 76%] Built target uuv_underwater_object_plugin
[0.240s] [100%] Built target uuv_thruster_plugin
[0.287s] Invoked command in '/home/brenda/RBIM_ws/src/uuv_simulator/build/uuv_gazebo_plugins' returned '0': AMENT_PREFIX_PATH=/home/brenda/RBIM_ws/src/uuv_simulator/install/uuv_gazebo_ros_plugins_msgs:${AMENT_PREFIX_PATH} CMAKE_PREFIX_PATH=/home/brenda/RBIM_ws/src/uuv_simulator/install/uuv_gazebo_ros_plugins_msgs:/opt/ros/foxy:${CMAKE_PREFIX_PATH} LD_LIBRARY_PATH=/home/brenda/RBIM_ws/src/uuv_simulator/install/uuv_gazebo_ros_plugins_msgs/lib:${LD_LIBRARY_PATH} PYTHONPATH=/home/brenda/RBIM_ws/src/uuv_simulator/install/uuv_gazebo_ros_plugins_msgs/lib/python3.8/site-packages:${PYTHONPATH} /usr/bin/cmake --build /home/brenda/RBIM_ws/src/uuv_simulator/build/uuv_gazebo_plugins -- -j8 -l8
[0.380s] Invoking command in '/home/brenda/RBIM_ws/src/uuv_simulator/build/uuv_gazebo_plugins': AMENT_PREFIX_PATH=/home/brenda/RBIM_ws/src/uuv_simulator/install/uuv_gazebo_ros_plugins_msgs:${AMENT_PREFIX_PATH} CMAKE_PREFIX_PATH=/home/brenda/RBIM_ws/src/uuv_simulator/install/uuv_gazebo_ros_plugins_msgs:/opt/ros/foxy:${CMAKE_PREFIX_PATH} LD_LIBRARY_PATH=/home/brenda/RBIM_ws/src/uuv_simulator/install/uuv_gazebo_ros_plugins_msgs/lib:${LD_LIBRARY_PATH} PYTHONPATH=/home/brenda/RBIM_ws/src/uuv_simulator/install/uuv_gazebo_ros_plugins_msgs/lib/python3.8/site-packages:${PYTHONPATH} /usr/bin/cmake --install /home/brenda/RBIM_ws/src/uuv_simulator/build/uuv_gazebo_plugins
[0.395s] -- Install configuration: ""
[0.396s] -- Execute custom install script
[0.397s] -- Up-to-date symlink: /home/brenda/RBIM_ws/src/uuv_simulator/install/uuv_gazebo_plugins/share/uuv_gazebo_plugins/environment/library_path.sh
[0.398s] -- Up-to-date symlink: /home/brenda/RBIM_ws/src/uuv_simulator/install/uuv_gazebo_plugins/share/uuv_gazebo_plugins/environment/library_path.dsv
[0.399s] -- Up-to-date symlink: /home/brenda/RBIM_ws/src/uuv_simulator/install/uuv_gazebo_plugins/share/ament_index/resource_index/package_run_dependencies/uuv_gazebo_plugins
[0.400s] -- Up-to-date symlink: /home/brenda/RBIM_ws/src/uuv_simulator/install/uuv_gazebo_plugins/share/ament_index/resource_index/parent_prefix_path/uuv_gazebo_plugins
[0.400s] -- Up-to-date symlink: /home/brenda/RBIM_ws/src/uuv_simulator/install/uuv_gazebo_plugins/share/uuv_gazebo_plugins/environment/ament_prefix_path.sh
[0.401s] -- Up-to-date symlink: /home/brenda/RBIM_ws/src/uuv_simulator/install/uuv_gazebo_plugins/share/uuv_gazebo_plugins/environment/ament_prefix_path.dsv
[0.402s] -- Up-to-date symlink: /home/brenda/RBIM_ws/src/uuv_simulator/install/uuv_gazebo_plugins/share/uuv_gazebo_plugins/environment/path.sh
[0.402s] -- Up-to-date symlink: /home/brenda/RBIM_ws/src/uuv_simulator/install/uuv_gazebo_plugins/share/uuv_gazebo_plugins/environment/path.dsv
[0.403s] -- Up-to-date symlink: /home/brenda/RBIM_ws/src/uuv_simulator/install/uuv_gazebo_plugins/share/uuv_gazebo_plugins/local_setup.bash
[0.404s] -- Up-to-date symlink: /home/brenda/RBIM_ws/src/uuv_simulator/install/uuv_gazebo_plugins/share/uuv_gazebo_plugins/local_setup.sh
[0.405s] -- Up-to-date symlink: /home/brenda/RBIM_ws/src/uuv_simulator/install/uuv_gazebo_plugins/share/uuv_gazebo_plugins/local_setup.zsh
[0.405s] -- Up-to-date symlink: /home/brenda/RBIM_ws/src/uuv_simulator/install/uuv_gazebo_plugins/share/uuv_gazebo_plugins/local_setup.dsv
[0.406s] -- Symlinking: /home/brenda/RBIM_ws/src/uuv_simulator/install/uuv_gazebo_plugins/share/uuv_gazebo_plugins/package.dsv
[0.429s] -- Up-to-date symlink: /home/brenda/RBIM_ws/src/uuv_simulator/install/uuv_gazebo_plugins/share/ament_index/resource_index/packages/uuv_gazebo_plugins
[0.430s] -- Up-to-date symlink: /home/brenda/RBIM_ws/src/uuv_simulator/install/uuv_gazebo_plugins/share/uuv_gazebo_plugins/cmake/ament_cmake_export_libraries-extras.cmake
[0.430s] -- Up-to-date symlink: /home/brenda/RBIM_ws/src/uuv_simulator/install/uuv_gazebo_plugins/share/uuv_gazebo_plugins/cmake/ament_cmake_export_include_directories-extras.cmake
[0.431s] -- Up-to-date symlink: /home/brenda/RBIM_ws/src/uuv_simulator/install/uuv_gazebo_plugins/share/uuv_gazebo_plugins/cmake/ament_cmake_export_dependencies-extras.cmake
[0.431s] -- Up-to-date symlink: /home/brenda/RBIM_ws/src/uuv_simulator/install/uuv_gazebo_plugins/share/uuv_gazebo_plugins/cmake/uuv_gazebo_pluginsConfig.cmake
[0.431s] -- Up-to-date symlink: /home/brenda/RBIM_ws/src/uuv_simulator/install/uuv_gazebo_plugins/share/uuv_gazebo_plugins/cmake/uuv_gazebo_pluginsConfig-version.cmake
[0.432s] -- Up-to-date symlink: /home/brenda/RBIM_ws/src/uuv_simulator/install/uuv_gazebo_plugins/share/uuv_gazebo_plugins/package.xml
[0.433s] -- Up-to-date symlink: /home/brenda/RBIM_ws/src/uuv_simulator/install/uuv_gazebo_plugins/lib/libuuv_gazebo_plugins_msgs.so
[0.433s] -- Up-to-date symlink: /home/brenda/RBIM_ws/src/uuv_simulator/install/uuv_gazebo_plugins/lib/libuuv_dynamics.so
[0.434s] -- Up-to-date symlink: /home/brenda/RBIM_ws/src/uuv_simulator/install/uuv_gazebo_plugins/lib/libuuv_underwater_object_plugin.a
[0.434s] -- Up-to-date symlink: /home/brenda/RBIM_ws/src/uuv_simulator/install/uuv_gazebo_plugins/lib/libuuv_thruster_plugin.so
[0.434s] -- Up-to-date: /home/brenda/RBIM_ws/src/uuv_simulator/install/uuv_gazebo_plugins/include/uuv_gazebo_plugins/
[0.435s] -- Up-to-date: /home/brenda/RBIM_ws/src/uuv_simulator/install/uuv_gazebo_plugins/include/uuv_gazebo_plugins//HydrodynamicModel.hh
[0.435s] -- Up-to-date: /home/brenda/RBIM_ws/src/uuv_simulator/install/uuv_gazebo_plugins/include/uuv_gazebo_plugins//Def.hh
[0.436s] -- Up-to-date: /home/brenda/RBIM_ws/src/uuv_simulator/install/uuv_gazebo_plugins/include/uuv_gazebo_plugins//BuoyantObject.hh
[0.436s] -- Up-to-date: /home/brenda/RBIM_ws/src/uuv_simulator/install/uuv_gazebo_plugins/include/uuv_gazebo_plugins//ThrusterConversionFcn.hh
[0.436s] -- Up-to-date: /home/brenda/RBIM_ws/src/uuv_simulator/install/uuv_gazebo_plugins/include/uuv_gazebo_plugins//FinPlugin.hh
[0.437s] -- Up-to-date: /home/brenda/RBIM_ws/src/uuv_simulator/install/uuv_gazebo_plugins/include/uuv_gazebo_plugins//UmbilicalModel.hh
[0.437s] -- Up-to-date: /home/brenda/RBIM_ws/src/uuv_simulator/install/uuv_gazebo_plugins/include/uuv_gazebo_plugins//Dynamics.hh
[0.437s] -- Up-to-date: /home/brenda/RBIM_ws/src/uuv_simulator/install/uuv_gazebo_plugins/include/uuv_gazebo_plugins//LiftDragModel.hh
[0.437s] -- Up-to-date: /home/brenda/RBIM_ws/src/uuv_simulator/install/uuv_gazebo_plugins/include/uuv_gazebo_plugins//UmbilicalPlugin.hh
[0.438s] -- Up-to-date: /home/brenda/RBIM_ws/src/uuv_simulator/install/uuv_gazebo_plugins/include/
[0.438s] -- Up-to-date: /home/brenda/RBIM_ws/src/uuv_simulator/install/uuv_gazebo_plugins/include//ament_cmake_export_dependencies
[0.438s] -- Up-to-date: /home/brenda/RBIM_ws/src/uuv_simulator/install/uuv_gazebo_plugins/include//ament_cmake_core
[0.438s] -- Up-to-date: /home/brenda/RBIM_ws/src/uuv_simulator/install/uuv_gazebo_plugins/include//ament_cmake_core/stamps
[0.439s] -- Up-to-date: /home/brenda/RBIM_ws/src/uuv_simulator/install/uuv_gazebo_plugins/include//ament_cmake_export_libraries
[0.442s] -- Up-to-date: /home/brenda/RBIM_ws/src/uuv_simulator/install/uuv_gazebo_plugins/include//Accel.pb.h
[0.443s] -- Up-to-date: /home/brenda/RBIM_ws/src/uuv_simulator/install/uuv_gazebo_plugins/include//ament_cmake_export_include_directories
[0.443s] -- Up-to-date: /home/brenda/RBIM_ws/src/uuv_simulator/install/uuv_gazebo_plugins/include//ament_cmake_package_templates
[0.443s] -- Up-to-date: /home/brenda/RBIM_ws/src/uuv_simulator/install/uuv_gazebo_plugins/include//CMakeFiles
[0.444s] -- Up-to-date: /home/brenda/RBIM_ws/src/uuv_simulator/install/uuv_gazebo_plugins/include//CMakeFiles/uuv_underwater_object_plugin.dir
[0.444s] -- Up-to-date: /home/brenda/RBIM_ws/src/uuv_simulator/install/uuv_gazebo_plugins/include//CMakeFiles/uuv_underwater_object_plugin.dir/src
[0.444s] -- Up-to-date: /home/brenda/RBIM_ws/src/uuv_simulator/install/uuv_gazebo_plugins/include//CMakeFiles/3.16.3
[0.445s] -- Up-to-date: /home/brenda/RBIM_ws/src/uuv_simulator/install/uuv_gazebo_plugins/include//CMakeFiles/3.16.3/CompilerIdC
[0.445s] -- Up-to-date: /home/brenda/RBIM_ws/src/uuv_simulator/install/uuv_gazebo_plugins/include//CMakeFiles/3.16.3/CompilerIdC/tmp
[0.445s] -- Up-to-date: /home/brenda/RBIM_ws/src/uuv_simulator/install/uuv_gazebo_plugins/include//CMakeFiles/3.16.3/CompilerIdCXX
[0.445s] -- Up-to-date: /home/brenda/RBIM_ws/src/uuv_simulator/install/uuv_gazebo_plugins/include//CMakeFiles/3.16.3/CompilerIdCXX/tmp
[0.446s] -- Up-to-date: /home/brenda/RBIM_ws/src/uuv_simulator/install/uuv_gazebo_plugins/include//CMakeFiles/uninstall.dir
[0.446s] -- Up-to-date: /home/brenda/RBIM_ws/src/uuv_simulator/install/uuv_gazebo_plugins/include//CMakeFiles/uuv_thruster_plugin.dir
[0.446s] -- Up-to-date: /home/brenda/RBIM_ws/src/uuv_simulator/install/uuv_gazebo_plugins/include//CMakeFiles/uuv_thruster_plugin.dir/src
[0.447s] -- Up-to-date: /home/brenda/RBIM_ws/src/uuv_simulator/install/uuv_gazebo_plugins/include//CMakeFiles/uuv_dynamics.dir
[0.447s] -- Up-to-date: /home/brenda/RBIM_ws/src/uuv_simulator/install/uuv_gazebo_plugins/include//CMakeFiles/uuv_dynamics.dir/src
[0.447s] -- Up-to-date: /home/brenda/RBIM_ws/src/uuv_simulator/install/uuv_gazebo_plugins/include//CMakeFiles/uuv_gazebo_plugins_uninstall.dir
[0.447s] -- Up-to-date: /home/brenda/RBIM_ws/src/uuv_simulator/install/uuv_gazebo_plugins/include//CMakeFiles/uuv_gazebo_plugins_msgs.dir
[0.448s] -- Up-to-date: /home/brenda/RBIM_ws/src/uuv_simulator/install/uuv_gazebo_plugins/include//CMakeFiles/uuv_gazebo_plugins_msgs.dir/Double.pb.cc.o
[0.448s] -- Up-to-date: /home/brenda/RBIM_ws/src/uuv_simulator/install/uuv_gazebo_plugins/include//CMakeFiles/uuv_gazebo_plugins_msgs.dir/Accel.pb.cc.o
[0.448s] -- Up-to-date: /home/brenda/RBIM_ws/src/uuv_simulator/install/uuv_gazebo_plugins/include//CMakeFiles/CMakeTmp
[0.448s] -- Up-to-date: /home/brenda/RBIM_ws/src/uuv_simulator/install/uuv_gazebo_plugins/include//ament_cmake_environment_hooks
[0.449s] -- Up-to-date: /home/brenda/RBIM_ws/src/uuv_simulator/install/uuv_gazebo_plugins/include//Double.pb.h
[0.449s] -- Up-to-date: /home/brenda/RBIM_ws/src/uuv_simulator/install/uuv_gazebo_plugins/include//msgs
[0.449s] -- Up-to-date: /home/brenda/RBIM_ws/src/uuv_simulator/install/uuv_gazebo_plugins/include//Accel.pb.cc
[0.449s] -- Up-to-date: /home/brenda/RBIM_ws/src/uuv_simulator/install/uuv_gazebo_plugins/include//ament_cmake_uninstall_target
[0.450s] -- Up-to-date: /home/brenda/RBIM_ws/src/uuv_simulator/install/uuv_gazebo_plugins/include//ament_cmake_symlink_install
[0.450s] -- Up-to-date: /home/brenda/RBIM_ws/src/uuv_simulator/install/uuv_gazebo_plugins/include//Double.pb.cc
[0.450s] -- Up-to-date: /home/brenda/RBIM_ws/src/uuv_simulator/install/uuv_gazebo_plugins/include//ament_cmake_index
[0.450s] -- Up-to-date: /home/brenda/RBIM_ws/src/uuv_simulator/install/uuv_gazebo_plugins/include//ament_cmake_index/share
[0.451s] -- Up-to-date: /home/brenda/RBIM_ws/src/uuv_simulator/install/uuv_gazebo_plugins/include//ament_cmake_index/share/ament_index
[0.451s] -- Up-to-date: /home/brenda/RBIM_ws/src/uuv_simulator/install/uuv_gazebo_plugins/include//ament_cmake_index/share/ament_index/resource_index
[0.451s] -- Up-to-date: /home/brenda/RBIM_ws/src/uuv_simulator/install/uuv_gazebo_plugins/include//ament_cmake_index/share/ament_index/resource_index/package_run_dependencies
[0.451s] -- Up-to-date: /home/brenda/RBIM_ws/src/uuv_simulator/install/uuv_gazebo_plugins/include//ament_cmake_index/share/ament_index/resource_index/parent_prefix_path
[0.452s] -- Up-to-date: /home/brenda/RBIM_ws/src/uuv_simulator/install/uuv_gazebo_plugins/include//ament_cmake_index/share/ament_index/resource_index/packages
[0.452s] Invoked command in '/home/brenda/RBIM_ws/src/uuv_simulator/build/uuv_gazebo_plugins' returned '0': AMENT_PREFIX_PATH=/home/brenda/RBIM_ws/src/uuv_simulator/install/uuv_gazebo_ros_plugins_msgs:${AMENT_PREFIX_PATH} CMAKE_PREFIX_PATH=/home/brenda/RBIM_ws/src/uuv_simulator/install/uuv_gazebo_ros_plugins_msgs:/opt/ros/foxy:${CMAKE_PREFIX_PATH} LD_LIBRARY_PATH=/home/brenda/RBIM_ws/src/uuv_simulator/install/uuv_gazebo_ros_plugins_msgs/lib:${LD_LIBRARY_PATH} PYTHONPATH=/home/brenda/RBIM_ws/src/uuv_simulator/install/uuv_gazebo_ros_plugins_msgs/lib/python3.8/site-packages:${PYTHONPATH} /usr/bin/cmake --install /home/brenda/RBIM_ws/src/uuv_simulator/build/uuv_gazebo_plugins
