[0.195s] DEBUG:colcon:Command line arguments: ['/usr/bin/colcon', 'build']
[0.196s] DEBUG:colcon:Parsed command line arguments: Namespace(ament_cmake_args=None, base_paths=['.'], build_base='build', catkin_cmake_args=None, catkin_skip_building_tests=False, cmake_args=None, cmake_clean_cache=False, cmake_clean_first=False, cmake_force_configure=False, cmake_target=None, cmake_target_skip_unavailable=False, continue_on_error=False, event_handlers=None, executor='parallel', ignore_user_meta=False, install_base='install', log_base=None, log_level=None, main=<bound method BuildVerb.main of <colcon_core.verb.build.BuildVerb object at 0x7fe2e8dbd760>>, merge_install=False, metas=['./colcon.meta'], packages_above=None, packages_above_and_dependencies=None, packages_above_depth=None, packages_end=None, packages_ignore=None, packages_ignore_regex=None, packages_select=None, packages_select_build_failed=False, packages_select_by_dep=None, packages_select_regex=None, packages_select_test_failures=False, packages_skip=None, packages_skip_build_finished=False, packages_skip_by_dep=None, packages_skip_regex=None, packages_skip_test_passed=False, packages_skip_up_to=None, packages_start=None, packages_up_to=None, packages_up_to_regex=None, parallel_workers=8, paths=None, symlink_install=False, test_result_base=None, verb_extension=<colcon_core.verb.build.BuildVerb object at 0x7fe2e8dbd760>, verb_name='build', verb_parser=<colcon_defaults.argument_parser.defaults.DefaultArgumentsDecorator object at 0x7fe2e8dbdcd0>)
[0.218s] Level 1:colcon.colcon_core.package_discovery:discover_packages(colcon_meta) check parameters
[0.218s] Level 1:colcon.colcon_core.package_discovery:discover_packages(recursive) check parameters
[0.218s] Level 1:colcon.colcon_core.package_discovery:discover_packages(ignore) check parameters
[0.218s] Level 1:colcon.colcon_core.package_discovery:discover_packages(path) check parameters
[0.218s] Level 1:colcon.colcon_core.package_discovery:discover_packages(colcon_meta) discover
[0.218s] Level 1:colcon.colcon_core.package_discovery:discover_packages(recursive) discover
[0.218s] INFO:colcon.colcon_core.package_discovery:Crawling recursively for packages in '/home/rodrigosleonello/dev_ws/src/uuv_simulator/uuv_control/uuv_control_cascaded_pids'
[0.218s] Level 1:colcon.colcon_core.package_identification:_identify(.) by extensions ['ignore', 'ignore_ament_install']
[0.218s] Level 1:colcon.colcon_core.package_identification:_identify(.) by extension 'ignore'
[0.219s] Level 1:colcon.colcon_core.package_identification:_identify(.) by extension 'ignore_ament_install'
[0.219s] Level 1:colcon.colcon_core.package_identification:_identify(.) by extensions ['colcon_pkg']
[0.219s] Level 1:colcon.colcon_core.package_identification:_identify(.) by extension 'colcon_pkg'
[0.219s] Level 1:colcon.colcon_core.package_identification:_identify(.) by extensions ['colcon_meta']
[0.219s] Level 1:colcon.colcon_core.package_identification:_identify(.) by extension 'colcon_meta'
[0.219s] Level 1:colcon.colcon_core.package_identification:_identify(.) by extensions ['ros']
[0.219s] Level 1:colcon.colcon_core.package_identification:_identify(.) by extension 'ros'
[0.235s] DEBUG:colcon.colcon_core.package_identification:Package '.' with type 'ros.ament_cmake' and name 'uuv_control_cascaded_pids'
[0.235s] Level 1:colcon.colcon_core.package_discovery:discover_packages(recursive) using defaults
[0.235s] Level 1:colcon.colcon_core.package_discovery:discover_packages(ignore) discover
[0.235s] Level 1:colcon.colcon_core.package_discovery:discover_packages(ignore) using defaults
[0.235s] Level 1:colcon.colcon_core.package_discovery:discover_packages(path) discover
[0.235s] Level 1:colcon.colcon_core.package_discovery:discover_packages(path) using defaults
[0.241s] Level 5:colcon.colcon_core.verb:set package 'uuv_control_cascaded_pids' build argument 'cmake_args' from command line to 'None'
[0.241s] Level 5:colcon.colcon_core.verb:set package 'uuv_control_cascaded_pids' build argument 'cmake_target' from command line to 'None'
[0.241s] Level 5:colcon.colcon_core.verb:set package 'uuv_control_cascaded_pids' build argument 'cmake_target_skip_unavailable' from command line to 'False'
[0.241s] Level 5:colcon.colcon_core.verb:set package 'uuv_control_cascaded_pids' build argument 'cmake_clean_cache' from command line to 'False'
[0.241s] Level 5:colcon.colcon_core.verb:set package 'uuv_control_cascaded_pids' build argument 'cmake_clean_first' from command line to 'False'
[0.241s] Level 5:colcon.colcon_core.verb:set package 'uuv_control_cascaded_pids' build argument 'cmake_force_configure' from command line to 'False'
[0.241s] Level 5:colcon.colcon_core.verb:set package 'uuv_control_cascaded_pids' build argument 'ament_cmake_args' from command line to 'None'
[0.241s] Level 5:colcon.colcon_core.verb:set package 'uuv_control_cascaded_pids' build argument 'catkin_cmake_args' from command line to 'None'
[0.241s] Level 5:colcon.colcon_core.verb:set package 'uuv_control_cascaded_pids' build argument 'catkin_skip_building_tests' from command line to 'False'
[0.241s] DEBUG:colcon.colcon_core.verb:Building package 'uuv_control_cascaded_pids' with the following arguments: {'ament_cmake_args': None, 'build_base': '/home/rodrigosleonello/dev_ws/src/uuv_simulator/uuv_control/uuv_control_cascaded_pids/build/uuv_control_cascaded_pids', 'catkin_cmake_args': None, 'catkin_skip_building_tests': False, 'cmake_args': None, 'cmake_clean_cache': False, 'cmake_clean_first': False, 'cmake_force_configure': False, 'cmake_target': None, 'cmake_target_skip_unavailable': False, 'install_base': '/home/rodrigosleonello/dev_ws/src/uuv_simulator/uuv_control/uuv_control_cascaded_pids/install/uuv_control_cascaded_pids', 'merge_install': False, 'path': '/home/rodrigosleonello/dev_ws/src/uuv_simulator/uuv_control/uuv_control_cascaded_pids', 'symlink_install': False, 'test_result_base': None}
[0.242s] INFO:colcon.colcon_core.executor:Executing jobs using 'parallel' executor
[0.244s] DEBUG:colcon.colcon_parallel_executor.executor.parallel:run_until_complete
[0.244s] INFO:colcon.colcon_ros.task.ament_cmake.build:Building ROS package in '/home/rodrigosleonello/dev_ws/src/uuv_simulator/uuv_control/uuv_control_cascaded_pids' with build type 'ament_cmake'
[0.249s] INFO:colcon.colcon_core.plugin_system:Skipping extension 'colcon_core.shell.bat': Not used on non-Windows systems
[0.249s] INFO:colcon.colcon_cmake.task.cmake.build:Building CMake package in '/home/rodrigosleonello/dev_ws/src/uuv_simulator/uuv_control/uuv_control_cascaded_pids'
[0.250s] INFO:colcon.colcon_core.shell:Skip shell extension 'powershell' for command environment: Not usable outside of PowerShell
[0.250s] DEBUG:colcon.colcon_core.shell:Skip shell extension 'dsv' for command environment
[0.257s] WARNING:colcon.colcon_ros.prefix_path.ament:The path '/home/rodrigosleonello/dev_ws/install/nav2_system_tests' in the environment variable AMENT_PREFIX_PATH doesn't exist
[0.257s] WARNING:colcon.colcon_ros.prefix_path.ament:The path '/home/rodrigosleonello/dev_ws/install/nav2_bringup' in the environment variable AMENT_PREFIX_PATH doesn't exist
[0.257s] WARNING:colcon.colcon_ros.prefix_path.ament:The path '/home/rodrigosleonello/dev_ws/install/navigation2' in the environment variable AMENT_PREFIX_PATH doesn't exist
[0.257s] WARNING:colcon.colcon_ros.prefix_path.ament:The path '/home/rodrigosleonello/dev_ws/install/nav2_dwb_controller' in the environment variable AMENT_PREFIX_PATH doesn't exist
[0.257s] WARNING:colcon.colcon_ros.prefix_path.ament:The path '/home/rodrigosleonello/dev_ws/install/nav2_controller' in the environment variable AMENT_PREFIX_PATH doesn't exist
[0.257s] WARNING:colcon.colcon_ros.prefix_path.ament:The path '/home/rodrigosleonello/dev_ws/install/dwb_plugins' in the environment variable AMENT_PREFIX_PATH doesn't exist
[0.257s] WARNING:colcon.colcon_ros.prefix_path.ament:The path '/home/rodrigosleonello/dev_ws/install/dwb_critics' in the environment variable AMENT_PREFIX_PATH doesn't exist
[0.257s] WARNING:colcon.colcon_ros.prefix_path.ament:The path '/home/rodrigosleonello/dev_ws/install/dwb_core' in the environment variable AMENT_PREFIX_PATH doesn't exist
[0.258s] WARNING:colcon.colcon_ros.prefix_path.ament:The path '/home/rodrigosleonello/dev_ws/install/nav_2d_utils' in the environment variable AMENT_PREFIX_PATH doesn't exist
[0.258s] WARNING:colcon.colcon_ros.prefix_path.ament:The path '/home/rodrigosleonello/dev_ws/install/nav2_rviz_plugins' in the environment variable AMENT_PREFIX_PATH doesn't exist
[0.258s] WARNING:colcon.colcon_ros.prefix_path.ament:The path '/home/rodrigosleonello/dev_ws/install/nav2_recoveries' in the environment variable AMENT_PREFIX_PATH doesn't exist
[0.258s] WARNING:colcon.colcon_ros.prefix_path.ament:The path '/home/rodrigosleonello/dev_ws/install/nav2_planner' in the environment variable AMENT_PREFIX_PATH doesn't exist
[0.258s] WARNING:colcon.colcon_ros.prefix_path.ament:The path '/home/rodrigosleonello/dev_ws/install/nav2_navfn_planner' in the environment variable AMENT_PREFIX_PATH doesn't exist
[0.258s] WARNING:colcon.colcon_ros.prefix_path.ament:The path '/home/rodrigosleonello/dev_ws/install/nav2_map_server' in the environment variable AMENT_PREFIX_PATH doesn't exist
[0.258s] WARNING:colcon.colcon_ros.prefix_path.ament:The path '/home/rodrigosleonello/dev_ws/install/nav2_lifecycle_manager' in the environment variable AMENT_PREFIX_PATH doesn't exist
[0.258s] WARNING:colcon.colcon_ros.prefix_path.ament:The path '/home/rodrigosleonello/dev_ws/install/nav2_core' in the environment variable AMENT_PREFIX_PATH doesn't exist
[0.258s] WARNING:colcon.colcon_ros.prefix_path.ament:The path '/home/rodrigosleonello/dev_ws/install/costmap_queue' in the environment variable AMENT_PREFIX_PATH doesn't exist
[0.258s] WARNING:colcon.colcon_ros.prefix_path.ament:The path '/home/rodrigosleonello/dev_ws/install/nav2_costmap_2d' in the environment variable AMENT_PREFIX_PATH doesn't exist
[0.258s] WARNING:colcon.colcon_ros.prefix_path.ament:The path '/home/rodrigosleonello/dev_ws/install/nav2_bt_navigator' in the environment variable AMENT_PREFIX_PATH doesn't exist
[0.258s] WARNING:colcon.colcon_ros.prefix_path.ament:The path '/home/rodrigosleonello/dev_ws/install/nav2_behavior_tree' in the environment variable AMENT_PREFIX_PATH doesn't exist
[0.258s] WARNING:colcon.colcon_ros.prefix_path.ament:The path '/home/rodrigosleonello/dev_ws/install/nav2_amcl' in the environment variable AMENT_PREFIX_PATH doesn't exist
[0.258s] WARNING:colcon.colcon_ros.prefix_path.ament:The path '/home/rodrigosleonello/dev_ws/install/nav2_util' in the environment variable AMENT_PREFIX_PATH doesn't exist
[0.258s] WARNING:colcon.colcon_ros.prefix_path.ament:The path '/home/rodrigosleonello/dev_ws/install/test_msgs' in the environment variable AMENT_PREFIX_PATH doesn't exist
[0.258s] WARNING:colcon.colcon_ros.prefix_path.ament:The path '/home/rodrigosleonello/dev_ws/install/test_interface_files' in the environment variable AMENT_PREFIX_PATH doesn't exist
[0.258s] WARNING:colcon.colcon_ros.prefix_path.ament:The path '/home/rodrigosleonello/dev_ws/install/bond_core' in the environment variable AMENT_PREFIX_PATH doesn't exist
[0.258s] WARNING:colcon.colcon_ros.prefix_path.ament:The path '/home/rodrigosleonello/dev_ws/install/test_bond' in the environment variable AMENT_PREFIX_PATH doesn't exist
[0.258s] WARNING:colcon.colcon_ros.prefix_path.ament:The path '/home/rodrigosleonello/dev_ws/install/statistics_msgs' in the environment variable AMENT_PREFIX_PATH doesn't exist
[0.258s] WARNING:colcon.colcon_ros.prefix_path.ament:The path '/home/rodrigosleonello/dev_ws/install/bondcpp' in the environment variable AMENT_PREFIX_PATH doesn't exist
[0.258s] WARNING:colcon.colcon_ros.prefix_path.ament:The path '/home/rodrigosleonello/dev_ws/install/smclib' in the environment variable AMENT_PREFIX_PATH doesn't exist
[0.258s] WARNING:colcon.colcon_ros.prefix_path.ament:The path '/home/rodrigosleonello/dev_ws/install/rosgraph_msgs' in the environment variable AMENT_PREFIX_PATH doesn't exist
[0.259s] WARNING:colcon.colcon_ros.prefix_path.ament:The path '/home/rodrigosleonello/dev_ws/install/composition_interfaces' in the environment variable AMENT_PREFIX_PATH doesn't exist
[0.259s] WARNING:colcon.colcon_ros.prefix_path.ament:The path '/home/rodrigosleonello/dev_ws/install/rcl_interfaces' in the environment variable AMENT_PREFIX_PATH doesn't exist
[0.259s] WARNING:colcon.colcon_ros.prefix_path.ament:The path '/home/rodrigosleonello/dev_ws/install/dwb_msgs' in the environment variable AMENT_PREFIX_PATH doesn't exist
[0.259s] WARNING:colcon.colcon_ros.prefix_path.ament:The path '/home/rodrigosleonello/dev_ws/install/nav_2d_msgs' in the environment variable AMENT_PREFIX_PATH doesn't exist
[0.259s] WARNING:colcon.colcon_ros.prefix_path.ament:The path '/home/rodrigosleonello/dev_ws/install/nav2_voxel_grid' in the environment variable AMENT_PREFIX_PATH doesn't exist
[0.259s] WARNING:colcon.colcon_ros.prefix_path.ament:The path '/home/rodrigosleonello/dev_ws/install/nav2_msgs' in the environment variable AMENT_PREFIX_PATH doesn't exist
[0.259s] WARNING:colcon.colcon_ros.prefix_path.ament:The path '/home/rodrigosleonello/dev_ws/install/nav2_gazebo_spawner' in the environment variable AMENT_PREFIX_PATH doesn't exist
[0.259s] WARNING:colcon.colcon_ros.prefix_path.ament:The path '/home/rodrigosleonello/dev_ws/install/nav2_common' in the environment variable AMENT_PREFIX_PATH doesn't exist
[0.259s] WARNING:colcon.colcon_ros.prefix_path.ament:The path '/home/rodrigosleonello/dev_ws/install/lifecycle_msgs' in the environment variable AMENT_PREFIX_PATH doesn't exist
[0.259s] WARNING:colcon.colcon_ros.prefix_path.ament:The path '/home/rodrigosleonello/dev_ws/install/bond' in the environment variable AMENT_PREFIX_PATH doesn't exist
[0.259s] WARNING:colcon.colcon_ros.prefix_path.ament:The path '/home/rodrigosleonello/dev_ws/install/action_msgs' in the environment variable AMENT_PREFIX_PATH doesn't exist
[0.259s] WARNING:colcon.colcon_ros.prefix_path.ament:The path '/home/rodrigosleonello/dev_ws/install/builtin_interfaces' in the environment variable AMENT_PREFIX_PATH doesn't exist
[0.259s] WARNING:colcon.colcon_ros.prefix_path.ament:The path '/home/rodrigosleonello/dev_ws/install/behaviortree_cpp_v3' in the environment variable AMENT_PREFIX_PATH doesn't exist
[0.260s] WARNING:colcon.colcon_ros.prefix_path.catkin:The path '/home/rodrigosleonello/dev_ws/install/nav2_system_tests' in the environment variable CMAKE_PREFIX_PATH doesn't exist
[0.260s] WARNING:colcon.colcon_ros.prefix_path.catkin:The path '/home/rodrigosleonello/dev_ws/install/nav2_bringup' in the environment variable CMAKE_PREFIX_PATH doesn't exist
[0.260s] WARNING:colcon.colcon_ros.prefix_path.catkin:The path '/home/rodrigosleonello/dev_ws/install/navigation2' in the environment variable CMAKE_PREFIX_PATH doesn't exist
[0.260s] WARNING:colcon.colcon_ros.prefix_path.catkin:The path '/home/rodrigosleonello/dev_ws/install/nav2_dwb_controller' in the environment variable CMAKE_PREFIX_PATH doesn't exist
[0.260s] WARNING:colcon.colcon_ros.prefix_path.catkin:The path '/home/rodrigosleonello/dev_ws/install/nav2_controller' in the environment variable CMAKE_PREFIX_PATH doesn't exist
[0.260s] WARNING:colcon.colcon_ros.prefix_path.catkin:The path '/home/rodrigosleonello/dev_ws/install/dwb_plugins' in the environment variable CMAKE_PREFIX_PATH doesn't exist
[0.260s] WARNING:colcon.colcon_ros.prefix_path.catkin:The path '/home/rodrigosleonello/dev_ws/install/dwb_critics' in the environment variable CMAKE_PREFIX_PATH doesn't exist
[0.260s] WARNING:colcon.colcon_ros.prefix_path.catkin:The path '/home/rodrigosleonello/dev_ws/install/dwb_core' in the environment variable CMAKE_PREFIX_PATH doesn't exist
[0.260s] WARNING:colcon.colcon_ros.prefix_path.catkin:The path '/home/rodrigosleonello/dev_ws/install/nav_2d_utils' in the environment variable CMAKE_PREFIX_PATH doesn't exist
[0.260s] WARNING:colcon.colcon_ros.prefix_path.catkin:The path '/home/rodrigosleonello/dev_ws/install/nav2_rviz_plugins' in the environment variable CMAKE_PREFIX_PATH doesn't exist
[0.260s] WARNING:colcon.colcon_ros.prefix_path.catkin:The path '/home/rodrigosleonello/dev_ws/install/nav2_recoveries' in the environment variable CMAKE_PREFIX_PATH doesn't exist
[0.260s] WARNING:colcon.colcon_ros.prefix_path.catkin:The path '/home/rodrigosleonello/dev_ws/install/nav2_planner' in the environment variable CMAKE_PREFIX_PATH doesn't exist
[0.260s] WARNING:colcon.colcon_ros.prefix_path.catkin:The path '/home/rodrigosleonello/dev_ws/install/nav2_navfn_planner' in the environment variable CMAKE_PREFIX_PATH doesn't exist
[0.260s] WARNING:colcon.colcon_ros.prefix_path.catkin:The path '/home/rodrigosleonello/dev_ws/install/nav2_map_server' in the environment variable CMAKE_PREFIX_PATH doesn't exist
[0.260s] WARNING:colcon.colcon_ros.prefix_path.catkin:The path '/home/rodrigosleonello/dev_ws/install/nav2_lifecycle_manager' in the environment variable CMAKE_PREFIX_PATH doesn't exist
[0.260s] WARNING:colcon.colcon_ros.prefix_path.catkin:The path '/home/rodrigosleonello/dev_ws/install/nav2_core' in the environment variable CMAKE_PREFIX_PATH doesn't exist
[0.260s] WARNING:colcon.colcon_ros.prefix_path.catkin:The path '/home/rodrigosleonello/dev_ws/install/costmap_queue' in the environment variable CMAKE_PREFIX_PATH doesn't exist
[0.260s] WARNING:colcon.colcon_ros.prefix_path.catkin:The path '/home/rodrigosleonello/dev_ws/install/nav2_costmap_2d' in the environment variable CMAKE_PREFIX_PATH doesn't exist
[0.260s] WARNING:colcon.colcon_ros.prefix_path.catkin:The path '/home/rodrigosleonello/dev_ws/install/nav2_bt_navigator' in the environment variable CMAKE_PREFIX_PATH doesn't exist
[0.260s] WARNING:colcon.colcon_ros.prefix_path.catkin:The path '/home/rodrigosleonello/dev_ws/install/nav2_behavior_tree' in the environment variable CMAKE_PREFIX_PATH doesn't exist
[0.260s] WARNING:colcon.colcon_ros.prefix_path.catkin:The path '/home/rodrigosleonello/dev_ws/install/nav2_amcl' in the environment variable CMAKE_PREFIX_PATH doesn't exist
[0.260s] WARNING:colcon.colcon_ros.prefix_path.catkin:The path '/home/rodrigosleonello/dev_ws/install/nav2_util' in the environment variable CMAKE_PREFIX_PATH doesn't exist
[0.260s] WARNING:colcon.colcon_ros.prefix_path.catkin:The path '/home/rodrigosleonello/dev_ws/install/test_msgs' in the environment variable CMAKE_PREFIX_PATH doesn't exist
[0.260s] WARNING:colcon.colcon_ros.prefix_path.catkin:The path '/home/rodrigosleonello/dev_ws/install/test_interface_files' in the environment variable CMAKE_PREFIX_PATH doesn't exist
[0.261s] WARNING:colcon.colcon_ros.prefix_path.catkin:The path '/home/rodrigosleonello/dev_ws/install/bond_core' in the environment variable CMAKE_PREFIX_PATH doesn't exist
[0.261s] WARNING:colcon.colcon_ros.prefix_path.catkin:The path '/home/rodrigosleonello/dev_ws/install/test_bond' in the environment variable CMAKE_PREFIX_PATH doesn't exist
[0.261s] WARNING:colcon.colcon_ros.prefix_path.catkin:The path '/home/rodrigosleonello/dev_ws/install/statistics_msgs' in the environment variable CMAKE_PREFIX_PATH doesn't exist
[0.261s] WARNING:colcon.colcon_ros.prefix_path.catkin:The path '/home/rodrigosleonello/dev_ws/install/bondcpp' in the environment variable CMAKE_PREFIX_PATH doesn't exist
[0.261s] WARNING:colcon.colcon_ros.prefix_path.catkin:The path '/home/rodrigosleonello/dev_ws/install/smclib' in the environment variable CMAKE_PREFIX_PATH doesn't exist
[0.261s] WARNING:colcon.colcon_ros.prefix_path.catkin:The path '/home/rodrigosleonello/dev_ws/install/rosgraph_msgs' in the environment variable CMAKE_PREFIX_PATH doesn't exist
[0.261s] WARNING:colcon.colcon_ros.prefix_path.catkin:The path '/home/rodrigosleonello/dev_ws/install/composition_interfaces' in the environment variable CMAKE_PREFIX_PATH doesn't exist
[0.261s] WARNING:colcon.colcon_ros.prefix_path.catkin:The path '/home/rodrigosleonello/dev_ws/install/rcl_interfaces' in the environment variable CMAKE_PREFIX_PATH doesn't exist
[0.261s] WARNING:colcon.colcon_ros.prefix_path.catkin:The path '/home/rodrigosleonello/dev_ws/install/dwb_msgs' in the environment variable CMAKE_PREFIX_PATH doesn't exist
[0.261s] WARNING:colcon.colcon_ros.prefix_path.catkin:The path '/home/rodrigosleonello/dev_ws/install/nav_2d_msgs' in the environment variable CMAKE_PREFIX_PATH doesn't exist
[0.261s] WARNING:colcon.colcon_ros.prefix_path.catkin:The path '/home/rodrigosleonello/dev_ws/install/nav2_voxel_grid' in the environment variable CMAKE_PREFIX_PATH doesn't exist
[0.261s] WARNING:colcon.colcon_ros.prefix_path.catkin:The path '/home/rodrigosleonello/dev_ws/install/nav2_msgs' in the environment variable CMAKE_PREFIX_PATH doesn't exist
[0.261s] WARNING:colcon.colcon_ros.prefix_path.catkin:The path '/home/rodrigosleonello/dev_ws/install/nav2_common' in the environment variable CMAKE_PREFIX_PATH doesn't exist
[0.261s] WARNING:colcon.colcon_ros.prefix_path.catkin:The path '/home/rodrigosleonello/dev_ws/install/lifecycle_msgs' in the environment variable CMAKE_PREFIX_PATH doesn't exist
[0.261s] WARNING:colcon.colcon_ros.prefix_path.catkin:The path '/home/rodrigosleonello/dev_ws/install/bond' in the environment variable CMAKE_PREFIX_PATH doesn't exist
[0.261s] WARNING:colcon.colcon_ros.prefix_path.catkin:The path '/home/rodrigosleonello/dev_ws/install/action_msgs' in the environment variable CMAKE_PREFIX_PATH doesn't exist
[0.261s] WARNING:colcon.colcon_ros.prefix_path.catkin:The path '/home/rodrigosleonello/dev_ws/install/builtin_interfaces' in the environment variable CMAKE_PREFIX_PATH doesn't exist
[0.261s] WARNING:colcon.colcon_ros.prefix_path.catkin:The path '/home/rodrigosleonello/dev_ws/install/behaviortree_cpp_v3' in the environment variable CMAKE_PREFIX_PATH doesn't exist
[0.262s] DEBUG:colcon.colcon_core.shell:Ignoring prefix path '/opt/ros/foxy'
[0.272s] DEBUG:colcon.colcon_core.event_handler.log_command:Invoking command in '/home/rodrigosleonello/dev_ws/src/uuv_simulator/uuv_control/uuv_control_cascaded_pids/build/uuv_control_cascaded_pids': CMAKE_PREFIX_PATH=${CMAKE_PREFIX_PATH}:/home/rodrigosleonello/dev_ws/install/nav2_gazebo_spawner:/opt/ros/foxy /usr/bin/cmake /home/rodrigosleonello/dev_ws/src/uuv_simulator/uuv_control/uuv_control_cascaded_pids -DCMAKE_INSTALL_PREFIX=/home/rodrigosleonello/dev_ws/src/uuv_simulator/uuv_control/uuv_control_cascaded_pids/install/uuv_control_cascaded_pids
[2.547s] DEBUG:colcon.colcon_core.event_handler.log_command:Invoked command in '/home/rodrigosleonello/dev_ws/src/uuv_simulator/uuv_control/uuv_control_cascaded_pids/build/uuv_control_cascaded_pids' returned '0': CMAKE_PREFIX_PATH=${CMAKE_PREFIX_PATH}:/home/rodrigosleonello/dev_ws/install/nav2_gazebo_spawner:/opt/ros/foxy /usr/bin/cmake /home/rodrigosleonello/dev_ws/src/uuv_simulator/uuv_control/uuv_control_cascaded_pids -DCMAKE_INSTALL_PREFIX=/home/rodrigosleonello/dev_ws/src/uuv_simulator/uuv_control/uuv_control_cascaded_pids/install/uuv_control_cascaded_pids
[2.551s] DEBUG:colcon.colcon_core.event_handler.log_command:Invoking command in '/home/rodrigosleonello/dev_ws/src/uuv_simulator/uuv_control/uuv_control_cascaded_pids/build/uuv_control_cascaded_pids': CMAKE_PREFIX_PATH=${CMAKE_PREFIX_PATH}:/home/rodrigosleonello/dev_ws/install/nav2_gazebo_spawner:/opt/ros/foxy /usr/bin/cmake --build /home/rodrigosleonello/dev_ws/src/uuv_simulator/uuv_control/uuv_control_cascaded_pids/build/uuv_control_cascaded_pids -- -j8 -l8
[2.607s] DEBUG:colcon.colcon_core.event_handler.log_command:Invoked command in '/home/rodrigosleonello/dev_ws/src/uuv_simulator/uuv_control/uuv_control_cascaded_pids/build/uuv_control_cascaded_pids' returned '0': CMAKE_PREFIX_PATH=${CMAKE_PREFIX_PATH}:/home/rodrigosleonello/dev_ws/install/nav2_gazebo_spawner:/opt/ros/foxy /usr/bin/cmake --build /home/rodrigosleonello/dev_ws/src/uuv_simulator/uuv_control/uuv_control_cascaded_pids/build/uuv_control_cascaded_pids -- -j8 -l8
[2.665s] DEBUG:colcon.colcon_core.event_handler.log_command:Invoking command in '/home/rodrigosleonello/dev_ws/src/uuv_simulator/uuv_control/uuv_control_cascaded_pids/build/uuv_control_cascaded_pids': CMAKE_PREFIX_PATH=${CMAKE_PREFIX_PATH}:/home/rodrigosleonello/dev_ws/install/nav2_gazebo_spawner:/opt/ros/foxy /usr/bin/cmake --install /home/rodrigosleonello/dev_ws/src/uuv_simulator/uuv_control/uuv_control_cascaded_pids/build/uuv_control_cascaded_pids
[2.739s] Level 1:colcon.colcon_core.environment:create_environment_scripts_only(uuv_control_cascaded_pids)
[2.740s] DEBUG:colcon.colcon_core.event_handler.log_command:Invoked command in '/home/rodrigosleonello/dev_ws/src/uuv_simulator/uuv_control/uuv_control_cascaded_pids/build/uuv_control_cascaded_pids' returned '0': CMAKE_PREFIX_PATH=${CMAKE_PREFIX_PATH}:/home/rodrigosleonello/dev_ws/install/nav2_gazebo_spawner:/opt/ros/foxy /usr/bin/cmake --install /home/rodrigosleonello/dev_ws/src/uuv_simulator/uuv_control/uuv_control_cascaded_pids/build/uuv_control_cascaded_pids
[2.743s] Level 1:colcon.colcon_core.environment:checking '/home/rodrigosleonello/dev_ws/src/uuv_simulator/uuv_control/uuv_control_cascaded_pids/install/uuv_control_cascaded_pids' for CMake module files
[2.744s] Level 1:colcon.colcon_core.environment:checking '/home/rodrigosleonello/dev_ws/src/uuv_simulator/uuv_control/uuv_control_cascaded_pids/install/uuv_control_cascaded_pids' for CMake config files
[2.744s] Level 1:colcon.colcon_core.shell:create_environment_hook('uuv_control_cascaded_pids', 'cmake_prefix_path')
[2.745s] INFO:colcon.colcon_core.shell:Creating environment hook '/home/rodrigosleonello/dev_ws/src/uuv_simulator/uuv_control/uuv_control_cascaded_pids/install/uuv_control_cascaded_pids/share/uuv_control_cascaded_pids/hook/cmake_prefix_path.ps1'
[2.745s] INFO:colcon.colcon_core.shell:Creating environment descriptor '/home/rodrigosleonello/dev_ws/src/uuv_simulator/uuv_control/uuv_control_cascaded_pids/install/uuv_control_cascaded_pids/share/uuv_control_cascaded_pids/hook/cmake_prefix_path.dsv'
[2.746s] INFO:colcon.colcon_core.shell:Creating environment hook '/home/rodrigosleonello/dev_ws/src/uuv_simulator/uuv_control/uuv_control_cascaded_pids/install/uuv_control_cascaded_pids/share/uuv_control_cascaded_pids/hook/cmake_prefix_path.sh'
[2.747s] Level 1:colcon.colcon_core.environment:checking '/home/rodrigosleonello/dev_ws/src/uuv_simulator/uuv_control/uuv_control_cascaded_pids/install/uuv_control_cascaded_pids/lib'
[2.747s] Level 1:colcon.colcon_core.environment:checking '/home/rodrigosleonello/dev_ws/src/uuv_simulator/uuv_control/uuv_control_cascaded_pids/install/uuv_control_cascaded_pids/bin'
[2.747s] Level 1:colcon.colcon_core.environment:checking '/home/rodrigosleonello/dev_ws/src/uuv_simulator/uuv_control/uuv_control_cascaded_pids/install/uuv_control_cascaded_pids/lib/pkgconfig/uuv_control_cascaded_pids.pc'
[2.747s] Level 1:colcon.colcon_core.environment:checking '/home/rodrigosleonello/dev_ws/src/uuv_simulator/uuv_control/uuv_control_cascaded_pids/install/uuv_control_cascaded_pids/lib/python3.8/site-packages'
[2.747s] Level 1:colcon.colcon_core.shell:create_environment_hook('uuv_control_cascaded_pids', 'pythonpath')
[2.748s] INFO:colcon.colcon_core.shell:Creating environment hook '/home/rodrigosleonello/dev_ws/src/uuv_simulator/uuv_control/uuv_control_cascaded_pids/install/uuv_control_cascaded_pids/share/uuv_control_cascaded_pids/hook/pythonpath.ps1'
[2.748s] INFO:colcon.colcon_core.shell:Creating environment descriptor '/home/rodrigosleonello/dev_ws/src/uuv_simulator/uuv_control/uuv_control_cascaded_pids/install/uuv_control_cascaded_pids/share/uuv_control_cascaded_pids/hook/pythonpath.dsv'
[2.749s] INFO:colcon.colcon_core.shell:Creating environment hook '/home/rodrigosleonello/dev_ws/src/uuv_simulator/uuv_control/uuv_control_cascaded_pids/install/uuv_control_cascaded_pids/share/uuv_control_cascaded_pids/hook/pythonpath.sh'
[2.750s] INFO:colcon.colcon_core.shell:Creating package script '/home/rodrigosleonello/dev_ws/src/uuv_simulator/uuv_control/uuv_control_cascaded_pids/install/uuv_control_cascaded_pids/share/uuv_control_cascaded_pids/package.ps1'
[2.751s] INFO:colcon.colcon_core.shell:Creating package descriptor '/home/rodrigosleonello/dev_ws/src/uuv_simulator/uuv_control/uuv_control_cascaded_pids/install/uuv_control_cascaded_pids/share/uuv_control_cascaded_pids/package.dsv'
[2.751s] INFO:colcon.colcon_core.shell:Creating package script '/home/rodrigosleonello/dev_ws/src/uuv_simulator/uuv_control/uuv_control_cascaded_pids/install/uuv_control_cascaded_pids/share/uuv_control_cascaded_pids/package.sh'
[2.752s] INFO:colcon.colcon_core.shell:Creating package script '/home/rodrigosleonello/dev_ws/src/uuv_simulator/uuv_control/uuv_control_cascaded_pids/install/uuv_control_cascaded_pids/share/uuv_control_cascaded_pids/package.bash'
[2.753s] INFO:colcon.colcon_core.shell:Creating package script '/home/rodrigosleonello/dev_ws/src/uuv_simulator/uuv_control/uuv_control_cascaded_pids/install/uuv_control_cascaded_pids/share/uuv_control_cascaded_pids/package.zsh'
[2.753s] Level 1:colcon.colcon_core.environment:create_file_with_runtime_dependencies(/home/rodrigosleonello/dev_ws/src/uuv_simulator/uuv_control/uuv_control_cascaded_pids/install/uuv_control_cascaded_pids/share/colcon-core/packages/uuv_control_cascaded_pids)
[2.754s] DEBUG:colcon.colcon_parallel_executor.executor.parallel:closing loop
[2.754s] DEBUG:colcon.colcon_parallel_executor.executor.parallel:loop closed
[2.754s] DEBUG:colcon.colcon_parallel_executor.executor.parallel:run_until_complete finished with '0'
[2.754s] DEBUG:colcon.colcon_core.event_reactor:joining thread
[2.764s] INFO:colcon.colcon_core.plugin_system:Skipping extension 'colcon_notification.desktop_notification.terminal_notifier': Not used on non-Darwin systems
[2.764s] INFO:colcon.colcon_core.plugin_system:Skipping extension 'colcon_notification.desktop_notification.win32': Not used on non-Windows systems
[2.764s] INFO:colcon.colcon_notification.desktop_notification:Sending desktop notification using 'notify2'
[2.780s] DEBUG:colcon.colcon_core.event_reactor:joined thread
[2.781s] INFO:colcon.colcon_core.shell:Creating prefix script '/home/rodrigosleonello/dev_ws/src/uuv_simulator/uuv_control/uuv_control_cascaded_pids/install/local_setup.ps1'
[2.783s] INFO:colcon.colcon_core.shell:Creating prefix util module '/home/rodrigosleonello/dev_ws/src/uuv_simulator/uuv_control/uuv_control_cascaded_pids/install/_local_setup_util_ps1.py'
[2.784s] INFO:colcon.colcon_core.shell:Creating prefix chain script '/home/rodrigosleonello/dev_ws/src/uuv_simulator/uuv_control/uuv_control_cascaded_pids/install/setup.ps1'
[2.788s] INFO:colcon.colcon_core.shell:Creating prefix script '/home/rodrigosleonello/dev_ws/src/uuv_simulator/uuv_control/uuv_control_cascaded_pids/install/local_setup.sh'
[2.789s] INFO:colcon.colcon_core.shell:Creating prefix util module '/home/rodrigosleonello/dev_ws/src/uuv_simulator/uuv_control/uuv_control_cascaded_pids/install/_local_setup_util_sh.py'
[2.789s] INFO:colcon.colcon_core.shell:Creating prefix chain script '/home/rodrigosleonello/dev_ws/src/uuv_simulator/uuv_control/uuv_control_cascaded_pids/install/setup.sh'
[2.792s] INFO:colcon.colcon_core.shell:Creating prefix script '/home/rodrigosleonello/dev_ws/src/uuv_simulator/uuv_control/uuv_control_cascaded_pids/install/local_setup.bash'
[2.792s] INFO:colcon.colcon_core.shell:Creating prefix chain script '/home/rodrigosleonello/dev_ws/src/uuv_simulator/uuv_control/uuv_control_cascaded_pids/install/setup.bash'
[2.795s] INFO:colcon.colcon_core.shell:Creating prefix script '/home/rodrigosleonello/dev_ws/src/uuv_simulator/uuv_control/uuv_control_cascaded_pids/install/local_setup.zsh'
[2.796s] INFO:colcon.colcon_core.shell:Creating prefix chain script '/home/rodrigosleonello/dev_ws/src/uuv_simulator/uuv_control/uuv_control_cascaded_pids/install/setup.zsh'
