[0.039s] Invoking command in '/home/brenda/RBIM_ws/src/uuv_simulator/build/rbim_simulation': AMENT_PREFIX_PATH=/home/brenda/RBIM_ws/src/uuv_simulator/install/rbim_description:${AMENT_PREFIX_PATH} CMAKE_PREFIX_PATH=/home/brenda/RBIM_ws/src/uuv_simulator/install/rbim_description:/opt/ros/foxy:${CMAKE_PREFIX_PATH} /usr/bin/cmake --build /home/brenda/RBIM_ws/src/uuv_simulator/build/rbim_simulation -- -j8 -l8
[0.114s] Invoked command in '/home/brenda/RBIM_ws/src/uuv_simulator/build/rbim_simulation' returned '0': AMENT_PREFIX_PATH=/home/brenda/RBIM_ws/src/uuv_simulator/install/rbim_description:${AMENT_PREFIX_PATH} CMAKE_PREFIX_PATH=/home/brenda/RBIM_ws/src/uuv_simulator/install/rbim_description:/opt/ros/foxy:${CMAKE_PREFIX_PATH} /usr/bin/cmake --build /home/brenda/RBIM_ws/src/uuv_simulator/build/rbim_simulation -- -j8 -l8
[0.147s] Invoking command in '/home/brenda/RBIM_ws/src/uuv_simulator/build/rbim_simulation': AMENT_PREFIX_PATH=/home/brenda/RBIM_ws/src/uuv_simulator/install/rbim_description:${AMENT_PREFIX_PATH} CMAKE_PREFIX_PATH=/home/brenda/RBIM_ws/src/uuv_simulator/install/rbim_description:/opt/ros/foxy:${CMAKE_PREFIX_PATH} /usr/bin/cmake --install /home/brenda/RBIM_ws/src/uuv_simulator/build/rbim_simulation
[0.160s] -- Install configuration: ""
[0.161s] -- Execute custom install script
[0.161s] -- Up-to-date symlink: /home/brenda/RBIM_ws/src/uuv_simulator/install/rbim_simulation/share/rbim_simulation/launch/rbim_simulation.launch.py
[0.162s] -- Up-to-date symlink: /home/brenda/RBIM_ws/src/uuv_simulator/install/rbim_simulation/share/ament_index/resource_index/package_run_dependencies/rbim_simulation
[0.162s] -- Up-to-date symlink: /home/brenda/RBIM_ws/src/uuv_simulator/install/rbim_simulation/share/ament_index/resource_index/parent_prefix_path/rbim_simulation
[0.166s] -- Up-to-date symlink: /home/brenda/RBIM_ws/src/uuv_simulator/install/rbim_simulation/share/rbim_simulation/environment/ament_prefix_path.sh
[0.166s] -- Up-to-date symlink: /home/brenda/RBIM_ws/src/uuv_simulator/install/rbim_simulation/share/rbim_simulation/environment/ament_prefix_path.dsv
[0.167s] -- Up-to-date symlink: /home/brenda/RBIM_ws/src/uuv_simulator/install/rbim_simulation/share/rbim_simulation/environment/path.sh
[0.167s] -- Up-to-date symlink: /home/brenda/RBIM_ws/src/uuv_simulator/install/rbim_simulation/share/rbim_simulation/environment/path.dsv
[0.167s] -- Up-to-date symlink: /home/brenda/RBIM_ws/src/uuv_simulator/install/rbim_simulation/share/rbim_simulation/local_setup.bash
[0.169s] -- Up-to-date symlink: /home/brenda/RBIM_ws/src/uuv_simulator/install/rbim_simulation/share/rbim_simulation/local_setup.sh
[0.169s] -- Up-to-date symlink: /home/brenda/RBIM_ws/src/uuv_simulator/install/rbim_simulation/share/rbim_simulation/local_setup.zsh
[0.169s] -- Up-to-date symlink: /home/brenda/RBIM_ws/src/uuv_simulator/install/rbim_simulation/share/rbim_simulation/local_setup.dsv
[0.169s] -- Symlinking: /home/brenda/RBIM_ws/src/uuv_simulator/install/rbim_simulation/share/rbim_simulation/package.dsv
[0.179s] -- Up-to-date symlink: /home/brenda/RBIM_ws/src/uuv_simulator/install/rbim_simulation/share/ament_index/resource_index/packages/rbim_simulation
[0.180s] -- Up-to-date symlink: /home/brenda/RBIM_ws/src/uuv_simulator/install/rbim_simulation/share/rbim_simulation/cmake/rbim_simulationConfig.cmake
[0.180s] -- Up-to-date symlink: /home/brenda/RBIM_ws/src/uuv_simulator/install/rbim_simulation/share/rbim_simulation/cmake/rbim_simulationConfig-version.cmake
[0.180s] -- Up-to-date symlink: /home/brenda/RBIM_ws/src/uuv_simulator/install/rbim_simulation/share/rbim_simulation/package.xml
[0.188s] Invoked command in '/home/brenda/RBIM_ws/src/uuv_simulator/build/rbim_simulation' returned '0': AMENT_PREFIX_PATH=/home/brenda/RBIM_ws/src/uuv_simulator/install/rbim_description:${AMENT_PREFIX_PATH} CMAKE_PREFIX_PATH=/home/brenda/RBIM_ws/src/uuv_simulator/install/rbim_description:/opt/ros/foxy:${CMAKE_PREFIX_PATH} /usr/bin/cmake --install /home/brenda/RBIM_ws/src/uuv_simulator/build/rbim_simulation
