[0.020s] Invoking command in '/home/brenda/RBIM_ws/src/uuv_simulator/build/uuv_sensor_ros_plugins': AMENT_PREFIX_PATH=/home/brenda/RBIM_ws/src/uuv_simulator/install/uuv_gazebo_plugins:/home/brenda/RBIM_ws/src/uuv_simulator/install/uuv_sensor_ros_plugins_msgs:/home/brenda/RBIM_ws/src/uuv_simulator/install/uuv_gazebo_ros_plugins_msgs:${AMENT_PREFIX_PATH} CMAKE_PREFIX_PATH=/home/brenda/RBIM_ws/src/uuv_simulator/install/uuv_gazebo_plugins:/home/brenda/RBIM_ws/src/uuv_simulator/install/uuv_sensor_ros_plugins_msgs:/home/brenda/RBIM_ws/src/uuv_simulator/install/uuv_gazebo_ros_plugins_msgs:/opt/ros/foxy:${CMAKE_PREFIX_PATH} LD_LIBRARY_PATH=/home/brenda/RBIM_ws/src/uuv_simulator/install/uuv_gazebo_plugins/lib:/home/brenda/RBIM_ws/src/uuv_simulator/install/uuv_sensor_ros_plugins_msgs/lib:/home/brenda/RBIM_ws/src/uuv_simulator/install/uuv_gazebo_ros_plugins_msgs/lib:${LD_LIBRARY_PATH} PYTHONPATH=/home/brenda/RBIM_ws/src/uuv_simulator/install/uuv_sensor_ros_plugins_msgs/lib/python3.8/site-packages:/home/brenda/RBIM_ws/src/uuv_simulator/install/uuv_gazebo_ros_plugins_msgs/lib/python3.8/site-packages:${PYTHONPATH} /usr/bin/cmake --build /home/brenda/RBIM_ws/src/uuv_simulator/build/uuv_sensor_ros_plugins -- -j8 -l8
[0.076s] Invoked command in '/home/brenda/RBIM_ws/src/uuv_simulator/build/uuv_sensor_ros_plugins' returned '0': AMENT_PREFIX_PATH=/home/brenda/RBIM_ws/src/uuv_simulator/install/uuv_gazebo_plugins:/home/brenda/RBIM_ws/src/uuv_simulator/install/uuv_sensor_ros_plugins_msgs:/home/brenda/RBIM_ws/src/uuv_simulator/install/uuv_gazebo_ros_plugins_msgs:${AMENT_PREFIX_PATH} CMAKE_PREFIX_PATH=/home/brenda/RBIM_ws/src/uuv_simulator/install/uuv_gazebo_plugins:/home/brenda/RBIM_ws/src/uuv_simulator/install/uuv_sensor_ros_plugins_msgs:/home/brenda/RBIM_ws/src/uuv_simulator/install/uuv_gazebo_ros_plugins_msgs:/opt/ros/foxy:${CMAKE_PREFIX_PATH} LD_LIBRARY_PATH=/home/brenda/RBIM_ws/src/uuv_simulator/install/uuv_gazebo_plugins/lib:/home/brenda/RBIM_ws/src/uuv_simulator/install/uuv_sensor_ros_plugins_msgs/lib:/home/brenda/RBIM_ws/src/uuv_simulator/install/uuv_gazebo_ros_plugins_msgs/lib:${LD_LIBRARY_PATH} PYTHONPATH=/home/brenda/RBIM_ws/src/uuv_simulator/install/uuv_sensor_ros_plugins_msgs/lib/python3.8/site-packages:/home/brenda/RBIM_ws/src/uuv_simulator/install/uuv_gazebo_ros_plugins_msgs/lib/python3.8/site-packages:${PYTHONPATH} /usr/bin/cmake --build /home/brenda/RBIM_ws/src/uuv_simulator/build/uuv_sensor_ros_plugins -- -j8 -l8
[0.105s] Invoking command in '/home/brenda/RBIM_ws/src/uuv_simulator/build/uuv_sensor_ros_plugins': AMENT_PREFIX_PATH=/home/brenda/RBIM_ws/src/uuv_simulator/install/uuv_gazebo_plugins:/home/brenda/RBIM_ws/src/uuv_simulator/install/uuv_sensor_ros_plugins_msgs:/home/brenda/RBIM_ws/src/uuv_simulator/install/uuv_gazebo_ros_plugins_msgs:${AMENT_PREFIX_PATH} CMAKE_PREFIX_PATH=/home/brenda/RBIM_ws/src/uuv_simulator/install/uuv_gazebo_plugins:/home/brenda/RBIM_ws/src/uuv_simulator/install/uuv_sensor_ros_plugins_msgs:/home/brenda/RBIM_ws/src/uuv_simulator/install/uuv_gazebo_ros_plugins_msgs:/opt/ros/foxy:${CMAKE_PREFIX_PATH} LD_LIBRARY_PATH=/home/brenda/RBIM_ws/src/uuv_simulator/install/uuv_gazebo_plugins/lib:/home/brenda/RBIM_ws/src/uuv_simulator/install/uuv_sensor_ros_plugins_msgs/lib:/home/brenda/RBIM_ws/src/uuv_simulator/install/uuv_gazebo_ros_plugins_msgs/lib:${LD_LIBRARY_PATH} PYTHONPATH=/home/brenda/RBIM_ws/src/uuv_simulator/install/uuv_sensor_ros_plugins_msgs/lib/python3.8/site-packages:/home/brenda/RBIM_ws/src/uuv_simulator/install/uuv_gazebo_ros_plugins_msgs/lib/python3.8/site-packages:${PYTHONPATH} /usr/bin/cmake --install /home/brenda/RBIM_ws/src/uuv_simulator/build/uuv_sensor_ros_plugins
[0.115s] -- Install configuration: ""
[0.116s] -- Execute custom install script
[0.116s] -- Up-to-date symlink: /home/brenda/RBIM_ws/src/uuv_simulator/install/uuv_sensor_ros_plugins/share/ament_index/resource_index/package_run_dependencies/uuv_sensor_ros_plugins
[0.116s] -- Up-to-date symlink: /home/brenda/RBIM_ws/src/uuv_simulator/install/uuv_sensor_ros_plugins/share/ament_index/resource_index/parent_prefix_path/uuv_sensor_ros_plugins
[0.117s] -- Up-to-date symlink: /home/brenda/RBIM_ws/src/uuv_simulator/install/uuv_sensor_ros_plugins/share/uuv_sensor_ros_plugins/environment/ament_prefix_path.sh
[0.117s] -- Up-to-date symlink: /home/brenda/RBIM_ws/src/uuv_simulator/install/uuv_sensor_ros_plugins/share/uuv_sensor_ros_plugins/environment/ament_prefix_path.dsv
[0.118s] -- Up-to-date symlink: /home/brenda/RBIM_ws/src/uuv_simulator/install/uuv_sensor_ros_plugins/share/uuv_sensor_ros_plugins/environment/path.sh
[0.118s] -- Up-to-date symlink: /home/brenda/RBIM_ws/src/uuv_simulator/install/uuv_sensor_ros_plugins/share/uuv_sensor_ros_plugins/environment/path.dsv
[0.119s] -- Up-to-date symlink: /home/brenda/RBIM_ws/src/uuv_simulator/install/uuv_sensor_ros_plugins/share/uuv_sensor_ros_plugins/local_setup.bash
[0.119s] -- Up-to-date symlink: /home/brenda/RBIM_ws/src/uuv_simulator/install/uuv_sensor_ros_plugins/share/uuv_sensor_ros_plugins/local_setup.sh
[0.119s] -- Up-to-date symlink: /home/brenda/RBIM_ws/src/uuv_simulator/install/uuv_sensor_ros_plugins/share/uuv_sensor_ros_plugins/local_setup.zsh
[0.120s] -- Up-to-date symlink: /home/brenda/RBIM_ws/src/uuv_simulator/install/uuv_sensor_ros_plugins/share/uuv_sensor_ros_plugins/local_setup.dsv
[0.120s] -- Symlinking: /home/brenda/RBIM_ws/src/uuv_simulator/install/uuv_sensor_ros_plugins/share/uuv_sensor_ros_plugins/package.dsv
[0.133s] -- Up-to-date symlink: /home/brenda/RBIM_ws/src/uuv_simulator/install/uuv_sensor_ros_plugins/share/ament_index/resource_index/packages/uuv_sensor_ros_plugins
[0.133s] -- Up-to-date symlink: /home/brenda/RBIM_ws/src/uuv_simulator/install/uuv_sensor_ros_plugins/share/uuv_sensor_ros_plugins/cmake/ament_cmake_export_include_directories-extras.cmake
[0.134s] -- Up-to-date symlink: /home/brenda/RBIM_ws/src/uuv_simulator/install/uuv_sensor_ros_plugins/share/uuv_sensor_ros_plugins/cmake/ament_cmake_export_dependencies-extras.cmake
[0.134s] -- Up-to-date symlink: /home/brenda/RBIM_ws/src/uuv_simulator/install/uuv_sensor_ros_plugins/share/uuv_sensor_ros_plugins/cmake/uuv_sensor_ros_pluginsConfig.cmake
[0.134s] -- Up-to-date symlink: /home/brenda/RBIM_ws/src/uuv_simulator/install/uuv_sensor_ros_plugins/share/uuv_sensor_ros_plugins/cmake/uuv_sensor_ros_pluginsConfig-version.cmake
[0.135s] -- Up-to-date symlink: /home/brenda/RBIM_ws/src/uuv_simulator/install/uuv_sensor_ros_plugins/share/uuv_sensor_ros_plugins/package.xml
[0.136s] -- Up-to-date symlink: /home/brenda/RBIM_ws/src/uuv_simulator/install/uuv_sensor_ros_plugins/include//uuv_sensor_ros_plugins/CPCROSPlugin.hh
[0.137s] -- Up-to-date symlink: /home/brenda/RBIM_ws/src/uuv_simulator/install/uuv_sensor_ros_plugins/include//uuv_sensor_ros_plugins/Common.hh
[0.137s] -- Up-to-date symlink: /home/brenda/RBIM_ws/src/uuv_simulator/install/uuv_sensor_ros_plugins/include//uuv_sensor_ros_plugins/DVLROSPlugin.hh
[0.138s] -- Up-to-date symlink: /home/brenda/RBIM_ws/src/uuv_simulator/install/uuv_sensor_ros_plugins/include//uuv_sensor_ros_plugins/GPSROSPlugin.hh
[0.138s] -- Up-to-date symlink: /home/brenda/RBIM_ws/src/uuv_simulator/install/uuv_sensor_ros_plugins/include//uuv_sensor_ros_plugins/IMUROSPlugin.hh
[0.139s] -- Up-to-date symlink: /home/brenda/RBIM_ws/src/uuv_simulator/install/uuv_sensor_ros_plugins/include//uuv_sensor_ros_plugins/MagnetometerROSPlugin.hh
[0.139s] -- Up-to-date symlink: /home/brenda/RBIM_ws/src/uuv_simulator/install/uuv_sensor_ros_plugins/include//uuv_sensor_ros_plugins/PoseGTROSPlugin.hh
[0.140s] -- Up-to-date symlink: /home/brenda/RBIM_ws/src/uuv_simulator/install/uuv_sensor_ros_plugins/include//uuv_sensor_ros_plugins/ROSBaseModelPlugin.hh
[0.140s] -- Up-to-date symlink: /home/brenda/RBIM_ws/src/uuv_simulator/install/uuv_sensor_ros_plugins/include//uuv_sensor_ros_plugins/ROSBasePlugin.hh
[0.141s] -- Up-to-date symlink: /home/brenda/RBIM_ws/src/uuv_simulator/install/uuv_sensor_ros_plugins/include//uuv_sensor_ros_plugins/ROSBaseSensorPlugin.hh
[0.141s] -- Up-to-date symlink: /home/brenda/RBIM_ws/src/uuv_simulator/install/uuv_sensor_ros_plugins/include//uuv_sensor_ros_plugins/RPTROSPlugin.hh
[0.142s] -- Up-to-date symlink: /home/brenda/RBIM_ws/src/uuv_simulator/install/uuv_sensor_ros_plugins/include//uuv_sensor_ros_plugins/SubseaPressureROSPlugin.hh
[0.142s] -- Up-to-date symlink: /home/brenda/RBIM_ws/src/uuv_simulator/install/uuv_sensor_ros_plugins/include//uuv_sensor_ros_plugins/UnderwaterCameraROSPlugin.hh
[0.143s] -- Up-to-date symlink: /home/brenda/RBIM_ws/src/uuv_simulator/install/uuv_sensor_ros_plugins/include//uuv_sensor_ros_plugins/gazebo_ros_image_sonar.hh
[0.143s] -- Up-to-date symlink: /home/brenda/RBIM_ws/src/uuv_simulator/install/uuv_sensor_ros_plugins/share/uuv_sensor_ros_plugins//meshes/duo3d.dae
[0.143s] -- Up-to-date symlink: /home/brenda/RBIM_ws/src/uuv_simulator/install/uuv_sensor_ros_plugins/share/uuv_sensor_ros_plugins//meshes/dvl.blend
[0.144s] -- Up-to-date symlink: /home/brenda/RBIM_ws/src/uuv_simulator/install/uuv_sensor_ros_plugins/share/uuv_sensor_ros_plugins//meshes/dvl.dae
[0.144s] -- Up-to-date symlink: /home/brenda/RBIM_ws/src/uuv_simulator/install/uuv_sensor_ros_plugins/share/uuv_sensor_ros_plugins//meshes/m450-130.blend
[0.144s] -- Up-to-date symlink: /home/brenda/RBIM_ws/src/uuv_simulator/install/uuv_sensor_ros_plugins/share/uuv_sensor_ros_plugins//meshes/m450-130.dae
[0.144s] -- Up-to-date symlink: /home/brenda/RBIM_ws/src/uuv_simulator/install/uuv_sensor_ros_plugins/share/uuv_sensor_ros_plugins//meshes/oe14-372.blend
[0.147s] -- Up-to-date symlink: /home/brenda/RBIM_ws/src/uuv_simulator/install/uuv_sensor_ros_plugins/share/uuv_sensor_ros_plugins//meshes/oe14-372.dae
[0.148s] -- Up-to-date symlink: /home/brenda/RBIM_ws/src/uuv_simulator/install/uuv_sensor_ros_plugins/share/uuv_sensor_ros_plugins//meshes/p900.blend
[0.148s] -- Up-to-date symlink: /home/brenda/RBIM_ws/src/uuv_simulator/install/uuv_sensor_ros_plugins/share/uuv_sensor_ros_plugins//meshes/p900.dae
[0.149s] -- Up-to-date symlink: /home/brenda/RBIM_ws/src/uuv_simulator/install/uuv_sensor_ros_plugins/share/uuv_sensor_ros_plugins//meshes/p900.stl
[0.149s] -- Up-to-date symlink: /home/brenda/RBIM_ws/src/uuv_simulator/install/uuv_sensor_ros_plugins/share/uuv_sensor_ros_plugins//meshes/pressure.blend
[0.150s] -- Up-to-date symlink: /home/brenda/RBIM_ws/src/uuv_simulator/install/uuv_sensor_ros_plugins/share/uuv_sensor_ros_plugins//meshes/pressure.dae
[0.153s] -- Up-to-date symlink: /home/brenda/RBIM_ws/src/uuv_simulator/install/uuv_sensor_ros_plugins/share/uuv_sensor_ros_plugins//meshes/rpt.blend
[0.154s] -- Up-to-date symlink: /home/brenda/RBIM_ws/src/uuv_simulator/install/uuv_sensor_ros_plugins/share/uuv_sensor_ros_plugins//meshes/rpt.dae
[0.155s] -- Up-to-date symlink: /home/brenda/RBIM_ws/src/uuv_simulator/install/uuv_sensor_ros_plugins/share/uuv_sensor_ros_plugins//urdf/camera_snippets.xacro
[0.155s] -- Up-to-date symlink: /home/brenda/RBIM_ws/src/uuv_simulator/install/uuv_sensor_ros_plugins/share/uuv_sensor_ros_plugins//urdf/chemical_concentration_snippets.xacro
[0.155s] -- Up-to-date symlink: /home/brenda/RBIM_ws/src/uuv_simulator/install/uuv_sensor_ros_plugins/share/uuv_sensor_ros_plugins//urdf/dvl_snippets.xacro
[0.155s] -- Up-to-date symlink: /home/brenda/RBIM_ws/src/uuv_simulator/install/uuv_sensor_ros_plugins/share/uuv_sensor_ros_plugins//urdf/gps_sensor_snippets.xacro
[0.156s] -- Up-to-date symlink: /home/brenda/RBIM_ws/src/uuv_simulator/install/uuv_sensor_ros_plugins/share/uuv_sensor_ros_plugins//urdf/imu_snippets.xacro
[0.156s] -- Up-to-date symlink: /home/brenda/RBIM_ws/src/uuv_simulator/install/uuv_sensor_ros_plugins/share/uuv_sensor_ros_plugins//urdf/magnetometer_snippets.xacro
[0.156s] -- Up-to-date symlink: /home/brenda/RBIM_ws/src/uuv_simulator/install/uuv_sensor_ros_plugins/share/uuv_sensor_ros_plugins//urdf/pose_3d_snippets.xacro
[0.156s] -- Up-to-date symlink: /home/brenda/RBIM_ws/src/uuv_simulator/install/uuv_sensor_ros_plugins/share/uuv_sensor_ros_plugins//urdf/pressure_snippets.xacro
[0.157s] -- Up-to-date symlink: /home/brenda/RBIM_ws/src/uuv_simulator/install/uuv_sensor_ros_plugins/share/uuv_sensor_ros_plugins//urdf/rpt_snippets.xacro
[0.157s] -- Up-to-date symlink: /home/brenda/RBIM_ws/src/uuv_simulator/install/uuv_sensor_ros_plugins/share/uuv_sensor_ros_plugins//urdf/sensor_snippets.xacro
[0.158s] -- Up-to-date symlink: /home/brenda/RBIM_ws/src/uuv_simulator/install/uuv_sensor_ros_plugins/share/uuv_sensor_ros_plugins//urdf/sonar_snippets.xacro
[0.159s] -- Up-to-date symlink: /home/brenda/RBIM_ws/src/uuv_simulator/install/uuv_sensor_ros_plugins/share/uuv_sensor_ros_plugins//urdf/stereo_snippets.xacro
[0.159s] Invoked command in '/home/brenda/RBIM_ws/src/uuv_simulator/build/uuv_sensor_ros_plugins' returned '0': AMENT_PREFIX_PATH=/home/brenda/RBIM_ws/src/uuv_simulator/install/uuv_gazebo_plugins:/home/brenda/RBIM_ws/src/uuv_simulator/install/uuv_sensor_ros_plugins_msgs:/home/brenda/RBIM_ws/src/uuv_simulator/install/uuv_gazebo_ros_plugins_msgs:${AMENT_PREFIX_PATH} CMAKE_PREFIX_PATH=/home/brenda/RBIM_ws/src/uuv_simulator/install/uuv_gazebo_plugins:/home/brenda/RBIM_ws/src/uuv_simulator/install/uuv_sensor_ros_plugins_msgs:/home/brenda/RBIM_ws/src/uuv_simulator/install/uuv_gazebo_ros_plugins_msgs:/opt/ros/foxy:${CMAKE_PREFIX_PATH} LD_LIBRARY_PATH=/home/brenda/RBIM_ws/src/uuv_simulator/install/uuv_gazebo_plugins/lib:/home/brenda/RBIM_ws/src/uuv_simulator/install/uuv_sensor_ros_plugins_msgs/lib:/home/brenda/RBIM_ws/src/uuv_simulator/install/uuv_gazebo_ros_plugins_msgs/lib:${LD_LIBRARY_PATH} PYTHONPATH=/home/brenda/RBIM_ws/src/uuv_simulator/install/uuv_sensor_ros_plugins_msgs/lib/python3.8/site-packages:/home/brenda/RBIM_ws/src/uuv_simulator/install/uuv_gazebo_ros_plugins_msgs/lib/python3.8/site-packages:${PYTHONPATH} /usr/bin/cmake --install /home/brenda/RBIM_ws/src/uuv_simulator/build/uuv_sensor_ros_plugins
