-- Found ament_cmake: 0.9.6 (/opt/ros/foxy/share/ament_cmake/cmake)
-- Using PYTHON_EXECUTABLE: /usr/bin/python3
-- Override CMake install command with custom implementation using symlinks instead of copying resources
-- Found gazebo_dev: 3.5.0 (/opt/ros/foxy/share/gazebo_dev/cmake)
-- Found DART: /usr/include (Required is at least version "6.6") found components: dart 
-- Found Protobuf: /usr/lib/x86_64-linux-gnu/libprotobuf.so;-lpthread (found version "3.6.1") 
-- Looking for ignition-math6 -- found version 6.4.0
-- Searching for dependencies of ignition-math6
-- Looking for OGRE...
-- Found Ogre Ghadamon (1.9.0)
-- Found OGRE: optimized;/usr/lib/x86_64-linux-gnu/libOgreMain.so;debug;/usr/lib/x86_64-linux-gnu/libOgreMain.so
-- Looking for OGRE_Paging...
-- Found OGRE_Paging: optimized;/usr/lib/x86_64-linux-gnu/libOgrePaging.so;debug;/usr/lib/x86_64-linux-gnu/libOgrePaging.so
-- Looking for OGRE_Terrain...
-- Found OGRE_Terrain: optimized;/usr/lib/x86_64-linux-gnu/libOgreTerrain.so;debug;/usr/lib/x86_64-linux-gnu/libOgreTerrain.so
-- Looking for OGRE_Property...
-- Found OGRE_Property: optimized;/usr/lib/x86_64-linux-gnu/libOgreProperty.so;debug;/usr/lib/x86_64-linux-gnu/libOgreProperty.so
-- Looking for OGRE_RTShaderSystem...
-- Found OGRE_RTShaderSystem: optimized;/usr/lib/x86_64-linux-gnu/libOgreRTShaderSystem.so;debug;/usr/lib/x86_64-linux-gnu/libOgreRTShaderSystem.so
-- Looking for OGRE_Volume...
-- Found OGRE_Volume: optimized;/usr/lib/x86_64-linux-gnu/libOgreVolume.so;debug;/usr/lib/x86_64-linux-gnu/libOgreVolume.so
-- Looking for OGRE_Overlay...
-- Found OGRE_Overlay: optimized;/usr/lib/x86_64-linux-gnu/libOgreOverlay.so;debug;/usr/lib/x86_64-linux-gnu/libOgreOverlay.so
-- Looking for ignition-math6 -- found version 6.4.0
-- Looking for ignition-transport8 -- found version 8.1.0
-- Searching for dependencies of ignition-transport8
-- Found Protobuf: /usr/lib/x86_64-linux-gnu/libprotobuf.so;-lpthread (found suitable version "3.6.1", minimum required is "3") 
-- Config-file not installed for ZeroMQ -- checking for pkg-config
-- Checking for module 'libzmq >= 4'
--   Found libzmq , version 4.3.2
-- Checking for module 'uuid'
--   Found uuid, version 2.34.0
-- Looking for ignition-msgs5 -- found version 5.3.0
-- Searching for dependencies of ignition-msgs5
-- Looking for ignition-math6 -- found version 6.4.0
-- Checking for module 'tinyxml2'
--   Found tinyxml2, version 6.2.0
-- Looking for ignition-msgs5 -- found version 5.3.0
-- Looking for ignition-common3 -- found version 3.6.0
-- Searching for dependencies of ignition-common3
-- Looking for dlfcn.h - found
-- Looking for libdl - found
-- Searching for <ignition-common3> component [graphics]
-- Looking for ignition-common3-graphics -- found version 3.6.0
-- Searching for dependencies of ignition-common3-graphics
-- Looking for ignition-math6 -- found version 6.4.0
-- Looking for ignition-fuel_tools4 -- found version 4.2.1
-- Searching for dependencies of ignition-fuel_tools4
-- Checking for module 'jsoncpp'
--   Found jsoncpp, version 1.7.4
-- Checking for module 'libzip'
--   Found libzip, version 1.5.1
-- Looking for ignition-common3 -- found version 3.6.0
-- Looking for ignition-msgs5 -- found version 5.3.0
-- Gazebo version: 11.1
-- Found gazebo_ros: 3.5.0 (/opt/ros/foxy/share/gazebo_ros/cmake)
-- Using all available rosidl_typesupport_c: rosidl_typesupport_fastrtps_c;rosidl_typesupport_introspection_c
-- Found rosidl_adapter: 1.1.0 (/opt/ros/foxy/share/rosidl_adapter/cmake)
-- Using all available rosidl_typesupport_cpp: rosidl_typesupport_fastrtps_cpp;rosidl_typesupport_introspection_cpp
-- Found rmw_implementation_cmake: 1.0.1 (/opt/ros/foxy/share/rmw_implementation_cmake/cmake)
-- Using RMW implementation 'rmw_fastrtps_cpp' as default
-- Configuring done
-- Generating done
-- Build files have been written to: /home/brenda/RBIM_ws/src/uuv_simulator/build/rbim_world
-- Install configuration: ""
-- Execute custom install script
-- Symlinking: /home/brenda/RBIM_ws/src/uuv_simulator/install/rbim_world/share/rbim_world/launch/chiton_world.launch.py
-- Symlinking: /home/brenda/RBIM_ws/src/uuv_simulator/install/rbim_world/share/rbim_world/launch/fpso.launch
-- Symlinking: /home/brenda/RBIM_ws/src/uuv_simulator/install/rbim_world/share/rbim_world/launch/fpso_simulation.launch
-- Symlinking: /home/brenda/RBIM_ws/src/uuv_simulator/install/rbim_world/share/rbim_world/launch/fpso_simulation.launch.py
-- Symlinking: /home/brenda/RBIM_ws/src/uuv_simulator/install/rbim_world/share/rbim_world/launch/rbim_simulator.launch
-- Symlinking: /home/brenda/RBIM_ws/src/uuv_simulator/install/rbim_world/share/rbim_world/launch/rbim_world.launch
-- Symlinking: /home/brenda/RBIM_ws/src/uuv_simulator/install/rbim_world/share/rbim_world/launch/sup_ship.launch
-- Symlinking: /home/brenda/RBIM_ws/src/uuv_simulator/install/rbim_world/share/rbim_world/worlds/rbim_world.world
-- Symlinking: /home/brenda/RBIM_ws/src/uuv_simulator/install/rbim_world/share/rbim_world/worlds/rbim_world_fpso_and_sup.world
-- Symlinking: /home/brenda/RBIM_ws/src/uuv_simulator/install/rbim_world/share/rbim_world/worlds/rbim_world_sup.world
-- Symlinking: /home/brenda/RBIM_ws/src/uuv_simulator/install/rbim_world/share/rbim_world/models/fpso_rbim/meshes/base_link.STL
-- Symlinking: /home/brenda/RBIM_ws/src/uuv_simulator/install/rbim_world/share/rbim_world/models/fpso_rbim/model.config
-- Symlinking: /home/brenda/RBIM_ws/src/uuv_simulator/install/rbim_world/share/rbim_world/models/fpso_rbim/model.sdf
-- Symlinking: /home/brenda/RBIM_ws/src/uuv_simulator/install/rbim_world/share/rbim_world/models/fpso_rbim/textures/fpso_rbim.mtl
-- Symlinking: /home/brenda/RBIM_ws/src/uuv_simulator/install/rbim_world/share/rbim_world/models/fpso_rbim/textures/fpso_rbim.obj
-- Symlinking: /home/brenda/RBIM_ws/src/uuv_simulator/install/rbim_world/share/rbim_world/models/fpso_rbim/urdf/fpso_rbim.csv
-- Symlinking: /home/brenda/RBIM_ws/src/uuv_simulator/install/rbim_world/share/rbim_world/models/fpso_rbim/urdf/fpso_rbim.urdf
-- Symlinking: /home/brenda/RBIM_ws/src/uuv_simulator/install/rbim_world/share/rbim_world/models/rbim_seabed/meshes/seabed.stl
-- Symlinking: /home/brenda/RBIM_ws/src/uuv_simulator/install/rbim_world/share/rbim_world/models/rbim_seabed/model.config
-- Symlinking: /home/brenda/RBIM_ws/src/uuv_simulator/install/rbim_world/share/rbim_world/models/rbim_seabed/model.sdf
-- Symlinking: /home/brenda/RBIM_ws/src/uuv_simulator/install/rbim_world/share/rbim_world/models/seabed/meshes/seabed.stl
-- Symlinking: /home/brenda/RBIM_ws/src/uuv_simulator/install/rbim_world/share/rbim_world/models/seabed/model.config
-- Symlinking: /home/brenda/RBIM_ws/src/uuv_simulator/install/rbim_world/share/rbim_world/models/seabed/model.sdf
-- Symlinking: /home/brenda/RBIM_ws/src/uuv_simulator/install/rbim_world/share/rbim_world/models/sup_ship/config/support.yaml
-- Symlinking: /home/brenda/RBIM_ws/src/uuv_simulator/install/rbim_world/share/rbim_world/models/sup_ship/manifest.xml
-- Symlinking: /home/brenda/RBIM_ws/src/uuv_simulator/install/rbim_world/share/rbim_world/models/sup_ship/meshes/suport_ship.STL
-- Symlinking: /home/brenda/RBIM_ws/src/uuv_simulator/install/rbim_world/share/rbim_world/models/sup_ship/model.config
-- Symlinking: /home/brenda/RBIM_ws/src/uuv_simulator/install/rbim_world/share/rbim_world/models/sup_ship/model.sdf
-- Symlinking: /home/brenda/RBIM_ws/src/uuv_simulator/install/rbim_world/share/rbim_world/models/sup_ship/urdf/fpso.urdf
-- Symlinking: /home/brenda/RBIM_ws/src/uuv_simulator/install/rbim_world/share/rbim_world/models/sup_ship/urdf/suport_ship.urdf
-- Symlinking: /home/brenda/RBIM_ws/src/uuv_simulator/install/rbim_world/share/ament_index/resource_index/package_run_dependencies/rbim_world
-- Symlinking: /home/brenda/RBIM_ws/src/uuv_simulator/install/rbim_world/share/ament_index/resource_index/parent_prefix_path/rbim_world
-- Symlinking: /home/brenda/RBIM_ws/src/uuv_simulator/install/rbim_world/share/rbim_world/environment/ament_prefix_path.sh
-- Symlinking: /home/brenda/RBIM_ws/src/uuv_simulator/install/rbim_world/share/rbim_world/environment/ament_prefix_path.dsv
-- Symlinking: /home/brenda/RBIM_ws/src/uuv_simulator/install/rbim_world/share/rbim_world/environment/path.sh
-- Symlinking: /home/brenda/RBIM_ws/src/uuv_simulator/install/rbim_world/share/rbim_world/environment/path.dsv
-- Symlinking: /home/brenda/RBIM_ws/src/uuv_simulator/install/rbim_world/share/rbim_world/local_setup.bash
-- Symlinking: /home/brenda/RBIM_ws/src/uuv_simulator/install/rbim_world/share/rbim_world/local_setup.sh
-- Symlinking: /home/brenda/RBIM_ws/src/uuv_simulator/install/rbim_world/share/rbim_world/local_setup.zsh
-- Symlinking: /home/brenda/RBIM_ws/src/uuv_simulator/install/rbim_world/share/rbim_world/local_setup.dsv
-- Symlinking: /home/brenda/RBIM_ws/src/uuv_simulator/install/rbim_world/share/rbim_world/package.dsv
-- Symlinking: /home/brenda/RBIM_ws/src/uuv_simulator/install/rbim_world/share/ament_index/resource_index/packages/rbim_world
-- Symlinking: /home/brenda/RBIM_ws/src/uuv_simulator/install/rbim_world/share/rbim_world/cmake/rbim_worldConfig.cmake
-- Symlinking: /home/brenda/RBIM_ws/src/uuv_simulator/install/rbim_world/share/rbim_world/cmake/rbim_worldConfig-version.cmake
-- Symlinking: /home/brenda/RBIM_ws/src/uuv_simulator/install/rbim_world/share/rbim_world/package.xml
